Using ABC speed script.
Extracting clock period from SDC file: ./results/asap7/credit-t-switch/base/clock_period.txt
Setting clock period to 1000
1. Executing Liberty frontend: ./objects/asap7/credit-t-switch/base/lib/asap7sc7p5t_AO_RVT_FF_nldm_211120.lib
2. Executing Liberty frontend: ./objects/asap7/credit-t-switch/base/lib/asap7sc7p5t_INVBUF_RVT_FF_nldm_220122.lib
3. Executing Liberty frontend: ./objects/asap7/credit-t-switch/base/lib/asap7sc7p5t_OA_RVT_FF_nldm_211120.lib
4. Executing Liberty frontend: ./objects/asap7/credit-t-switch/base/lib/asap7sc7p5t_SIMPLE_RVT_FF_nldm_211120.lib
5. Executing Liberty frontend: ./objects/asap7/credit-t-switch/base/lib/asap7sc7p5t_SEQ_RVT_FF_nldm_220123.lib
6. Executing Liberty frontend: ./objects/asap7/credit-t-switch/base/lib/asap7sc7p5t_AO_RVT_FF_nldm_211120.lib
7. Executing Liberty frontend: ./objects/asap7/credit-t-switch/base/lib/asap7sc7p5t_INVBUF_RVT_FF_nldm_220122.lib
8. Executing Liberty frontend: ./objects/asap7/credit-t-switch/base/lib/asap7sc7p5t_OA_RVT_FF_nldm_211120.lib
9. Executing Liberty frontend: ./objects/asap7/credit-t-switch/base/lib/asap7sc7p5t_SIMPLE_RVT_FF_nldm_211120.lib
10. Executing Liberty frontend: ./objects/asap7/credit-t-switch/base/lib/asap7sc7p5t_SEQ_RVT_FF_nldm_220123.lib
11. Executing Verilog-2005 frontend: /home/h3sun/720-noc-project/OpenROAD-flow-scripts/flow/designs/src/credit-t-switch/merged.v
12. Executing Verilog-2005 frontend: /home/h3sun/720-noc-project/OpenROAD-flow-scripts/flow/designs/src/credit-t-switch/mux.v
13. Executing Verilog-2005 frontend: /home/h3sun/720-noc-project/OpenROAD-flow-scripts/flow/platforms/asap7/yoSys/cells_clkgate_R.v
14. Executing HIERARCHY pass (managing design hierarchy).
15. Executing AST frontend in derive mode using pre-parsed AST for module `\credit_t_switch'.
15.1. Analyzing design hierarchy..
15.2. Executing AST frontend in derive mode using pre-parsed AST for module `\mux'.
15.3. Executing AST frontend in derive mode using pre-parsed AST for module `\credit_t_route'.
15.4. Analyzing design hierarchy..
15.5. Executing AST frontend in derive mode using pre-parsed AST for module `\credit_counters_tx'.
15.6. Analyzing design hierarchy..
15.7. Analyzing design hierarchy..
16. Executing OPT_CLEAN pass (remove unused cells and wires).
Warning: Ignoring module $paramod$4fbb85b2550f2af226652d5e8a6c81df2f8a997d\credit_t_route because it contains processes (run 'proc' command first).
Warning: Ignoring module $paramod$6be54c79259c774d4d83cb2b1a30b8be65c0bb52\credit_counters_tx because it contains processes (run 'proc' command first).
17. Executing RTLIL backend.
Warnings: 2 unique messages, 2 total
End of script. Logfile hash: 1e81d6b0cb, CPU: user 0.26s system 0.02s, MEM: 75.75 MB peak
Yosys 0.53 (git sha1 53c22ab7c, g++ 13.3.0-6ubuntu2~24.04 -fPIC -O3)
Time spent: 92% 12x read_liberty (0 sec), 3% 1x hierarchy (0 sec), ...
Elapsed time: 0:00.52[h:]min:sec. CPU time: user 0.30 sys 0.02 (61%). Peak memory: 80860KB.
