OpenROAD v2.0-21872-gd51df1dea5 
Features included (+) or not (-): +GPU +GUI +Python
This program is licensed under the BSD-3 license. See the LICENSE file for details.
Components of this program may be licensed under more restrictive licenses which must be honored.
[INFO ORD-0030] Using 24 thread(s).
source /home/h3sun/720-noc-project/OpenROAD-flow-scripts/flow/platforms/asap7/liberty_suppressions.tcl
suppress_message STA 1212
Perform port buffering...
[INFO RSZ-0027] Inserted 109 input buffers.
[INFO RSZ-0028] Inserted 109 output buffers.
Perform buffer insertion and gate resizing...
repair_design -verbose
[INFO RSZ-0058] Using max wire length 162um.
Iteration |   Area    | Resized | Buffers | Nets repaired | Remaining
---------------------------------------------------------------------
        0 |     +0.0% |       0 |       0 |             0 |       939
       10 |     +0.0% |       0 |       0 |             0 |       929
       20 |     +0.0% |       0 |       0 |             0 |       919
       30 |     +0.0% |       0 |       0 |             0 |       909
       40 |     +0.0% |       0 |       0 |             0 |       899
       50 |     +0.0% |       0 |       0 |             0 |       889
       60 |     +0.0% |       0 |       0 |             0 |       879
       70 |     +0.0% |       0 |       0 |             0 |       869
       80 |     +0.0% |       0 |       0 |             0 |       859
       90 |     +0.0% |       0 |       0 |             0 |       849
      100 |     +0.0% |       0 |       0 |             0 |       839
      110 |     +0.0% |       0 |       0 |             0 |       829
      120 |     +0.0% |       0 |       0 |             0 |       819
      130 |     +0.0% |       0 |       0 |             0 |       809
      140 |     +0.0% |       0 |       0 |             0 |       799
      150 |     +0.0% |       0 |       0 |             0 |       789
      160 |     +0.0% |       0 |       0 |             0 |       779
      170 |     +0.0% |       0 |       0 |             0 |       769
      180 |     +0.0% |       0 |       0 |             0 |       759
      190 |     +0.0% |       1 |       0 |             0 |       749
      200 |     +0.0% |       1 |       0 |             0 |       739
      210 |     +0.0% |       1 |       0 |             0 |       729
      220 |     +0.0% |       1 |       0 |             0 |       719
      230 |     +0.0% |       1 |       0 |             0 |       709
      240 |     +0.0% |       1 |       0 |             0 |       699
      250 |     +0.0% |       1 |       0 |             0 |       689
      260 |     +0.0% |       1 |       0 |             0 |       679
      270 |     +0.0% |       1 |       0 |             0 |       669
      280 |     +0.0% |       1 |       0 |             0 |       659
      290 |     +0.0% |       1 |       0 |             0 |       649
      300 |     +0.0% |       1 |       0 |             0 |       639
      310 |     +0.0% |       1 |       0 |             0 |       629
      320 |     +0.0% |       1 |       0 |             0 |       619
      330 |     +0.0% |       1 |       0 |             0 |       609
      340 |     +0.0% |       1 |       0 |             0 |       599
      350 |     +0.0% |       3 |       0 |             0 |       589
      360 |     +0.2% |      13 |       0 |             0 |       579
      370 |     +0.4% |      23 |       0 |             0 |       569
      380 |     +0.5% |      33 |       0 |             0 |       559
      390 |     +0.7% |      43 |       0 |             0 |       549
      400 |     +0.8% |      53 |       0 |             0 |       539
      410 |     +1.0% |      63 |       0 |             0 |       529
      420 |     +1.2% |      73 |       0 |             0 |       519
      430 |     +1.3% |      83 |       0 |             0 |       509
      440 |     +1.5% |      93 |       0 |             0 |       499
      450 |     +1.6% |     103 |       0 |             0 |       489
      460 |     +1.8% |     110 |       0 |             0 |       479
      470 |     +1.8% |     110 |       0 |             0 |       469
      480 |     +1.8% |     111 |       0 |             0 |       459
      490 |     +1.8% |     112 |       0 |             0 |       449
      500 |     +1.8% |     112 |       0 |             0 |       439
      510 |     +1.8% |     112 |       0 |             0 |       429
      520 |     +1.8% |     112 |       0 |             0 |       419
      530 |     +1.8% |     112 |       0 |             0 |       409
      540 |     +1.8% |     112 |       0 |             0 |       399
      550 |     +1.8% |     112 |       0 |             0 |       389
      560 |     +1.8% |     112 |       0 |             0 |       379
      570 |     +1.8% |     112 |       0 |             0 |       369
      580 |     +1.8% |     112 |       0 |             0 |       359
      590 |     +1.8% |     112 |       0 |             0 |       349
      600 |     +1.8% |     112 |       0 |             0 |       339
      610 |     +1.8% |     112 |       0 |             0 |       329
      620 |     +1.8% |     112 |       0 |             0 |       319
      630 |     +1.8% |     112 |       0 |             0 |       309
      640 |     +1.8% |     112 |       0 |             0 |       299
      650 |     +1.8% |     112 |       0 |             0 |       289
      660 |     +1.8% |     112 |       0 |             0 |       279
      670 |     +1.8% |     112 |       0 |             0 |       269
      680 |     +1.8% |     112 |       0 |             0 |       259
      690 |     +1.8% |     112 |       0 |             0 |       249
      700 |     +1.8% |     112 |       0 |             0 |       239
      710 |     +1.8% |     112 |       0 |             0 |       229
      720 |     +1.9% |     119 |       0 |             0 |       219
      730 |     +2.1% |     129 |       0 |             0 |       209
      740 |     +2.3% |     139 |       0 |             0 |       199
      750 |     +2.5% |     149 |       0 |             0 |       189
      760 |     +2.6% |     159 |       0 |             0 |       179
      770 |     +2.8% |     169 |       0 |             0 |       169
      780 |     +3.0% |     179 |       0 |             0 |       159
      790 |     +3.1% |     189 |       0 |             0 |       149
      800 |     +3.3% |     199 |       0 |             0 |       139
      810 |     +3.4% |     209 |       0 |             0 |       129
      820 |     +3.6% |     219 |       0 |             0 |       119
      830 |     +3.6% |     221 |       0 |             0 |       109
      840 |     +3.6% |     221 |       0 |             0 |        99
      850 |     +3.6% |     221 |       0 |             0 |        89
      860 |     +3.6% |     221 |       0 |             0 |        79
      870 |     +3.6% |     221 |       0 |             0 |        69
      880 |     +3.6% |     221 |       0 |             0 |        59
      890 |     +3.6% |     221 |       0 |             0 |        49
      900 |     +3.6% |     221 |       0 |             0 |        39
      910 |     +3.6% |     221 |       0 |             0 |        29
      920 |     +3.6% |     221 |       0 |             0 |        19
      930 |     +3.6% |     221 |       0 |             0 |         9
    final |     +3.6% |     221 |       0 |             0 |         0
---------------------------------------------------------------------
[INFO RSZ-0039] Resized 221 instances.
Repair tie lo fanout...
[INFO RSZ-0042] Inserted 3 tie TIELOx1_ASAP7_75t_R instances.
Repair tie hi fanout...
Floating nets: 
Report metrics stage 3, resizer...

==========================================================================
resizer report_design_area
--------------------------------------------------------------------------
Design area 94 u^2 55% utilization.
Instance count before 703, after 923
Pin count before 1911, after 2349
Elapsed time: 0:02.26[h:]min:sec. CPU time: user 0.87 sys 0.23 (49%). Peak memory: 209560KB.
