OpenROAD v2.0-21872-gd51df1dea5 
Features included (+) or not (-): +GPU +GUI +Python
This program is licensed under the BSD-3 license. See the LICENSE file for details.
Components of this program may be licensed under more restrictive licenses which must be honored.
[INFO ORD-0030] Using 24 thread(s).
source /home/h3sun/720-noc-project/OpenROAD-flow-scripts/flow/platforms/asap7/liberty_suppressions.tcl
suppress_message STA 1212
Placement Analysis
---------------------------------
total displacement        350.4 u
average displacement        0.4 u
max displacement            2.2 u
original HPWL            1954.0 u
legalized HPWL           2167.6 u
delta HPWL                   11 %

Detailed placement improvement.
[INFO DPL-0401] Setting random seed to 1.
[INFO DPL-0402] Setting maximum displacement 5 1 to 1350 270 units.
[INFO DPL-0320] Collected 322 fixed cells.
[INFO DPL-0318] Collected 827 single height cells.
[INFO DPL-0321] Collected 0 wide cells.
[INFO DPL-0322] Image (2052, 2160) - (15336, 15120)
[INFO DPL-0310] Assigned 827 cells into segments.  Movement in X-direction is 0.000000, movement in Y-direction is 0.000000.
[INFO DPL-0313] Found 0 cells in wrong regions.
[INFO DPL-0315] Found 0 row alignment problems.
[INFO DPL-0314] Found 0 site alignment problems.
[INFO DPL-0311] Found 0 overlaps between adjacent cells.
[INFO DPL-0312] Found 0 edge spacing violations and 0 padding violations.
[INFO DPL-0303] Running algorithm for independent set matching.
[INFO DPL-0300] Set matching objective is wirelength.
[INFO DPL-0301] Pass   1 of matching; objective is 2.169250e+06.
[INFO DPL-0301] Pass   2 of matching; objective is 2.143175e+06.
[INFO DPL-0302] End of matching; objective is 2.142959e+06, improvement is 1.21 percent.
[INFO DPL-0303] Running algorithm for global swaps.
[INFO DPL-0306] Pass   1 of global swaps; hpwl is 2.111270e+06.
[INFO DPL-0306] Pass   2 of global swaps; hpwl is 2.101640e+06.
[INFO DPL-0307] End of global swaps; objective is 2.101640e+06, improvement is 1.93 percent.
[INFO DPL-0303] Running algorithm for vertical swaps.
[INFO DPL-0308] Pass   1 of vertical swaps; hpwl is 2.092160e+06.
[INFO DPL-0309] End of vertical swaps; objective is 2.092160e+06, improvement is 0.45 percent.
[INFO DPL-0303] Running algorithm for reordering.
[INFO DPL-0304] Pass   1 of reordering; objective is 2.079107e+06.
[INFO DPL-0305] End of reordering; objective is 2.079107e+06, improvement is 0.62 percent.
[INFO DPL-0303] Running algorithm for random improvement.
[INFO DPL-0324] Random improver is using displacement generator.
[INFO DPL-0325] Random improver is using hpwl objective.
[INFO DPL-0326] Random improver cost string is (a).
[INFO DPL-0332] End of pass, Generator displacement called 16540 times.
[INFO DPL-0335] Generator displacement, Cumulative attempts 16540, swaps 3500, moves  3555 since last reset.
[INFO DPL-0333] End of pass, Objective hpwl, Initial cost 2.054809e+06, Scratch cost 2.020204e+06, Incremental cost 2.020204e+06, Mismatch? N
[INFO DPL-0338] End of pass, Total cost is 2.020204e+06.
[INFO DPL-0327] Pass   1 of random improver; improvement in cost is 1.68 percent.
[INFO DPL-0332] End of pass, Generator displacement called 16540 times.
[INFO DPL-0335] Generator displacement, Cumulative attempts 33080, swaps 6761, moves  7156 since last reset.
[INFO DPL-0333] End of pass, Objective hpwl, Initial cost 2.020204e+06, Scratch cost 2.011138e+06, Incremental cost 2.011138e+06, Mismatch? N
[INFO DPL-0338] End of pass, Total cost is 2.011138e+06.
[INFO DPL-0327] Pass   2 of random improver; improvement in cost is 0.45 percent.
[INFO DPL-0328] End of random improver; improvement is 2.125307 percent.
[INFO DPL-0380] Cell flipping.
[INFO DPL-0382] Changed 0 cell orientations for row compatibility.
[INFO DPL-0383] Performed 222 cell flips.
[INFO DPL-0384] End of flipping; objective is 1.983977e+06, improvement is 2.54 percent.
[INFO DPL-0313] Found 0 cells in wrong regions.
[INFO DPL-0315] Found 0 row alignment problems.
[INFO DPL-0314] Found 0 site alignment problems.
[INFO DPL-0311] Found 0 overlaps between adjacent cells.
[INFO DPL-0312] Found 0 edge spacing violations and 0 padding violations.
Detailed Improvement Results
------------------------------------------
Original HPWL             2167.6 u (    1112.2,     1055.5)
Final HPWL                1976.8 u (     991.2,      985.5)
Delta HPWL                  -8.8 % (     -10.9,       -6.6)

[INFO DPL-0020] Mirrored 42 instances
[INFO DPL-0021] HPWL before            1976.8 u
[INFO DPL-0022] HPWL after             1976.0 u
[INFO DPL-0023] HPWL delta               -0.0 %
[INFO FLW-0012] Placement violations .
Report metrics stage 3, detailed place...

==========================================================================
detailed place report_design_area
--------------------------------------------------------------------------
Design area 94 u^2 55% utilization.
Elapsed time: 0:02.18[h:]min:sec. CPU time: user 0.98 sys 0.31 (59%). Peak memory: 197184KB.
