OpenROAD v2.0-21872-gd51df1dea5 
Features included (+) or not (-): +GPU +GUI +Python
This program is licensed under the BSD-3 license. See the LICENSE file for details.
Components of this program may be licensed under more restrictive licenses which must be honored.
[INFO ORD-0030] Using 24 thread(s).
source /home/h3sun/720-noc-project/OpenROAD-flow-scripts/flow/platforms/asap7/liberty_suppressions.tcl
suppress_message STA 1212
clock_tree_synthesis -sink_clustering_enable -balance_levels -sink_clustering_size 50 -sink_clustering_max_diameter 20
[INFO CTS-0050] Root buffer is BUFx2_ASAP7_75t_R.
[INFO CTS-0051] Sink buffer is BUFx4_ASAP7_75t_R.
[INFO CTS-0052] The following clock buffers will be used for CTS:
                    BUFx2_ASAP7_75t_R
                    BUFx4_ASAP7_75t_R
[INFO CTS-0049] Characterization buffer is BUFx4_ASAP7_75t_R.
[INFO CTS-0007] Net "clk" found for clock "core_clock".
[INFO CTS-0010]  Clock net "clk" has 109 sinks.
[INFO CTS-0008] TritonCTS found 1 clock nets.
[INFO CTS-0097] Characterization used 2 buffer(s) types.
[INFO CTS-0201] 0 blockages from hard placement blockages and placed macros will be used.
[INFO CTS-0027] Generating H-Tree topology for net clk.
[INFO CTS-0028]  Total number of sinks: 109.
[INFO CTS-0029]  Register sinks will be clustered in groups of up to 50 and with maximum cluster diameter of 20.0 um.
[INFO CTS-0030]  Number of static layers: 0.
[INFO CTS-0020]  Wire segment unit: 1350  dbu (1 um).
[INFO CTS-0023]  Original sink region: [(2257, 2565), (13165, 13635)].
[INFO CTS-0024]  Normalized sink region: [(1.67185, 1.9), (9.75185, 10.1)].
[INFO CTS-0025]     Width:  8.0800.
[INFO CTS-0026]     Height: 8.2000.
 Level 1
    Direction: Vertical
    Sinks per sub-region: 55
    Sub-region size: 8.0800 X 4.1000
[INFO CTS-0034]     Segment length (rounded): 2.
 Level 2
    Direction: Horizontal
    Sinks per sub-region: 28
    Sub-region size: 4.0400 X 4.1000
[INFO CTS-0034]     Segment length (rounded): 2.
 Level 3
    Direction: Vertical
    Sinks per sub-region: 14
    Sub-region size: 4.0400 X 2.0500
[INFO CTS-0034]     Segment length (rounded): 1.
[INFO CTS-0032]  Stop criterion found. Max number of sinks is 15.
[INFO CTS-0035]  Number of sinks covered: 109.
[INFO CTS-0018]     Created 9 clock buffers.
[INFO CTS-0012]     Minimum number of buffers in the clock path: 2.
[INFO CTS-0013]     Maximum number of buffers in the clock path: 2.
[INFO CTS-0015]     Created 9 clock nets.
[INFO CTS-0016]     Fanout distribution for the current clock = 10:1, 12:1, 13:1, 14:2, 15:2, 16:1..
[INFO CTS-0017]     Max level of the clock tree: 3.
[INFO CTS-0098] Clock net "clk"
[INFO CTS-0099]  Sinks 116
[INFO CTS-0100]  Leaf buffers 0
[INFO CTS-0101]  Average sink wire length 20.84 um
[INFO CTS-0102]  Path depth 2 - 2
[INFO CTS-0207]  Leaf load cells 7
[INFO RSZ-0058] Using max wire length 162um.
Placement Analysis
---------------------------------
total displacement         10.0 u
average displacement        0.0 u
max displacement            0.6 u
original HPWL            2037.2 u
legalized HPWL           2102.7 u
delta HPWL                    3 %

repair_timing -verbose -setup_margin 0 -hold_margin 0 -repair_tns 100
[INFO RSZ-0100] Repair move sequence: UnbufferMove SizeMove SwapPinsMove BufferMove CloneMove SplitLoadMove 
[INFO RSZ-0098] No setup violations found
[INFO RSZ-0033] No hold violations found.
Placement Analysis
---------------------------------
total displacement          0.0 u
average displacement        0.0 u
max displacement            0.0 u
original HPWL            2102.7 u
legalized HPWL           2102.7 u
delta HPWL                    0 %

Report metrics stage 4, cts final...

==========================================================================
cts final report_design_area
--------------------------------------------------------------------------
Design area 95 u^2 55% utilization.
Elapsed time: 0:03.25[h:]min:sec. CPU time: user 2.01 sys 0.36 (73%). Peak memory: 229528KB.
