OpenROAD v2.0-21872-gd51df1dea5 
Features included (+) or not (-): +GPU +GUI +Python
This program is licensed under the BSD-3 license. See the LICENSE file for details.
Components of this program may be licensed under more restrictive licenses which must be honored.
[INFO ORD-0030] Using 24 thread(s).
source /home/h3sun/720-noc-project/OpenROAD-flow-scripts/flow/platforms/asap7/liberty_suppressions.tcl
suppress_message STA 1212
Deleted 0 routing obstructions
[INFO RCX-0431] Defined process_corner X with ext_model_index 0
[INFO RCX-0029] Defined extraction corner X
[INFO RCX-0435] Reading extraction model file /home/h3sun/720-noc-project/OpenROAD-flow-scripts/flow/platforms/asap7/rcx_patterns.rules ...
[INFO RCX-0436] RC segment generation t_switch (max_merge_res 50.0) ...
[INFO RCX-0040] Final 4885 rc segments
[INFO RCX-0439] Coupling Cap extraction t_switch ...
[INFO RCX-0440] Coupling threshhold is 0.1000 fF, coupling capacitance less than 0.1000 fF will be grounded.
[INFO RCX-0442] 58% of 5138 wires extracted
[INFO RCX-0442] 100% of 5138 wires extracted
[INFO RCX-0045] Extract 950 nets, 5831 rsegs, 5831 caps, 6422 ccs
[INFO RCX-0443] 950 nets finished
[INFO PSM-0040] All shapes on net VDD are connected.
[INFO PSM-0073] Using bump pattern with x-pitch 140.0000um, y-pitch 140.0000um, and size 70.0000um with an reduction factor of 3x.
########## IR report #################
Net              : VDD
Corner           : default
Supply voltage   : 7.70e-01 V
Worstcase voltage: 7.69e-01 V
Average voltage  : 7.70e-01 V
Average IR drop  : 2.92e-04 V
Worstcase IR drop: 1.04e-03 V
Percentage drop  : 0.13 %
######################################
[INFO PSM-0040] All shapes on net VSS are connected.
[INFO PSM-0073] Using bump pattern with x-pitch 140.0000um, y-pitch 140.0000um, and size 70.0000um with an reduction factor of 3x.
########## IR report #################
Net              : VSS
Corner           : default
Supply voltage   : 0.00e+00 V
Worstcase voltage: 8.33e-04 V
Average voltage  : 2.84e-04 V
Average IR drop  : 2.84e-04 V
Worstcase IR drop: 8.33e-04 V
Percentage drop  : 0.11 %
######################################
Cell type report:                       Count       Area
  Fill cell                               813      74.12
  Tap cell                                 96       2.80
  Tie cell                                  3       0.13
  Buffer                                   50       7.13
  Clock buffer                             12       1.12
  Timing Repair Buffer                    218      19.19
  Inverter                                117       5.22
  Clock inverter                            4       0.26
  Sequential cell                         109      31.78
  Multi-Input combinational cell          330      30.40
  Total                                  1752     172.16
Report metrics stage 6, finish...

==========================================================================
finish report_design_area
--------------------------------------------------------------------------
Design area 95 u^2 55% utilization.
Elapsed time: 0:06.98[h:]min:sec. CPU time: user 1.86 sys 0.45 (33%). Peak memory: 322976KB.
