
==========================================================================
global route report_tns
--------------------------------------------------------------------------
tns max 0.00

==========================================================================
global route report_wns
--------------------------------------------------------------------------
wns max 0.00

==========================================================================
global route report_worst_slack
--------------------------------------------------------------------------
worst slack max 682.46

==========================================================================
global route report_clock_skew
--------------------------------------------------------------------------
Clock core_clock
No launch/capture paths found.


==========================================================================
global route report_checks -path_delay min
--------------------------------------------------------------------------
Startpoint: rst (input port clocked by core_clock)
Endpoint: r_o_r[32]$_SDFF_PP0_
          (rising edge-triggered flip-flop clocked by core_clock)
Path Group: core_clock
Path Type: min

Fanout     Cap    Slew   Delay    Time   Description
-----------------------------------------------------------------------------
                          0.00    0.00   clock core_clock (rise edge)
                          0.00    0.00   clock network delay (propagated)
                        200.00  200.00 ^ input external delay
     1    1.39    0.00    0.00  200.00 ^ rst (in)
                                         rst (net)
                  0.29    0.09  200.09 ^ input73/A (BUFx6f_ASAP7_75t_R)
     4    5.05    9.09   10.52  210.61 ^ input73/Y (BUFx6f_ASAP7_75t_R)
                                         net73 (net)
                  9.59    1.13  211.74 ^ _827_/B (AOI21x1_ASAP7_75t_R)
     1    0.81    6.54    6.38  218.12 v _827_/Y (AOI21x1_ASAP7_75t_R)
                                         _171_ (net)
                  6.54    0.06  218.17 v r_o_r[32]$_SDFF_PP0_/D (DFFHQNx1_ASAP7_75t_R)
                                218.17   data arrival time

                          0.00    0.00   clock core_clock (rise edge)
                          0.00    0.00   clock source latency
     1    2.28    0.00    0.00    0.00 ^ clk (in)
                                         clk (net)
                  0.75    0.24    0.24 ^ clkbuf_0_clk/A (BUFx2_ASAP7_75t_R)
     8    7.79   27.15   20.27   20.50 ^ clkbuf_0_clk/Y (BUFx2_ASAP7_75t_R)
                                         clknet_0_clk (net)
                 27.22    0.78   21.28 ^ clkbuf_3_3__f_clk/A (BUFx2_ASAP7_75t_R)
    15   10.63   36.37   30.90   52.18 ^ clkbuf_3_3__f_clk/Y (BUFx2_ASAP7_75t_R)
                                         clknet_3_3__leaf_clk (net)
                 36.43    0.83   53.01 ^ r_o_r[32]$_SDFF_PP0_/CLK (DFFHQNx1_ASAP7_75t_R)
                          0.00   53.01   clock reconvergence pessimism
                         14.57   67.57   library hold time
                                 67.57   data required time
-----------------------------------------------------------------------------
                                 67.57   data required time
                               -218.17   data arrival time
-----------------------------------------------------------------------------
                                150.60   slack (MET)



==========================================================================
global route report_checks -path_delay max
--------------------------------------------------------------------------
Startpoint: l_o_r[33]$_SDFF_PP0_
            (rising edge-triggered flip-flop clocked by core_clock)
Endpoint: l_o[33] (output port clocked by core_clock)
Path Group: core_clock
Path Type: max

Fanout     Cap    Slew   Delay    Time   Description
-----------------------------------------------------------------------------
                          0.00    0.00   clock core_clock (rise edge)
                          0.00    0.00   clock source latency
     1    2.28    0.00    0.00    0.00 ^ clk (in)
                                         clk (net)
                  0.75    0.24    0.24 ^ clkbuf_0_clk/A (BUFx2_ASAP7_75t_R)
     8    7.79   27.15   20.27   20.50 ^ clkbuf_0_clk/Y (BUFx2_ASAP7_75t_R)
                                         clknet_0_clk (net)
                 27.21    0.72   21.22 ^ clkbuf_3_4__f_clk/A (BUFx2_ASAP7_75t_R)
    16   10.79   36.89   31.08   52.30 ^ clkbuf_3_4__f_clk/Y (BUFx2_ASAP7_75t_R)
                                         clknet_3_4__leaf_clk (net)
                 36.92    0.78   53.08 ^ l_o_r[33]$_SDFF_PP0_/CLK (DFFHQNx1_ASAP7_75t_R)
     1    1.05   14.63   42.54   95.62 ^ l_o_r[33]$_SDFF_PP0_/QN (DFFHQNx1_ASAP7_75t_R)
                                         _082_ (net)
                 14.63    0.12   95.74 ^ _580_/A (INVx1_ASAP7_75t_R)
     1    1.39   10.69    8.70  104.44 v _580_/Y (INVx1_ASAP7_75t_R)
                                         net137 (net)
                 10.70    0.22  104.67 v output137/A (BUFx3_ASAP7_75t_R)
     1    0.40    4.24   12.84  117.51 v output137/Y (BUFx3_ASAP7_75t_R)
                                         l_o[33] (net)
                  4.24    0.03  117.54 v l_o[33] (out)
                                117.54   data arrival time

                       1000.00 1000.00   clock core_clock (rise edge)
                          0.00 1000.00   clock network delay (propagated)
                          0.00 1000.00   clock reconvergence pessimism
                       -200.00  800.00   output external delay
                                800.00   data required time
-----------------------------------------------------------------------------
                                800.00   data required time
                               -117.54   data arrival time
-----------------------------------------------------------------------------
                                682.46   slack (MET)



==========================================================================
global route report_checks -unconstrained
--------------------------------------------------------------------------
Startpoint: l_o_r[33]$_SDFF_PP0_
            (rising edge-triggered flip-flop clocked by core_clock)
Endpoint: l_o[33] (output port clocked by core_clock)
Path Group: core_clock
Path Type: max

Fanout     Cap    Slew   Delay    Time   Description
-----------------------------------------------------------------------------
                          0.00    0.00   clock core_clock (rise edge)
                          0.00    0.00   clock source latency
     1    2.28    0.00    0.00    0.00 ^ clk (in)
                                         clk (net)
                  0.75    0.24    0.24 ^ clkbuf_0_clk/A (BUFx2_ASAP7_75t_R)
     8    7.79   27.15   20.27   20.50 ^ clkbuf_0_clk/Y (BUFx2_ASAP7_75t_R)
                                         clknet_0_clk (net)
                 27.21    0.72   21.22 ^ clkbuf_3_4__f_clk/A (BUFx2_ASAP7_75t_R)
    16   10.79   36.89   31.08   52.30 ^ clkbuf_3_4__f_clk/Y (BUFx2_ASAP7_75t_R)
                                         clknet_3_4__leaf_clk (net)
                 36.92    0.78   53.08 ^ l_o_r[33]$_SDFF_PP0_/CLK (DFFHQNx1_ASAP7_75t_R)
     1    1.05   14.63   42.54   95.62 ^ l_o_r[33]$_SDFF_PP0_/QN (DFFHQNx1_ASAP7_75t_R)
                                         _082_ (net)
                 14.63    0.12   95.74 ^ _580_/A (INVx1_ASAP7_75t_R)
     1    1.39   10.69    8.70  104.44 v _580_/Y (INVx1_ASAP7_75t_R)
                                         net137 (net)
                 10.70    0.22  104.67 v output137/A (BUFx3_ASAP7_75t_R)
     1    0.40    4.24   12.84  117.51 v output137/Y (BUFx3_ASAP7_75t_R)
                                         l_o[33] (net)
                  4.24    0.03  117.54 v l_o[33] (out)
                                117.54   data arrival time

                       1000.00 1000.00   clock core_clock (rise edge)
                          0.00 1000.00   clock network delay (propagated)
                          0.00 1000.00   clock reconvergence pessimism
                       -200.00  800.00   output external delay
                                800.00   data required time
-----------------------------------------------------------------------------
                                800.00   data required time
                               -117.54   data arrival time
-----------------------------------------------------------------------------
                                682.46   slack (MET)



==========================================================================
global route report_check_types -max_slew -max_cap -max_fanout -violators
--------------------------------------------------------------------------

==========================================================================
global route max_slew_check_slack
--------------------------------------------------------------------------
281.53533935546875

==========================================================================
global route max_slew_check_limit
--------------------------------------------------------------------------
320.0

==========================================================================
global route max_slew_check_slack_limit
--------------------------------------------------------------------------
0.8798

==========================================================================
global route max_fanout_check_slack
--------------------------------------------------------------------------
1.0000000150474662e+30

==========================================================================
global route max_fanout_check_limit
--------------------------------------------------------------------------
1.0000000150474662e+30

==========================================================================
global route max_capacitance_check_slack
--------------------------------------------------------------------------
22.152814865112305

==========================================================================
global route max_capacitance_check_limit
--------------------------------------------------------------------------
23.040000915527344

==========================================================================
global route max_capacitance_check_slack_limit
--------------------------------------------------------------------------
0.9615

==========================================================================
global route max_slew_violation_count
--------------------------------------------------------------------------
max slew violation count 0

==========================================================================
global route max_fanout_violation_count
--------------------------------------------------------------------------
max fanout violation count 0

==========================================================================
global route max_cap_violation_count
--------------------------------------------------------------------------
max cap violation count 0

==========================================================================
global route setup_violation_count
--------------------------------------------------------------------------
setup violation count 0

==========================================================================
global route hold_violation_count
--------------------------------------------------------------------------
hold violation count 0

==========================================================================
global route report_checks -path_delay max reg to reg
--------------------------------------------------------------------------
No paths found.

==========================================================================
global route report_checks -path_delay min reg to reg
--------------------------------------------------------------------------
No paths found.

==========================================================================
global route critical path target clock latency max path
--------------------------------------------------------------------------
48.4191

==========================================================================
global route critical path target clock latency min path
--------------------------------------------------------------------------
53.0059

==========================================================================
global route critical path source clock latency min path
--------------------------------------------------------------------------
0.0000

==========================================================================
global route critical path delay
--------------------------------------------------------------------------
117.5373

==========================================================================
global route critical path slack
--------------------------------------------------------------------------
682.4626

==========================================================================
global route slack div critical path delay
--------------------------------------------------------------------------
580.634913

==========================================================================
global route report_power
--------------------------------------------------------------------------
Group                  Internal  Switching    Leakage      Total
                          Power      Power      Power      Power (Watts)
----------------------------------------------------------------
Sequential             1.75e-04   3.63e-06   1.74e-08   1.79e-04  51.5%
Combinational          5.45e-05   3.40e-05   5.53e-08   8.85e-05  25.4%
Clock                  2.57e-05   5.46e-05   9.46e-10   8.03e-05  23.1%
Macro                  0.00e+00   0.00e+00   0.00e+00   0.00e+00   0.0%
Pad                    0.00e+00   0.00e+00   0.00e+00   0.00e+00   0.0%
----------------------------------------------------------------
Total                  2.56e-04   9.22e-05   7.37e-08   3.48e-04 100.0%
                          73.5%      26.5%       0.0%
