OpenROAD v2.0-21872-gd51df1dea5 
Features included (+) or not (-): +GPU +GUI +Python
This program is licensed under the BSD-3 license. See the LICENSE file for details.
Components of this program may be licensed under more restrictive licenses which must be honored.
[INFO ORD-0030] Using 24 thread(s).
source /home/h3sun/720-noc-project/OpenROAD-flow-scripts/flow/platforms/asap7/liberty_suppressions.tcl
suppress_message STA 1212
Placement Analysis
---------------------------------
total displacement        389.2 u
average displacement        0.3 u
max displacement            1.2 u
original HPWL            3415.6 u
legalized HPWL           3665.0 u
delta HPWL                    7 %

Detailed placement improvement.
[INFO DPL-0401] Setting random seed to 1.
[INFO DPL-0402] Setting maximum displacement 5 1 to 1350 270 units.
[INFO DPL-0320] Collected 432 fixed cells.
[INFO DPL-0318] Collected 1222 single height cells.
[INFO DPL-0321] Collected 0 wide cells.
[INFO DPL-0322] Image (2052, 2160) - (19116, 18900)
[INFO DPL-0310] Assigned 1222 cells into segments.  Movement in X-direction is 0.000000, movement in Y-direction is 0.000000.
[INFO DPL-0313] Found 0 cells in wrong regions.
[INFO DPL-0315] Found 0 row alignment problems.
[INFO DPL-0314] Found 0 site alignment problems.
[INFO DPL-0311] Found 0 overlaps between adjacent cells.
[INFO DPL-0312] Found 0 edge spacing violations and 0 padding violations.
[INFO DPL-0303] Running algorithm for independent set matching.
[INFO DPL-0300] Set matching objective is wirelength.
[INFO DPL-0301] Pass   1 of matching; objective is 3.655166e+06.
[INFO DPL-0302] End of matching; objective is 3.628746e+06, improvement is 0.72 percent.
[INFO DPL-0303] Running algorithm for global swaps.
[INFO DPL-0306] Pass   1 of global swaps; hpwl is 3.562907e+06.
[INFO DPL-0306] Pass   2 of global swaps; hpwl is 3.554749e+06.
[INFO DPL-0307] End of global swaps; objective is 3.554749e+06, improvement is 2.04 percent.
[INFO DPL-0303] Running algorithm for vertical swaps.
[INFO DPL-0308] Pass   1 of vertical swaps; hpwl is 3.540199e+06.
[INFO DPL-0309] End of vertical swaps; objective is 3.540199e+06, improvement is 0.41 percent.
[INFO DPL-0303] Running algorithm for reordering.
[INFO DPL-0304] Pass   1 of reordering; objective is 3.530259e+06.
[INFO DPL-0305] End of reordering; objective is 3.530259e+06, improvement is 0.28 percent.
[INFO DPL-0303] Running algorithm for random improvement.
[INFO DPL-0324] Random improver is using displacement generator.
[INFO DPL-0325] Random improver is using hpwl objective.
[INFO DPL-0326] Random improver cost string is (a).
[INFO DPL-0332] End of pass, Generator displacement called 24440 times.
[INFO DPL-0335] Generator displacement, Cumulative attempts 24440, swaps 4522, moves  6360 since last reset.
[INFO DPL-0333] End of pass, Objective hpwl, Initial cost 3.497616e+06, Scratch cost 3.457153e+06, Incremental cost 3.457153e+06, Mismatch? N
[INFO DPL-0338] End of pass, Total cost is 3.457153e+06.
[INFO DPL-0327] Pass   1 of random improver; improvement in cost is 1.16 percent.
[INFO DPL-0332] End of pass, Generator displacement called 24440 times.
[INFO DPL-0335] Generator displacement, Cumulative attempts 48880, swaps 8914, moves 12683 since last reset.
[INFO DPL-0333] End of pass, Objective hpwl, Initial cost 3.457153e+06, Scratch cost 3.443495e+06, Incremental cost 3.443495e+06, Mismatch? N
[INFO DPL-0338] End of pass, Total cost is 3.443495e+06.
[INFO DPL-0327] Pass   2 of random improver; improvement in cost is 0.40 percent.
[INFO DPL-0328] End of random improver; improvement is 1.547368 percent.
[INFO DPL-0380] Cell flipping.
[INFO DPL-0382] Changed 0 cell orientations for row compatibility.
[INFO DPL-0383] Performed 457 cell flips.
[INFO DPL-0384] End of flipping; objective is 3.369248e+06, improvement is 3.07 percent.
[INFO DPL-0313] Found 0 cells in wrong regions.
[INFO DPL-0315] Found 0 row alignment problems.
[INFO DPL-0314] Found 0 site alignment problems.
[INFO DPL-0311] Found 0 overlaps between adjacent cells.
[INFO DPL-0312] Found 0 edge spacing violations and 0 padding violations.
Detailed Improvement Results
------------------------------------------
Original HPWL             3665.0 u (    1778.5,     1886.5)
Final HPWL                3363.5 u (    1580.9,     1782.6)
Delta HPWL                  -8.2 % (     -11.1,       -5.5)

[INFO DPL-0020] Mirrored 99 instances
[INFO DPL-0021] HPWL before            3363.5 u
[INFO DPL-0022] HPWL after             3359.9 u
[INFO DPL-0023] HPWL delta               -0.1 %
[INFO FLW-0012] Placement violations .
Report metrics stage 3, detailed place...

==========================================================================
detailed place report_design_area
--------------------------------------------------------------------------
Design area 149 u^2 52% utilization.
Elapsed time: 0:02.29[h:]min:sec. CPU time: user 1.30 sys 0.41 (74%). Peak memory: 201512KB.
