OpenROAD v2.0-21872-gd51df1dea5 
Features included (+) or not (-): +GPU +GUI +Python
This program is licensed under the BSD-3 license. See the LICENSE file for details.
Components of this program may be licensed under more restrictive licenses which must be honored.
[INFO ORD-0030] Using 24 thread(s).
source /home/h3sun/720-noc-project/OpenROAD-flow-scripts/flow/platforms/asap7/liberty_suppressions.tcl
suppress_message STA 1212
[INFO DRT-0149] Reading tech and libs.

Units:                1000
Number of layers:     21
Number of macros:     212
Number of vias:       15
Number of viarulegen: 11

[INFO DRT-0150] Reading design.

Design:                   pi_switch
Die area:                 ( 0 0 ) ( 21126 21126 )
Number of track patterns: 32
Number of DEF vias:       0
Number of components:     1377
Number of terminals:      308
Number of snets:          2
Number of nets:           1394

[INFO DRT-0167] List of default vias:
  Layer V2
    default via: VIA23
  Layer V3
    default via: VIA34
  Layer V4
    default via: VIA45
  Layer V5
    default via: VIA56
  Layer V6
    default via: VIA67
  Layer V7
    default via: VIA78
  Layer V8
    default via: VIA89
  Layer V9
    default via: VIA9Pad
[INFO DRT-0162] Library cell analysis.
[INFO DRT-0163] Instance analysis.
[INFO DRT-0164] Number of unique instances = 125.
[INFO DRT-0168] Init region query.
[INFO DRT-0024]   Complete Active.
[INFO DRT-0024]   Complete V0.
[INFO DRT-0024]   Complete M1.
[INFO DRT-0024]   Complete V1.
[INFO DRT-0024]   Complete M2.
[INFO DRT-0024]   Complete V2.
[INFO DRT-0024]   Complete M3.
[INFO DRT-0024]   Complete V3.
[INFO DRT-0024]   Complete M4.
[INFO DRT-0024]   Complete V4.
[INFO DRT-0024]   Complete M5.
[INFO DRT-0024]   Complete V5.
[INFO DRT-0024]   Complete M6.
[INFO DRT-0024]   Complete V6.
[INFO DRT-0024]   Complete M7.
[INFO DRT-0024]   Complete V7.
[INFO DRT-0024]   Complete M8.
[INFO DRT-0024]   Complete V8.
[INFO DRT-0024]   Complete M9.
[INFO DRT-0024]   Complete V9.
[INFO DRT-0024]   Complete Pad.
[INFO DRT-0033] Active shape region query size = 0.
[INFO DRT-0033] V0 shape region query size = 0.
[INFO DRT-0033] M1 shape region query size = 22502.
[INFO DRT-0033] V1 shape region query size = 31230.
[INFO DRT-0033] M2 shape region query size = 834.
[INFO DRT-0033] V2 shape region query size = 756.
[INFO DRT-0033] M3 shape region query size = 756.
[INFO DRT-0033] V3 shape region query size = 504.
[INFO DRT-0033] M4 shape region query size = 647.
[INFO DRT-0033] V4 shape region query size = 504.
[INFO DRT-0033] M5 shape region query size = 453.
[INFO DRT-0033] V5 shape region query size = 64.
[INFO DRT-0033] M6 shape region query size = 35.
[INFO DRT-0033] V6 shape region query size = 0.
[INFO DRT-0033] M7 shape region query size = 0.
[INFO DRT-0033] V7 shape region query size = 0.
[INFO DRT-0033] M8 shape region query size = 0.
[INFO DRT-0033] V8 shape region query size = 0.
[INFO DRT-0033] M9 shape region query size = 0.
[INFO DRT-0033] V9 shape region query size = 0.
[INFO DRT-0033] Pad shape region query size = 0.
[INFO DRT-0165] Start pin access.
[INFO DRT-0078]   Complete 675 pins.
[INFO DRT-0079]   Complete 100 unique inst patterns.
[INFO DRT-0081]   Complete 125 unique inst patterns.
[INFO DRT-0084]   Complete 742 groups.
#scanned instances     = 1377
#unique  instances     = 125
#stdCellGenAp          = 3129
#stdCellValidPlanarAp  = 0
#stdCellValidViaAp     = 2645
#stdCellPinNoAp        = 0
#stdCellPinCnt         = 3820
#instTermValidViaApCnt = 0
#macroGenAp            = 0
#macroValidPlanarAp    = 0
#macroValidViaAp       = 0
#macroNoAp             = 0
[INFO DRT-0166] Complete pin access.
[INFO DRT-0267] cpu time = 00:00:20, elapsed time = 00:00:01, memory = 203.14 (MB), peak = 203.14 (MB)
global_route -congestion_report_file ./reports/asap7/bp-pi-switch/base/congestion.rpt -congestion_iterations 30 -congestion_report_iter_step 5 -verbose
[INFO GRT-0020] Min routing layer: M2
[INFO GRT-0021] Max routing layer: M7
[INFO GRT-0022] Global adjustment: 0%
[INFO GRT-0023] Grid origin: (0, 0)
[INFO GRT-0043] No OR_DEFAULT vias defined.
[INFO GRT-0088] Layer M1      Track-Pitch = 0.0360  line-2-Via Pitch: 0.0360
[INFO GRT-0088] Layer M2      Track-Pitch = 0.0390  line-2-Via Pitch: 0.0360
[INFO GRT-0088] Layer M3      Track-Pitch = 0.0360  line-2-Via Pitch: 0.0360
[INFO GRT-0088] Layer M4      Track-Pitch = 0.0480  line-2-Via Pitch: 0.0480
[INFO GRT-0088] Layer M5      Track-Pitch = 0.0480  line-2-Via Pitch: 0.0480
[INFO GRT-0088] Layer M6      Track-Pitch = 0.0640  line-2-Via Pitch: 0.0640
[INFO GRT-0088] Layer M7      Track-Pitch = 0.0640  line-2-Via Pitch: 0.0640
[INFO GRT-0003] Macros: 0
[INFO GRT-0043] No OR_DEFAULT vias defined.
[INFO GRT-0004] Blockages: 456
[INFO GRT-0019] Found 18 clock nets.
[INFO GRT-0001] Minimum degree: 2
[INFO GRT-0002] Maximum degree: 17

[INFO GRT-0053] Routing resources analysis:
          Routing      Original      Derated      Resource
Layer     Direction    Resources     Resources    Reduction (%)
---------------------------------------------------------------
M1         Vertical            0             0          0.00%
M2         Horizontal      19851         11087          44.15%
M3         Vertical        22854         15712          31.25%
M4         Horizontal      16770         11638          30.60%
M5         Vertical        16770         11266          32.82%
M6         Horizontal      12207          8024          34.27%
M7         Vertical        12207          8892          27.16%
---------------------------------------------------------------

[INFO GRT-0197] Via related to pin nodes: 7247
[INFO GRT-0198] Via related Steiner nodes: 173
[INFO GRT-0199] Via filling finished.
[INFO GRT-0111] Final number of vias: 9678
[INFO GRT-0112] Final usage 3D: 36337

[INFO GRT-0096] Final congestion report:
Layer         Resource        Demand        Usage (%)    Max H / Max V / Total Overflow
---------------------------------------------------------------------------------------
M1                   0             0            0.00%             0 /  0 /  0
M2               11087          2824           25.47%             0 /  0 /  0
M3               15712          3205           20.40%             0 /  0 /  0
M4               11638           779            6.69%             0 /  0 /  0
M5               11266           475            4.22%             0 /  0 /  0
M6                8024            20            0.25%             0 /  0 /  0
M7                8892             0            0.00%             0 /  0 /  0
---------------------------------------------------------------------------------------
Total            66619          7303           10.96%             0 /  0 /  0

[INFO GRT-0018] Total wirelength: 5837 um
[INFO GRT-0014] Routed nets: 1393
Perform buffer insertion and gate resizing...
repair_design -verbose
[INFO RSZ-0058] Using max wire length 162um.
Iteration |   Area    | Resized | Buffers | Nets repaired | Remaining
---------------------------------------------------------------------
        0 |     +0.0% |       0 |       0 |             0 |      1408
       10 |     +0.0% |       0 |       0 |             0 |      1398
       20 |     +0.0% |       0 |       0 |             0 |      1388
       30 |     +0.0% |       0 |       0 |             0 |      1378
       40 |     +0.0% |       0 |       0 |             0 |      1368
       50 |     +0.0% |       0 |       0 |             0 |      1358
       60 |     +0.0% |       0 |       0 |             0 |      1348
       70 |     +0.0% |       0 |       0 |             0 |      1338
       80 |     +0.0% |       0 |       0 |             0 |      1328
       90 |     +0.0% |       0 |       0 |             0 |      1318
      100 |     +0.0% |       0 |       0 |             0 |      1308
      110 |     +0.0% |       0 |       0 |             0 |      1298
      120 |     +0.0% |       0 |       0 |             0 |      1288
      130 |     +0.0% |       0 |       0 |             0 |      1278
      140 |     +0.0% |       0 |       0 |             0 |      1268
      150 |     +0.0% |       0 |       0 |             0 |      1258
      160 |     +0.0% |       0 |       0 |             0 |      1248
      170 |     +0.0% |       0 |       0 |             0 |      1238
      180 |     +0.0% |       0 |       0 |             0 |      1228
      190 |     +0.0% |       0 |       0 |             0 |      1218
      200 |     +0.0% |       0 |       0 |             0 |      1208
      210 |     +0.0% |       0 |       0 |             0 |      1198
      220 |     +0.0% |       0 |       0 |             0 |      1188
      230 |     +0.0% |       0 |       0 |             0 |      1178
      240 |     +0.0% |       0 |       0 |             0 |      1168
      250 |     +0.0% |       0 |       0 |             0 |      1158
      260 |     +0.0% |       0 |       0 |             0 |      1148
      270 |     +0.0% |       0 |       0 |             0 |      1138
      280 |     +0.0% |       0 |       0 |             0 |      1128
      290 |     +0.0% |       0 |       0 |             0 |      1118
      300 |     +0.0% |       0 |       0 |             0 |      1108
      310 |     +0.0% |       0 |       0 |             0 |      1098
      320 |     +0.0% |       0 |       0 |             0 |      1088
      330 |     +0.0% |       0 |       0 |             0 |      1078
      340 |     +0.0% |       0 |       0 |             0 |      1068
      350 |     +0.0% |       0 |       0 |             0 |      1058
      360 |     +0.0% |       0 |       0 |             0 |      1048
      370 |     +0.0% |       0 |       0 |             0 |      1038
      380 |     +0.0% |       0 |       0 |             0 |      1028
      390 |     +0.0% |       0 |       0 |             0 |      1018
      400 |     +0.0% |       0 |       0 |             0 |      1008
      410 |     +0.0% |       0 |       0 |             0 |       998
      420 |     +0.0% |       0 |       0 |             0 |       988
      430 |     +0.0% |       0 |       0 |             0 |       978
      440 |     +0.0% |       0 |       0 |             0 |       968
      450 |     +0.0% |       0 |       0 |             0 |       958
      460 |     +0.0% |       0 |       0 |             0 |       948
      470 |     +0.0% |       0 |       0 |             0 |       938
      480 |     +0.0% |       0 |       0 |             0 |       928
      490 |     +0.0% |       0 |       0 |             0 |       918
      500 |     +0.0% |       0 |       0 |             0 |       908
      510 |     +0.0% |       0 |       0 |             0 |       898
      520 |     +0.0% |       0 |       0 |             0 |       888
      530 |     +0.0% |       0 |       0 |             0 |       878
      540 |     +0.0% |       0 |       0 |             0 |       868
      550 |     +0.0% |       0 |       0 |             0 |       858
      560 |     +0.0% |       0 |       0 |             0 |       848
      570 |     +0.0% |       0 |       0 |             0 |       838
      580 |     +0.0% |       0 |       0 |             0 |       828
      590 |     +0.0% |       0 |       0 |             0 |       818
      600 |     +0.0% |       0 |       0 |             0 |       808
      610 |     +0.0% |       0 |       0 |             0 |       798
      620 |     +0.0% |       0 |       0 |             0 |       788
      630 |     +0.0% |       0 |       0 |             0 |       778
      640 |     +0.0% |       0 |       0 |             0 |       768
      650 |     +0.0% |       0 |       0 |             0 |       758
      660 |     +0.0% |       0 |       0 |             0 |       748
      670 |     +0.0% |       0 |       0 |             0 |       738
      680 |     +0.0% |       0 |       0 |             0 |       728
      690 |     +0.0% |       0 |       0 |             0 |       718
      700 |     +0.0% |       0 |       0 |             0 |       708
      710 |     +0.0% |       0 |       0 |             0 |       698
      720 |     +0.0% |       0 |       0 |             0 |       688
      730 |     +0.0% |       0 |       0 |             0 |       678
      740 |     +0.0% |       0 |       0 |             0 |       668
      750 |     +0.0% |       0 |       0 |             0 |       658
      760 |     +0.0% |       0 |       0 |             0 |       648
      770 |     +0.0% |       0 |       0 |             0 |       638
      780 |     +0.0% |       0 |       0 |             0 |       628
      790 |     +0.0% |       0 |       0 |             0 |       618
      800 |     +0.0% |       0 |       0 |             0 |       608
      810 |     +0.0% |       0 |       0 |             0 |       598
      820 |     +0.0% |       0 |       0 |             0 |       588
      830 |     +0.0% |       0 |       0 |             0 |       578
      840 |     +0.0% |       0 |       0 |             0 |       568
      850 |     +0.0% |       0 |       0 |             0 |       558
      860 |     +0.0% |       0 |       0 |             0 |       548
      870 |     +0.0% |       0 |       0 |             0 |       538
      880 |     +0.0% |       0 |       0 |             0 |       528
      890 |     +0.0% |       0 |       0 |             0 |       518
      900 |     +0.0% |       0 |       0 |             0 |       508
      910 |     +0.0% |       0 |       0 |             0 |       498
      920 |     +0.0% |       0 |       0 |             0 |       488
      930 |     +0.0% |       0 |       0 |             0 |       478
      940 |     +0.0% |       0 |       0 |             0 |       468
      950 |     +0.0% |       0 |       0 |             0 |       458
      960 |     +0.0% |       0 |       0 |             0 |       448
      970 |     +0.0% |       0 |       0 |             0 |       438
      980 |     +0.0% |       0 |       0 |             0 |       428
      990 |     +0.0% |       0 |       0 |             0 |       418
     1000 |     +0.0% |       0 |       0 |             0 |       408
     1010 |     +0.0% |       0 |       0 |             0 |       398
     1020 |     +0.0% |       0 |       0 |             0 |       388
     1030 |     +0.0% |       0 |       0 |             0 |       378
     1040 |     +0.0% |       0 |       0 |             0 |       368
     1050 |     +0.0% |       0 |       0 |             0 |       358
     1060 |     +0.0% |       0 |       0 |             0 |       348
     1070 |     +0.0% |       0 |       0 |             0 |       338
     1080 |     +0.0% |       0 |       0 |             0 |       328
     1090 |     +0.0% |       0 |       0 |             0 |       318
     1100 |     +0.0% |       0 |       0 |             0 |       308
     1110 |     +0.0% |       0 |       0 |             0 |       298
     1120 |     +0.0% |       0 |       0 |             0 |       288
     1130 |     +0.0% |       0 |       0 |             0 |       278
     1140 |     +0.0% |       0 |       0 |             0 |       268
     1150 |     +0.0% |       0 |       0 |             0 |       258
     1160 |     +0.0% |       0 |       0 |             0 |       248
     1170 |     +0.0% |       0 |       0 |             0 |       238
     1180 |     +0.0% |       0 |       0 |             0 |       228
     1190 |     +0.0% |       0 |       0 |             0 |       218
     1200 |     +0.0% |       0 |       0 |             0 |       208
     1210 |     +0.0% |       0 |       0 |             0 |       198
     1220 |     +0.0% |       0 |       0 |             0 |       188
     1230 |     +0.0% |       0 |       0 |             0 |       178
     1240 |     +0.0% |       0 |       0 |             0 |       168
     1250 |     +0.0% |       0 |       0 |             0 |       158
     1260 |     +0.0% |       0 |       0 |             0 |       148
     1270 |     +0.0% |       0 |       0 |             0 |       138
     1280 |     +0.0% |       0 |       0 |             0 |       128
     1290 |     +0.0% |       0 |       0 |             0 |       118
     1300 |     +0.0% |       0 |       0 |             0 |       108
     1310 |     +0.0% |       0 |       0 |             0 |        98
     1320 |     +0.0% |       0 |       0 |             0 |        88
     1330 |     +0.0% |       0 |       0 |             0 |        78
     1340 |     +0.0% |       0 |       0 |             0 |        68
     1350 |     +0.0% |       0 |       0 |             0 |        58
     1360 |     +0.0% |       0 |       0 |             0 |        48
     1370 |     +0.0% |       0 |       0 |             0 |        38
     1380 |     +0.0% |       0 |       0 |             0 |        28
     1390 |     +0.0% |       0 |       0 |             0 |        18
     1400 |     +0.0% |       0 |       0 |             0 |         8
    final |     +0.0% |       0 |       0 |             0 |         0
---------------------------------------------------------------------
global_route -start_incremental
detailed_placement
Placement Analysis
---------------------------------
total displacement          0.0 u
average displacement        0.0 u
max displacement            0.0 u
original HPWL            3618.6 u
legalized HPWL           3618.6 u
delta HPWL                    0 %

global_route -end_incremental -congestion_report_file ./reports/asap7/bp-pi-switch/base/congestion_post_repair_design.rpt
Repair setup and hold violations...
repair_timing -verbose -setup_margin 0 -hold_margin 0 -repair_tns 100
[INFO RSZ-0100] Repair move sequence: UnbufferMove SizeMove SwapPinsMove BufferMove CloneMove SplitLoadMove 
[INFO RSZ-0098] No setup violations found
[INFO RSZ-0033] No hold violations found.
global_route -start_incremental
detailed_placement
Placement Analysis
---------------------------------
total displacement          0.0 u
average displacement        0.0 u
max displacement            0.0 u
original HPWL            3618.6 u
legalized HPWL           3618.6 u
delta HPWL                    0 %

global_route -end_incremental -congestion_report_file ./reports/asap7/bp-pi-switch/base/congestion_post_repair_timing.rpt
global_route -start_incremental
global_route -end_incremental -congestion_report_file ./reports/asap7/bp-pi-switch/base/congestion_post_recover_power.rpt
Repair antennas...
[WARNING GRT-0246] No diode with LEF class CORE ANTENNACELL found.
[INFO ANT-0002] Found 0 net violations.
[INFO ANT-0001] Found 0 pin violations.
Estimate parasitics...
Report metrics stage 5, global route...

==========================================================================
global route report_design_area
--------------------------------------------------------------------------
Design area 155 u^2 54% utilization.
[INFO FLW-0007] clock core_clock period 1000.000000
[INFO FLW-0008] Clock core_clock period 527.100
[INFO FLW-0009] Clock core_clock slack 445.158
[INFO FLW-0011] Path endpoint path count 318
Elapsed time: 0:03.95[h:]min:sec. CPU time: user 22.72 sys 0.63 (590%). Peak memory: 302972KB.
