OpenROAD v2.0-21872-gd51df1dea5 
Features included (+) or not (-): +GPU +GUI +Python
This program is licensed under the BSD-3 license. See the LICENSE file for details.
Components of this program may be licensed under more restrictive licenses which must be honored.
[INFO ORD-0030] Using 24 thread(s).
source /home/h3sun/720-noc-project/OpenROAD-flow-scripts/flow/platforms/asap7/liberty_suppressions.tcl
suppress_message STA 1212
[INFO GPL-0002] DBU: 1000
[INFO GPL-0003] SiteSize: (  0.054  0.270 ) um
[INFO GPL-0004] CoreBBox: (  2.052  2.160 ) ( 20.358 20.250 ) um
[WARNING GPL-0001] clk toplevel port is not placed!
       Replace will regard clk is placed in (0, 0)
[WARNING GPL-0001] l_i[0] toplevel port is not placed!
       Replace will regard l_i[0] is placed in (0, 0)
[WARNING GPL-0001] l_i[10] toplevel port is not placed!
       Replace will regard l_i[10] is placed in (0, 0)
[WARNING GPL-0001] l_i[11] toplevel port is not placed!
       Replace will regard l_i[11] is placed in (0, 0)
[WARNING GPL-0001] l_i[12] toplevel port is not placed!
       Replace will regard l_i[12] is placed in (0, 0)
[WARNING GPL-0001] l_i[13] toplevel port is not placed!
       Replace will regard l_i[13] is placed in (0, 0)
[WARNING GPL-0001] l_i[14] toplevel port is not placed!
       Replace will regard l_i[14] is placed in (0, 0)
[WARNING GPL-0001] l_i[15] toplevel port is not placed!
       Replace will regard l_i[15] is placed in (0, 0)
[WARNING GPL-0001] l_i[16] toplevel port is not placed!
       Replace will regard l_i[16] is placed in (0, 0)
[WARNING GPL-0001] l_i[17] toplevel port is not placed!
       Replace will regard l_i[17] is placed in (0, 0)
[WARNING GPL-0001] l_i[18] toplevel port is not placed!
       Replace will regard l_i[18] is placed in (0, 0)
[WARNING GPL-0001] l_i[19] toplevel port is not placed!
       Replace will regard l_i[19] is placed in (0, 0)
[WARNING GPL-0001] l_i[1] toplevel port is not placed!
       Replace will regard l_i[1] is placed in (0, 0)
[WARNING GPL-0001] l_i[20] toplevel port is not placed!
       Replace will regard l_i[20] is placed in (0, 0)
[WARNING GPL-0001] l_i[21] toplevel port is not placed!
       Replace will regard l_i[21] is placed in (0, 0)
[WARNING GPL-0001] l_i[22] toplevel port is not placed!
       Replace will regard l_i[22] is placed in (0, 0)
[WARNING GPL-0001] l_i[23] toplevel port is not placed!
       Replace will regard l_i[23] is placed in (0, 0)
[WARNING GPL-0001] l_i[24] toplevel port is not placed!
       Replace will regard l_i[24] is placed in (0, 0)
[WARNING GPL-0001] l_i[25] toplevel port is not placed!
       Replace will regard l_i[25] is placed in (0, 0)
[WARNING GPL-0001] l_i[26] toplevel port is not placed!
       Replace will regard l_i[26] is placed in (0, 0)
[WARNING GPL-0001] l_i[27] toplevel port is not placed!
       Replace will regard l_i[27] is placed in (0, 0)
[WARNING GPL-0001] l_i[28] toplevel port is not placed!
       Replace will regard l_i[28] is placed in (0, 0)
[WARNING GPL-0001] l_i[29] toplevel port is not placed!
       Replace will regard l_i[29] is placed in (0, 0)
[WARNING GPL-0001] l_i[2] toplevel port is not placed!
       Replace will regard l_i[2] is placed in (0, 0)
[WARNING GPL-0001] l_i[30] toplevel port is not placed!
       Replace will regard l_i[30] is placed in (0, 0)
[WARNING GPL-0001] l_i[31] toplevel port is not placed!
       Replace will regard l_i[31] is placed in (0, 0)
[WARNING GPL-0001] l_i[32] toplevel port is not placed!
       Replace will regard l_i[32] is placed in (0, 0)
[WARNING GPL-0001] l_i[33] toplevel port is not placed!
       Replace will regard l_i[33] is placed in (0, 0)
[WARNING GPL-0001] l_i[34] toplevel port is not placed!
       Replace will regard l_i[34] is placed in (0, 0)
[WARNING GPL-0001] l_i[35] toplevel port is not placed!
       Replace will regard l_i[35] is placed in (0, 0)
[WARNING GPL-0001] l_i[36] toplevel port is not placed!
       Replace will regard l_i[36] is placed in (0, 0)
[WARNING GPL-0001] l_i[37] toplevel port is not placed!
       Replace will regard l_i[37] is placed in (0, 0)
[WARNING GPL-0001] l_i[38] toplevel port is not placed!
       Replace will regard l_i[38] is placed in (0, 0)
[WARNING GPL-0001] l_i[39] toplevel port is not placed!
       Replace will regard l_i[39] is placed in (0, 0)
[WARNING GPL-0001] l_i[3] toplevel port is not placed!
       Replace will regard l_i[3] is placed in (0, 0)
[WARNING GPL-0001] l_i[40] toplevel port is not placed!
       Replace will regard l_i[40] is placed in (0, 0)
[WARNING GPL-0001] l_i[41] toplevel port is not placed!
       Replace will regard l_i[41] is placed in (0, 0)
[WARNING GPL-0001] l_i[42] toplevel port is not placed!
       Replace will regard l_i[42] is placed in (0, 0)
[WARNING GPL-0001] l_i[43] toplevel port is not placed!
       Replace will regard l_i[43] is placed in (0, 0)
[WARNING GPL-0001] l_i[44] toplevel port is not placed!
       Replace will regard l_i[44] is placed in (0, 0)
[WARNING GPL-0001] l_i[45] toplevel port is not placed!
       Replace will regard l_i[45] is placed in (0, 0)
[WARNING GPL-0001] l_i[46] toplevel port is not placed!
       Replace will regard l_i[46] is placed in (0, 0)
[WARNING GPL-0001] l_i[47] toplevel port is not placed!
       Replace will regard l_i[47] is placed in (0, 0)
[WARNING GPL-0001] l_i[48] toplevel port is not placed!
       Replace will regard l_i[48] is placed in (0, 0)
[WARNING GPL-0001] l_i[49] toplevel port is not placed!
       Replace will regard l_i[49] is placed in (0, 0)
[WARNING GPL-0001] l_i[4] toplevel port is not placed!
       Replace will regard l_i[4] is placed in (0, 0)
[WARNING GPL-0001] l_i[50] toplevel port is not placed!
       Replace will regard l_i[50] is placed in (0, 0)
[WARNING GPL-0001] l_i[51] toplevel port is not placed!
       Replace will regard l_i[51] is placed in (0, 0)
[WARNING GPL-0001] l_i[52] toplevel port is not placed!
       Replace will regard l_i[52] is placed in (0, 0)
[WARNING GPL-0001] l_i[53] toplevel port is not placed!
       Replace will regard l_i[53] is placed in (0, 0)
[WARNING GPL-0001] l_i[54] toplevel port is not placed!
       Replace will regard l_i[54] is placed in (0, 0)
[WARNING GPL-0001] l_i[55] toplevel port is not placed!
       Replace will regard l_i[55] is placed in (0, 0)
[WARNING GPL-0001] l_i[56] toplevel port is not placed!
       Replace will regard l_i[56] is placed in (0, 0)
[WARNING GPL-0001] l_i[57] toplevel port is not placed!
       Replace will regard l_i[57] is placed in (0, 0)
[WARNING GPL-0001] l_i[58] toplevel port is not placed!
       Replace will regard l_i[58] is placed in (0, 0)
[WARNING GPL-0001] l_i[59] toplevel port is not placed!
       Replace will regard l_i[59] is placed in (0, 0)
[WARNING GPL-0001] l_i[5] toplevel port is not placed!
       Replace will regard l_i[5] is placed in (0, 0)
[WARNING GPL-0001] l_i[60] toplevel port is not placed!
       Replace will regard l_i[60] is placed in (0, 0)
[WARNING GPL-0001] l_i[61] toplevel port is not placed!
       Replace will regard l_i[61] is placed in (0, 0)
[WARNING GPL-0001] l_i[62] toplevel port is not placed!
       Replace will regard l_i[62] is placed in (0, 0)
[WARNING GPL-0001] l_i[63] toplevel port is not placed!
       Replace will regard l_i[63] is placed in (0, 0)
[WARNING GPL-0001] l_i[64] toplevel port is not placed!
       Replace will regard l_i[64] is placed in (0, 0)
[WARNING GPL-0001] l_i[65] toplevel port is not placed!
       Replace will regard l_i[65] is placed in (0, 0)
[WARNING GPL-0001] l_i[66] toplevel port is not placed!
       Replace will regard l_i[66] is placed in (0, 0)
[WARNING GPL-0001] l_i[67] toplevel port is not placed!
       Replace will regard l_i[67] is placed in (0, 0)
[WARNING GPL-0001] l_i[68] toplevel port is not placed!
       Replace will regard l_i[68] is placed in (0, 0)
[WARNING GPL-0001] l_i[69] toplevel port is not placed!
       Replace will regard l_i[69] is placed in (0, 0)
[WARNING GPL-0001] l_i[6] toplevel port is not placed!
       Replace will regard l_i[6] is placed in (0, 0)
[WARNING GPL-0001] l_i[70] toplevel port is not placed!
       Replace will regard l_i[70] is placed in (0, 0)
[WARNING GPL-0001] l_i[71] toplevel port is not placed!
       Replace will regard l_i[71] is placed in (0, 0)
[WARNING GPL-0001] l_i[72] toplevel port is not placed!
       Replace will regard l_i[72] is placed in (0, 0)
[WARNING GPL-0001] l_i[73] toplevel port is not placed!
       Replace will regard l_i[73] is placed in (0, 0)
[WARNING GPL-0001] l_i[7] toplevel port is not placed!
       Replace will regard l_i[7] is placed in (0, 0)
[WARNING GPL-0001] l_i[8] toplevel port is not placed!
       Replace will regard l_i[8] is placed in (0, 0)
[WARNING GPL-0001] l_i[9] toplevel port is not placed!
       Replace will regard l_i[9] is placed in (0, 0)
[WARNING GPL-0001] l_i_bp[0] toplevel port is not placed!
       Replace will regard l_i_bp[0] is placed in (0, 0)
[WARNING GPL-0001] l_i_bp[1] toplevel port is not placed!
       Replace will regard l_i_bp[1] is placed in (0, 0)
[WARNING GPL-0001] l_i_v[0] toplevel port is not placed!
       Replace will regard l_i_v[0] is placed in (0, 0)
[WARNING GPL-0001] l_i_v[1] toplevel port is not placed!
       Replace will regard l_i_v[1] is placed in (0, 0)
[WARNING GPL-0001] l_o[0] toplevel port is not placed!
       Replace will regard l_o[0] is placed in (0, 0)
[WARNING GPL-0001] l_o[10] toplevel port is not placed!
       Replace will regard l_o[10] is placed in (0, 0)
[WARNING GPL-0001] l_o[11] toplevel port is not placed!
       Replace will regard l_o[11] is placed in (0, 0)
[WARNING GPL-0001] l_o[12] toplevel port is not placed!
       Replace will regard l_o[12] is placed in (0, 0)
[WARNING GPL-0001] l_o[13] toplevel port is not placed!
       Replace will regard l_o[13] is placed in (0, 0)
[WARNING GPL-0001] l_o[14] toplevel port is not placed!
       Replace will regard l_o[14] is placed in (0, 0)
[WARNING GPL-0001] l_o[15] toplevel port is not placed!
       Replace will regard l_o[15] is placed in (0, 0)
[WARNING GPL-0001] l_o[16] toplevel port is not placed!
       Replace will regard l_o[16] is placed in (0, 0)
[WARNING GPL-0001] l_o[17] toplevel port is not placed!
       Replace will regard l_o[17] is placed in (0, 0)
[WARNING GPL-0001] l_o[18] toplevel port is not placed!
       Replace will regard l_o[18] is placed in (0, 0)
[WARNING GPL-0001] l_o[19] toplevel port is not placed!
       Replace will regard l_o[19] is placed in (0, 0)
[WARNING GPL-0001] l_o[1] toplevel port is not placed!
       Replace will regard l_o[1] is placed in (0, 0)
[WARNING GPL-0001] l_o[20] toplevel port is not placed!
       Replace will regard l_o[20] is placed in (0, 0)
[WARNING GPL-0001] l_o[21] toplevel port is not placed!
       Replace will regard l_o[21] is placed in (0, 0)
[WARNING GPL-0001] l_o[22] toplevel port is not placed!
       Replace will regard l_o[22] is placed in (0, 0)
[WARNING GPL-0001] l_o[23] toplevel port is not placed!
       Replace will regard l_o[23] is placed in (0, 0)
[WARNING GPL-0001] l_o[24] toplevel port is not placed!
       Replace will regard l_o[24] is placed in (0, 0)
[WARNING GPL-0001] l_o[25] toplevel port is not placed!
       Replace will regard l_o[25] is placed in (0, 0)
[WARNING GPL-0001] l_o[26] toplevel port is not placed!
       Replace will regard l_o[26] is placed in (0, 0)
[WARNING GPL-0001] l_o[27] toplevel port is not placed!
       Replace will regard l_o[27] is placed in (0, 0)
[WARNING GPL-0001] l_o[28] toplevel port is not placed!
       Replace will regard l_o[28] is placed in (0, 0)
[WARNING GPL-0001] l_o[29] toplevel port is not placed!
       Replace will regard l_o[29] is placed in (0, 0)
[WARNING GPL-0001] l_o[2] toplevel port is not placed!
       Replace will regard l_o[2] is placed in (0, 0)
[WARNING GPL-0001] l_o[30] toplevel port is not placed!
       Replace will regard l_o[30] is placed in (0, 0)
[WARNING GPL-0001] l_o[31] toplevel port is not placed!
       Replace will regard l_o[31] is placed in (0, 0)
[WARNING GPL-0001] l_o[32] toplevel port is not placed!
       Replace will regard l_o[32] is placed in (0, 0)
[WARNING GPL-0001] l_o[33] toplevel port is not placed!
       Replace will regard l_o[33] is placed in (0, 0)
[WARNING GPL-0001] l_o[34] toplevel port is not placed!
       Replace will regard l_o[34] is placed in (0, 0)
[WARNING GPL-0001] l_o[35] toplevel port is not placed!
       Replace will regard l_o[35] is placed in (0, 0)
[WARNING GPL-0001] l_o[36] toplevel port is not placed!
       Replace will regard l_o[36] is placed in (0, 0)
[WARNING GPL-0001] l_o[3] toplevel port is not placed!
       Replace will regard l_o[3] is placed in (0, 0)
[WARNING GPL-0001] l_o[4] toplevel port is not placed!
       Replace will regard l_o[4] is placed in (0, 0)
[WARNING GPL-0001] l_o[5] toplevel port is not placed!
       Replace will regard l_o[5] is placed in (0, 0)
[WARNING GPL-0001] l_o[6] toplevel port is not placed!
       Replace will regard l_o[6] is placed in (0, 0)
[WARNING GPL-0001] l_o[7] toplevel port is not placed!
       Replace will regard l_o[7] is placed in (0, 0)
[WARNING GPL-0001] l_o[8] toplevel port is not placed!
       Replace will regard l_o[8] is placed in (0, 0)
[WARNING GPL-0001] l_o[9] toplevel port is not placed!
       Replace will regard l_o[9] is placed in (0, 0)
[WARNING GPL-0001] l_o_credit_gnt[0] toplevel port is not placed!
       Replace will regard l_o_credit_gnt[0] is placed in (0, 0)
[WARNING GPL-0001] l_o_credit_gnt[1] toplevel port is not placed!
       Replace will regard l_o_credit_gnt[1] is placed in (0, 0)
[WARNING GPL-0001] l_o_v[0] toplevel port is not placed!
       Replace will regard l_o_v[0] is placed in (0, 0)
[WARNING GPL-0001] l_o_v[1] toplevel port is not placed!
       Replace will regard l_o_v[1] is placed in (0, 0)
[WARNING GPL-0001] r_i[0] toplevel port is not placed!
       Replace will regard r_i[0] is placed in (0, 0)
[WARNING GPL-0001] r_i[10] toplevel port is not placed!
       Replace will regard r_i[10] is placed in (0, 0)
[WARNING GPL-0001] r_i[11] toplevel port is not placed!
       Replace will regard r_i[11] is placed in (0, 0)
[WARNING GPL-0001] r_i[12] toplevel port is not placed!
       Replace will regard r_i[12] is placed in (0, 0)
[WARNING GPL-0001] r_i[13] toplevel port is not placed!
       Replace will regard r_i[13] is placed in (0, 0)
[WARNING GPL-0001] r_i[14] toplevel port is not placed!
       Replace will regard r_i[14] is placed in (0, 0)
[WARNING GPL-0001] r_i[15] toplevel port is not placed!
       Replace will regard r_i[15] is placed in (0, 0)
[WARNING GPL-0001] r_i[16] toplevel port is not placed!
       Replace will regard r_i[16] is placed in (0, 0)
[WARNING GPL-0001] r_i[17] toplevel port is not placed!
       Replace will regard r_i[17] is placed in (0, 0)
[WARNING GPL-0001] r_i[18] toplevel port is not placed!
       Replace will regard r_i[18] is placed in (0, 0)
[WARNING GPL-0001] r_i[19] toplevel port is not placed!
       Replace will regard r_i[19] is placed in (0, 0)
[WARNING GPL-0001] r_i[1] toplevel port is not placed!
       Replace will regard r_i[1] is placed in (0, 0)
[WARNING GPL-0001] r_i[20] toplevel port is not placed!
       Replace will regard r_i[20] is placed in (0, 0)
[WARNING GPL-0001] r_i[21] toplevel port is not placed!
       Replace will regard r_i[21] is placed in (0, 0)
[WARNING GPL-0001] r_i[22] toplevel port is not placed!
       Replace will regard r_i[22] is placed in (0, 0)
[WARNING GPL-0001] r_i[23] toplevel port is not placed!
       Replace will regard r_i[23] is placed in (0, 0)
[WARNING GPL-0001] r_i[24] toplevel port is not placed!
       Replace will regard r_i[24] is placed in (0, 0)
[WARNING GPL-0001] r_i[25] toplevel port is not placed!
       Replace will regard r_i[25] is placed in (0, 0)
[WARNING GPL-0001] r_i[26] toplevel port is not placed!
       Replace will regard r_i[26] is placed in (0, 0)
[WARNING GPL-0001] r_i[27] toplevel port is not placed!
       Replace will regard r_i[27] is placed in (0, 0)
[WARNING GPL-0001] r_i[28] toplevel port is not placed!
       Replace will regard r_i[28] is placed in (0, 0)
[WARNING GPL-0001] r_i[29] toplevel port is not placed!
       Replace will regard r_i[29] is placed in (0, 0)
[WARNING GPL-0001] r_i[2] toplevel port is not placed!
       Replace will regard r_i[2] is placed in (0, 0)
[WARNING GPL-0001] r_i[30] toplevel port is not placed!
       Replace will regard r_i[30] is placed in (0, 0)
[WARNING GPL-0001] r_i[31] toplevel port is not placed!
       Replace will regard r_i[31] is placed in (0, 0)
[WARNING GPL-0001] r_i[32] toplevel port is not placed!
       Replace will regard r_i[32] is placed in (0, 0)
[WARNING GPL-0001] r_i[33] toplevel port is not placed!
       Replace will regard r_i[33] is placed in (0, 0)
[WARNING GPL-0001] r_i[34] toplevel port is not placed!
       Replace will regard r_i[34] is placed in (0, 0)
[WARNING GPL-0001] r_i[35] toplevel port is not placed!
       Replace will regard r_i[35] is placed in (0, 0)
[WARNING GPL-0001] r_i[36] toplevel port is not placed!
       Replace will regard r_i[36] is placed in (0, 0)
[WARNING GPL-0001] r_i[37] toplevel port is not placed!
       Replace will regard r_i[37] is placed in (0, 0)
[WARNING GPL-0001] r_i[38] toplevel port is not placed!
       Replace will regard r_i[38] is placed in (0, 0)
[WARNING GPL-0001] r_i[39] toplevel port is not placed!
       Replace will regard r_i[39] is placed in (0, 0)
[WARNING GPL-0001] r_i[3] toplevel port is not placed!
       Replace will regard r_i[3] is placed in (0, 0)
[WARNING GPL-0001] r_i[40] toplevel port is not placed!
       Replace will regard r_i[40] is placed in (0, 0)
[WARNING GPL-0001] r_i[41] toplevel port is not placed!
       Replace will regard r_i[41] is placed in (0, 0)
[WARNING GPL-0001] r_i[42] toplevel port is not placed!
       Replace will regard r_i[42] is placed in (0, 0)
[WARNING GPL-0001] r_i[43] toplevel port is not placed!
       Replace will regard r_i[43] is placed in (0, 0)
[WARNING GPL-0001] r_i[44] toplevel port is not placed!
       Replace will regard r_i[44] is placed in (0, 0)
[WARNING GPL-0001] r_i[45] toplevel port is not placed!
       Replace will regard r_i[45] is placed in (0, 0)
[WARNING GPL-0001] r_i[46] toplevel port is not placed!
       Replace will regard r_i[46] is placed in (0, 0)
[WARNING GPL-0001] r_i[47] toplevel port is not placed!
       Replace will regard r_i[47] is placed in (0, 0)
[WARNING GPL-0001] r_i[48] toplevel port is not placed!
       Replace will regard r_i[48] is placed in (0, 0)
[WARNING GPL-0001] r_i[49] toplevel port is not placed!
       Replace will regard r_i[49] is placed in (0, 0)
[WARNING GPL-0001] r_i[4] toplevel port is not placed!
       Replace will regard r_i[4] is placed in (0, 0)
[WARNING GPL-0001] r_i[50] toplevel port is not placed!
       Replace will regard r_i[50] is placed in (0, 0)
[WARNING GPL-0001] r_i[51] toplevel port is not placed!
       Replace will regard r_i[51] is placed in (0, 0)
[WARNING GPL-0001] r_i[52] toplevel port is not placed!
       Replace will regard r_i[52] is placed in (0, 0)
[WARNING GPL-0001] r_i[53] toplevel port is not placed!
       Replace will regard r_i[53] is placed in (0, 0)
[WARNING GPL-0001] r_i[54] toplevel port is not placed!
       Replace will regard r_i[54] is placed in (0, 0)
[WARNING GPL-0001] r_i[55] toplevel port is not placed!
       Replace will regard r_i[55] is placed in (0, 0)
[WARNING GPL-0001] r_i[56] toplevel port is not placed!
       Replace will regard r_i[56] is placed in (0, 0)
[WARNING GPL-0001] r_i[57] toplevel port is not placed!
       Replace will regard r_i[57] is placed in (0, 0)
[WARNING GPL-0001] r_i[58] toplevel port is not placed!
       Replace will regard r_i[58] is placed in (0, 0)
[WARNING GPL-0001] r_i[59] toplevel port is not placed!
       Replace will regard r_i[59] is placed in (0, 0)
[WARNING GPL-0001] r_i[5] toplevel port is not placed!
       Replace will regard r_i[5] is placed in (0, 0)
[WARNING GPL-0001] r_i[60] toplevel port is not placed!
       Replace will regard r_i[60] is placed in (0, 0)
[WARNING GPL-0001] r_i[61] toplevel port is not placed!
       Replace will regard r_i[61] is placed in (0, 0)
[WARNING GPL-0001] r_i[62] toplevel port is not placed!
       Replace will regard r_i[62] is placed in (0, 0)
[WARNING GPL-0001] r_i[63] toplevel port is not placed!
       Replace will regard r_i[63] is placed in (0, 0)
[WARNING GPL-0001] r_i[64] toplevel port is not placed!
       Replace will regard r_i[64] is placed in (0, 0)
[WARNING GPL-0001] r_i[65] toplevel port is not placed!
       Replace will regard r_i[65] is placed in (0, 0)
[WARNING GPL-0001] r_i[66] toplevel port is not placed!
       Replace will regard r_i[66] is placed in (0, 0)
[WARNING GPL-0001] r_i[67] toplevel port is not placed!
       Replace will regard r_i[67] is placed in (0, 0)
[WARNING GPL-0001] r_i[68] toplevel port is not placed!
       Replace will regard r_i[68] is placed in (0, 0)
[WARNING GPL-0001] r_i[69] toplevel port is not placed!
       Replace will regard r_i[69] is placed in (0, 0)
[WARNING GPL-0001] r_i[6] toplevel port is not placed!
       Replace will regard r_i[6] is placed in (0, 0)
[WARNING GPL-0001] r_i[70] toplevel port is not placed!
       Replace will regard r_i[70] is placed in (0, 0)
[WARNING GPL-0001] r_i[71] toplevel port is not placed!
       Replace will regard r_i[71] is placed in (0, 0)
[WARNING GPL-0001] r_i[72] toplevel port is not placed!
       Replace will regard r_i[72] is placed in (0, 0)
[WARNING GPL-0001] r_i[73] toplevel port is not placed!
       Replace will regard r_i[73] is placed in (0, 0)
[WARNING GPL-0001] r_i[7] toplevel port is not placed!
       Replace will regard r_i[7] is placed in (0, 0)
[WARNING GPL-0001] r_i[8] toplevel port is not placed!
       Replace will regard r_i[8] is placed in (0, 0)
[WARNING GPL-0001] r_i[9] toplevel port is not placed!
       Replace will regard r_i[9] is placed in (0, 0)
[WARNING GPL-0001] r_i_bp[0] toplevel port is not placed!
       Replace will regard r_i_bp[0] is placed in (0, 0)
[WARNING GPL-0001] r_i_bp[1] toplevel port is not placed!
       Replace will regard r_i_bp[1] is placed in (0, 0)
[WARNING GPL-0001] r_i_v[0] toplevel port is not placed!
       Replace will regard r_i_v[0] is placed in (0, 0)
[WARNING GPL-0001] r_i_v[1] toplevel port is not placed!
       Replace will regard r_i_v[1] is placed in (0, 0)
[WARNING GPL-0001] r_o[0] toplevel port is not placed!
       Replace will regard r_o[0] is placed in (0, 0)
[WARNING GPL-0001] r_o[10] toplevel port is not placed!
       Replace will regard r_o[10] is placed in (0, 0)
[WARNING GPL-0001] r_o[11] toplevel port is not placed!
       Replace will regard r_o[11] is placed in (0, 0)
[WARNING GPL-0001] r_o[12] toplevel port is not placed!
       Replace will regard r_o[12] is placed in (0, 0)
[WARNING GPL-0001] r_o[13] toplevel port is not placed!
       Replace will regard r_o[13] is placed in (0, 0)
[WARNING GPL-0001] r_o[14] toplevel port is not placed!
       Replace will regard r_o[14] is placed in (0, 0)
[WARNING GPL-0001] r_o[15] toplevel port is not placed!
       Replace will regard r_o[15] is placed in (0, 0)
[WARNING GPL-0001] r_o[16] toplevel port is not placed!
       Replace will regard r_o[16] is placed in (0, 0)
[WARNING GPL-0001] r_o[17] toplevel port is not placed!
       Replace will regard r_o[17] is placed in (0, 0)
[WARNING GPL-0001] r_o[18] toplevel port is not placed!
       Replace will regard r_o[18] is placed in (0, 0)
[WARNING GPL-0001] r_o[19] toplevel port is not placed!
       Replace will regard r_o[19] is placed in (0, 0)
[WARNING GPL-0001] r_o[1] toplevel port is not placed!
       Replace will regard r_o[1] is placed in (0, 0)
[WARNING GPL-0001] r_o[20] toplevel port is not placed!
       Replace will regard r_o[20] is placed in (0, 0)
[WARNING GPL-0001] r_o[21] toplevel port is not placed!
       Replace will regard r_o[21] is placed in (0, 0)
[WARNING GPL-0001] r_o[22] toplevel port is not placed!
       Replace will regard r_o[22] is placed in (0, 0)
[WARNING GPL-0001] r_o[23] toplevel port is not placed!
       Replace will regard r_o[23] is placed in (0, 0)
[WARNING GPL-0001] r_o[24] toplevel port is not placed!
       Replace will regard r_o[24] is placed in (0, 0)
[WARNING GPL-0001] r_o[25] toplevel port is not placed!
       Replace will regard r_o[25] is placed in (0, 0)
[WARNING GPL-0001] r_o[26] toplevel port is not placed!
       Replace will regard r_o[26] is placed in (0, 0)
[WARNING GPL-0001] r_o[27] toplevel port is not placed!
       Replace will regard r_o[27] is placed in (0, 0)
[WARNING GPL-0001] r_o[28] toplevel port is not placed!
       Replace will regard r_o[28] is placed in (0, 0)
[WARNING GPL-0001] r_o[29] toplevel port is not placed!
       Replace will regard r_o[29] is placed in (0, 0)
[WARNING GPL-0001] r_o[2] toplevel port is not placed!
       Replace will regard r_o[2] is placed in (0, 0)
[WARNING GPL-0001] r_o[30] toplevel port is not placed!
       Replace will regard r_o[30] is placed in (0, 0)
[WARNING GPL-0001] r_o[31] toplevel port is not placed!
       Replace will regard r_o[31] is placed in (0, 0)
[WARNING GPL-0001] r_o[32] toplevel port is not placed!
       Replace will regard r_o[32] is placed in (0, 0)
[WARNING GPL-0001] r_o[33] toplevel port is not placed!
       Replace will regard r_o[33] is placed in (0, 0)
[WARNING GPL-0001] r_o[34] toplevel port is not placed!
       Replace will regard r_o[34] is placed in (0, 0)
[WARNING GPL-0001] r_o[35] toplevel port is not placed!
       Replace will regard r_o[35] is placed in (0, 0)
[WARNING GPL-0001] r_o[36] toplevel port is not placed!
       Replace will regard r_o[36] is placed in (0, 0)
[WARNING GPL-0001] r_o[3] toplevel port is not placed!
       Replace will regard r_o[3] is placed in (0, 0)
[WARNING GPL-0001] r_o[4] toplevel port is not placed!
       Replace will regard r_o[4] is placed in (0, 0)
[WARNING GPL-0001] r_o[5] toplevel port is not placed!
       Replace will regard r_o[5] is placed in (0, 0)
[WARNING GPL-0001] r_o[6] toplevel port is not placed!
       Replace will regard r_o[6] is placed in (0, 0)
[WARNING GPL-0001] r_o[7] toplevel port is not placed!
       Replace will regard r_o[7] is placed in (0, 0)
[WARNING GPL-0001] r_o[8] toplevel port is not placed!
       Replace will regard r_o[8] is placed in (0, 0)
[WARNING GPL-0001] r_o[9] toplevel port is not placed!
       Replace will regard r_o[9] is placed in (0, 0)
[WARNING GPL-0001] r_o_credit_gnt[0] toplevel port is not placed!
       Replace will regard r_o_credit_gnt[0] is placed in (0, 0)
[WARNING GPL-0001] r_o_credit_gnt[1] toplevel port is not placed!
       Replace will regard r_o_credit_gnt[1] is placed in (0, 0)
[WARNING GPL-0001] r_o_v[0] toplevel port is not placed!
       Replace will regard r_o_v[0] is placed in (0, 0)
[WARNING GPL-0001] r_o_v[1] toplevel port is not placed!
       Replace will regard r_o_v[1] is placed in (0, 0)
[WARNING GPL-0001] rst toplevel port is not placed!
       Replace will regard rst is placed in (0, 0)
[WARNING GPL-0001] u0_i[0] toplevel port is not placed!
       Replace will regard u0_i[0] is placed in (0, 0)
[WARNING GPL-0001] u0_i[10] toplevel port is not placed!
       Replace will regard u0_i[10] is placed in (0, 0)
[WARNING GPL-0001] u0_i[11] toplevel port is not placed!
       Replace will regard u0_i[11] is placed in (0, 0)
[WARNING GPL-0001] u0_i[12] toplevel port is not placed!
       Replace will regard u0_i[12] is placed in (0, 0)
[WARNING GPL-0001] u0_i[13] toplevel port is not placed!
       Replace will regard u0_i[13] is placed in (0, 0)
[WARNING GPL-0001] u0_i[14] toplevel port is not placed!
       Replace will regard u0_i[14] is placed in (0, 0)
[WARNING GPL-0001] u0_i[15] toplevel port is not placed!
       Replace will regard u0_i[15] is placed in (0, 0)
[WARNING GPL-0001] u0_i[16] toplevel port is not placed!
       Replace will regard u0_i[16] is placed in (0, 0)
[WARNING GPL-0001] u0_i[17] toplevel port is not placed!
       Replace will regard u0_i[17] is placed in (0, 0)
[WARNING GPL-0001] u0_i[18] toplevel port is not placed!
       Replace will regard u0_i[18] is placed in (0, 0)
[WARNING GPL-0001] u0_i[19] toplevel port is not placed!
       Replace will regard u0_i[19] is placed in (0, 0)
[WARNING GPL-0001] u0_i[1] toplevel port is not placed!
       Replace will regard u0_i[1] is placed in (0, 0)
[WARNING GPL-0001] u0_i[20] toplevel port is not placed!
       Replace will regard u0_i[20] is placed in (0, 0)
[WARNING GPL-0001] u0_i[21] toplevel port is not placed!
       Replace will regard u0_i[21] is placed in (0, 0)
[WARNING GPL-0001] u0_i[22] toplevel port is not placed!
       Replace will regard u0_i[22] is placed in (0, 0)
[WARNING GPL-0001] u0_i[23] toplevel port is not placed!
       Replace will regard u0_i[23] is placed in (0, 0)
[WARNING GPL-0001] u0_i[24] toplevel port is not placed!
       Replace will regard u0_i[24] is placed in (0, 0)
[WARNING GPL-0001] u0_i[25] toplevel port is not placed!
       Replace will regard u0_i[25] is placed in (0, 0)
[WARNING GPL-0001] u0_i[26] toplevel port is not placed!
       Replace will regard u0_i[26] is placed in (0, 0)
[WARNING GPL-0001] u0_i[27] toplevel port is not placed!
       Replace will regard u0_i[27] is placed in (0, 0)
[WARNING GPL-0001] u0_i[28] toplevel port is not placed!
       Replace will regard u0_i[28] is placed in (0, 0)
[WARNING GPL-0001] u0_i[29] toplevel port is not placed!
       Replace will regard u0_i[29] is placed in (0, 0)
[WARNING GPL-0001] u0_i[2] toplevel port is not placed!
       Replace will regard u0_i[2] is placed in (0, 0)
[WARNING GPL-0001] u0_i[30] toplevel port is not placed!
       Replace will regard u0_i[30] is placed in (0, 0)
[WARNING GPL-0001] u0_i[31] toplevel port is not placed!
       Replace will regard u0_i[31] is placed in (0, 0)
[WARNING GPL-0001] u0_i[32] toplevel port is not placed!
       Replace will regard u0_i[32] is placed in (0, 0)
[WARNING GPL-0001] u0_i[33] toplevel port is not placed!
       Replace will regard u0_i[33] is placed in (0, 0)
[WARNING GPL-0001] u0_i[34] toplevel port is not placed!
       Replace will regard u0_i[34] is placed in (0, 0)
[WARNING GPL-0001] u0_i[35] toplevel port is not placed!
       Replace will regard u0_i[35] is placed in (0, 0)
[WARNING GPL-0001] u0_i[36] toplevel port is not placed!
       Replace will regard u0_i[36] is placed in (0, 0)
[WARNING GPL-0001] u0_i[37] toplevel port is not placed!
       Replace will regard u0_i[37] is placed in (0, 0)
[WARNING GPL-0001] u0_i[38] toplevel port is not placed!
       Replace will regard u0_i[38] is placed in (0, 0)
[WARNING GPL-0001] u0_i[39] toplevel port is not placed!
       Replace will regard u0_i[39] is placed in (0, 0)
[WARNING GPL-0001] u0_i[3] toplevel port is not placed!
       Replace will regard u0_i[3] is placed in (0, 0)
[WARNING GPL-0001] u0_i[40] toplevel port is not placed!
       Replace will regard u0_i[40] is placed in (0, 0)
[WARNING GPL-0001] u0_i[41] toplevel port is not placed!
       Replace will regard u0_i[41] is placed in (0, 0)
[WARNING GPL-0001] u0_i[42] toplevel port is not placed!
       Replace will regard u0_i[42] is placed in (0, 0)
[WARNING GPL-0001] u0_i[43] toplevel port is not placed!
       Replace will regard u0_i[43] is placed in (0, 0)
[WARNING GPL-0001] u0_i[44] toplevel port is not placed!
       Replace will regard u0_i[44] is placed in (0, 0)
[WARNING GPL-0001] u0_i[45] toplevel port is not placed!
       Replace will regard u0_i[45] is placed in (0, 0)
[WARNING GPL-0001] u0_i[46] toplevel port is not placed!
       Replace will regard u0_i[46] is placed in (0, 0)
[WARNING GPL-0001] u0_i[47] toplevel port is not placed!
       Replace will regard u0_i[47] is placed in (0, 0)
[WARNING GPL-0001] u0_i[48] toplevel port is not placed!
       Replace will regard u0_i[48] is placed in (0, 0)
[WARNING GPL-0001] u0_i[49] toplevel port is not placed!
       Replace will regard u0_i[49] is placed in (0, 0)
[WARNING GPL-0001] u0_i[4] toplevel port is not placed!
       Replace will regard u0_i[4] is placed in (0, 0)
[WARNING GPL-0001] u0_i[50] toplevel port is not placed!
       Replace will regard u0_i[50] is placed in (0, 0)
[WARNING GPL-0001] u0_i[51] toplevel port is not placed!
       Replace will regard u0_i[51] is placed in (0, 0)
[WARNING GPL-0001] u0_i[52] toplevel port is not placed!
       Replace will regard u0_i[52] is placed in (0, 0)
[WARNING GPL-0001] u0_i[53] toplevel port is not placed!
       Replace will regard u0_i[53] is placed in (0, 0)
[WARNING GPL-0001] u0_i[54] toplevel port is not placed!
       Replace will regard u0_i[54] is placed in (0, 0)
[WARNING GPL-0001] u0_i[55] toplevel port is not placed!
       Replace will regard u0_i[55] is placed in (0, 0)
[WARNING GPL-0001] u0_i[56] toplevel port is not placed!
       Replace will regard u0_i[56] is placed in (0, 0)
[WARNING GPL-0001] u0_i[57] toplevel port is not placed!
       Replace will regard u0_i[57] is placed in (0, 0)
[WARNING GPL-0001] u0_i[58] toplevel port is not placed!
       Replace will regard u0_i[58] is placed in (0, 0)
[WARNING GPL-0001] u0_i[59] toplevel port is not placed!
       Replace will regard u0_i[59] is placed in (0, 0)
[WARNING GPL-0001] u0_i[5] toplevel port is not placed!
       Replace will regard u0_i[5] is placed in (0, 0)
[WARNING GPL-0001] u0_i[60] toplevel port is not placed!
       Replace will regard u0_i[60] is placed in (0, 0)
[WARNING GPL-0001] u0_i[61] toplevel port is not placed!
       Replace will regard u0_i[61] is placed in (0, 0)
[WARNING GPL-0001] u0_i[62] toplevel port is not placed!
       Replace will regard u0_i[62] is placed in (0, 0)
[WARNING GPL-0001] u0_i[63] toplevel port is not placed!
       Replace will regard u0_i[63] is placed in (0, 0)
[WARNING GPL-0001] u0_i[64] toplevel port is not placed!
       Replace will regard u0_i[64] is placed in (0, 0)
[WARNING GPL-0001] u0_i[65] toplevel port is not placed!
       Replace will regard u0_i[65] is placed in (0, 0)
[WARNING GPL-0001] u0_i[66] toplevel port is not placed!
       Replace will regard u0_i[66] is placed in (0, 0)
[WARNING GPL-0001] u0_i[67] toplevel port is not placed!
       Replace will regard u0_i[67] is placed in (0, 0)
[WARNING GPL-0001] u0_i[68] toplevel port is not placed!
       Replace will regard u0_i[68] is placed in (0, 0)
[WARNING GPL-0001] u0_i[69] toplevel port is not placed!
       Replace will regard u0_i[69] is placed in (0, 0)
[WARNING GPL-0001] u0_i[6] toplevel port is not placed!
       Replace will regard u0_i[6] is placed in (0, 0)
[WARNING GPL-0001] u0_i[70] toplevel port is not placed!
       Replace will regard u0_i[70] is placed in (0, 0)
[WARNING GPL-0001] u0_i[71] toplevel port is not placed!
       Replace will regard u0_i[71] is placed in (0, 0)
[WARNING GPL-0001] u0_i[72] toplevel port is not placed!
       Replace will regard u0_i[72] is placed in (0, 0)
[WARNING GPL-0001] u0_i[73] toplevel port is not placed!
       Replace will regard u0_i[73] is placed in (0, 0)
[WARNING GPL-0001] u0_i[7] toplevel port is not placed!
       Replace will regard u0_i[7] is placed in (0, 0)
[WARNING GPL-0001] u0_i[8] toplevel port is not placed!
       Replace will regard u0_i[8] is placed in (0, 0)
[WARNING GPL-0001] u0_i[9] toplevel port is not placed!
       Replace will regard u0_i[9] is placed in (0, 0)
[WARNING GPL-0001] u0_i_bp[0] toplevel port is not placed!
       Replace will regard u0_i_bp[0] is placed in (0, 0)
[WARNING GPL-0001] u0_i_bp[1] toplevel port is not placed!
       Replace will regard u0_i_bp[1] is placed in (0, 0)
[WARNING GPL-0001] u0_i_v[0] toplevel port is not placed!
       Replace will regard u0_i_v[0] is placed in (0, 0)
[WARNING GPL-0001] u0_i_v[1] toplevel port is not placed!
       Replace will regard u0_i_v[1] is placed in (0, 0)
[WARNING GPL-0001] u0_o[0] toplevel port is not placed!
       Replace will regard u0_o[0] is placed in (0, 0)
[WARNING GPL-0001] u0_o[10] toplevel port is not placed!
       Replace will regard u0_o[10] is placed in (0, 0)
[WARNING GPL-0001] u0_o[11] toplevel port is not placed!
       Replace will regard u0_o[11] is placed in (0, 0)
[WARNING GPL-0001] u0_o[12] toplevel port is not placed!
       Replace will regard u0_o[12] is placed in (0, 0)
[WARNING GPL-0001] u0_o[13] toplevel port is not placed!
       Replace will regard u0_o[13] is placed in (0, 0)
[WARNING GPL-0001] u0_o[14] toplevel port is not placed!
       Replace will regard u0_o[14] is placed in (0, 0)
[WARNING GPL-0001] u0_o[15] toplevel port is not placed!
       Replace will regard u0_o[15] is placed in (0, 0)
[WARNING GPL-0001] u0_o[16] toplevel port is not placed!
       Replace will regard u0_o[16] is placed in (0, 0)
[WARNING GPL-0001] u0_o[17] toplevel port is not placed!
       Replace will regard u0_o[17] is placed in (0, 0)
[WARNING GPL-0001] u0_o[18] toplevel port is not placed!
       Replace will regard u0_o[18] is placed in (0, 0)
[WARNING GPL-0001] u0_o[19] toplevel port is not placed!
       Replace will regard u0_o[19] is placed in (0, 0)
[WARNING GPL-0001] u0_o[1] toplevel port is not placed!
       Replace will regard u0_o[1] is placed in (0, 0)
[WARNING GPL-0001] u0_o[20] toplevel port is not placed!
       Replace will regard u0_o[20] is placed in (0, 0)
[WARNING GPL-0001] u0_o[21] toplevel port is not placed!
       Replace will regard u0_o[21] is placed in (0, 0)
[WARNING GPL-0001] u0_o[22] toplevel port is not placed!
       Replace will regard u0_o[22] is placed in (0, 0)
[WARNING GPL-0001] u0_o[23] toplevel port is not placed!
       Replace will regard u0_o[23] is placed in (0, 0)
[WARNING GPL-0001] u0_o[24] toplevel port is not placed!
       Replace will regard u0_o[24] is placed in (0, 0)
[WARNING GPL-0001] u0_o[25] toplevel port is not placed!
       Replace will regard u0_o[25] is placed in (0, 0)
[WARNING GPL-0001] u0_o[26] toplevel port is not placed!
       Replace will regard u0_o[26] is placed in (0, 0)
[WARNING GPL-0001] u0_o[27] toplevel port is not placed!
       Replace will regard u0_o[27] is placed in (0, 0)
[WARNING GPL-0001] u0_o[28] toplevel port is not placed!
       Replace will regard u0_o[28] is placed in (0, 0)
[WARNING GPL-0001] u0_o[29] toplevel port is not placed!
       Replace will regard u0_o[29] is placed in (0, 0)
[WARNING GPL-0001] u0_o[2] toplevel port is not placed!
       Replace will regard u0_o[2] is placed in (0, 0)
[WARNING GPL-0001] u0_o[30] toplevel port is not placed!
       Replace will regard u0_o[30] is placed in (0, 0)
[WARNING GPL-0001] u0_o[31] toplevel port is not placed!
       Replace will regard u0_o[31] is placed in (0, 0)
[WARNING GPL-0001] u0_o[32] toplevel port is not placed!
       Replace will regard u0_o[32] is placed in (0, 0)
[WARNING GPL-0001] u0_o[33] toplevel port is not placed!
       Replace will regard u0_o[33] is placed in (0, 0)
[WARNING GPL-0001] u0_o[34] toplevel port is not placed!
       Replace will regard u0_o[34] is placed in (0, 0)
[WARNING GPL-0001] u0_o[35] toplevel port is not placed!
       Replace will regard u0_o[35] is placed in (0, 0)
[WARNING GPL-0001] u0_o[36] toplevel port is not placed!
       Replace will regard u0_o[36] is placed in (0, 0)
[WARNING GPL-0001] u0_o[3] toplevel port is not placed!
       Replace will regard u0_o[3] is placed in (0, 0)
[WARNING GPL-0001] u0_o[4] toplevel port is not placed!
       Replace will regard u0_o[4] is placed in (0, 0)
[WARNING GPL-0001] u0_o[5] toplevel port is not placed!
       Replace will regard u0_o[5] is placed in (0, 0)
[WARNING GPL-0001] u0_o[6] toplevel port is not placed!
       Replace will regard u0_o[6] is placed in (0, 0)
[WARNING GPL-0001] u0_o[7] toplevel port is not placed!
       Replace will regard u0_o[7] is placed in (0, 0)
[WARNING GPL-0001] u0_o[8] toplevel port is not placed!
       Replace will regard u0_o[8] is placed in (0, 0)
[WARNING GPL-0001] u0_o[9] toplevel port is not placed!
       Replace will regard u0_o[9] is placed in (0, 0)
[WARNING GPL-0001] u0_o_credit_gnt[0] toplevel port is not placed!
       Replace will regard u0_o_credit_gnt[0] is placed in (0, 0)
[WARNING GPL-0001] u0_o_credit_gnt[1] toplevel port is not placed!
       Replace will regard u0_o_credit_gnt[1] is placed in (0, 0)
[WARNING GPL-0001] u0_o_v[0] toplevel port is not placed!
       Replace will regard u0_o_v[0] is placed in (0, 0)
[WARNING GPL-0001] u0_o_v[1] toplevel port is not placed!
       Replace will regard u0_o_v[1] is placed in (0, 0)
[WARNING GPL-0001] u1_i[0] toplevel port is not placed!
       Replace will regard u1_i[0] is placed in (0, 0)
[WARNING GPL-0001] u1_i[10] toplevel port is not placed!
       Replace will regard u1_i[10] is placed in (0, 0)
[WARNING GPL-0001] u1_i[11] toplevel port is not placed!
       Replace will regard u1_i[11] is placed in (0, 0)
[WARNING GPL-0001] u1_i[12] toplevel port is not placed!
       Replace will regard u1_i[12] is placed in (0, 0)
[WARNING GPL-0001] u1_i[13] toplevel port is not placed!
       Replace will regard u1_i[13] is placed in (0, 0)
[WARNING GPL-0001] u1_i[14] toplevel port is not placed!
       Replace will regard u1_i[14] is placed in (0, 0)
[WARNING GPL-0001] u1_i[15] toplevel port is not placed!
       Replace will regard u1_i[15] is placed in (0, 0)
[WARNING GPL-0001] u1_i[16] toplevel port is not placed!
       Replace will regard u1_i[16] is placed in (0, 0)
[WARNING GPL-0001] u1_i[17] toplevel port is not placed!
       Replace will regard u1_i[17] is placed in (0, 0)
[WARNING GPL-0001] u1_i[18] toplevel port is not placed!
       Replace will regard u1_i[18] is placed in (0, 0)
[WARNING GPL-0001] u1_i[19] toplevel port is not placed!
       Replace will regard u1_i[19] is placed in (0, 0)
[WARNING GPL-0001] u1_i[1] toplevel port is not placed!
       Replace will regard u1_i[1] is placed in (0, 0)
[WARNING GPL-0001] u1_i[20] toplevel port is not placed!
       Replace will regard u1_i[20] is placed in (0, 0)
[WARNING GPL-0001] u1_i[21] toplevel port is not placed!
       Replace will regard u1_i[21] is placed in (0, 0)
[WARNING GPL-0001] u1_i[22] toplevel port is not placed!
       Replace will regard u1_i[22] is placed in (0, 0)
[WARNING GPL-0001] u1_i[23] toplevel port is not placed!
       Replace will regard u1_i[23] is placed in (0, 0)
[WARNING GPL-0001] u1_i[24] toplevel port is not placed!
       Replace will regard u1_i[24] is placed in (0, 0)
[WARNING GPL-0001] u1_i[25] toplevel port is not placed!
       Replace will regard u1_i[25] is placed in (0, 0)
[WARNING GPL-0001] u1_i[26] toplevel port is not placed!
       Replace will regard u1_i[26] is placed in (0, 0)
[WARNING GPL-0001] u1_i[27] toplevel port is not placed!
       Replace will regard u1_i[27] is placed in (0, 0)
[WARNING GPL-0001] u1_i[28] toplevel port is not placed!
       Replace will regard u1_i[28] is placed in (0, 0)
[WARNING GPL-0001] u1_i[29] toplevel port is not placed!
       Replace will regard u1_i[29] is placed in (0, 0)
[WARNING GPL-0001] u1_i[2] toplevel port is not placed!
       Replace will regard u1_i[2] is placed in (0, 0)
[WARNING GPL-0001] u1_i[30] toplevel port is not placed!
       Replace will regard u1_i[30] is placed in (0, 0)
[WARNING GPL-0001] u1_i[31] toplevel port is not placed!
       Replace will regard u1_i[31] is placed in (0, 0)
[WARNING GPL-0001] u1_i[32] toplevel port is not placed!
       Replace will regard u1_i[32] is placed in (0, 0)
[WARNING GPL-0001] u1_i[33] toplevel port is not placed!
       Replace will regard u1_i[33] is placed in (0, 0)
[WARNING GPL-0001] u1_i[34] toplevel port is not placed!
       Replace will regard u1_i[34] is placed in (0, 0)
[WARNING GPL-0001] u1_i[35] toplevel port is not placed!
       Replace will regard u1_i[35] is placed in (0, 0)
[WARNING GPL-0001] u1_i[36] toplevel port is not placed!
       Replace will regard u1_i[36] is placed in (0, 0)
[WARNING GPL-0001] u1_i[37] toplevel port is not placed!
       Replace will regard u1_i[37] is placed in (0, 0)
[WARNING GPL-0001] u1_i[38] toplevel port is not placed!
       Replace will regard u1_i[38] is placed in (0, 0)
[WARNING GPL-0001] u1_i[39] toplevel port is not placed!
       Replace will regard u1_i[39] is placed in (0, 0)
[WARNING GPL-0001] u1_i[3] toplevel port is not placed!
       Replace will regard u1_i[3] is placed in (0, 0)
[WARNING GPL-0001] u1_i[40] toplevel port is not placed!
       Replace will regard u1_i[40] is placed in (0, 0)
[WARNING GPL-0001] u1_i[41] toplevel port is not placed!
       Replace will regard u1_i[41] is placed in (0, 0)
[WARNING GPL-0001] u1_i[42] toplevel port is not placed!
       Replace will regard u1_i[42] is placed in (0, 0)
[WARNING GPL-0001] u1_i[43] toplevel port is not placed!
       Replace will regard u1_i[43] is placed in (0, 0)
[WARNING GPL-0001] u1_i[44] toplevel port is not placed!
       Replace will regard u1_i[44] is placed in (0, 0)
[WARNING GPL-0001] u1_i[45] toplevel port is not placed!
       Replace will regard u1_i[45] is placed in (0, 0)
[WARNING GPL-0001] u1_i[46] toplevel port is not placed!
       Replace will regard u1_i[46] is placed in (0, 0)
[WARNING GPL-0001] u1_i[47] toplevel port is not placed!
       Replace will regard u1_i[47] is placed in (0, 0)
[WARNING GPL-0001] u1_i[48] toplevel port is not placed!
       Replace will regard u1_i[48] is placed in (0, 0)
[WARNING GPL-0001] u1_i[49] toplevel port is not placed!
       Replace will regard u1_i[49] is placed in (0, 0)
[WARNING GPL-0001] u1_i[4] toplevel port is not placed!
       Replace will regard u1_i[4] is placed in (0, 0)
[WARNING GPL-0001] u1_i[50] toplevel port is not placed!
       Replace will regard u1_i[50] is placed in (0, 0)
[WARNING GPL-0001] u1_i[51] toplevel port is not placed!
       Replace will regard u1_i[51] is placed in (0, 0)
[WARNING GPL-0001] u1_i[52] toplevel port is not placed!
       Replace will regard u1_i[52] is placed in (0, 0)
[WARNING GPL-0001] u1_i[53] toplevel port is not placed!
       Replace will regard u1_i[53] is placed in (0, 0)
[WARNING GPL-0001] u1_i[54] toplevel port is not placed!
       Replace will regard u1_i[54] is placed in (0, 0)
[WARNING GPL-0001] u1_i[55] toplevel port is not placed!
       Replace will regard u1_i[55] is placed in (0, 0)
[WARNING GPL-0001] u1_i[56] toplevel port is not placed!
       Replace will regard u1_i[56] is placed in (0, 0)
[WARNING GPL-0001] u1_i[57] toplevel port is not placed!
       Replace will regard u1_i[57] is placed in (0, 0)
[WARNING GPL-0001] u1_i[58] toplevel port is not placed!
       Replace will regard u1_i[58] is placed in (0, 0)
[WARNING GPL-0001] u1_i[59] toplevel port is not placed!
       Replace will regard u1_i[59] is placed in (0, 0)
[WARNING GPL-0001] u1_i[5] toplevel port is not placed!
       Replace will regard u1_i[5] is placed in (0, 0)
[WARNING GPL-0001] u1_i[60] toplevel port is not placed!
       Replace will regard u1_i[60] is placed in (0, 0)
[WARNING GPL-0001] u1_i[61] toplevel port is not placed!
       Replace will regard u1_i[61] is placed in (0, 0)
[WARNING GPL-0001] u1_i[62] toplevel port is not placed!
       Replace will regard u1_i[62] is placed in (0, 0)
[WARNING GPL-0001] u1_i[63] toplevel port is not placed!
       Replace will regard u1_i[63] is placed in (0, 0)
[WARNING GPL-0001] u1_i[64] toplevel port is not placed!
       Replace will regard u1_i[64] is placed in (0, 0)
[WARNING GPL-0001] u1_i[65] toplevel port is not placed!
       Replace will regard u1_i[65] is placed in (0, 0)
[WARNING GPL-0001] u1_i[66] toplevel port is not placed!
       Replace will regard u1_i[66] is placed in (0, 0)
[WARNING GPL-0001] u1_i[67] toplevel port is not placed!
       Replace will regard u1_i[67] is placed in (0, 0)
[WARNING GPL-0001] u1_i[68] toplevel port is not placed!
       Replace will regard u1_i[68] is placed in (0, 0)
[WARNING GPL-0001] u1_i[69] toplevel port is not placed!
       Replace will regard u1_i[69] is placed in (0, 0)
[WARNING GPL-0001] u1_i[6] toplevel port is not placed!
       Replace will regard u1_i[6] is placed in (0, 0)
[WARNING GPL-0001] u1_i[70] toplevel port is not placed!
       Replace will regard u1_i[70] is placed in (0, 0)
[WARNING GPL-0001] u1_i[71] toplevel port is not placed!
       Replace will regard u1_i[71] is placed in (0, 0)
[WARNING GPL-0001] u1_i[72] toplevel port is not placed!
       Replace will regard u1_i[72] is placed in (0, 0)
[WARNING GPL-0001] u1_i[73] toplevel port is not placed!
       Replace will regard u1_i[73] is placed in (0, 0)
[WARNING GPL-0001] u1_i[7] toplevel port is not placed!
       Replace will regard u1_i[7] is placed in (0, 0)
[WARNING GPL-0001] u1_i[8] toplevel port is not placed!
       Replace will regard u1_i[8] is placed in (0, 0)
[WARNING GPL-0001] u1_i[9] toplevel port is not placed!
       Replace will regard u1_i[9] is placed in (0, 0)
[WARNING GPL-0001] u1_i_bp[0] toplevel port is not placed!
       Replace will regard u1_i_bp[0] is placed in (0, 0)
[WARNING GPL-0001] u1_i_bp[1] toplevel port is not placed!
       Replace will regard u1_i_bp[1] is placed in (0, 0)
[WARNING GPL-0001] u1_i_v[0] toplevel port is not placed!
       Replace will regard u1_i_v[0] is placed in (0, 0)
[WARNING GPL-0001] u1_i_v[1] toplevel port is not placed!
       Replace will regard u1_i_v[1] is placed in (0, 0)
[WARNING GPL-0001] u1_o[0] toplevel port is not placed!
       Replace will regard u1_o[0] is placed in (0, 0)
[WARNING GPL-0001] u1_o[10] toplevel port is not placed!
       Replace will regard u1_o[10] is placed in (0, 0)
[WARNING GPL-0001] u1_o[11] toplevel port is not placed!
       Replace will regard u1_o[11] is placed in (0, 0)
[WARNING GPL-0001] u1_o[12] toplevel port is not placed!
       Replace will regard u1_o[12] is placed in (0, 0)
[WARNING GPL-0001] u1_o[13] toplevel port is not placed!
       Replace will regard u1_o[13] is placed in (0, 0)
[WARNING GPL-0001] u1_o[14] toplevel port is not placed!
       Replace will regard u1_o[14] is placed in (0, 0)
[WARNING GPL-0001] u1_o[15] toplevel port is not placed!
       Replace will regard u1_o[15] is placed in (0, 0)
[WARNING GPL-0001] u1_o[16] toplevel port is not placed!
       Replace will regard u1_o[16] is placed in (0, 0)
[WARNING GPL-0001] u1_o[17] toplevel port is not placed!
       Replace will regard u1_o[17] is placed in (0, 0)
[WARNING GPL-0001] u1_o[18] toplevel port is not placed!
       Replace will regard u1_o[18] is placed in (0, 0)
[WARNING GPL-0001] u1_o[19] toplevel port is not placed!
       Replace will regard u1_o[19] is placed in (0, 0)
[WARNING GPL-0001] u1_o[1] toplevel port is not placed!
       Replace will regard u1_o[1] is placed in (0, 0)
[WARNING GPL-0001] u1_o[20] toplevel port is not placed!
       Replace will regard u1_o[20] is placed in (0, 0)
[WARNING GPL-0001] u1_o[21] toplevel port is not placed!
       Replace will regard u1_o[21] is placed in (0, 0)
[WARNING GPL-0001] u1_o[22] toplevel port is not placed!
       Replace will regard u1_o[22] is placed in (0, 0)
[WARNING GPL-0001] u1_o[23] toplevel port is not placed!
       Replace will regard u1_o[23] is placed in (0, 0)
[WARNING GPL-0001] u1_o[24] toplevel port is not placed!
       Replace will regard u1_o[24] is placed in (0, 0)
[WARNING GPL-0001] u1_o[25] toplevel port is not placed!
       Replace will regard u1_o[25] is placed in (0, 0)
[WARNING GPL-0001] u1_o[26] toplevel port is not placed!
       Replace will regard u1_o[26] is placed in (0, 0)
[WARNING GPL-0001] u1_o[27] toplevel port is not placed!
       Replace will regard u1_o[27] is placed in (0, 0)
[WARNING GPL-0001] u1_o[28] toplevel port is not placed!
       Replace will regard u1_o[28] is placed in (0, 0)
[WARNING GPL-0001] u1_o[29] toplevel port is not placed!
       Replace will regard u1_o[29] is placed in (0, 0)
[WARNING GPL-0001] u1_o[2] toplevel port is not placed!
       Replace will regard u1_o[2] is placed in (0, 0)
[WARNING GPL-0001] u1_o[30] toplevel port is not placed!
       Replace will regard u1_o[30] is placed in (0, 0)
[WARNING GPL-0001] u1_o[31] toplevel port is not placed!
       Replace will regard u1_o[31] is placed in (0, 0)
[WARNING GPL-0001] u1_o[32] toplevel port is not placed!
       Replace will regard u1_o[32] is placed in (0, 0)
[WARNING GPL-0001] u1_o[33] toplevel port is not placed!
       Replace will regard u1_o[33] is placed in (0, 0)
[WARNING GPL-0001] u1_o[34] toplevel port is not placed!
       Replace will regard u1_o[34] is placed in (0, 0)
[WARNING GPL-0001] u1_o[35] toplevel port is not placed!
       Replace will regard u1_o[35] is placed in (0, 0)
[WARNING GPL-0001] u1_o[36] toplevel port is not placed!
       Replace will regard u1_o[36] is placed in (0, 0)
[WARNING GPL-0001] u1_o[3] toplevel port is not placed!
       Replace will regard u1_o[3] is placed in (0, 0)
[WARNING GPL-0001] u1_o[4] toplevel port is not placed!
       Replace will regard u1_o[4] is placed in (0, 0)
[WARNING GPL-0001] u1_o[5] toplevel port is not placed!
       Replace will regard u1_o[5] is placed in (0, 0)
[WARNING GPL-0001] u1_o[6] toplevel port is not placed!
       Replace will regard u1_o[6] is placed in (0, 0)
[WARNING GPL-0001] u1_o[7] toplevel port is not placed!
       Replace will regard u1_o[7] is placed in (0, 0)
[WARNING GPL-0001] u1_o[8] toplevel port is not placed!
       Replace will regard u1_o[8] is placed in (0, 0)
[WARNING GPL-0001] u1_o[9] toplevel port is not placed!
       Replace will regard u1_o[9] is placed in (0, 0)
[WARNING GPL-0001] u1_o_credit_gnt[0] toplevel port is not placed!
       Replace will regard u1_o_credit_gnt[0] is placed in (0, 0)
[WARNING GPL-0001] u1_o_credit_gnt[1] toplevel port is not placed!
       Replace will regard u1_o_credit_gnt[1] is placed in (0, 0)
[WARNING GPL-0001] u1_o_v[0] toplevel port is not placed!
       Replace will regard u1_o_v[0] is placed in (0, 0)
[WARNING GPL-0001] u1_o_v[1] toplevel port is not placed!
       Replace will regard u1_o_v[1] is placed in (0, 0)
[INFO GPL-0006] Number of instances:              1473
[INFO GPL-0007] Movable instances:                1339
[INFO GPL-0008] Fixed instances:                   134
[INFO GPL-0009] Dummy instances:                     0
[INFO GPL-0010] Number of nets:                   1685
[INFO GPL-0011] Number of pins:                   5355
[INFO GPL-0012] Die BBox:  (  0.000  0.000 ) ( 22.409 22.409 ) um
[INFO GPL-0013] Core BBox: (  2.052  2.160 ) ( 20.358 20.250 ) um
[INFO GPL-0016] Core area:                     331.156 um^2
[INFO GPL-0017] Fixed instances area:            3.907 um^2
[INFO GPL-0018] Movable instances area:        135.565 um^2
[INFO GPL-0019] Utilization:                    41.426 %
[INFO GPL-0020] Standard cells area:           135.565 um^2
[INFO GPL-0021] Large instances area:            0.000 um^2
[INFO GPL-0023] Placement target density:       1.0000
[INFO GPL-0024] Movable insts average area:      0.101 um^2
[INFO GPL-0025] Ideal bin area:                  0.101 um^2
[INFO GPL-0026] Ideal bin count:                  3270
[INFO GPL-0027] Total bin area:                331.156 um^2
[INFO GPL-0028] Bin count (X, Y):          32 ,     32
[INFO GPL-0029] Bin size (W * H):       0.572 *  0.565 um
[INFO GPL-0030] Number of bins:                   1024
Placement density is 0.5459999895095825, computed from PLACE_DENSITY_LB_ADDON 0.20 and lower bound 0.41999998688697815
global_placement -skip_io -density 0.5459999895095825 -pad_left 0 -pad_right 0
[INFO GPL-0002] DBU: 1000
[INFO GPL-0003] SiteSize: (  0.054  0.270 ) um
[INFO GPL-0004] CoreBBox: (  2.052  2.160 ) ( 20.358 20.250 ) um
[INFO GPL-0006] Number of instances:              1473
[INFO GPL-0007] Movable instances:                1339
[INFO GPL-0008] Fixed instances:                   134
[INFO GPL-0009] Dummy instances:                     0
[INFO GPL-0010] Number of nets:                   1685
[INFO GPL-0011] Number of pins:                   4877
[INFO GPL-0012] Die BBox:  (  0.000  0.000 ) ( 22.409 22.409 ) um
[INFO GPL-0013] Core BBox: (  2.052  2.160 ) ( 20.358 20.250 ) um
[INFO GPL-0016] Core area:                     331.156 um^2
[INFO GPL-0017] Fixed instances area:            3.907 um^2
[INFO GPL-0018] Movable instances area:        135.565 um^2
[INFO GPL-0019] Utilization:                    41.426 %
[INFO GPL-0020] Standard cells area:           135.565 um^2
[INFO GPL-0021] Large instances area:            0.000 um^2
[INFO GPL-0023] Placement target density:       0.5460
[INFO GPL-0024] Movable insts average area:      0.101 um^2
[INFO GPL-0025] Ideal bin area:                  0.185 um^2
[INFO GPL-0026] Ideal bin count:                  1785
[INFO GPL-0027] Total bin area:                331.156 um^2
[INFO GPL-0028] Bin count (X, Y):          32 ,     32
[INFO GPL-0029] Bin size (W * H):       0.572 *  0.565 um
[INFO GPL-0030] Number of bins:                   1024
[INFO GPL-0031] HPWL: Half-Perimeter Wirelength
Iteration | Overflow |     HPWL (um) |  HPWL(%) |   Penalty | Group
---------------------------------------------------------------
        1 |   0.9753 |  9.634850e+05 |   +0.00% |  2.92e-12 |      
       10 |   0.9861 |  1.753600e+05 |  -81.80% |  4.54e-12 |      
       20 |   0.9866 |  1.595220e+05 |   -9.03% |  7.39e-12 |      
       30 |   0.9866 |  1.579890e+05 |   -0.96% |  1.20e-11 |      
       40 |   0.9866 |  1.574010e+05 |   -0.37% |  1.96e-11 |      
       50 |   0.9866 |  1.579210e+05 |   +0.33% |  3.19e-11 |      
       60 |   0.9866 |  1.590620e+05 |   +0.72% |  5.20e-11 |      
       70 |   0.9865 |  1.616450e+05 |   +1.62% |  8.47e-11 |      
       80 |   0.9850 |  1.680670e+05 |   +3.97% |  1.38e-10 |      
       90 |   0.9838 |  1.845860e+05 |   +9.83% |  2.25e-10 |      
      100 |   0.9782 |  2.156660e+05 |  +16.84% |  3.66e-10 |      
      110 |   0.9753 |  2.566450e+05 |  +19.00% |  5.96e-10 |      
      120 |   0.9698 |  3.073540e+05 |  +19.76% |  9.72e-10 |      
      130 |   0.9641 |  3.709060e+05 |  +20.68% |  1.58e-09 |      
      140 |   0.9402 |  4.716630e+05 |  +27.17% |  2.58e-09 |      
      150 |   0.8951 |  6.593000e+05 |  +39.78% |  4.20e-09 |      
      160 |   0.8658 |  7.726250e+05 |  +17.19% |  6.84e-09 |      
      170 |   0.8482 |  8.290600e+05 |   +7.30% |  1.11e-08 |      
      180 |   0.8080 |  9.754540e+05 |  +17.66% |  1.81e-08 |      
      190 |   0.7658 |  1.115640e+06 |  +14.37% |  2.96e-08 |      
      200 |   0.7341 |  1.216650e+06 |   +9.05% |  4.81e-08 |      
      210 |   0.6937 |  1.340145e+06 |  +10.15% |  7.84e-08 |      
      220 |   0.6505 |  1.459850e+06 |   +8.93% |  1.28e-07 |      
      230 |   0.6128 |  1.579376e+06 |   +8.19% |  2.08e-07 |      
      240 |   0.5676 |  1.686677e+06 |   +6.79% |  3.39e-07 |      
      250 |   0.5296 |  1.799689e+06 |   +6.70% |  5.52e-07 |      
      260 |   0.4861 |  1.888342e+06 |   +4.93% |  8.99e-07 |      
      270 |   0.4392 |  1.962845e+06 |   +3.95% |  1.46e-06 |      
      280 |   0.3897 |  2.019147e+06 |   +2.87% |  2.39e-06 |      
      290 |   0.3416 |  2.060202e+06 |   +2.03% |  3.89e-06 |      
      300 |   0.3057 |  2.093772e+06 |   +1.63% |  5.73e-06 |      
      310 |   0.2733 |  2.123058e+06 |   +1.40% |  8.43e-06 |      
      320 |   0.2439 |  2.146119e+06 |   +1.09% |  1.24e-05 |      
      330 |   0.2188 |  2.170940e+06 |   +1.16% |  1.83e-05 |      
      340 |   0.1887 |  2.188584e+06 |   +0.81% |  2.70e-05 |      
      350 |   0.1632 |  2.204400e+06 |   +0.72% |  3.97e-05 |      
      360 |   0.1385 |  2.208149e+06 |   +0.17% |  5.85e-05 |      
      370 |   0.1113 |  2.212346e+06 |   +0.19% |  8.62e-05 |      
[INFO GPL-1001] Finished with Overflow: 0.098842
[INFO GPL-1002] Placed Cell Area              135.5648
[INFO GPL-1003] Available Free Area           327.2481
[INFO GPL-1004] Minimum Feasible Density        0.4200 (cell_area / free_area)
[INFO GPL-1006]   Suggested Target Densities:
[INFO GPL-1007]     - For 90% usage of free space: 0.4603
[INFO GPL-1008]     - For 80% usage of free space: 0.5178
Elapsed time: 0:01.23[h:]min:sec. CPU time: user 6.63 sys 0.05 (542%). Peak memory: 192760KB.
