OpenROAD v2.0-21872-gd51df1dea5 
Features included (+) or not (-): +GPU +GUI +Python
This program is licensed under the BSD-3 license. See the LICENSE file for details.
Components of this program may be licensed under more restrictive licenses which must be honored.
[INFO ORD-0030] Using 24 thread(s).
source /home/h3sun/720-noc-project/OpenROAD-flow-scripts/flow/platforms/asap7/liberty_suppressions.tcl
suppress_message STA 1212
Placement Analysis
---------------------------------
total displacement       1074.5 u
average displacement        0.6 u
max displacement            7.3 u
original HPWL            5969.0 u
legalized HPWL           6814.4 u
delta HPWL                   14 %

Detailed placement improvement.
[INFO DPL-0401] Setting random seed to 1.
[INFO DPL-0402] Setting maximum displacement 5 1 to 1350 270 units.
[INFO DPL-0320] Collected 612 fixed cells.
[INFO DPL-0318] Collected 1816 single height cells.
[INFO DPL-0321] Collected 0 wide cells.
[INFO DPL-0322] Image (2052, 2160) - (20358, 20250)
[INFO DPL-0310] Assigned 1816 cells into segments.  Movement in X-direction is 0.000000, movement in Y-direction is 0.000000.
[INFO DPL-0313] Found 0 cells in wrong regions.
[INFO DPL-0315] Found 0 row alignment problems.
[INFO DPL-0314] Found 0 site alignment problems.
[INFO DPL-0311] Found 0 overlaps between adjacent cells.
[INFO DPL-0312] Found 0 edge spacing violations and 0 padding violations.
[INFO DPL-0303] Running algorithm for independent set matching.
[INFO DPL-0300] Set matching objective is wirelength.
[INFO DPL-0301] Pass   1 of matching; objective is 6.807486e+06.
[INFO DPL-0301] Pass   2 of matching; objective is 6.703155e+06.
[INFO DPL-0302] End of matching; objective is 6.701775e+06, improvement is 1.55 percent.
[INFO DPL-0303] Running algorithm for global swaps.
[INFO DPL-0306] Pass   1 of global swaps; hpwl is 6.608897e+06.
[INFO DPL-0306] Pass   2 of global swaps; hpwl is 6.588852e+06.
[INFO DPL-0307] End of global swaps; objective is 6.588852e+06, improvement is 1.68 percent.
[INFO DPL-0303] Running algorithm for vertical swaps.
[INFO DPL-0308] Pass   1 of vertical swaps; hpwl is 6.562883e+06.
[INFO DPL-0309] End of vertical swaps; objective is 6.562883e+06, improvement is 0.39 percent.
[INFO DPL-0303] Running algorithm for reordering.
[INFO DPL-0304] Pass   1 of reordering; objective is 6.527262e+06.
[INFO DPL-0305] End of reordering; objective is 6.527262e+06, improvement is 0.54 percent.
[INFO DPL-0303] Running algorithm for random improvement.
[INFO DPL-0324] Random improver is using displacement generator.
[INFO DPL-0325] Random improver is using hpwl objective.
[INFO DPL-0326] Random improver cost string is (a).
[INFO DPL-0332] End of pass, Generator displacement called 36320 times.
[INFO DPL-0335] Generator displacement, Cumulative attempts 36320, swaps 8908, moves  6771 since last reset.
[INFO DPL-0333] End of pass, Objective hpwl, Initial cost 6.527262e+06, Scratch cost 6.424041e+06, Incremental cost 6.424041e+06, Mismatch? N
[INFO DPL-0338] End of pass, Total cost is 6.424041e+06.
[INFO DPL-0327] Pass   1 of random improver; improvement in cost is 1.58 percent.
[INFO DPL-0332] End of pass, Generator displacement called 36320 times.
[INFO DPL-0335] Generator displacement, Cumulative attempts 72640, swaps 17245, moves 13436 since last reset.
[INFO DPL-0333] End of pass, Objective hpwl, Initial cost 6.424041e+06, Scratch cost 6.374700e+06, Incremental cost 6.374700e+06, Mismatch? N
[INFO DPL-0338] End of pass, Total cost is 6.374700e+06.
[INFO DPL-0327] Pass   2 of random improver; improvement in cost is 0.77 percent.
[INFO DPL-0328] End of random improver; improvement is 2.337305 percent.
[INFO DPL-0380] Cell flipping.
[INFO DPL-0382] Changed 0 cell orientations for row compatibility.
[INFO DPL-0383] Performed 580 cell flips.
[INFO DPL-0384] End of flipping; objective is 6.231706e+06, improvement is 2.24 percent.
[INFO DPL-0313] Found 0 cells in wrong regions.
[INFO DPL-0315] Found 0 row alignment problems.
[INFO DPL-0314] Found 0 site alignment problems.
[INFO DPL-0311] Found 0 overlaps between adjacent cells.
[INFO DPL-0312] Found 0 edge spacing violations and 0 padding violations.
Detailed Improvement Results
------------------------------------------
Original HPWL             6814.4 u (    3171.2,     3643.2)
Final HPWL                6222.1 u (    2759.9,     3462.2)
Delta HPWL                  -8.7 % (     -13.0,       -5.0)

[INFO DPL-0020] Mirrored 107 instances
[INFO DPL-0021] HPWL before            6222.1 u
[INFO DPL-0022] HPWL after             6217.9 u
[INFO DPL-0023] HPWL delta               -0.1 %
[INFO FLW-0012] Placement violations .
Report metrics stage 3, detailed place...

==========================================================================
detailed place report_design_area
--------------------------------------------------------------------------
Design area 191 u^2 58% utilization.
Elapsed time: 0:04.12[h:]min:sec. CPU time: user 1.66 sys 0.44 (51%). Peak memory: 205232KB.
