OpenROAD v2.0-21872-gd51df1dea5 
Features included (+) or not (-): +GPU +GUI +Python
This program is licensed under the BSD-3 license. See the LICENSE file for details.
Components of this program may be licensed under more restrictive licenses which must be honored.
[INFO ORD-0030] Using 24 thread(s).
source /home/h3sun/720-noc-project/OpenROAD-flow-scripts/flow/platforms/asap7/liberty_suppressions.tcl
suppress_message STA 1212
Deleted 0 routing obstructions
[INFO RCX-0431] Defined process_corner X with ext_model_index 0
[INFO RCX-0029] Defined extraction corner X
[INFO RCX-0435] Reading extraction model file /home/h3sun/720-noc-project/OpenROAD-flow-scripts/flow/platforms/asap7/rcx_patterns.rules ...
[INFO RCX-0436] RC segment generation credit_pi_switch (max_merge_res 50.0) ...
[INFO RCX-0040] Final 13470 rc segments
[INFO RCX-0439] Coupling Cap extraction credit_pi_switch ...
[INFO RCX-0440] Coupling threshhold is 0.1000 fF, coupling capacitance less than 0.1000 fF will be grounded.
[INFO RCX-0442] 56% of 14408 wires extracted
[INFO RCX-0442] 100% of 14408 wires extracted
[INFO RCX-0045] Extract 2167 nets, 15637 rsegs, 15637 caps, 21053 ccs
[INFO RCX-0443] 2167 nets finished
[INFO PSM-0040] All shapes on net VDD are connected.
[INFO PSM-0073] Using bump pattern with x-pitch 140.0000um, y-pitch 140.0000um, and size 70.0000um with an reduction factor of 3x.
########## IR report #################
Net              : VDD
Corner           : default
Supply voltage   : 7.70e-01 V
Worstcase voltage: 7.69e-01 V
Average voltage  : 7.70e-01 V
Average IR drop  : 2.74e-04 V
Worstcase IR drop: 1.23e-03 V
Percentage drop  : 0.16 %
######################################
[INFO PSM-0040] All shapes on net VSS are connected.
[INFO PSM-0073] Using bump pattern with x-pitch 140.0000um, y-pitch 140.0000um, and size 70.0000um with an reduction factor of 3x.
########## IR report #################
Net              : VSS
Corner           : default
Supply voltage   : 0.00e+00 V
Worstcase voltage: 8.97e-04 V
Average voltage  : 2.74e-04 V
Average IR drop  : 2.74e-04 V
Worstcase IR drop: 8.97e-04 V
Percentage drop  : 0.12 %
######################################
Cell type report:                       Count       Area
  Fill cell                              1622     135.40
  Tap cell                                134       3.91
  Buffer                                  120      18.37
  Clock buffer                              8       1.09
  Timing Repair Buffer                    477      41.79
  Inverter                                 64       3.03
  Sequential cell                          44      13.82
  Multi-Input combinational cell         1111     113.74
  Total                                  3580     331.16
Report metrics stage 6, finish...

==========================================================================
finish report_design_area
--------------------------------------------------------------------------
Design area 192 u^2 58% utilization.
Elapsed time: 0:26.40[h:]min:sec. CPU time: user 3.12 sys 0.60 (14%). Peak memory: 340860KB.
