Using ABC speed script.
Extracting clock period from SDC file: ./results/asap7/bp-t-switch/base/clock_period.txt
Setting clock period to 1000
1. Executing Liberty frontend: ./objects/asap7/bp-t-switch/base/lib/asap7sc7p5t_AO_RVT_FF_nldm_211120.lib
2. Executing Liberty frontend: ./objects/asap7/bp-t-switch/base/lib/asap7sc7p5t_INVBUF_RVT_FF_nldm_220122.lib
3. Executing Liberty frontend: ./objects/asap7/bp-t-switch/base/lib/asap7sc7p5t_OA_RVT_FF_nldm_211120.lib
4. Executing Liberty frontend: ./objects/asap7/bp-t-switch/base/lib/asap7sc7p5t_SIMPLE_RVT_FF_nldm_211120.lib
5. Executing Liberty frontend: ./objects/asap7/bp-t-switch/base/lib/asap7sc7p5t_SEQ_RVT_FF_nldm_220123.lib
6. Executing Liberty frontend: ./objects/asap7/bp-t-switch/base/lib/asap7sc7p5t_AO_RVT_FF_nldm_211120.lib
7. Executing Liberty frontend: ./objects/asap7/bp-t-switch/base/lib/asap7sc7p5t_INVBUF_RVT_FF_nldm_220122.lib
8. Executing Liberty frontend: ./objects/asap7/bp-t-switch/base/lib/asap7sc7p5t_OA_RVT_FF_nldm_211120.lib
9. Executing Liberty frontend: ./objects/asap7/bp-t-switch/base/lib/asap7sc7p5t_SIMPLE_RVT_FF_nldm_211120.lib
10. Executing Liberty frontend: ./objects/asap7/bp-t-switch/base/lib/asap7sc7p5t_SEQ_RVT_FF_nldm_220123.lib
11. Executing Verilog-2005 frontend: /home/h3sun/720-noc-project/OpenROAD-flow-scripts/flow/designs/src/bp-t-switch/t_switch.v
12. Executing Verilog-2005 frontend: /home/h3sun/720-noc-project/OpenROAD-flow-scripts/flow/designs/src/bp-t-switch/t_route.v
13. Executing Verilog-2005 frontend: /home/h3sun/720-noc-project/OpenROAD-flow-scripts/flow/designs/src/bp-t-switch/mux.v
14. Executing Verilog-2005 frontend: /home/h3sun/720-noc-project/OpenROAD-flow-scripts/flow/platforms/asap7/yoSys/cells_clkgate_R.v
15. Executing HIERARCHY pass (managing design hierarchy).
16. Executing AST frontend in derive mode using pre-parsed AST for module `\t_switch'.
16.1. Analyzing design hierarchy..
16.2. Executing AST frontend in derive mode using pre-parsed AST for module `\Mux2'.
16.3. Executing AST frontend in derive mode using pre-parsed AST for module `\t_route'.
16.4. Analyzing design hierarchy..
16.5. Analyzing design hierarchy..
17. Executing OPT_CLEAN pass (remove unused cells and wires).
Warning: Ignoring module $paramod$2e01f585af8781b1a6366886bb7765d1aef2e719\t_route because it contains processes (run 'proc' command first).
Warning: Ignoring module t_switch because it contains processes (run 'proc' command first).
18. Executing RTLIL backend.
Warnings: 2 unique messages, 2 total
End of script. Logfile hash: 37b58dab1c, CPU: user 0.26s system 0.02s, MEM: 75.38 MB peak
Yosys 0.53 (git sha1 53c22ab7c, g++ 13.3.0-6ubuntu2~24.04 -fPIC -O3)
Time spent: 95% 12x read_liberty (0 sec), 1% 2x write_rtlil (0 sec), ...
Elapsed time: 0:00.45[h:]min:sec. CPU time: user 0.29 sys 0.02 (68%). Peak memory: 80640KB.
