OpenROAD v2.0-21872-gd51df1dea5 
Features included (+) or not (-): +GPU +GUI +Python
This program is licensed under the BSD-3 license. See the LICENSE file for details.
Components of this program may be licensed under more restrictive licenses which must be honored.
[INFO ORD-0030] Using 24 thread(s).
source /home/h3sun/720-noc-project/OpenROAD-flow-scripts/flow/platforms/asap7/liberty_suppressions.tcl
suppress_message STA 1212
source /home/h3sun/720-noc-project/OpenROAD-flow-scripts/flow/platforms/asap7/fastroute.tcl
[INFO GPL-0002] DBU: 1000
[INFO GPL-0003] SiteSize: (  0.054  0.270 ) um
[INFO GPL-0004] CoreBBox: (  2.052  2.160 ) ( 17.280 17.280 ) um
[INFO GPL-0006] Number of instances:               911
[INFO GPL-0007] Movable instances:                 799
[INFO GPL-0008] Fixed instances:                   112
[INFO GPL-0009] Dummy instances:                     0
[INFO GPL-0010] Number of nets:                    916
[INFO GPL-0011] Number of pins:                   2949
[INFO GPL-0012] Die BBox:  (  0.000  0.000 ) ( 19.308 19.308 ) um
[INFO GPL-0013] Core BBox: (  2.052  2.160 ) ( 17.280 17.280 ) um
[INFO GPL-0016] Core area:                     230.247 um^2
[INFO GPL-0017] Fixed instances area:            3.266 um^2
[INFO GPL-0018] Movable instances area:         93.735 um^2
[INFO GPL-0019] Utilization:                    41.296 %
[INFO GPL-0020] Standard cells area:            93.735 um^2
[INFO GPL-0021] Large instances area:            0.000 um^2
[INFO GPL-0023] Placement target density:       1.0000
[INFO GPL-0024] Movable insts average area:      0.117 um^2
[INFO GPL-0025] Ideal bin area:                  0.117 um^2
[INFO GPL-0026] Ideal bin count:                  1962
[INFO GPL-0027] Total bin area:                230.247 um^2
[INFO GPL-0028] Bin count (X, Y):          32 ,     32
[INFO GPL-0029] Bin size (W * H):       0.476 *  0.472 um
[INFO GPL-0030] Number of bins:                   1024
Placement density is 0.5459999895095825, computed from PLACE_DENSITY_LB_ADDON 0.20 and lower bound 0.41999998688697815
global_placement -density 0.5459999895095825 -pad_left 0 -pad_right 0 -routability_driven -timing_driven
[INFO GPL-0002] DBU: 1000
[INFO GPL-0003] SiteSize: (  0.054  0.270 ) um
[INFO GPL-0004] CoreBBox: (  2.052  2.160 ) ( 17.280 17.280 ) um
[INFO GPL-0006] Number of instances:               911
[INFO GPL-0007] Movable instances:                 799
[INFO GPL-0008] Fixed instances:                   112
[INFO GPL-0009] Dummy instances:                     0
[INFO GPL-0010] Number of nets:                    916
[INFO GPL-0011] Number of pins:                   2949
[INFO GPL-0012] Die BBox:  (  0.000  0.000 ) ( 19.308 19.308 ) um
[INFO GPL-0013] Core BBox: (  2.052  2.160 ) ( 17.280 17.280 ) um
[INFO GPL-0016] Core area:                     230.247 um^2
[INFO GPL-0017] Fixed instances area:            3.266 um^2
[INFO GPL-0018] Movable instances area:         93.735 um^2
[INFO GPL-0019] Utilization:                    41.296 %
[INFO GPL-0020] Standard cells area:            93.735 um^2
[INFO GPL-0021] Large instances area:            0.000 um^2
[InitialPlace]  Iter: 1 conjugate gradient residual: 0.00000008 HPWL: 2969545
[InitialPlace]  Iter: 2 conjugate gradient residual: 0.00000011 HPWL: 3035484
[InitialPlace]  Iter: 3 conjugate gradient residual: 0.00000008 HPWL: 2988639
[InitialPlace]  Iter: 4 conjugate gradient residual: 0.00000012 HPWL: 2953730
[InitialPlace]  Iter: 5 conjugate gradient residual: 0.00000012 HPWL: 2938276
[INFO GPL-0023] Placement target density:       0.5460
[INFO GPL-0024] Movable insts average area:      0.117 um^2
[INFO GPL-0025] Ideal bin area:                  0.215 um^2
[INFO GPL-0026] Ideal bin count:                  1071
[INFO GPL-0027] Total bin area:                230.247 um^2
[INFO GPL-0028] Bin count (X, Y):          32 ,     32
[INFO GPL-0029] Bin size (W * H):       0.476 *  0.472 um
[INFO GPL-0030] Number of bins:                   1024
[INFO GPL-0031] HPWL: Half-Perimeter Wirelength
Iteration | Overflow |     HPWL (um) |  HPWL(%) |   Penalty | Group
---------------------------------------------------------------
        1 |   0.4756 |  2.342376e+06 |   +0.00% |  2.11e-10 |      
[INFO GPL-0088] Routability snapshot saved at iter = 0
       10 |   0.4789 |  2.238964e+06 |   -4.41% |  3.27e-10 |      
       20 |   0.4747 |  2.235612e+06 |   -0.15% |  5.32e-10 |      
       30 |   0.4747 |  2.233884e+06 |   -0.08% |  8.67e-10 |      
       40 |   0.4761 |  2.235381e+06 |   +0.07% |  1.41e-09 |      
       50 |   0.4752 |  2.234861e+06 |   -0.02% |  2.30e-09 |      
       60 |   0.4744 |  2.234155e+06 |   -0.03% |  3.75e-09 |      
       70 |   0.4733 |  2.233875e+06 |   -0.01% |  6.10e-09 |      
       80 |   0.4715 |  2.233176e+06 |   -0.03% |  9.94e-09 |      
       90 |   0.4687 |  2.232105e+06 |   -0.05% |  1.62e-08 |      
      100 |   0.4645 |  2.229995e+06 |   -0.09% |  2.64e-08 |      
      110 |   0.4587 |  2.226500e+06 |   -0.16% |  4.30e-08 |      
      120 |   0.4511 |  2.221711e+06 |   -0.22% |  7.00e-08 |      
      130 |   0.4423 |  2.216303e+06 |   -0.24% |  1.14e-07 |      
      140 |   0.4313 |  2.211630e+06 |   -0.21% |  1.86e-07 |      
      150 |   0.4168 |  2.205453e+06 |   -0.28% |  3.03e-07 |      
      160 |   0.3934 |  2.194437e+06 |   -0.50% |  4.93e-07 |      
      170 |   0.3628 |  2.183126e+06 |   -0.52% |  8.03e-07 |      
      180 |   0.3353 |  2.186058e+06 |   +0.13% |  1.26e-06 |      
      190 |   0.3107 |  2.187985e+06 |   +0.09% |  1.85e-06 |      
[INFO GPL-0040] Routability iteration: 1
[INFO GPL-0041] Total routing overflow: 0.0000
[INFO GPL-0042] Number of overflowed tiles: 0 (0.00%)
[INFO GPL-0043] Average top 0.5% routing congestion: 0.6410
[INFO GPL-0044] Average top 1.0% routing congestion: 0.6260
[INFO GPL-0045] Average top 2.0% routing congestion: 0.6073
[INFO GPL-0046] Average top 5.0% routing congestion: 0.5730
[INFO GPL-0047] Routability iteration weighted routing congestion: 0.6335
[INFO GPL-0050] Weighted routing congestion is lower than target routing congestion(1.0100), end routability optimization.
[INFO GPL-0100] Timing-driven iteration 1/5, virtual: false.
[INFO GPL-0101]    Iter: 199, overflow: 0.284, keep resizer changes at: 0.3, HPWL: 2194043
Iteration |   Area    | Resized | Buffers | Nets repaired | Remaining
---------------------------------------------------------------------
        0 |     +0.0% |       0 |       0 |             0 |       916
    final |     +4.2% |      79 |       0 |             0 |         0
---------------------------------------------------------------------
[INFO RSZ-0039] Resized 79 instances.
[INFO GPL-0106] Timing-driven: worst slack -2e-10
[INFO GPL-0107] Timing-driven: repair_design delta area: 3.907 um^2 (+4.17%)
[INFO GPL-0108] Timing-driven: repair_design, gpl cells created: 0 (+0.00%)
[INFO GPL-0109] Timing-driven: inserted buffers as reported by repair_design: 0
[INFO GPL-0110] Timing-driven: new target density: 0.5632148
Iteration | Overflow |     HPWL (um) |  HPWL(%) |   Penalty | Group
---------------------------------------------------------------
      200 |   0.2756 |  1.297647e+06 |  -40.69% |  2.73e-06 |      
      210 |   0.2891 |  1.200133e+06 |   -7.51% |  4.02e-06 |      
      220 |   0.2514 |  1.154833e+06 |   -3.77% |  5.92e-06 |      
      230 |   0.2282 |  1.131188e+06 |   -2.05% |  8.71e-06 |      
[INFO GPL-0100] Timing-driven iteration 2/5, virtual: false.
[INFO GPL-0101]    Iter: 239, overflow: 0.205, keep resizer changes at: 0.3, HPWL: 1121157
Iteration |   Area    | Resized | Buffers | Nets repaired | Remaining
---------------------------------------------------------------------
        0 |     +0.0% |       0 |       0 |             0 |       916
    final |     +1.3% |      22 |       0 |             0 |         0
---------------------------------------------------------------------
[INFO RSZ-0039] Resized 22 instances.
[INFO GPL-0106] Timing-driven: worst slack -2e-10
[INFO GPL-0107] Timing-driven: repair_design delta area: 1.225 um^2 (+1.25%)
[INFO GPL-0108] Timing-driven: repair_design, gpl cells created: 0 (+0.00%)
[INFO GPL-0109] Timing-driven: inserted buffers as reported by repair_design: 0
[INFO GPL-0110] Timing-driven: new target density: 0.5686105
Iteration | Overflow |     HPWL (um) |  HPWL(%) |   Penalty | Group
---------------------------------------------------------------
      240 |   0.1988 |  1.118322e+06 |   -1.14% |  1.28e-05 |      
      250 |   0.1710 |  1.107811e+06 |   -0.94% |  1.89e-05 |      
      260 |   0.1489 |  1.109405e+06 |   +0.14% |  2.79e-05 |      
[INFO GPL-0100] Timing-driven iteration 3/5, virtual: false.
[INFO GPL-0101]    Iter: 263, overflow: 0.145, keep resizer changes at: 0.3, HPWL: 1110683
Iteration |   Area    | Resized | Buffers | Nets repaired | Remaining
---------------------------------------------------------------------
        0 |     +0.0% |       0 |       0 |             0 |       916
    final |     +0.3% |      15 |       0 |             0 |         0
---------------------------------------------------------------------
[INFO RSZ-0039] Resized 15 instances.
[INFO GPL-0106] Timing-driven: worst slack -2e-10
[INFO GPL-0107] Timing-driven: repair_design delta area: 0.277 um^2 (+0.28%)
[INFO GPL-0108] Timing-driven: repair_design, gpl cells created: 0 (+0.00%)
[INFO GPL-0109] Timing-driven: inserted buffers as reported by repair_design: 0
[INFO GPL-0110] Timing-driven: new target density: 0.5698309
Iteration | Overflow |     HPWL (um) |  HPWL(%) |   Penalty | Group
---------------------------------------------------------------
      270 |   0.1325 |  1.113642e+06 |   +0.38% |  4.10e-05 |      
      280 |   0.1148 |  1.120276e+06 |   +0.60% |  6.05e-05 |      
[INFO GPL-1001] Finished with Overflow: 0.098639
[INFO GPL-1002] Placed Cell Area               99.1440
[INFO GPL-1003] Available Free Area           226.9814
[INFO GPL-1004] Minimum Feasible Density        0.4368 (cell_area / free_area)
[INFO GPL-1006]   Suggested Target Densities:
[INFO GPL-1007]     - For 90% usage of free space: 0.4853
[INFO GPL-1008]     - For 80% usage of free space: 0.5460
Report metrics stage 3, global place...

==========================================================================
global place report_design_area
--------------------------------------------------------------------------
Design area 99 u^2 43% utilization.
Elapsed time: 0:01.74[h:]min:sec. CPU time: user 4.58 sys 0.63 (299%). Peak memory: 271524KB.
