OpenROAD v2.0-21872-gd51df1dea5 
Features included (+) or not (-): +GPU +GUI +Python
This program is licensed under the BSD-3 license. See the LICENSE file for details.
Components of this program may be licensed under more restrictive licenses which must be honored.
[INFO ORD-0030] Using 24 thread(s).
source /home/h3sun/720-noc-project/OpenROAD-flow-scripts/flow/platforms/asap7/liberty_suppressions.tcl
suppress_message STA 1212
Perform port buffering...
[INFO RSZ-0027] Inserted 113 input buffers.
[INFO RSZ-0028] Inserted 115 output buffers.
Perform buffer insertion and gate resizing...
repair_design -verbose
[INFO RSZ-0058] Using max wire length 162um.
Iteration |   Area    | Resized | Buffers | Nets repaired | Remaining
---------------------------------------------------------------------
        0 |     +0.0% |       0 |       0 |             0 |      1144
       10 |     +0.0% |       0 |       0 |             0 |      1134
       20 |     +0.0% |       0 |       0 |             0 |      1124
       30 |     +0.0% |       0 |       0 |             0 |      1114
       40 |     +0.0% |       0 |       0 |             0 |      1104
       50 |     +0.0% |       0 |       0 |             0 |      1094
       60 |     +0.0% |       0 |       0 |             0 |      1084
       70 |     +0.0% |       0 |       0 |             0 |      1074
       80 |     +0.0% |       0 |       0 |             0 |      1064
       90 |     +0.0% |       0 |       0 |             0 |      1054
      100 |     +0.0% |       0 |       0 |             0 |      1044
      110 |     +0.0% |       0 |       0 |             0 |      1034
      120 |     +0.0% |       0 |       0 |             0 |      1024
      130 |     +0.0% |       0 |       0 |             0 |      1014
      140 |     +0.0% |       0 |       0 |             0 |      1004
      150 |     +0.0% |       0 |       0 |             0 |       994
      160 |     +0.0% |       0 |       0 |             0 |       984
      170 |     +0.0% |       1 |       0 |             0 |       974
      180 |     +0.0% |       1 |       0 |             0 |       964
      190 |     +0.0% |       1 |       0 |             0 |       954
      200 |     +0.0% |       1 |       0 |             0 |       944
      210 |     +0.0% |       1 |       0 |             0 |       934
      220 |     +0.0% |       1 |       0 |             0 |       924
      230 |     +0.0% |       1 |       0 |             0 |       914
      240 |     +0.0% |       1 |       0 |             0 |       904
      250 |     +0.0% |       1 |       0 |             0 |       894
      260 |     +0.0% |       1 |       0 |             0 |       884
      270 |     +0.0% |       1 |       0 |             0 |       874
      280 |     +0.0% |       1 |       0 |             0 |       864
      290 |     +0.0% |       3 |       0 |             0 |       854
      300 |     +0.0% |       3 |       0 |             0 |       844
      310 |     +0.0% |       3 |       0 |             0 |       834
      320 |     +0.0% |       3 |       0 |             0 |       824
      330 |     +0.0% |       3 |       0 |             0 |       814
      340 |     +0.0% |       3 |       0 |             0 |       804
      350 |     +0.0% |       4 |       0 |             0 |       794
      360 |     +0.0% |       5 |       0 |             0 |       784
      370 |     +0.0% |       5 |       0 |             0 |       774
      380 |     -0.0% |       7 |       0 |             0 |       764
      390 |     -0.0% |       8 |       0 |             0 |       754
      400 |     -0.0% |       8 |       0 |             0 |       744
      410 |     -0.0% |       8 |       0 |             0 |       734
      420 |     -0.0% |       8 |       0 |             0 |       724
      430 |     -0.0% |       9 |       0 |             0 |       714
      440 |     -0.0% |       9 |       0 |             0 |       704
      450 |     -0.0% |       9 |       0 |             0 |       694
      460 |     -0.0% |       9 |       0 |             0 |       684
      470 |     -0.0% |       9 |       0 |             0 |       674
      480 |     -0.0% |       9 |       0 |             0 |       664
      490 |     -0.0% |       9 |       0 |             0 |       654
      500 |     -0.0% |       9 |       0 |             0 |       644
      510 |     -0.0% |       9 |       0 |             0 |       634
      520 |     +0.1% |      18 |       0 |             0 |       624
      530 |     +0.2% |      28 |       0 |             0 |       614
      540 |     +0.4% |      38 |       0 |             0 |       604
      550 |     +0.5% |      48 |       0 |             0 |       594
      560 |     +0.6% |      58 |       0 |             0 |       584
      570 |     +0.7% |      68 |       0 |             0 |       574
      580 |     +0.9% |      78 |       0 |             0 |       564
      590 |     +1.0% |      88 |       0 |             0 |       554
      600 |     +1.1% |      98 |       0 |             0 |       544
      610 |     +1.2% |     108 |       0 |             0 |       534
      620 |     +1.4% |     118 |       0 |             0 |       524
      630 |     +1.4% |     121 |       0 |             0 |       514
      640 |     +1.4% |     122 |       0 |             0 |       504
      650 |     +1.4% |     122 |       0 |             0 |       494
      660 |     +1.4% |     123 |       0 |             0 |       484
      670 |     +1.4% |     123 |       0 |             0 |       474
      680 |     +1.4% |     123 |       0 |             0 |       464
      690 |     +1.4% |     123 |       0 |             0 |       454
      700 |     +1.4% |     123 |       0 |             0 |       444
      710 |     +1.4% |     123 |       0 |             0 |       434
      720 |     +1.4% |     123 |       0 |             0 |       424
      730 |     +1.4% |     123 |       0 |             0 |       414
      740 |     +1.4% |     123 |       0 |             0 |       404
      750 |     +1.4% |     123 |       0 |             0 |       394
      760 |     +1.4% |     123 |       0 |             0 |       384
      770 |     +1.4% |     123 |       0 |             0 |       374
      780 |     +1.4% |     124 |       0 |             0 |       364
      790 |     +1.4% |     124 |       0 |             0 |       354
      800 |     +1.4% |     124 |       0 |             0 |       344
      810 |     +1.4% |     124 |       0 |             0 |       334
      820 |     +1.4% |     124 |       0 |             0 |       324
      830 |     +1.4% |     124 |       0 |             0 |       314
      840 |     +1.4% |     124 |       0 |             0 |       304
      850 |     +1.4% |     124 |       0 |             0 |       294
      860 |     +1.4% |     125 |       0 |             0 |       284
      870 |     +1.4% |     125 |       0 |             0 |       274
      880 |     +1.4% |     125 |       0 |             0 |       264
      890 |     +1.4% |     125 |       0 |             0 |       254
      900 |     +1.4% |     125 |       0 |             0 |       244
      910 |     +1.4% |     126 |       0 |             0 |       234
      920 |     +1.5% |     132 |       0 |             0 |       224
      930 |     +1.6% |     142 |       0 |             0 |       214
      940 |     +1.7% |     152 |       0 |             0 |       204
      950 |     +1.9% |     162 |       0 |             0 |       194
      960 |     +2.0% |     172 |       0 |             0 |       184
      970 |     +2.2% |     182 |       0 |             0 |       174
      980 |     +2.3% |     192 |       0 |             0 |       164
      990 |     +2.4% |     202 |       0 |             0 |       154
     1000 |     +2.5% |     212 |       0 |             0 |       144
     1010 |     +2.7% |     222 |       0 |             0 |       134
     1020 |     +2.8% |     232 |       0 |             0 |       124
     1030 |     +2.9% |     240 |       0 |             0 |       114
     1040 |     +2.9% |     240 |       0 |             0 |       104
     1050 |     +2.9% |     240 |       0 |             0 |        94
     1060 |     +2.9% |     240 |       0 |             0 |        84
     1070 |     +2.9% |     240 |       0 |             0 |        74
     1080 |     +2.9% |     240 |       0 |             0 |        64
     1090 |     +2.9% |     240 |       0 |             0 |        54
     1100 |     +2.9% |     240 |       0 |             0 |        44
     1110 |     +2.9% |     240 |       0 |             0 |        34
     1120 |     +2.9% |     240 |       0 |             0 |        24
     1130 |     +2.9% |     240 |       0 |             0 |        14
     1140 |     +2.9% |     240 |       0 |             0 |         4
    final |     +2.9% |     240 |       0 |             0 |         0
---------------------------------------------------------------------
[INFO RSZ-0039] Resized 240 instances.
Repair tie lo fanout...
Repair tie hi fanout...
Floating nets: 
Report metrics stage 3, resizer...

==========================================================================
resizer report_design_area
--------------------------------------------------------------------------
Design area 119 u^2 52% utilization.
Instance count before 911, after 1139
Pin count before 2717, after 3173
Elapsed time: 0:02.36[h:]min:sec. CPU time: user 1.18 sys 0.52 (72%). Peak memory: 210340KB.
