OpenROAD v2.0-21872-gd51df1dea5 
Features included (+) or not (-): +GPU +GUI +Python
This program is licensed under the BSD-3 license. See the LICENSE file for details.
Components of this program may be licensed under more restrictive licenses which must be honored.
[INFO ORD-0030] Using 24 thread(s).
source /home/h3sun/720-noc-project/OpenROAD-flow-scripts/flow/platforms/asap7/liberty_suppressions.tcl
suppress_message STA 1212
Deleted 0 routing obstructions
[INFO RCX-0431] Defined process_corner X with ext_model_index 0
[INFO RCX-0029] Defined extraction corner X
[INFO RCX-0435] Reading extraction model file /home/h3sun/720-noc-project/OpenROAD-flow-scripts/flow/platforms/asap7/rcx_patterns.rules ...
[INFO RCX-0436] RC segment generation t_switch (max_merge_res 50.0) ...
[INFO RCX-0040] Final 6798 rc segments
[INFO RCX-0439] Coupling Cap extraction t_switch ...
[INFO RCX-0440] Coupling threshhold is 0.1000 fF, coupling capacitance less than 0.1000 fF will be grounded.
[INFO RCX-0442] 57% of 7078 wires extracted
[INFO RCX-0442] 100% of 7078 wires extracted
[INFO RCX-0045] Extract 1161 nets, 7958 rsegs, 7958 caps, 8727 ccs
[INFO RCX-0443] 1161 nets finished
[INFO PSM-0040] All shapes on net VDD are connected.
[INFO PSM-0073] Using bump pattern with x-pitch 140.0000um, y-pitch 140.0000um, and size 70.0000um with an reduction factor of 3x.
########## IR report #################
Net              : VDD
Corner           : default
Supply voltage   : 7.70e-01 V
Worstcase voltage: 7.68e-01 V
Average voltage  : 7.70e-01 V
Average IR drop  : 4.69e-04 V
Worstcase IR drop: 1.79e-03 V
Percentage drop  : 0.23 %
######################################
[INFO PSM-0040] All shapes on net VSS are connected.
[INFO PSM-0073] Using bump pattern with x-pitch 140.0000um, y-pitch 140.0000um, and size 70.0000um with an reduction factor of 3x.
########## IR report #################
Net              : VSS
Corner           : default
Supply voltage   : 0.00e+00 V
Worstcase voltage: 1.60e-03 V
Average voltage  : 4.71e-04 V
Average IR drop  : 4.71e-04 V
Worstcase IR drop: 1.60e-03 V
Percentage drop  : 0.21 %
######################################
Cell type report:                       Count       Area
  Fill cell                              1169     100.94
  Tap cell                                112       3.27
  Buffer                                   74      11.55
  Clock buffer                             26       6.49
  Timing Repair Buffer                    228      20.00
  Inverter                                124       5.47
  Clock inverter                            6       0.45
  Sequential cell                         115      33.56
  Multi-Input combinational cell          486      48.52
  Total                                  2340     230.25
Report metrics stage 6, finish...

==========================================================================
finish report_design_area
--------------------------------------------------------------------------
Design area 126 u^2 55% utilization.
Elapsed time: 0:07.70[h:]min:sec. CPU time: user 2.11 sys 0.63 (35%). Peak memory: 329660KB.
