OpenROAD v2.0-21872-gd51df1dea5 
Features included (+) or not (-): +GPU +GUI +Python
This program is licensed under the BSD-3 license. See the LICENSE file for details.
Components of this program may be licensed under more restrictive licenses which must be honored.
[INFO ORD-0030] Using 32 thread(s).
source /home/h3sun/720-noc-project/OpenROAD-flow-scripts/flow/platforms/asap7/liberty_suppressions.tcl
suppress_message STA 1212
[INFO ODB-0227] LEF file: /home/h3sun/720-noc-project/OpenROAD-flow-scripts/flow/platforms/asap7/lef/asap7_tech_1x_201209.lef, created 24 layers, 9 vias
[INFO ODB-0227] LEF file: /home/h3sun/720-noc-project/OpenROAD-flow-scripts/flow/platforms/asap7/lef/asap7sc7p5t_28_R_1x_220121a.lef, created 212 library cells

==========================================================================
Floorplan check_setup
--------------------------------------------------------------------------
number instances in verilog is 18340
[WARNING IFP-0028] Core area lower left (2.000, 2.000) snapped to (2.052, 2.160).
[INFO IFP-0001] Added 278 rows of 1394 site asap7sc7p5t.
source /home/h3sun/720-noc-project/OpenROAD-flow-scripts/flow/platforms/asap7/openRoad/make_tracks.tcl
repair_timing -verbose -setup_margin 0 -repair_tns 100
[WARNING RSZ-0021] no estimated parasitics. Using wire load models.
[INFO RSZ-0100] Repair move sequence: UnbufferMove SizeMove SwapPinsMove BufferMove CloneMove SplitLoadMove 
[INFO RSZ-0094] Found 247 endpoints with setup violations.
[INFO RSZ-0099] Repairing 247 out of 247 (100.00%) violating endpoints...
   Iter   | Removed | Resized | Inserted | Cloned |  Pin  |   Area   |    WNS   |   TNS      |  Viol  | Worst
          | Buffers |  Gates  | Buffers  |  Gates | Swaps |          |          |            | Endpts | Endpt
--------------------------------------------------------------------------------------------------------------
        0 |       0 |       0 |        0 |      0 |     0 |    +0.0% |  -55.375 |    -6726.4 |    247 | gen_regfile_ff.register_file_i.rf_reg\[959\]$_DFFE_PN0P_/D
[WARNING RSZ-0075] makeBufferedNet failed for driver _34721_/SN
[WARNING RSZ-0075] makeBufferedNet failed for driver _34721_/SN
[WARNING RSZ-0075] makeBufferedNet failed for driver _20556_/Y
[WARNING RSZ-0075] makeBufferedNet failed for driver _34721_/SN
[WARNING RSZ-0075] makeBufferedNet failed for driver _20556_/Y
[WARNING RSZ-0075] makeBufferedNet failed for driver _34992_/SN
[WARNING RSZ-0075] makeBufferedNet failed for driver _34721_/SN
[WARNING RSZ-0075] makeBufferedNet failed for driver _20556_/Y
[WARNING RSZ-0075] makeBufferedNet failed for driver _34721_/SN
[WARNING RSZ-0075] makeBufferedNet failed for driver _20556_/Y
[WARNING RSZ-0075] makeBufferedNet failed for driver _35004_/SN
[WARNING RSZ-0075] makeBufferedNet failed for driver _34721_/SN
[WARNING RSZ-0075] makeBufferedNet failed for driver _35004_/SN
[WARNING RSZ-0075] makeBufferedNet failed for driver _20556_/Y
[WARNING RSZ-0075] makeBufferedNet failed for driver _34721_/SN
[WARNING RSZ-0075] makeBufferedNet failed for driver _35004_/SN
[WARNING RSZ-0075] makeBufferedNet failed for driver _20556_/Y
[WARNING RSZ-0075] makeBufferedNet failed for driver _34721_/SN
[WARNING RSZ-0075] makeBufferedNet failed for driver _35004_/SN
[WARNING RSZ-0075] makeBufferedNet failed for driver _20556_/Y
       10 |       1 |       1 |        0 |      0 |     7 |    -0.0% |  -14.930 |     -664.6 |    247 | gen_regfile_ff.register_file_i.rf_reg\[1022\]$_DFFE_PN0P_/D
[WARNING RSZ-0075] makeBufferedNet failed for driver _34721_/SN
[WARNING RSZ-0075] makeBufferedNet failed for driver _35004_/SN
[WARNING RSZ-0075] makeBufferedNet failed for driver _20556_/Y
[WARNING RSZ-0075] makeBufferedNet failed for driver _34721_/SN
[WARNING RSZ-0075] makeBufferedNet failed for driver _35004_/SN
[WARNING RSZ-0075] makeBufferedNet failed for driver _20556_/Y
[WARNING RSZ-0075] makeBufferedNet failed for driver _34721_/SN
[WARNING RSZ-0075] makeBufferedNet failed for driver _35004_/SN
[WARNING RSZ-0075] makeBufferedNet failed for driver _20556_/Y
       13 |       1 |       4 |        0 |      0 |     7 |    +0.0% |    3.596 |        0.0 |    245 | gen_regfile_ff.register_file_i.rf_reg\[1022\]$_DFFE_PN0P_/D
       14 |       1 |       4 |        0 |      0 |     7 |    +0.0% |    3.596 |        0.0 |    244 | gen_regfile_ff.register_file_i.rf_reg\[1022\]$_DFFE_PN0P_/D
       15 |       1 |       4 |        0 |      0 |     7 |    +0.0% |    3.596 |        0.0 |    243 | gen_regfile_ff.register_file_i.rf_reg\[1022\]$_DFFE_PN0P_/D
       16 |       1 |       4 |        0 |      0 |     7 |    +0.0% |    3.596 |        0.0 |    242 | gen_regfile_ff.register_file_i.rf_reg\[1022\]$_DFFE_PN0P_/D
       17 |       1 |       4 |        0 |      0 |     7 |    +0.0% |    3.596 |        0.0 |    241 | gen_regfile_ff.register_file_i.rf_reg\[1022\]$_DFFE_PN0P_/D
       18 |       1 |       4 |        0 |      0 |     7 |    +0.0% |    3.596 |        0.0 |    240 | gen_regfile_ff.register_file_i.rf_reg\[1022\]$_DFFE_PN0P_/D
       19 |       1 |       4 |        0 |      0 |     7 |    +0.0% |    3.596 |        0.0 |    239 | gen_regfile_ff.register_file_i.rf_reg\[1022\]$_DFFE_PN0P_/D
       20 |       1 |       4 |        0 |      0 |     7 |    +0.0% |    3.596 |        0.0 |    239 | gen_regfile_ff.register_file_i.rf_reg\[1022\]$_DFFE_PN0P_/D
       20 |       1 |       4 |        0 |      0 |     7 |    +0.0% |    3.596 |        0.0 |    238 | gen_regfile_ff.register_file_i.rf_reg\[1022\]$_DFFE_PN0P_/D
       21 |       1 |       4 |        0 |      0 |     7 |    +0.0% |    3.596 |        0.0 |    237 | gen_regfile_ff.register_file_i.rf_reg\[1022\]$_DFFE_PN0P_/D
       22 |       1 |       4 |        0 |      0 |     7 |    +0.0% |    3.596 |        0.0 |    236 | gen_regfile_ff.register_file_i.rf_reg\[1022\]$_DFFE_PN0P_/D
       23 |       1 |       4 |        0 |      0 |     7 |    +0.0% |    3.596 |        0.0 |    235 | gen_regfile_ff.register_file_i.rf_reg\[1022\]$_DFFE_PN0P_/D
       24 |       1 |       4 |        0 |      0 |     7 |    +0.0% |    3.596 |        0.0 |    234 | gen_regfile_ff.register_file_i.rf_reg\[1022\]$_DFFE_PN0P_/D
       25 |       1 |       4 |        0 |      0 |     7 |    +0.0% |    3.596 |        0.0 |    233 | gen_regfile_ff.register_file_i.rf_reg\[1022\]$_DFFE_PN0P_/D
       26 |       1 |       4 |        0 |      0 |     7 |    +0.0% |    3.596 |        0.0 |    232 | gen_regfile_ff.register_file_i.rf_reg\[1022\]$_DFFE_PN0P_/D
       27 |       1 |       4 |        0 |      0 |     7 |    +0.0% |    3.596 |        0.0 |    231 | gen_regfile_ff.register_file_i.rf_reg\[1022\]$_DFFE_PN0P_/D
       28 |       1 |       4 |        0 |      0 |     7 |    +0.0% |    3.596 |        0.0 |    230 | gen_regfile_ff.register_file_i.rf_reg\[1022\]$_DFFE_PN0P_/D
       29 |       1 |       4 |        0 |      0 |     7 |    +0.0% |    3.596 |        0.0 |    229 | gen_regfile_ff.register_file_i.rf_reg\[1022\]$_DFFE_PN0P_/D
       30 |       1 |       4 |        0 |      0 |     7 |    +0.0% |    3.596 |        0.0 |    229 | gen_regfile_ff.register_file_i.rf_reg\[1022\]$_DFFE_PN0P_/D
       30 |       1 |       4 |        0 |      0 |     7 |    +0.0% |    3.596 |        0.0 |    228 | gen_regfile_ff.register_file_i.rf_reg\[1022\]$_DFFE_PN0P_/D
       31 |       1 |       4 |        0 |      0 |     7 |    +0.0% |    3.596 |        0.0 |    227 | gen_regfile_ff.register_file_i.rf_reg\[1022\]$_DFFE_PN0P_/D
       32 |       1 |       4 |        0 |      0 |     7 |    +0.0% |    3.596 |        0.0 |    226 | gen_regfile_ff.register_file_i.rf_reg\[1022\]$_DFFE_PN0P_/D
       33 |       1 |       4 |        0 |      0 |     7 |    +0.0% |    3.596 |        0.0 |    225 | gen_regfile_ff.register_file_i.rf_reg\[1022\]$_DFFE_PN0P_/D
       34 |       1 |       4 |        0 |      0 |     7 |    +0.0% |    3.596 |        0.0 |    224 | gen_regfile_ff.register_file_i.rf_reg\[1022\]$_DFFE_PN0P_/D
       35 |       1 |       4 |        0 |      0 |     7 |    +0.0% |    3.596 |        0.0 |    223 | gen_regfile_ff.register_file_i.rf_reg\[1022\]$_DFFE_PN0P_/D
       36 |       1 |       4 |        0 |      0 |     7 |    +0.0% |    3.596 |        0.0 |    222 | gen_regfile_ff.register_file_i.rf_reg\[1022\]$_DFFE_PN0P_/D
       37 |       1 |       4 |        0 |      0 |     7 |    +0.0% |    3.596 |        0.0 |    221 | gen_regfile_ff.register_file_i.rf_reg\[1022\]$_DFFE_PN0P_/D
       38 |       1 |       4 |        0 |      0 |     7 |    +0.0% |    3.596 |        0.0 |    220 | gen_regfile_ff.register_file_i.rf_reg\[1022\]$_DFFE_PN0P_/D
       39 |       1 |       4 |        0 |      0 |     7 |    +0.0% |    3.596 |        0.0 |    219 | gen_regfile_ff.register_file_i.rf_reg\[1022\]$_DFFE_PN0P_/D
       40 |       1 |       4 |        0 |      0 |     7 |    +0.0% |    3.596 |        0.0 |    219 | gen_regfile_ff.register_file_i.rf_reg\[1022\]$_DFFE_PN0P_/D
       40 |       1 |       4 |        0 |      0 |     7 |    +0.0% |    3.596 |        0.0 |    218 | gen_regfile_ff.register_file_i.rf_reg\[1022\]$_DFFE_PN0P_/D
       41 |       1 |       4 |        0 |      0 |     7 |    +0.0% |    3.596 |        0.0 |    217 | gen_regfile_ff.register_file_i.rf_reg\[1022\]$_DFFE_PN0P_/D
       42 |       1 |       4 |        0 |      0 |     7 |    +0.0% |    3.596 |        0.0 |    216 | gen_regfile_ff.register_file_i.rf_reg\[1022\]$_DFFE_PN0P_/D
       43 |       1 |       4 |        0 |      0 |     7 |    +0.0% |    3.596 |        0.0 |    215 | gen_regfile_ff.register_file_i.rf_reg\[1022\]$_DFFE_PN0P_/D
       44 |       1 |       4 |        0 |      0 |     7 |    +0.0% |    3.596 |        0.0 |    214 | gen_regfile_ff.register_file_i.rf_reg\[1022\]$_DFFE_PN0P_/D
       45 |       1 |       4 |        0 |      0 |     7 |    +0.0% |    3.596 |        0.0 |    213 | gen_regfile_ff.register_file_i.rf_reg\[1022\]$_DFFE_PN0P_/D
       46 |       1 |       4 |        0 |      0 |     7 |    +0.0% |    3.596 |        0.0 |    212 | gen_regfile_ff.register_file_i.rf_reg\[1022\]$_DFFE_PN0P_/D
       47 |       1 |       4 |        0 |      0 |     7 |    +0.0% |    3.596 |        0.0 |    211 | gen_regfile_ff.register_file_i.rf_reg\[1022\]$_DFFE_PN0P_/D
       48 |       1 |       4 |        0 |      0 |     7 |    +0.0% |    3.596 |        0.0 |    210 | gen_regfile_ff.register_file_i.rf_reg\[1022\]$_DFFE_PN0P_/D
       49 |       1 |       4 |        0 |      0 |     7 |    +0.0% |    3.596 |        0.0 |    209 | gen_regfile_ff.register_file_i.rf_reg\[1022\]$_DFFE_PN0P_/D
       50 |       1 |       4 |        0 |      0 |     7 |    +0.0% |    3.596 |        0.0 |    209 | gen_regfile_ff.register_file_i.rf_reg\[1022\]$_DFFE_PN0P_/D
       50 |       1 |       4 |        0 |      0 |     7 |    +0.0% |    3.596 |        0.0 |    208 | gen_regfile_ff.register_file_i.rf_reg\[1022\]$_DFFE_PN0P_/D
       51 |       1 |       4 |        0 |      0 |     7 |    +0.0% |    3.596 |        0.0 |    207 | gen_regfile_ff.register_file_i.rf_reg\[1022\]$_DFFE_PN0P_/D
       52 |       1 |       4 |        0 |      0 |     7 |    +0.0% |    3.596 |        0.0 |    206 | gen_regfile_ff.register_file_i.rf_reg\[1022\]$_DFFE_PN0P_/D
       53 |       1 |       4 |        0 |      0 |     7 |    +0.0% |    3.596 |        0.0 |    205 | gen_regfile_ff.register_file_i.rf_reg\[1022\]$_DFFE_PN0P_/D
       54 |       1 |       4 |        0 |      0 |     7 |    +0.0% |    3.596 |        0.0 |    204 | gen_regfile_ff.register_file_i.rf_reg\[1022\]$_DFFE_PN0P_/D
       55 |       1 |       4 |        0 |      0 |     7 |    +0.0% |    3.596 |        0.0 |    203 | gen_regfile_ff.register_file_i.rf_reg\[1022\]$_DFFE_PN0P_/D
       56 |       1 |       4 |        0 |      0 |     7 |    +0.0% |    3.596 |        0.0 |    202 | gen_regfile_ff.register_file_i.rf_reg\[1022\]$_DFFE_PN0P_/D
       57 |       1 |       4 |        0 |      0 |     7 |    +0.0% |    3.596 |        0.0 |    201 | gen_regfile_ff.register_file_i.rf_reg\[1022\]$_DFFE_PN0P_/D
       58 |       1 |       4 |        0 |      0 |     7 |    +0.0% |    3.596 |        0.0 |    200 | gen_regfile_ff.register_file_i.rf_reg\[1022\]$_DFFE_PN0P_/D
       59 |       1 |       4 |        0 |      0 |     7 |    +0.0% |    3.596 |        0.0 |    199 | gen_regfile_ff.register_file_i.rf_reg\[1022\]$_DFFE_PN0P_/D
       60 |       1 |       4 |        0 |      0 |     7 |    +0.0% |    3.596 |        0.0 |    199 | gen_regfile_ff.register_file_i.rf_reg\[1022\]$_DFFE_PN0P_/D
       60 |       1 |       4 |        0 |      0 |     7 |    +0.0% |    3.596 |        0.0 |    198 | gen_regfile_ff.register_file_i.rf_reg\[1022\]$_DFFE_PN0P_/D
       61 |       1 |       4 |        0 |      0 |     7 |    +0.0% |    3.596 |        0.0 |    197 | gen_regfile_ff.register_file_i.rf_reg\[1022\]$_DFFE_PN0P_/D
       62 |       1 |       4 |        0 |      0 |     7 |    +0.0% |    3.596 |        0.0 |    196 | gen_regfile_ff.register_file_i.rf_reg\[1022\]$_DFFE_PN0P_/D
       63 |       1 |       4 |        0 |      0 |     7 |    +0.0% |    3.596 |        0.0 |    195 | gen_regfile_ff.register_file_i.rf_reg\[1022\]$_DFFE_PN0P_/D
       64 |       1 |       4 |        0 |      0 |     7 |    +0.0% |    3.596 |        0.0 |    194 | gen_regfile_ff.register_file_i.rf_reg\[1022\]$_DFFE_PN0P_/D
       65 |       1 |       4 |        0 |      0 |     7 |    +0.0% |    3.596 |        0.0 |    193 | gen_regfile_ff.register_file_i.rf_reg\[1022\]$_DFFE_PN0P_/D
       66 |       1 |       4 |        0 |      0 |     7 |    +0.0% |    3.596 |        0.0 |    192 | gen_regfile_ff.register_file_i.rf_reg\[1022\]$_DFFE_PN0P_/D
       67 |       1 |       4 |        0 |      0 |     7 |    +0.0% |    3.596 |        0.0 |    191 | gen_regfile_ff.register_file_i.rf_reg\[1022\]$_DFFE_PN0P_/D
       68 |       1 |       4 |        0 |      0 |     7 |    +0.0% |    3.596 |        0.0 |    190 | gen_regfile_ff.register_file_i.rf_reg\[1022\]$_DFFE_PN0P_/D
       69 |       1 |       4 |        0 |      0 |     7 |    +0.0% |    3.596 |        0.0 |    189 | gen_regfile_ff.register_file_i.rf_reg\[1022\]$_DFFE_PN0P_/D
       70 |       1 |       4 |        0 |      0 |     7 |    +0.0% |    3.596 |        0.0 |    189 | gen_regfile_ff.register_file_i.rf_reg\[1022\]$_DFFE_PN0P_/D
       70 |       1 |       4 |        0 |      0 |     7 |    +0.0% |    3.596 |        0.0 |    188 | gen_regfile_ff.register_file_i.rf_reg\[1022\]$_DFFE_PN0P_/D
       71 |       1 |       4 |        0 |      0 |     7 |    +0.0% |    3.596 |        0.0 |    187 | gen_regfile_ff.register_file_i.rf_reg\[1022\]$_DFFE_PN0P_/D
       72 |       1 |       4 |        0 |      0 |     7 |    +0.0% |    3.596 |        0.0 |    186 | gen_regfile_ff.register_file_i.rf_reg\[1022\]$_DFFE_PN0P_/D
       73 |       1 |       4 |        0 |      0 |     7 |    +0.0% |    3.596 |        0.0 |    185 | gen_regfile_ff.register_file_i.rf_reg\[1022\]$_DFFE_PN0P_/D
       74 |       1 |       4 |        0 |      0 |     7 |    +0.0% |    3.596 |        0.0 |    184 | gen_regfile_ff.register_file_i.rf_reg\[1022\]$_DFFE_PN0P_/D
       75 |       1 |       4 |        0 |      0 |     7 |    +0.0% |    3.596 |        0.0 |    183 | gen_regfile_ff.register_file_i.rf_reg\[1022\]$_DFFE_PN0P_/D
       76 |       1 |       4 |        0 |      0 |     7 |    +0.0% |    3.596 |        0.0 |    182 | gen_regfile_ff.register_file_i.rf_reg\[1022\]$_DFFE_PN0P_/D
       77 |       1 |       4 |        0 |      0 |     7 |    +0.0% |    3.596 |        0.0 |    181 | gen_regfile_ff.register_file_i.rf_reg\[1022\]$_DFFE_PN0P_/D
       78 |       1 |       4 |        0 |      0 |     7 |    +0.0% |    3.596 |        0.0 |    180 | gen_regfile_ff.register_file_i.rf_reg\[1022\]$_DFFE_PN0P_/D
       79 |       1 |       4 |        0 |      0 |     7 |    +0.0% |    3.596 |        0.0 |    179 | gen_regfile_ff.register_file_i.rf_reg\[1022\]$_DFFE_PN0P_/D
       80 |       1 |       4 |        0 |      0 |     7 |    +0.0% |    3.596 |        0.0 |    179 | gen_regfile_ff.register_file_i.rf_reg\[1022\]$_DFFE_PN0P_/D
       80 |       1 |       4 |        0 |      0 |     7 |    +0.0% |    3.596 |        0.0 |    178 | gen_regfile_ff.register_file_i.rf_reg\[1022\]$_DFFE_PN0P_/D
       81 |       1 |       4 |        0 |      0 |     7 |    +0.0% |    3.596 |        0.0 |    177 | gen_regfile_ff.register_file_i.rf_reg\[1022\]$_DFFE_PN0P_/D
       82 |       1 |       4 |        0 |      0 |     7 |    +0.0% |    3.596 |        0.0 |    176 | gen_regfile_ff.register_file_i.rf_reg\[1022\]$_DFFE_PN0P_/D
       83 |       1 |       4 |        0 |      0 |     7 |    +0.0% |    3.596 |        0.0 |    175 | gen_regfile_ff.register_file_i.rf_reg\[1022\]$_DFFE_PN0P_/D
       84 |       1 |       4 |        0 |      0 |     7 |    +0.0% |    3.596 |        0.0 |    174 | gen_regfile_ff.register_file_i.rf_reg\[1022\]$_DFFE_PN0P_/D
       85 |       1 |       4 |        0 |      0 |     7 |    +0.0% |    3.596 |        0.0 |    173 | gen_regfile_ff.register_file_i.rf_reg\[1022\]$_DFFE_PN0P_/D
       86 |       1 |       4 |        0 |      0 |     7 |    +0.0% |    3.596 |        0.0 |    172 | gen_regfile_ff.register_file_i.rf_reg\[1022\]$_DFFE_PN0P_/D
       87 |       1 |       4 |        0 |      0 |     7 |    +0.0% |    3.596 |        0.0 |    171 | gen_regfile_ff.register_file_i.rf_reg\[1022\]$_DFFE_PN0P_/D
       88 |       1 |       4 |        0 |      0 |     7 |    +0.0% |    3.596 |        0.0 |    170 | gen_regfile_ff.register_file_i.rf_reg\[1022\]$_DFFE_PN0P_/D
       89 |       1 |       4 |        0 |      0 |     7 |    +0.0% |    3.596 |        0.0 |    169 | gen_regfile_ff.register_file_i.rf_reg\[1022\]$_DFFE_PN0P_/D
       90 |       1 |       4 |        0 |      0 |     7 |    +0.0% |    3.596 |        0.0 |    169 | gen_regfile_ff.register_file_i.rf_reg\[1022\]$_DFFE_PN0P_/D
       90 |       1 |       4 |        0 |      0 |     7 |    +0.0% |    3.596 |        0.0 |    168 | gen_regfile_ff.register_file_i.rf_reg\[1022\]$_DFFE_PN0P_/D
       91 |       1 |       4 |        0 |      0 |     7 |    +0.0% |    3.596 |        0.0 |    167 | gen_regfile_ff.register_file_i.rf_reg\[1022\]$_DFFE_PN0P_/D
       92 |       1 |       4 |        0 |      0 |     7 |    +0.0% |    3.596 |        0.0 |    166 | gen_regfile_ff.register_file_i.rf_reg\[1022\]$_DFFE_PN0P_/D
       93 |       1 |       4 |        0 |      0 |     7 |    +0.0% |    3.596 |        0.0 |    165 | gen_regfile_ff.register_file_i.rf_reg\[1022\]$_DFFE_PN0P_/D
       94 |       1 |       4 |        0 |      0 |     7 |    +0.0% |    3.596 |        0.0 |    164 | gen_regfile_ff.register_file_i.rf_reg\[1022\]$_DFFE_PN0P_/D
       95 |       1 |       4 |        0 |      0 |     7 |    +0.0% |    3.596 |        0.0 |    163 | gen_regfile_ff.register_file_i.rf_reg\[1022\]$_DFFE_PN0P_/D
       96 |       1 |       4 |        0 |      0 |     7 |    +0.0% |    3.596 |        0.0 |    162 | gen_regfile_ff.register_file_i.rf_reg\[1022\]$_DFFE_PN0P_/D
       97 |       1 |       4 |        0 |      0 |     7 |    +0.0% |    3.596 |        0.0 |    161 | gen_regfile_ff.register_file_i.rf_reg\[1022\]$_DFFE_PN0P_/D
       98 |       1 |       4 |        0 |      0 |     7 |    +0.0% |    3.596 |        0.0 |    160 | gen_regfile_ff.register_file_i.rf_reg\[1022\]$_DFFE_PN0P_/D
       99 |       1 |       4 |        0 |      0 |     7 |    +0.0% |    3.596 |        0.0 |    159 | gen_regfile_ff.register_file_i.rf_reg\[1022\]$_DFFE_PN0P_/D
      100 |       1 |       4 |        0 |      0 |     7 |    +0.0% |    3.596 |        0.0 |    159 | gen_regfile_ff.register_file_i.rf_reg\[1022\]$_DFFE_PN0P_/D
      100 |       1 |       4 |        0 |      0 |     7 |    +0.0% |    3.596 |        0.0 |    158 | gen_regfile_ff.register_file_i.rf_reg\[1022\]$_DFFE_PN0P_/D
      101 |       1 |       4 |        0 |      0 |     7 |    +0.0% |    3.596 |        0.0 |    157 | gen_regfile_ff.register_file_i.rf_reg\[1022\]$_DFFE_PN0P_/D
      102 |       1 |       4 |        0 |      0 |     7 |    +0.0% |    3.596 |        0.0 |    156 | gen_regfile_ff.register_file_i.rf_reg\[1022\]$_DFFE_PN0P_/D
      103 |       1 |       4 |        0 |      0 |     7 |    +0.0% |    3.596 |        0.0 |    155 | gen_regfile_ff.register_file_i.rf_reg\[1022\]$_DFFE_PN0P_/D
      104 |       1 |       4 |        0 |      0 |     7 |    +0.0% |    3.596 |        0.0 |    154 | gen_regfile_ff.register_file_i.rf_reg\[1022\]$_DFFE_PN0P_/D
      105 |       1 |       4 |        0 |      0 |     7 |    +0.0% |    3.596 |        0.0 |    153 | gen_regfile_ff.register_file_i.rf_reg\[1022\]$_DFFE_PN0P_/D
      106 |       1 |       4 |        0 |      0 |     7 |    +0.0% |    3.596 |        0.0 |    152 | gen_regfile_ff.register_file_i.rf_reg\[1022\]$_DFFE_PN0P_/D
      107 |       1 |       4 |        0 |      0 |     7 |    +0.0% |    3.596 |        0.0 |    151 | gen_regfile_ff.register_file_i.rf_reg\[1022\]$_DFFE_PN0P_/D
      108 |       1 |       4 |        0 |      0 |     7 |    +0.0% |    3.596 |        0.0 |    150 | gen_regfile_ff.register_file_i.rf_reg\[1022\]$_DFFE_PN0P_/D
      109 |       1 |       4 |        0 |      0 |     7 |    +0.0% |    3.596 |        0.0 |    149 | gen_regfile_ff.register_file_i.rf_reg\[1022\]$_DFFE_PN0P_/D
      110 |       1 |       4 |        0 |      0 |     7 |    +0.0% |    3.596 |        0.0 |    149 | gen_regfile_ff.register_file_i.rf_reg\[1022\]$_DFFE_PN0P_/D
      110 |       1 |       4 |        0 |      0 |     7 |    +0.0% |    3.596 |        0.0 |    148 | gen_regfile_ff.register_file_i.rf_reg\[1022\]$_DFFE_PN0P_/D
      111 |       1 |       4 |        0 |      0 |     7 |    +0.0% |    3.596 |        0.0 |    147 | gen_regfile_ff.register_file_i.rf_reg\[1022\]$_DFFE_PN0P_/D
      112 |       1 |       4 |        0 |      0 |     7 |    +0.0% |    3.596 |        0.0 |    146 | gen_regfile_ff.register_file_i.rf_reg\[1022\]$_DFFE_PN0P_/D
      113 |       1 |       4 |        0 |      0 |     7 |    +0.0% |    3.596 |        0.0 |    145 | gen_regfile_ff.register_file_i.rf_reg\[1022\]$_DFFE_PN0P_/D
      114 |       1 |       4 |        0 |      0 |     7 |    +0.0% |    3.596 |        0.0 |    144 | gen_regfile_ff.register_file_i.rf_reg\[1022\]$_DFFE_PN0P_/D
      115 |       1 |       4 |        0 |      0 |     7 |    +0.0% |    3.596 |        0.0 |    143 | gen_regfile_ff.register_file_i.rf_reg\[1022\]$_DFFE_PN0P_/D
      116 |       1 |       4 |        0 |      0 |     7 |    +0.0% |    3.596 |        0.0 |    142 | gen_regfile_ff.register_file_i.rf_reg\[1022\]$_DFFE_PN0P_/D
      117 |       1 |       4 |        0 |      0 |     7 |    +0.0% |    3.596 |        0.0 |    141 | gen_regfile_ff.register_file_i.rf_reg\[1022\]$_DFFE_PN0P_/D
      118 |       1 |       4 |        0 |      0 |     7 |    +0.0% |    3.596 |        0.0 |    140 | gen_regfile_ff.register_file_i.rf_reg\[1022\]$_DFFE_PN0P_/D
      119 |       1 |       4 |        0 |      0 |     7 |    +0.0% |    3.596 |        0.0 |    139 | gen_regfile_ff.register_file_i.rf_reg\[1022\]$_DFFE_PN0P_/D
      120 |       1 |       4 |        0 |      0 |     7 |    +0.0% |    3.596 |        0.0 |    139 | gen_regfile_ff.register_file_i.rf_reg\[1022\]$_DFFE_PN0P_/D
      120 |       1 |       4 |        0 |      0 |     7 |    +0.0% |    3.596 |        0.0 |    138 | gen_regfile_ff.register_file_i.rf_reg\[1022\]$_DFFE_PN0P_/D
      121 |       1 |       4 |        0 |      0 |     7 |    +0.0% |    3.596 |        0.0 |    137 | gen_regfile_ff.register_file_i.rf_reg\[1022\]$_DFFE_PN0P_/D
      122 |       1 |       4 |        0 |      0 |     7 |    +0.0% |    3.596 |        0.0 |    136 | gen_regfile_ff.register_file_i.rf_reg\[1022\]$_DFFE_PN0P_/D
      123 |       1 |       4 |        0 |      0 |     7 |    +0.0% |    3.596 |        0.0 |    135 | gen_regfile_ff.register_file_i.rf_reg\[1022\]$_DFFE_PN0P_/D
      124 |       1 |       4 |        0 |      0 |     7 |    +0.0% |    3.596 |        0.0 |    134 | gen_regfile_ff.register_file_i.rf_reg\[1022\]$_DFFE_PN0P_/D
      125 |       1 |       4 |        0 |      0 |     7 |    +0.0% |    3.596 |        0.0 |    133 | gen_regfile_ff.register_file_i.rf_reg\[1022\]$_DFFE_PN0P_/D
      126 |       1 |       4 |        0 |      0 |     7 |    +0.0% |    3.596 |        0.0 |    132 | gen_regfile_ff.register_file_i.rf_reg\[1022\]$_DFFE_PN0P_/D
      127 |       1 |       4 |        0 |      0 |     7 |    +0.0% |    3.596 |        0.0 |    131 | gen_regfile_ff.register_file_i.rf_reg\[1022\]$_DFFE_PN0P_/D
      128 |       1 |       4 |        0 |      0 |     7 |    +0.0% |    3.596 |        0.0 |    130 | gen_regfile_ff.register_file_i.rf_reg\[1022\]$_DFFE_PN0P_/D
      129 |       1 |       4 |        0 |      0 |     7 |    +0.0% |    3.596 |        0.0 |    129 | gen_regfile_ff.register_file_i.rf_reg\[1022\]$_DFFE_PN0P_/D
      130 |       1 |       4 |        0 |      0 |     7 |    +0.0% |    3.596 |        0.0 |    129 | gen_regfile_ff.register_file_i.rf_reg\[1022\]$_DFFE_PN0P_/D
      130 |       1 |       4 |        0 |      0 |     7 |    +0.0% |    3.596 |        0.0 |    128 | gen_regfile_ff.register_file_i.rf_reg\[1022\]$_DFFE_PN0P_/D
      131 |       1 |       4 |        0 |      0 |     7 |    +0.0% |    3.596 |        0.0 |    127 | gen_regfile_ff.register_file_i.rf_reg\[1022\]$_DFFE_PN0P_/D
      132 |       1 |       4 |        0 |      0 |     7 |    +0.0% |    3.596 |        0.0 |    126 | gen_regfile_ff.register_file_i.rf_reg\[1022\]$_DFFE_PN0P_/D
      133 |       1 |       4 |        0 |      0 |     7 |    +0.0% |    3.596 |        0.0 |    125 | gen_regfile_ff.register_file_i.rf_reg\[1022\]$_DFFE_PN0P_/D
      134 |       1 |       4 |        0 |      0 |     7 |    +0.0% |    3.596 |        0.0 |    124 | gen_regfile_ff.register_file_i.rf_reg\[1022\]$_DFFE_PN0P_/D
      135 |       1 |       4 |        0 |      0 |     7 |    +0.0% |    3.596 |        0.0 |    123 | gen_regfile_ff.register_file_i.rf_reg\[1022\]$_DFFE_PN0P_/D
      136 |       1 |       4 |        0 |      0 |     7 |    +0.0% |    3.596 |        0.0 |    122 | gen_regfile_ff.register_file_i.rf_reg\[1022\]$_DFFE_PN0P_/D
      137 |       1 |       4 |        0 |      0 |     7 |    +0.0% |    3.596 |        0.0 |    121 | gen_regfile_ff.register_file_i.rf_reg\[1022\]$_DFFE_PN0P_/D
      138 |       1 |       4 |        0 |      0 |     7 |    +0.0% |    3.596 |        0.0 |    120 | gen_regfile_ff.register_file_i.rf_reg\[1022\]$_DFFE_PN0P_/D
      139 |       1 |       4 |        0 |      0 |     7 |    +0.0% |    3.596 |        0.0 |    119 | gen_regfile_ff.register_file_i.rf_reg\[1022\]$_DFFE_PN0P_/D
      140 |       1 |       4 |        0 |      0 |     7 |    +0.0% |    3.596 |        0.0 |    119 | gen_regfile_ff.register_file_i.rf_reg\[1022\]$_DFFE_PN0P_/D
      140 |       1 |       4 |        0 |      0 |     7 |    +0.0% |    3.596 |        0.0 |    118 | gen_regfile_ff.register_file_i.rf_reg\[1022\]$_DFFE_PN0P_/D
      141 |       1 |       4 |        0 |      0 |     7 |    +0.0% |    3.596 |        0.0 |    117 | gen_regfile_ff.register_file_i.rf_reg\[1022\]$_DFFE_PN0P_/D
      142 |       1 |       4 |        0 |      0 |     7 |    +0.0% |    3.596 |        0.0 |    116 | gen_regfile_ff.register_file_i.rf_reg\[1022\]$_DFFE_PN0P_/D
      143 |       1 |       4 |        0 |      0 |     7 |    +0.0% |    3.596 |        0.0 |    115 | gen_regfile_ff.register_file_i.rf_reg\[1022\]$_DFFE_PN0P_/D
      144 |       1 |       4 |        0 |      0 |     7 |    +0.0% |    3.596 |        0.0 |    114 | gen_regfile_ff.register_file_i.rf_reg\[1022\]$_DFFE_PN0P_/D
      145 |       1 |       4 |        0 |      0 |     7 |    +0.0% |    3.596 |        0.0 |    113 | gen_regfile_ff.register_file_i.rf_reg\[1022\]$_DFFE_PN0P_/D
      146 |       1 |       4 |        0 |      0 |     7 |    +0.0% |    3.596 |        0.0 |    112 | gen_regfile_ff.register_file_i.rf_reg\[1022\]$_DFFE_PN0P_/D
      147 |       1 |       4 |        0 |      0 |     7 |    +0.0% |    3.596 |        0.0 |    111 | gen_regfile_ff.register_file_i.rf_reg\[1022\]$_DFFE_PN0P_/D
      148 |       1 |       4 |        0 |      0 |     7 |    +0.0% |    3.596 |        0.0 |    110 | gen_regfile_ff.register_file_i.rf_reg\[1022\]$_DFFE_PN0P_/D
      149 |       1 |       4 |        0 |      0 |     7 |    +0.0% |    3.596 |        0.0 |    109 | gen_regfile_ff.register_file_i.rf_reg\[1022\]$_DFFE_PN0P_/D
      150 |       1 |       4 |        0 |      0 |     7 |    +0.0% |    3.596 |        0.0 |    109 | gen_regfile_ff.register_file_i.rf_reg\[1022\]$_DFFE_PN0P_/D
      150 |       1 |       4 |        0 |      0 |     7 |    +0.0% |    3.596 |        0.0 |    108 | gen_regfile_ff.register_file_i.rf_reg\[1022\]$_DFFE_PN0P_/D
      151 |       1 |       4 |        0 |      0 |     7 |    +0.0% |    3.596 |        0.0 |    107 | gen_regfile_ff.register_file_i.rf_reg\[1022\]$_DFFE_PN0P_/D
      152 |       1 |       4 |        0 |      0 |     7 |    +0.0% |    3.596 |        0.0 |    106 | gen_regfile_ff.register_file_i.rf_reg\[1022\]$_DFFE_PN0P_/D
      153 |       1 |       4 |        0 |      0 |     7 |    +0.0% |    3.596 |        0.0 |    105 | gen_regfile_ff.register_file_i.rf_reg\[1022\]$_DFFE_PN0P_/D
      154 |       1 |       4 |        0 |      0 |     7 |    +0.0% |    3.596 |        0.0 |    104 | gen_regfile_ff.register_file_i.rf_reg\[1022\]$_DFFE_PN0P_/D
      155 |       1 |       4 |        0 |      0 |     7 |    +0.0% |    3.596 |        0.0 |    103 | gen_regfile_ff.register_file_i.rf_reg\[1022\]$_DFFE_PN0P_/D
      156 |       1 |       4 |        0 |      0 |     7 |    +0.0% |    3.596 |        0.0 |    102 | gen_regfile_ff.register_file_i.rf_reg\[1022\]$_DFFE_PN0P_/D
      157 |       1 |       4 |        0 |      0 |     7 |    +0.0% |    3.596 |        0.0 |    101 | gen_regfile_ff.register_file_i.rf_reg\[1022\]$_DFFE_PN0P_/D
      158 |       1 |       4 |        0 |      0 |     7 |    +0.0% |    3.596 |        0.0 |    100 | gen_regfile_ff.register_file_i.rf_reg\[1022\]$_DFFE_PN0P_/D
      159 |       1 |       4 |        0 |      0 |     7 |    +0.0% |    3.596 |        0.0 |     99 | gen_regfile_ff.register_file_i.rf_reg\[1022\]$_DFFE_PN0P_/D
      160 |       1 |       4 |        0 |      0 |     7 |    +0.0% |    3.596 |        0.0 |     99 | gen_regfile_ff.register_file_i.rf_reg\[1022\]$_DFFE_PN0P_/D
      160 |       1 |       4 |        0 |      0 |     7 |    +0.0% |    3.596 |        0.0 |     98 | gen_regfile_ff.register_file_i.rf_reg\[1022\]$_DFFE_PN0P_/D
      161 |       1 |       4 |        0 |      0 |     7 |    +0.0% |    3.596 |        0.0 |     97 | gen_regfile_ff.register_file_i.rf_reg\[1022\]$_DFFE_PN0P_/D
      162 |       1 |       4 |        0 |      0 |     7 |    +0.0% |    3.596 |        0.0 |     96 | gen_regfile_ff.register_file_i.rf_reg\[1022\]$_DFFE_PN0P_/D
      163 |       1 |       4 |        0 |      0 |     7 |    +0.0% |    3.596 |        0.0 |     95 | gen_regfile_ff.register_file_i.rf_reg\[1022\]$_DFFE_PN0P_/D
      164 |       1 |       4 |        0 |      0 |     7 |    +0.0% |    3.596 |        0.0 |     94 | gen_regfile_ff.register_file_i.rf_reg\[1022\]$_DFFE_PN0P_/D
      165 |       1 |       4 |        0 |      0 |     7 |    +0.0% |    3.596 |        0.0 |     93 | gen_regfile_ff.register_file_i.rf_reg\[1022\]$_DFFE_PN0P_/D
      166 |       1 |       4 |        0 |      0 |     7 |    +0.0% |    3.596 |        0.0 |     92 | gen_regfile_ff.register_file_i.rf_reg\[1022\]$_DFFE_PN0P_/D
      167 |       1 |       4 |        0 |      0 |     7 |    +0.0% |    3.596 |        0.0 |     91 | gen_regfile_ff.register_file_i.rf_reg\[1022\]$_DFFE_PN0P_/D
      168 |       1 |       4 |        0 |      0 |     7 |    +0.0% |    3.596 |        0.0 |     90 | gen_regfile_ff.register_file_i.rf_reg\[1022\]$_DFFE_PN0P_/D
      169 |       1 |       4 |        0 |      0 |     7 |    +0.0% |    3.596 |        0.0 |     89 | gen_regfile_ff.register_file_i.rf_reg\[1022\]$_DFFE_PN0P_/D
      170 |       1 |       4 |        0 |      0 |     7 |    +0.0% |    3.596 |        0.0 |     89 | gen_regfile_ff.register_file_i.rf_reg\[1022\]$_DFFE_PN0P_/D
      170 |       1 |       4 |        0 |      0 |     7 |    +0.0% |    3.596 |        0.0 |     88 | gen_regfile_ff.register_file_i.rf_reg\[1022\]$_DFFE_PN0P_/D
      171 |       1 |       4 |        0 |      0 |     7 |    +0.0% |    3.596 |        0.0 |     87 | gen_regfile_ff.register_file_i.rf_reg\[1022\]$_DFFE_PN0P_/D
      172 |       1 |       4 |        0 |      0 |     7 |    +0.0% |    3.596 |        0.0 |     86 | gen_regfile_ff.register_file_i.rf_reg\[1022\]$_DFFE_PN0P_/D
      173 |       1 |       4 |        0 |      0 |     7 |    +0.0% |    3.596 |        0.0 |     85 | gen_regfile_ff.register_file_i.rf_reg\[1022\]$_DFFE_PN0P_/D
      174 |       1 |       4 |        0 |      0 |     7 |    +0.0% |    3.596 |        0.0 |     84 | gen_regfile_ff.register_file_i.rf_reg\[1022\]$_DFFE_PN0P_/D
      175 |       1 |       4 |        0 |      0 |     7 |    +0.0% |    3.596 |        0.0 |     83 | gen_regfile_ff.register_file_i.rf_reg\[1022\]$_DFFE_PN0P_/D
      176 |       1 |       4 |        0 |      0 |     7 |    +0.0% |    3.596 |        0.0 |     82 | gen_regfile_ff.register_file_i.rf_reg\[1022\]$_DFFE_PN0P_/D
      177 |       1 |       4 |        0 |      0 |     7 |    +0.0% |    3.596 |        0.0 |     81 | gen_regfile_ff.register_file_i.rf_reg\[1022\]$_DFFE_PN0P_/D
      178 |       1 |       4 |        0 |      0 |     7 |    +0.0% |    3.596 |        0.0 |     80 | gen_regfile_ff.register_file_i.rf_reg\[1022\]$_DFFE_PN0P_/D
      179 |       1 |       4 |        0 |      0 |     7 |    +0.0% |    3.596 |        0.0 |     79 | gen_regfile_ff.register_file_i.rf_reg\[1022\]$_DFFE_PN0P_/D
      180 |       1 |       4 |        0 |      0 |     7 |    +0.0% |    3.596 |        0.0 |     79 | gen_regfile_ff.register_file_i.rf_reg\[1022\]$_DFFE_PN0P_/D
      180 |       1 |       4 |        0 |      0 |     7 |    +0.0% |    3.596 |        0.0 |     78 | gen_regfile_ff.register_file_i.rf_reg\[1022\]$_DFFE_PN0P_/D
      181 |       1 |       4 |        0 |      0 |     7 |    +0.0% |    3.596 |        0.0 |     77 | gen_regfile_ff.register_file_i.rf_reg\[1022\]$_DFFE_PN0P_/D
      182 |       1 |       4 |        0 |      0 |     7 |    +0.0% |    3.596 |        0.0 |     76 | gen_regfile_ff.register_file_i.rf_reg\[1022\]$_DFFE_PN0P_/D
      183 |       1 |       4 |        0 |      0 |     7 |    +0.0% |    3.596 |        0.0 |     75 | gen_regfile_ff.register_file_i.rf_reg\[1022\]$_DFFE_PN0P_/D
      184 |       1 |       4 |        0 |      0 |     7 |    +0.0% |    3.596 |        0.0 |     74 | gen_regfile_ff.register_file_i.rf_reg\[1022\]$_DFFE_PN0P_/D
      185 |       1 |       4 |        0 |      0 |     7 |    +0.0% |    3.596 |        0.0 |     73 | gen_regfile_ff.register_file_i.rf_reg\[1022\]$_DFFE_PN0P_/D
      186 |       1 |       4 |        0 |      0 |     7 |    +0.0% |    3.596 |        0.0 |     72 | gen_regfile_ff.register_file_i.rf_reg\[1022\]$_DFFE_PN0P_/D
      187 |       1 |       4 |        0 |      0 |     7 |    +0.0% |    3.596 |        0.0 |     71 | gen_regfile_ff.register_file_i.rf_reg\[1022\]$_DFFE_PN0P_/D
      188 |       1 |       4 |        0 |      0 |     7 |    +0.0% |    3.596 |        0.0 |     70 | gen_regfile_ff.register_file_i.rf_reg\[1022\]$_DFFE_PN0P_/D
      189 |       1 |       4 |        0 |      0 |     7 |    +0.0% |    3.596 |        0.0 |     69 | gen_regfile_ff.register_file_i.rf_reg\[1022\]$_DFFE_PN0P_/D
      190 |       1 |       4 |        0 |      0 |     7 |    +0.0% |    3.596 |        0.0 |     69 | gen_regfile_ff.register_file_i.rf_reg\[1022\]$_DFFE_PN0P_/D
      190 |       1 |       4 |        0 |      0 |     7 |    +0.0% |    3.596 |        0.0 |     68 | gen_regfile_ff.register_file_i.rf_reg\[1022\]$_DFFE_PN0P_/D
      191 |       1 |       4 |        0 |      0 |     7 |    +0.0% |    3.596 |        0.0 |     67 | gen_regfile_ff.register_file_i.rf_reg\[1022\]$_DFFE_PN0P_/D
      192 |       1 |       4 |        0 |      0 |     7 |    +0.0% |    3.596 |        0.0 |     66 | gen_regfile_ff.register_file_i.rf_reg\[1022\]$_DFFE_PN0P_/D
      193 |       1 |       4 |        0 |      0 |     7 |    +0.0% |    3.596 |        0.0 |     65 | gen_regfile_ff.register_file_i.rf_reg\[1022\]$_DFFE_PN0P_/D
      194 |       1 |       4 |        0 |      0 |     7 |    +0.0% |    3.596 |        0.0 |     64 | gen_regfile_ff.register_file_i.rf_reg\[1022\]$_DFFE_PN0P_/D
      195 |       1 |       4 |        0 |      0 |     7 |    +0.0% |    3.596 |        0.0 |     63 | gen_regfile_ff.register_file_i.rf_reg\[1022\]$_DFFE_PN0P_/D
      196 |       1 |       4 |        0 |      0 |     7 |    +0.0% |    3.596 |        0.0 |     62 | gen_regfile_ff.register_file_i.rf_reg\[1022\]$_DFFE_PN0P_/D
      197 |       1 |       4 |        0 |      0 |     7 |    +0.0% |    3.596 |        0.0 |     61 | gen_regfile_ff.register_file_i.rf_reg\[1022\]$_DFFE_PN0P_/D
      198 |       1 |       4 |        0 |      0 |     7 |    +0.0% |    3.596 |        0.0 |     60 | gen_regfile_ff.register_file_i.rf_reg\[1022\]$_DFFE_PN0P_/D
      199 |       1 |       4 |        0 |      0 |     7 |    +0.0% |    3.596 |        0.0 |     59 | gen_regfile_ff.register_file_i.rf_reg\[1022\]$_DFFE_PN0P_/D
      200 |       1 |       4 |        0 |      0 |     7 |    +0.0% |    3.596 |        0.0 |     59 | gen_regfile_ff.register_file_i.rf_reg\[1022\]$_DFFE_PN0P_/D
      200 |       1 |       4 |        0 |      0 |     7 |    +0.0% |    3.596 |        0.0 |     58 | gen_regfile_ff.register_file_i.rf_reg\[1022\]$_DFFE_PN0P_/D
      201 |       1 |       4 |        0 |      0 |     7 |    +0.0% |    3.596 |        0.0 |     57 | gen_regfile_ff.register_file_i.rf_reg\[1022\]$_DFFE_PN0P_/D
      202 |       1 |       4 |        0 |      0 |     7 |    +0.0% |    3.596 |        0.0 |     56 | gen_regfile_ff.register_file_i.rf_reg\[1022\]$_DFFE_PN0P_/D
      203 |       1 |       4 |        0 |      0 |     7 |    +0.0% |    3.596 |        0.0 |     55 | gen_regfile_ff.register_file_i.rf_reg\[1022\]$_DFFE_PN0P_/D
      204 |       1 |       4 |        0 |      0 |     7 |    +0.0% |    3.596 |        0.0 |     54 | gen_regfile_ff.register_file_i.rf_reg\[1022\]$_DFFE_PN0P_/D
      205 |       1 |       4 |        0 |      0 |     7 |    +0.0% |    3.596 |        0.0 |     53 | gen_regfile_ff.register_file_i.rf_reg\[1022\]$_DFFE_PN0P_/D
      206 |       1 |       4 |        0 |      0 |     7 |    +0.0% |    3.596 |        0.0 |     52 | gen_regfile_ff.register_file_i.rf_reg\[1022\]$_DFFE_PN0P_/D
      207 |       1 |       4 |        0 |      0 |     7 |    +0.0% |    3.596 |        0.0 |     51 | gen_regfile_ff.register_file_i.rf_reg\[1022\]$_DFFE_PN0P_/D
      208 |       1 |       4 |        0 |      0 |     7 |    +0.0% |    3.596 |        0.0 |     50 | gen_regfile_ff.register_file_i.rf_reg\[1022\]$_DFFE_PN0P_/D
      209 |       1 |       4 |        0 |      0 |     7 |    +0.0% |    3.596 |        0.0 |     49 | gen_regfile_ff.register_file_i.rf_reg\[1022\]$_DFFE_PN0P_/D
      210 |       1 |       4 |        0 |      0 |     7 |    +0.0% |    3.596 |        0.0 |     49 | gen_regfile_ff.register_file_i.rf_reg\[1022\]$_DFFE_PN0P_/D
      210 |       1 |       4 |        0 |      0 |     7 |    +0.0% |    3.596 |        0.0 |     48 | gen_regfile_ff.register_file_i.rf_reg\[1022\]$_DFFE_PN0P_/D
      211 |       1 |       4 |        0 |      0 |     7 |    +0.0% |    3.596 |        0.0 |     47 | gen_regfile_ff.register_file_i.rf_reg\[1022\]$_DFFE_PN0P_/D
      212 |       1 |       4 |        0 |      0 |     7 |    +0.0% |    3.596 |        0.0 |     46 | gen_regfile_ff.register_file_i.rf_reg\[1022\]$_DFFE_PN0P_/D
      213 |       1 |       4 |        0 |      0 |     7 |    +0.0% |    3.596 |        0.0 |     45 | gen_regfile_ff.register_file_i.rf_reg\[1022\]$_DFFE_PN0P_/D
      214 |       1 |       4 |        0 |      0 |     7 |    +0.0% |    3.596 |        0.0 |     44 | gen_regfile_ff.register_file_i.rf_reg\[1022\]$_DFFE_PN0P_/D
      215 |       1 |       4 |        0 |      0 |     7 |    +0.0% |    3.596 |        0.0 |     43 | gen_regfile_ff.register_file_i.rf_reg\[1022\]$_DFFE_PN0P_/D
      216 |       1 |       4 |        0 |      0 |     7 |    +0.0% |    3.596 |        0.0 |     42 | gen_regfile_ff.register_file_i.rf_reg\[1022\]$_DFFE_PN0P_/D
      217 |       1 |       4 |        0 |      0 |     7 |    +0.0% |    3.596 |        0.0 |     41 | gen_regfile_ff.register_file_i.rf_reg\[1022\]$_DFFE_PN0P_/D
      218 |       1 |       4 |        0 |      0 |     7 |    +0.0% |    3.596 |        0.0 |     40 | gen_regfile_ff.register_file_i.rf_reg\[1022\]$_DFFE_PN0P_/D
      219 |       1 |       4 |        0 |      0 |     7 |    +0.0% |    3.596 |        0.0 |     39 | gen_regfile_ff.register_file_i.rf_reg\[1022\]$_DFFE_PN0P_/D
      220 |       1 |       4 |        0 |      0 |     7 |    +0.0% |    3.596 |        0.0 |     39 | gen_regfile_ff.register_file_i.rf_reg\[1022\]$_DFFE_PN0P_/D
      220 |       1 |       4 |        0 |      0 |     7 |    +0.0% |    3.596 |        0.0 |     38 | gen_regfile_ff.register_file_i.rf_reg\[1022\]$_DFFE_PN0P_/D
      221 |       1 |       4 |        0 |      0 |     7 |    +0.0% |    3.596 |        0.0 |     37 | gen_regfile_ff.register_file_i.rf_reg\[1022\]$_DFFE_PN0P_/D
      222 |       1 |       4 |        0 |      0 |     7 |    +0.0% |    3.596 |        0.0 |     36 | gen_regfile_ff.register_file_i.rf_reg\[1022\]$_DFFE_PN0P_/D
      223 |       1 |       4 |        0 |      0 |     7 |    +0.0% |    3.596 |        0.0 |     35 | gen_regfile_ff.register_file_i.rf_reg\[1022\]$_DFFE_PN0P_/D
      224 |       1 |       4 |        0 |      0 |     7 |    +0.0% |    3.596 |        0.0 |     34 | gen_regfile_ff.register_file_i.rf_reg\[1022\]$_DFFE_PN0P_/D
      225 |       1 |       4 |        0 |      0 |     7 |    +0.0% |    3.596 |        0.0 |     33 | gen_regfile_ff.register_file_i.rf_reg\[1022\]$_DFFE_PN0P_/D
      226 |       1 |       4 |        0 |      0 |     7 |    +0.0% |    3.596 |        0.0 |     32 | gen_regfile_ff.register_file_i.rf_reg\[1022\]$_DFFE_PN0P_/D
      227 |       1 |       4 |        0 |      0 |     7 |    +0.0% |    3.596 |        0.0 |     31 | gen_regfile_ff.register_file_i.rf_reg\[1022\]$_DFFE_PN0P_/D
      228 |       1 |       4 |        0 |      0 |     7 |    +0.0% |    3.596 |        0.0 |     30 | gen_regfile_ff.register_file_i.rf_reg\[1022\]$_DFFE_PN0P_/D
      229 |       1 |       4 |        0 |      0 |     7 |    +0.0% |    3.596 |        0.0 |     29 | gen_regfile_ff.register_file_i.rf_reg\[1022\]$_DFFE_PN0P_/D
      230 |       1 |       4 |        0 |      0 |     7 |    +0.0% |    3.596 |        0.0 |     29 | gen_regfile_ff.register_file_i.rf_reg\[1022\]$_DFFE_PN0P_/D
      230 |       1 |       4 |        0 |      0 |     7 |    +0.0% |    3.596 |        0.0 |     28 | gen_regfile_ff.register_file_i.rf_reg\[1022\]$_DFFE_PN0P_/D
      231 |       1 |       4 |        0 |      0 |     7 |    +0.0% |    3.596 |        0.0 |     27 | gen_regfile_ff.register_file_i.rf_reg\[1022\]$_DFFE_PN0P_/D
      232 |       1 |       4 |        0 |      0 |     7 |    +0.0% |    3.596 |        0.0 |     26 | gen_regfile_ff.register_file_i.rf_reg\[1022\]$_DFFE_PN0P_/D
      233 |       1 |       4 |        0 |      0 |     7 |    +0.0% |    3.596 |        0.0 |     25 | gen_regfile_ff.register_file_i.rf_reg\[1022\]$_DFFE_PN0P_/D
      234 |       1 |       4 |        0 |      0 |     7 |    +0.0% |    3.596 |        0.0 |     24 | gen_regfile_ff.register_file_i.rf_reg\[1022\]$_DFFE_PN0P_/D
      235 |       1 |       4 |        0 |      0 |     7 |    +0.0% |    3.596 |        0.0 |     23 | gen_regfile_ff.register_file_i.rf_reg\[1022\]$_DFFE_PN0P_/D
      236 |       1 |       4 |        0 |      0 |     7 |    +0.0% |    3.596 |        0.0 |     22 | gen_regfile_ff.register_file_i.rf_reg\[1022\]$_DFFE_PN0P_/D
      237 |       1 |       4 |        0 |      0 |     7 |    +0.0% |    3.596 |        0.0 |     21 | gen_regfile_ff.register_file_i.rf_reg\[1022\]$_DFFE_PN0P_/D
      238 |       1 |       4 |        0 |      0 |     7 |    +0.0% |    3.596 |        0.0 |     20 | gen_regfile_ff.register_file_i.rf_reg\[1022\]$_DFFE_PN0P_/D
      239 |       1 |       4 |        0 |      0 |     7 |    +0.0% |    3.596 |        0.0 |     19 | gen_regfile_ff.register_file_i.rf_reg\[1022\]$_DFFE_PN0P_/D
      240 |       1 |       4 |        0 |      0 |     7 |    +0.0% |    3.596 |        0.0 |     19 | gen_regfile_ff.register_file_i.rf_reg\[1022\]$_DFFE_PN0P_/D
      240 |       1 |       4 |        0 |      0 |     7 |    +0.0% |    3.596 |        0.0 |     18 | gen_regfile_ff.register_file_i.rf_reg\[1022\]$_DFFE_PN0P_/D
      241 |       1 |       4 |        0 |      0 |     7 |    +0.0% |    3.596 |        0.0 |     17 | gen_regfile_ff.register_file_i.rf_reg\[1022\]$_DFFE_PN0P_/D
      242 |       1 |       4 |        0 |      0 |     7 |    +0.0% |    3.596 |        0.0 |     16 | gen_regfile_ff.register_file_i.rf_reg\[1022\]$_DFFE_PN0P_/D
      243 |       1 |       4 |        0 |      0 |     7 |    +0.0% |    3.596 |        0.0 |     15 | gen_regfile_ff.register_file_i.rf_reg\[1022\]$_DFFE_PN0P_/D
      244 |       1 |       4 |        0 |      0 |     7 |    +0.0% |    3.596 |        0.0 |     14 | gen_regfile_ff.register_file_i.rf_reg\[1022\]$_DFFE_PN0P_/D
      245 |       1 |       4 |        0 |      0 |     7 |    +0.0% |    3.596 |        0.0 |     13 | gen_regfile_ff.register_file_i.rf_reg\[1022\]$_DFFE_PN0P_/D
      246 |       1 |       4 |        0 |      0 |     7 |    +0.0% |    3.596 |        0.0 |     12 | gen_regfile_ff.register_file_i.rf_reg\[1022\]$_DFFE_PN0P_/D
      247 |       1 |       4 |        0 |      0 |     7 |    +0.0% |    3.596 |        0.0 |     11 | gen_regfile_ff.register_file_i.rf_reg\[1022\]$_DFFE_PN0P_/D
      248 |       1 |       4 |        0 |      0 |     7 |    +0.0% |    3.596 |        0.0 |     10 | gen_regfile_ff.register_file_i.rf_reg\[1022\]$_DFFE_PN0P_/D
      249 |       1 |       4 |        0 |      0 |     7 |    +0.0% |    3.596 |        0.0 |      9 | gen_regfile_ff.register_file_i.rf_reg\[1022\]$_DFFE_PN0P_/D
      250 |       1 |       4 |        0 |      0 |     7 |    +0.0% |    3.596 |        0.0 |      9 | gen_regfile_ff.register_file_i.rf_reg\[1022\]$_DFFE_PN0P_/D
      250 |       1 |       4 |        0 |      0 |     7 |    +0.0% |    3.596 |        0.0 |      8 | gen_regfile_ff.register_file_i.rf_reg\[1022\]$_DFFE_PN0P_/D
      251 |       1 |       4 |        0 |      0 |     7 |    +0.0% |    3.596 |        0.0 |      7 | gen_regfile_ff.register_file_i.rf_reg\[1022\]$_DFFE_PN0P_/D
      252 |       1 |       4 |        0 |      0 |     7 |    +0.0% |    3.596 |        0.0 |      6 | gen_regfile_ff.register_file_i.rf_reg\[1022\]$_DFFE_PN0P_/D
      253 |       1 |       4 |        0 |      0 |     7 |    +0.0% |    3.596 |        0.0 |      5 | gen_regfile_ff.register_file_i.rf_reg\[1022\]$_DFFE_PN0P_/D
      254 |       1 |       4 |        0 |      0 |     7 |    +0.0% |    3.596 |        0.0 |      4 | gen_regfile_ff.register_file_i.rf_reg\[1022\]$_DFFE_PN0P_/D
      255 |       1 |       4 |        0 |      0 |     7 |    +0.0% |    3.596 |        0.0 |      3 | gen_regfile_ff.register_file_i.rf_reg\[1022\]$_DFFE_PN0P_/D
      256 |       1 |       4 |        0 |      0 |     7 |    +0.0% |    3.596 |        0.0 |      2 | gen_regfile_ff.register_file_i.rf_reg\[1022\]$_DFFE_PN0P_/D
      257 |       1 |       4 |        0 |      0 |     7 |    +0.0% |    3.596 |        0.0 |      1 | gen_regfile_ff.register_file_i.rf_reg\[1022\]$_DFFE_PN0P_/D
      258 |       1 |       4 |        0 |      0 |     7 |    +0.0% |    3.596 |        0.0 |      0 | gen_regfile_ff.register_file_i.rf_reg\[1022\]$_DFFE_PN0P_/D
      259 |       1 |       4 |        0 |      0 |     7 |    +0.0% |    3.596 |        0.0 |      0 | gen_regfile_ff.register_file_i.rf_reg\[1022\]$_DFFE_PN0P_/D
    final |       1 |       4 |        0 |      0 |     7 |    +0.0% |    3.596 |        0.0 |      0 | gen_regfile_ff.register_file_i.rf_reg\[1022\]$_DFFE_PN0P_/D
--------------------------------------------------------------------------------------------------------------
[INFO RSZ-0059] Removed 1 buffers.
[INFO RSZ-0041] Resized 4 instances.
[INFO RSZ-0043] Swapped pins on 7 instances.
[INFO RSZ-0033] No hold violations found.
Default units for flow
 time 1ps
 capacitance 1fF
 resistance 1kohm
 voltage 1v
 current 1mA
 power 1pW
 distance 1um
Report metrics stage 2, floorplan final...

==========================================================================
floorplan final report_design_area
--------------------------------------------------------------------------
Design area 2272 u^2 40% utilization.
Elapsed time: 0:11.19[h:]min:sec. CPU time: user 10.98 sys 6.88 (159%). Peak memory: 283292KB.
