OpenROAD v2.0-21872-gd51df1dea5 
Features included (+) or not (-): +GPU +GUI +Python
This program is licensed under the BSD-3 license. See the LICENSE file for details.
Components of this program may be licensed under more restrictive licenses which must be honored.
[INFO ORD-0030] Using 32 thread(s).
source /home/h3sun/720-noc-project/OpenROAD-flow-scripts/flow/platforms/asap7/liberty_suppressions.tcl
suppress_message STA 1212
Placement Analysis
---------------------------------
total displacement       4499.0 u
average displacement        0.2 u
max displacement            2.1 u
original HPWL           89936.0 u
legalized HPWL          93582.0 u
delta HPWL                    4 %

[INFO DPL-0020] Mirrored 8839 instances
[INFO DPL-0021] HPWL before           93582.0 u
[INFO DPL-0022] HPWL after            91891.8 u
[INFO DPL-0023] HPWL delta               -1.8 %
[INFO FLW-0012] Placement violations .
Report metrics stage 3, detailed place...

==========================================================================
detailed place report_design_area
--------------------------------------------------------------------------
Design area 2624 u^2 46% utilization.
Elapsed time: 0:14.39[h:]min:sec. CPU time: user 14.54 sys 9.90 (169%). Peak memory: 365992KB.
