OpenROAD v2.0-21872-gd51df1dea5 
Features included (+) or not (-): +GPU +GUI +Python
This program is licensed under the BSD-3 license. See the LICENSE file for details.
Components of this program may be licensed under more restrictive licenses which must be honored.
[INFO ORD-0030] Using 32 thread(s).
source /home/h3sun/720-noc-project/OpenROAD-flow-scripts/flow/platforms/asap7/liberty_suppressions.tcl
suppress_message STA 1212
Deleted 0 routing obstructions
[INFO RCX-0431] Defined process_corner X with ext_model_index 0
[INFO RCX-0029] Defined extraction corner X
[INFO RCX-0435] Reading extraction model file /home/h3sun/720-noc-project/OpenROAD-flow-scripts/flow/platforms/asap7/rcx_patterns.rules ...
[INFO RCX-0436] RC segment generation ibex_core (max_merge_res 50.0) ...
[INFO RCX-0040] Final 174713 rc segments
[INFO RCX-0439] Coupling Cap extraction ibex_core ...
[INFO RCX-0440] Coupling threshhold is 0.1000 fF, coupling capacitance less than 0.1000 fF will be grounded.
[INFO RCX-0442] 21% of 185095 wires extracted
[INFO RCX-0442] 54% of 185095 wires extracted
[INFO RCX-0442] 74% of 185095 wires extracted
[INFO RCX-0442] 100% of 185095 wires extracted
[INFO RCX-0045] Extract 21077 nets, 195734 rsegs, 195734 caps, 291099 ccs
[INFO RCX-0443] 21077 nets finished
[INFO PSM-0040] All shapes on net VDD are connected.
[INFO PSM-0073] Using bump pattern with x-pitch 140.0000um, y-pitch 140.0000um, and size 70.0000um with an reduction factor of 3x.
########## IR report #################
Net              : VDD
Corner           : default
Supply voltage   : 7.70e-01 V
Worstcase voltage: 5.63e-01 V
Average voltage  : 7.11e-01 V
Average IR drop  : 5.87e-02 V
Worstcase IR drop: 2.07e-01 V
Percentage drop  : 26.83 %
######################################
[INFO PSM-0040] All shapes on net VSS are connected.
[INFO PSM-0073] Using bump pattern with x-pitch 140.0000um, y-pitch 140.0000um, and size 70.0000um with an reduction factor of 3x.
########## IR report #################
Net              : VSS
Corner           : default
Supply voltage   : 0.00e+00 V
Worstcase voltage: 2.04e-01 V
Average voltage  : 5.75e-02 V
Average IR drop  : 5.75e-02 V
Worstcase IR drop: 2.04e-01 V
Percentage drop  : 26.43 %
######################################
Cell type report:                       Count       Area
  Fill cell                             27654    2961.84
  Tap cell                                976      28.46
  Tie cell                               1664      72.78
  Buffer                                 1643     307.64
  Clock buffer                             59      24.20
  Timing Repair Buffer                    313      31.73
  Inverter                               1744      86.37
  Clock inverter                           29       7.52
  Sequential cell                        1932     712.60
  Multi-Input combinational cell        13017    1417.07
  Total                                 49031    5650.22
Report metrics stage 6, finish...

==========================================================================
finish report_design_area
--------------------------------------------------------------------------
Design area 2660 u^2 47% utilization.
Elapsed time: 0:41.77[h:]min:sec. CPU time: user 48.93 sys 12.60 (147%). Peak memory: 892572KB.
