OpenROAD v2.0-21872-gd51df1dea5 
Features included (+) or not (-): +GPU +GUI +Python
This program is licensed under the BSD-3 license. See the LICENSE file for details.
Components of this program may be licensed under more restrictive licenses which must be honored.
[INFO ORD-0030] Using 24 thread(s).
source /home/h3sun/720-noc-project/OpenROAD-flow-scripts/flow/platforms/asap7/liberty_suppressions.tcl
suppress_message STA 1212
[INFO GPL-0002] DBU: 1000
[INFO GPL-0003] SiteSize: (  0.054  0.270 ) um
[INFO GPL-0004] CoreBBox: (  2.052  2.160 ) ( 17.064 17.010 ) um
[WARNING GPL-0001] ce toplevel port is not placed!
       Replace will regard ce is placed in (0, 0)
[WARNING GPL-0001] clk toplevel port is not placed!
       Replace will regard clk is placed in (0, 0)
[WARNING GPL-0001] done toplevel port is not placed!
       Replace will regard done is placed in (0, 0)
[WARNING GPL-0001] l_i[0] toplevel port is not placed!
       Replace will regard l_i[0] is placed in (0, 0)
[WARNING GPL-0001] l_i[10] toplevel port is not placed!
       Replace will regard l_i[10] is placed in (0, 0)
[WARNING GPL-0001] l_i[11] toplevel port is not placed!
       Replace will regard l_i[11] is placed in (0, 0)
[WARNING GPL-0001] l_i[12] toplevel port is not placed!
       Replace will regard l_i[12] is placed in (0, 0)
[WARNING GPL-0001] l_i[13] toplevel port is not placed!
       Replace will regard l_i[13] is placed in (0, 0)
[WARNING GPL-0001] l_i[14] toplevel port is not placed!
       Replace will regard l_i[14] is placed in (0, 0)
[WARNING GPL-0001] l_i[15] toplevel port is not placed!
       Replace will regard l_i[15] is placed in (0, 0)
[WARNING GPL-0001] l_i[16] toplevel port is not placed!
       Replace will regard l_i[16] is placed in (0, 0)
[WARNING GPL-0001] l_i[17] toplevel port is not placed!
       Replace will regard l_i[17] is placed in (0, 0)
[WARNING GPL-0001] l_i[18] toplevel port is not placed!
       Replace will regard l_i[18] is placed in (0, 0)
[WARNING GPL-0001] l_i[19] toplevel port is not placed!
       Replace will regard l_i[19] is placed in (0, 0)
[WARNING GPL-0001] l_i[1] toplevel port is not placed!
       Replace will regard l_i[1] is placed in (0, 0)
[WARNING GPL-0001] l_i[20] toplevel port is not placed!
       Replace will regard l_i[20] is placed in (0, 0)
[WARNING GPL-0001] l_i[21] toplevel port is not placed!
       Replace will regard l_i[21] is placed in (0, 0)
[WARNING GPL-0001] l_i[22] toplevel port is not placed!
       Replace will regard l_i[22] is placed in (0, 0)
[WARNING GPL-0001] l_i[23] toplevel port is not placed!
       Replace will regard l_i[23] is placed in (0, 0)
[WARNING GPL-0001] l_i[24] toplevel port is not placed!
       Replace will regard l_i[24] is placed in (0, 0)
[WARNING GPL-0001] l_i[25] toplevel port is not placed!
       Replace will regard l_i[25] is placed in (0, 0)
[WARNING GPL-0001] l_i[26] toplevel port is not placed!
       Replace will regard l_i[26] is placed in (0, 0)
[WARNING GPL-0001] l_i[27] toplevel port is not placed!
       Replace will regard l_i[27] is placed in (0, 0)
[WARNING GPL-0001] l_i[28] toplevel port is not placed!
       Replace will regard l_i[28] is placed in (0, 0)
[WARNING GPL-0001] l_i[29] toplevel port is not placed!
       Replace will regard l_i[29] is placed in (0, 0)
[WARNING GPL-0001] l_i[2] toplevel port is not placed!
       Replace will regard l_i[2] is placed in (0, 0)
[WARNING GPL-0001] l_i[30] toplevel port is not placed!
       Replace will regard l_i[30] is placed in (0, 0)
[WARNING GPL-0001] l_i[31] toplevel port is not placed!
       Replace will regard l_i[31] is placed in (0, 0)
[WARNING GPL-0001] l_i[32] toplevel port is not placed!
       Replace will regard l_i[32] is placed in (0, 0)
[WARNING GPL-0001] l_i[33] toplevel port is not placed!
       Replace will regard l_i[33] is placed in (0, 0)
[WARNING GPL-0001] l_i[34] toplevel port is not placed!
       Replace will regard l_i[34] is placed in (0, 0)
[WARNING GPL-0001] l_i[35] toplevel port is not placed!
       Replace will regard l_i[35] is placed in (0, 0)
[WARNING GPL-0001] l_i[36] toplevel port is not placed!
       Replace will regard l_i[36] is placed in (0, 0)
[WARNING GPL-0001] l_i[3] toplevel port is not placed!
       Replace will regard l_i[3] is placed in (0, 0)
[WARNING GPL-0001] l_i[4] toplevel port is not placed!
       Replace will regard l_i[4] is placed in (0, 0)
[WARNING GPL-0001] l_i[5] toplevel port is not placed!
       Replace will regard l_i[5] is placed in (0, 0)
[WARNING GPL-0001] l_i[6] toplevel port is not placed!
       Replace will regard l_i[6] is placed in (0, 0)
[WARNING GPL-0001] l_i[7] toplevel port is not placed!
       Replace will regard l_i[7] is placed in (0, 0)
[WARNING GPL-0001] l_i[8] toplevel port is not placed!
       Replace will regard l_i[8] is placed in (0, 0)
[WARNING GPL-0001] l_i[9] toplevel port is not placed!
       Replace will regard l_i[9] is placed in (0, 0)
[WARNING GPL-0001] l_o[0] toplevel port is not placed!
       Replace will regard l_o[0] is placed in (0, 0)
[WARNING GPL-0001] l_o[10] toplevel port is not placed!
       Replace will regard l_o[10] is placed in (0, 0)
[WARNING GPL-0001] l_o[11] toplevel port is not placed!
       Replace will regard l_o[11] is placed in (0, 0)
[WARNING GPL-0001] l_o[12] toplevel port is not placed!
       Replace will regard l_o[12] is placed in (0, 0)
[WARNING GPL-0001] l_o[13] toplevel port is not placed!
       Replace will regard l_o[13] is placed in (0, 0)
[WARNING GPL-0001] l_o[14] toplevel port is not placed!
       Replace will regard l_o[14] is placed in (0, 0)
[WARNING GPL-0001] l_o[15] toplevel port is not placed!
       Replace will regard l_o[15] is placed in (0, 0)
[WARNING GPL-0001] l_o[16] toplevel port is not placed!
       Replace will regard l_o[16] is placed in (0, 0)
[WARNING GPL-0001] l_o[17] toplevel port is not placed!
       Replace will regard l_o[17] is placed in (0, 0)
[WARNING GPL-0001] l_o[18] toplevel port is not placed!
       Replace will regard l_o[18] is placed in (0, 0)
[WARNING GPL-0001] l_o[19] toplevel port is not placed!
       Replace will regard l_o[19] is placed in (0, 0)
[WARNING GPL-0001] l_o[1] toplevel port is not placed!
       Replace will regard l_o[1] is placed in (0, 0)
[WARNING GPL-0001] l_o[20] toplevel port is not placed!
       Replace will regard l_o[20] is placed in (0, 0)
[WARNING GPL-0001] l_o[21] toplevel port is not placed!
       Replace will regard l_o[21] is placed in (0, 0)
[WARNING GPL-0001] l_o[22] toplevel port is not placed!
       Replace will regard l_o[22] is placed in (0, 0)
[WARNING GPL-0001] l_o[23] toplevel port is not placed!
       Replace will regard l_o[23] is placed in (0, 0)
[WARNING GPL-0001] l_o[24] toplevel port is not placed!
       Replace will regard l_o[24] is placed in (0, 0)
[WARNING GPL-0001] l_o[25] toplevel port is not placed!
       Replace will regard l_o[25] is placed in (0, 0)
[WARNING GPL-0001] l_o[26] toplevel port is not placed!
       Replace will regard l_o[26] is placed in (0, 0)
[WARNING GPL-0001] l_o[27] toplevel port is not placed!
       Replace will regard l_o[27] is placed in (0, 0)
[WARNING GPL-0001] l_o[28] toplevel port is not placed!
       Replace will regard l_o[28] is placed in (0, 0)
[WARNING GPL-0001] l_o[29] toplevel port is not placed!
       Replace will regard l_o[29] is placed in (0, 0)
[WARNING GPL-0001] l_o[2] toplevel port is not placed!
       Replace will regard l_o[2] is placed in (0, 0)
[WARNING GPL-0001] l_o[30] toplevel port is not placed!
       Replace will regard l_o[30] is placed in (0, 0)
[WARNING GPL-0001] l_o[31] toplevel port is not placed!
       Replace will regard l_o[31] is placed in (0, 0)
[WARNING GPL-0001] l_o[32] toplevel port is not placed!
       Replace will regard l_o[32] is placed in (0, 0)
[WARNING GPL-0001] l_o[33] toplevel port is not placed!
       Replace will regard l_o[33] is placed in (0, 0)
[WARNING GPL-0001] l_o[34] toplevel port is not placed!
       Replace will regard l_o[34] is placed in (0, 0)
[WARNING GPL-0001] l_o[35] toplevel port is not placed!
       Replace will regard l_o[35] is placed in (0, 0)
[WARNING GPL-0001] l_o[36] toplevel port is not placed!
       Replace will regard l_o[36] is placed in (0, 0)
[WARNING GPL-0001] l_o[3] toplevel port is not placed!
       Replace will regard l_o[3] is placed in (0, 0)
[WARNING GPL-0001] l_o[4] toplevel port is not placed!
       Replace will regard l_o[4] is placed in (0, 0)
[WARNING GPL-0001] l_o[5] toplevel port is not placed!
       Replace will regard l_o[5] is placed in (0, 0)
[WARNING GPL-0001] l_o[6] toplevel port is not placed!
       Replace will regard l_o[6] is placed in (0, 0)
[WARNING GPL-0001] l_o[7] toplevel port is not placed!
       Replace will regard l_o[7] is placed in (0, 0)
[WARNING GPL-0001] l_o[8] toplevel port is not placed!
       Replace will regard l_o[8] is placed in (0, 0)
[WARNING GPL-0001] l_o[9] toplevel port is not placed!
       Replace will regard l_o[9] is placed in (0, 0)
[WARNING GPL-0001] r_i[0] toplevel port is not placed!
       Replace will regard r_i[0] is placed in (0, 0)
[WARNING GPL-0001] r_i[10] toplevel port is not placed!
       Replace will regard r_i[10] is placed in (0, 0)
[WARNING GPL-0001] r_i[11] toplevel port is not placed!
       Replace will regard r_i[11] is placed in (0, 0)
[WARNING GPL-0001] r_i[12] toplevel port is not placed!
       Replace will regard r_i[12] is placed in (0, 0)
[WARNING GPL-0001] r_i[13] toplevel port is not placed!
       Replace will regard r_i[13] is placed in (0, 0)
[WARNING GPL-0001] r_i[14] toplevel port is not placed!
       Replace will regard r_i[14] is placed in (0, 0)
[WARNING GPL-0001] r_i[15] toplevel port is not placed!
       Replace will regard r_i[15] is placed in (0, 0)
[WARNING GPL-0001] r_i[16] toplevel port is not placed!
       Replace will regard r_i[16] is placed in (0, 0)
[WARNING GPL-0001] r_i[17] toplevel port is not placed!
       Replace will regard r_i[17] is placed in (0, 0)
[WARNING GPL-0001] r_i[18] toplevel port is not placed!
       Replace will regard r_i[18] is placed in (0, 0)
[WARNING GPL-0001] r_i[19] toplevel port is not placed!
       Replace will regard r_i[19] is placed in (0, 0)
[WARNING GPL-0001] r_i[1] toplevel port is not placed!
       Replace will regard r_i[1] is placed in (0, 0)
[WARNING GPL-0001] r_i[20] toplevel port is not placed!
       Replace will regard r_i[20] is placed in (0, 0)
[WARNING GPL-0001] r_i[21] toplevel port is not placed!
       Replace will regard r_i[21] is placed in (0, 0)
[WARNING GPL-0001] r_i[22] toplevel port is not placed!
       Replace will regard r_i[22] is placed in (0, 0)
[WARNING GPL-0001] r_i[23] toplevel port is not placed!
       Replace will regard r_i[23] is placed in (0, 0)
[WARNING GPL-0001] r_i[24] toplevel port is not placed!
       Replace will regard r_i[24] is placed in (0, 0)
[WARNING GPL-0001] r_i[25] toplevel port is not placed!
       Replace will regard r_i[25] is placed in (0, 0)
[WARNING GPL-0001] r_i[26] toplevel port is not placed!
       Replace will regard r_i[26] is placed in (0, 0)
[WARNING GPL-0001] r_i[27] toplevel port is not placed!
       Replace will regard r_i[27] is placed in (0, 0)
[WARNING GPL-0001] r_i[28] toplevel port is not placed!
       Replace will regard r_i[28] is placed in (0, 0)
[WARNING GPL-0001] r_i[29] toplevel port is not placed!
       Replace will regard r_i[29] is placed in (0, 0)
[WARNING GPL-0001] r_i[2] toplevel port is not placed!
       Replace will regard r_i[2] is placed in (0, 0)
[WARNING GPL-0001] r_i[30] toplevel port is not placed!
       Replace will regard r_i[30] is placed in (0, 0)
[WARNING GPL-0001] r_i[31] toplevel port is not placed!
       Replace will regard r_i[31] is placed in (0, 0)
[WARNING GPL-0001] r_i[32] toplevel port is not placed!
       Replace will regard r_i[32] is placed in (0, 0)
[WARNING GPL-0001] r_i[33] toplevel port is not placed!
       Replace will regard r_i[33] is placed in (0, 0)
[WARNING GPL-0001] r_i[34] toplevel port is not placed!
       Replace will regard r_i[34] is placed in (0, 0)
[WARNING GPL-0001] r_i[35] toplevel port is not placed!
       Replace will regard r_i[35] is placed in (0, 0)
[WARNING GPL-0001] r_i[36] toplevel port is not placed!
       Replace will regard r_i[36] is placed in (0, 0)
[WARNING GPL-0001] r_i[3] toplevel port is not placed!
       Replace will regard r_i[3] is placed in (0, 0)
[WARNING GPL-0001] r_i[4] toplevel port is not placed!
       Replace will regard r_i[4] is placed in (0, 0)
[WARNING GPL-0001] r_i[5] toplevel port is not placed!
       Replace will regard r_i[5] is placed in (0, 0)
[WARNING GPL-0001] r_i[6] toplevel port is not placed!
       Replace will regard r_i[6] is placed in (0, 0)
[WARNING GPL-0001] r_i[7] toplevel port is not placed!
       Replace will regard r_i[7] is placed in (0, 0)
[WARNING GPL-0001] r_i[8] toplevel port is not placed!
       Replace will regard r_i[8] is placed in (0, 0)
[WARNING GPL-0001] r_i[9] toplevel port is not placed!
       Replace will regard r_i[9] is placed in (0, 0)
[WARNING GPL-0001] r_o[0] toplevel port is not placed!
       Replace will regard r_o[0] is placed in (0, 0)
[WARNING GPL-0001] r_o[10] toplevel port is not placed!
       Replace will regard r_o[10] is placed in (0, 0)
[WARNING GPL-0001] r_o[11] toplevel port is not placed!
       Replace will regard r_o[11] is placed in (0, 0)
[WARNING GPL-0001] r_o[12] toplevel port is not placed!
       Replace will regard r_o[12] is placed in (0, 0)
[WARNING GPL-0001] r_o[13] toplevel port is not placed!
       Replace will regard r_o[13] is placed in (0, 0)
[WARNING GPL-0001] r_o[14] toplevel port is not placed!
       Replace will regard r_o[14] is placed in (0, 0)
[WARNING GPL-0001] r_o[15] toplevel port is not placed!
       Replace will regard r_o[15] is placed in (0, 0)
[WARNING GPL-0001] r_o[16] toplevel port is not placed!
       Replace will regard r_o[16] is placed in (0, 0)
[WARNING GPL-0001] r_o[17] toplevel port is not placed!
       Replace will regard r_o[17] is placed in (0, 0)
[WARNING GPL-0001] r_o[18] toplevel port is not placed!
       Replace will regard r_o[18] is placed in (0, 0)
[WARNING GPL-0001] r_o[19] toplevel port is not placed!
       Replace will regard r_o[19] is placed in (0, 0)
[WARNING GPL-0001] r_o[1] toplevel port is not placed!
       Replace will regard r_o[1] is placed in (0, 0)
[WARNING GPL-0001] r_o[20] toplevel port is not placed!
       Replace will regard r_o[20] is placed in (0, 0)
[WARNING GPL-0001] r_o[21] toplevel port is not placed!
       Replace will regard r_o[21] is placed in (0, 0)
[WARNING GPL-0001] r_o[22] toplevel port is not placed!
       Replace will regard r_o[22] is placed in (0, 0)
[WARNING GPL-0001] r_o[23] toplevel port is not placed!
       Replace will regard r_o[23] is placed in (0, 0)
[WARNING GPL-0001] r_o[24] toplevel port is not placed!
       Replace will regard r_o[24] is placed in (0, 0)
[WARNING GPL-0001] r_o[25] toplevel port is not placed!
       Replace will regard r_o[25] is placed in (0, 0)
[WARNING GPL-0001] r_o[26] toplevel port is not placed!
       Replace will regard r_o[26] is placed in (0, 0)
[WARNING GPL-0001] r_o[27] toplevel port is not placed!
       Replace will regard r_o[27] is placed in (0, 0)
[WARNING GPL-0001] r_o[28] toplevel port is not placed!
       Replace will regard r_o[28] is placed in (0, 0)
[WARNING GPL-0001] r_o[29] toplevel port is not placed!
       Replace will regard r_o[29] is placed in (0, 0)
[WARNING GPL-0001] r_o[2] toplevel port is not placed!
       Replace will regard r_o[2] is placed in (0, 0)
[WARNING GPL-0001] r_o[30] toplevel port is not placed!
       Replace will regard r_o[30] is placed in (0, 0)
[WARNING GPL-0001] r_o[31] toplevel port is not placed!
       Replace will regard r_o[31] is placed in (0, 0)
[WARNING GPL-0001] r_o[32] toplevel port is not placed!
       Replace will regard r_o[32] is placed in (0, 0)
[WARNING GPL-0001] r_o[33] toplevel port is not placed!
       Replace will regard r_o[33] is placed in (0, 0)
[WARNING GPL-0001] r_o[34] toplevel port is not placed!
       Replace will regard r_o[34] is placed in (0, 0)
[WARNING GPL-0001] r_o[35] toplevel port is not placed!
       Replace will regard r_o[35] is placed in (0, 0)
[WARNING GPL-0001] r_o[36] toplevel port is not placed!
       Replace will regard r_o[36] is placed in (0, 0)
[WARNING GPL-0001] r_o[3] toplevel port is not placed!
       Replace will regard r_o[3] is placed in (0, 0)
[WARNING GPL-0001] r_o[4] toplevel port is not placed!
       Replace will regard r_o[4] is placed in (0, 0)
[WARNING GPL-0001] r_o[5] toplevel port is not placed!
       Replace will regard r_o[5] is placed in (0, 0)
[WARNING GPL-0001] r_o[6] toplevel port is not placed!
       Replace will regard r_o[6] is placed in (0, 0)
[WARNING GPL-0001] r_o[7] toplevel port is not placed!
       Replace will regard r_o[7] is placed in (0, 0)
[WARNING GPL-0001] r_o[8] toplevel port is not placed!
       Replace will regard r_o[8] is placed in (0, 0)
[WARNING GPL-0001] r_o[9] toplevel port is not placed!
       Replace will regard r_o[9] is placed in (0, 0)
[WARNING GPL-0001] rst toplevel port is not placed!
       Replace will regard rst is placed in (0, 0)
[WARNING GPL-0001] u0_i[0] toplevel port is not placed!
       Replace will regard u0_i[0] is placed in (0, 0)
[WARNING GPL-0001] u0_i[10] toplevel port is not placed!
       Replace will regard u0_i[10] is placed in (0, 0)
[WARNING GPL-0001] u0_i[11] toplevel port is not placed!
       Replace will regard u0_i[11] is placed in (0, 0)
[WARNING GPL-0001] u0_i[12] toplevel port is not placed!
       Replace will regard u0_i[12] is placed in (0, 0)
[WARNING GPL-0001] u0_i[13] toplevel port is not placed!
       Replace will regard u0_i[13] is placed in (0, 0)
[WARNING GPL-0001] u0_i[14] toplevel port is not placed!
       Replace will regard u0_i[14] is placed in (0, 0)
[WARNING GPL-0001] u0_i[15] toplevel port is not placed!
       Replace will regard u0_i[15] is placed in (0, 0)
[WARNING GPL-0001] u0_i[16] toplevel port is not placed!
       Replace will regard u0_i[16] is placed in (0, 0)
[WARNING GPL-0001] u0_i[17] toplevel port is not placed!
       Replace will regard u0_i[17] is placed in (0, 0)
[WARNING GPL-0001] u0_i[18] toplevel port is not placed!
       Replace will regard u0_i[18] is placed in (0, 0)
[WARNING GPL-0001] u0_i[19] toplevel port is not placed!
       Replace will regard u0_i[19] is placed in (0, 0)
[WARNING GPL-0001] u0_i[1] toplevel port is not placed!
       Replace will regard u0_i[1] is placed in (0, 0)
[WARNING GPL-0001] u0_i[20] toplevel port is not placed!
       Replace will regard u0_i[20] is placed in (0, 0)
[WARNING GPL-0001] u0_i[21] toplevel port is not placed!
       Replace will regard u0_i[21] is placed in (0, 0)
[WARNING GPL-0001] u0_i[22] toplevel port is not placed!
       Replace will regard u0_i[22] is placed in (0, 0)
[WARNING GPL-0001] u0_i[23] toplevel port is not placed!
       Replace will regard u0_i[23] is placed in (0, 0)
[WARNING GPL-0001] u0_i[24] toplevel port is not placed!
       Replace will regard u0_i[24] is placed in (0, 0)
[WARNING GPL-0001] u0_i[25] toplevel port is not placed!
       Replace will regard u0_i[25] is placed in (0, 0)
[WARNING GPL-0001] u0_i[26] toplevel port is not placed!
       Replace will regard u0_i[26] is placed in (0, 0)
[WARNING GPL-0001] u0_i[27] toplevel port is not placed!
       Replace will regard u0_i[27] is placed in (0, 0)
[WARNING GPL-0001] u0_i[28] toplevel port is not placed!
       Replace will regard u0_i[28] is placed in (0, 0)
[WARNING GPL-0001] u0_i[29] toplevel port is not placed!
       Replace will regard u0_i[29] is placed in (0, 0)
[WARNING GPL-0001] u0_i[2] toplevel port is not placed!
       Replace will regard u0_i[2] is placed in (0, 0)
[WARNING GPL-0001] u0_i[30] toplevel port is not placed!
       Replace will regard u0_i[30] is placed in (0, 0)
[WARNING GPL-0001] u0_i[31] toplevel port is not placed!
       Replace will regard u0_i[31] is placed in (0, 0)
[WARNING GPL-0001] u0_i[32] toplevel port is not placed!
       Replace will regard u0_i[32] is placed in (0, 0)
[WARNING GPL-0001] u0_i[33] toplevel port is not placed!
       Replace will regard u0_i[33] is placed in (0, 0)
[WARNING GPL-0001] u0_i[34] toplevel port is not placed!
       Replace will regard u0_i[34] is placed in (0, 0)
[WARNING GPL-0001] u0_i[35] toplevel port is not placed!
       Replace will regard u0_i[35] is placed in (0, 0)
[WARNING GPL-0001] u0_i[36] toplevel port is not placed!
       Replace will regard u0_i[36] is placed in (0, 0)
[WARNING GPL-0001] u0_i[3] toplevel port is not placed!
       Replace will regard u0_i[3] is placed in (0, 0)
[WARNING GPL-0001] u0_i[4] toplevel port is not placed!
       Replace will regard u0_i[4] is placed in (0, 0)
[WARNING GPL-0001] u0_i[5] toplevel port is not placed!
       Replace will regard u0_i[5] is placed in (0, 0)
[WARNING GPL-0001] u0_i[6] toplevel port is not placed!
       Replace will regard u0_i[6] is placed in (0, 0)
[WARNING GPL-0001] u0_i[7] toplevel port is not placed!
       Replace will regard u0_i[7] is placed in (0, 0)
[WARNING GPL-0001] u0_i[8] toplevel port is not placed!
       Replace will regard u0_i[8] is placed in (0, 0)
[WARNING GPL-0001] u0_i[9] toplevel port is not placed!
       Replace will regard u0_i[9] is placed in (0, 0)
[WARNING GPL-0001] u0_o[0] toplevel port is not placed!
       Replace will regard u0_o[0] is placed in (0, 0)
[WARNING GPL-0001] u0_o[10] toplevel port is not placed!
       Replace will regard u0_o[10] is placed in (0, 0)
[WARNING GPL-0001] u0_o[11] toplevel port is not placed!
       Replace will regard u0_o[11] is placed in (0, 0)
[WARNING GPL-0001] u0_o[12] toplevel port is not placed!
       Replace will regard u0_o[12] is placed in (0, 0)
[WARNING GPL-0001] u0_o[13] toplevel port is not placed!
       Replace will regard u0_o[13] is placed in (0, 0)
[WARNING GPL-0001] u0_o[14] toplevel port is not placed!
       Replace will regard u0_o[14] is placed in (0, 0)
[WARNING GPL-0001] u0_o[15] toplevel port is not placed!
       Replace will regard u0_o[15] is placed in (0, 0)
[WARNING GPL-0001] u0_o[16] toplevel port is not placed!
       Replace will regard u0_o[16] is placed in (0, 0)
[WARNING GPL-0001] u0_o[17] toplevel port is not placed!
       Replace will regard u0_o[17] is placed in (0, 0)
[WARNING GPL-0001] u0_o[18] toplevel port is not placed!
       Replace will regard u0_o[18] is placed in (0, 0)
[WARNING GPL-0001] u0_o[19] toplevel port is not placed!
       Replace will regard u0_o[19] is placed in (0, 0)
[WARNING GPL-0001] u0_o[1] toplevel port is not placed!
       Replace will regard u0_o[1] is placed in (0, 0)
[WARNING GPL-0001] u0_o[20] toplevel port is not placed!
       Replace will regard u0_o[20] is placed in (0, 0)
[WARNING GPL-0001] u0_o[21] toplevel port is not placed!
       Replace will regard u0_o[21] is placed in (0, 0)
[WARNING GPL-0001] u0_o[22] toplevel port is not placed!
       Replace will regard u0_o[22] is placed in (0, 0)
[WARNING GPL-0001] u0_o[23] toplevel port is not placed!
       Replace will regard u0_o[23] is placed in (0, 0)
[WARNING GPL-0001] u0_o[24] toplevel port is not placed!
       Replace will regard u0_o[24] is placed in (0, 0)
[WARNING GPL-0001] u0_o[25] toplevel port is not placed!
       Replace will regard u0_o[25] is placed in (0, 0)
[WARNING GPL-0001] u0_o[26] toplevel port is not placed!
       Replace will regard u0_o[26] is placed in (0, 0)
[WARNING GPL-0001] u0_o[27] toplevel port is not placed!
       Replace will regard u0_o[27] is placed in (0, 0)
[WARNING GPL-0001] u0_o[28] toplevel port is not placed!
       Replace will regard u0_o[28] is placed in (0, 0)
[WARNING GPL-0001] u0_o[29] toplevel port is not placed!
       Replace will regard u0_o[29] is placed in (0, 0)
[WARNING GPL-0001] u0_o[2] toplevel port is not placed!
       Replace will regard u0_o[2] is placed in (0, 0)
[WARNING GPL-0001] u0_o[30] toplevel port is not placed!
       Replace will regard u0_o[30] is placed in (0, 0)
[WARNING GPL-0001] u0_o[31] toplevel port is not placed!
       Replace will regard u0_o[31] is placed in (0, 0)
[WARNING GPL-0001] u0_o[32] toplevel port is not placed!
       Replace will regard u0_o[32] is placed in (0, 0)
[WARNING GPL-0001] u0_o[33] toplevel port is not placed!
       Replace will regard u0_o[33] is placed in (0, 0)
[WARNING GPL-0001] u0_o[34] toplevel port is not placed!
       Replace will regard u0_o[34] is placed in (0, 0)
[WARNING GPL-0001] u0_o[35] toplevel port is not placed!
       Replace will regard u0_o[35] is placed in (0, 0)
[WARNING GPL-0001] u0_o[36] toplevel port is not placed!
       Replace will regard u0_o[36] is placed in (0, 0)
[WARNING GPL-0001] u0_o[3] toplevel port is not placed!
       Replace will regard u0_o[3] is placed in (0, 0)
[WARNING GPL-0001] u0_o[4] toplevel port is not placed!
       Replace will regard u0_o[4] is placed in (0, 0)
[WARNING GPL-0001] u0_o[5] toplevel port is not placed!
       Replace will regard u0_o[5] is placed in (0, 0)
[WARNING GPL-0001] u0_o[6] toplevel port is not placed!
       Replace will regard u0_o[6] is placed in (0, 0)
[WARNING GPL-0001] u0_o[7] toplevel port is not placed!
       Replace will regard u0_o[7] is placed in (0, 0)
[WARNING GPL-0001] u0_o[8] toplevel port is not placed!
       Replace will regard u0_o[8] is placed in (0, 0)
[WARNING GPL-0001] u0_o[9] toplevel port is not placed!
       Replace will regard u0_o[9] is placed in (0, 0)
[WARNING GPL-0001] u1_i[0] toplevel port is not placed!
       Replace will regard u1_i[0] is placed in (0, 0)
[WARNING GPL-0001] u1_i[10] toplevel port is not placed!
       Replace will regard u1_i[10] is placed in (0, 0)
[WARNING GPL-0001] u1_i[11] toplevel port is not placed!
       Replace will regard u1_i[11] is placed in (0, 0)
[WARNING GPL-0001] u1_i[12] toplevel port is not placed!
       Replace will regard u1_i[12] is placed in (0, 0)
[WARNING GPL-0001] u1_i[13] toplevel port is not placed!
       Replace will regard u1_i[13] is placed in (0, 0)
[WARNING GPL-0001] u1_i[14] toplevel port is not placed!
       Replace will regard u1_i[14] is placed in (0, 0)
[WARNING GPL-0001] u1_i[15] toplevel port is not placed!
       Replace will regard u1_i[15] is placed in (0, 0)
[WARNING GPL-0001] u1_i[16] toplevel port is not placed!
       Replace will regard u1_i[16] is placed in (0, 0)
[WARNING GPL-0001] u1_i[17] toplevel port is not placed!
       Replace will regard u1_i[17] is placed in (0, 0)
[WARNING GPL-0001] u1_i[18] toplevel port is not placed!
       Replace will regard u1_i[18] is placed in (0, 0)
[WARNING GPL-0001] u1_i[19] toplevel port is not placed!
       Replace will regard u1_i[19] is placed in (0, 0)
[WARNING GPL-0001] u1_i[1] toplevel port is not placed!
       Replace will regard u1_i[1] is placed in (0, 0)
[WARNING GPL-0001] u1_i[20] toplevel port is not placed!
       Replace will regard u1_i[20] is placed in (0, 0)
[WARNING GPL-0001] u1_i[21] toplevel port is not placed!
       Replace will regard u1_i[21] is placed in (0, 0)
[WARNING GPL-0001] u1_i[22] toplevel port is not placed!
       Replace will regard u1_i[22] is placed in (0, 0)
[WARNING GPL-0001] u1_i[23] toplevel port is not placed!
       Replace will regard u1_i[23] is placed in (0, 0)
[WARNING GPL-0001] u1_i[24] toplevel port is not placed!
       Replace will regard u1_i[24] is placed in (0, 0)
[WARNING GPL-0001] u1_i[25] toplevel port is not placed!
       Replace will regard u1_i[25] is placed in (0, 0)
[WARNING GPL-0001] u1_i[26] toplevel port is not placed!
       Replace will regard u1_i[26] is placed in (0, 0)
[WARNING GPL-0001] u1_i[27] toplevel port is not placed!
       Replace will regard u1_i[27] is placed in (0, 0)
[WARNING GPL-0001] u1_i[28] toplevel port is not placed!
       Replace will regard u1_i[28] is placed in (0, 0)
[WARNING GPL-0001] u1_i[29] toplevel port is not placed!
       Replace will regard u1_i[29] is placed in (0, 0)
[WARNING GPL-0001] u1_i[2] toplevel port is not placed!
       Replace will regard u1_i[2] is placed in (0, 0)
[WARNING GPL-0001] u1_i[30] toplevel port is not placed!
       Replace will regard u1_i[30] is placed in (0, 0)
[WARNING GPL-0001] u1_i[31] toplevel port is not placed!
       Replace will regard u1_i[31] is placed in (0, 0)
[WARNING GPL-0001] u1_i[32] toplevel port is not placed!
       Replace will regard u1_i[32] is placed in (0, 0)
[WARNING GPL-0001] u1_i[33] toplevel port is not placed!
       Replace will regard u1_i[33] is placed in (0, 0)
[WARNING GPL-0001] u1_i[34] toplevel port is not placed!
       Replace will regard u1_i[34] is placed in (0, 0)
[WARNING GPL-0001] u1_i[35] toplevel port is not placed!
       Replace will regard u1_i[35] is placed in (0, 0)
[WARNING GPL-0001] u1_i[36] toplevel port is not placed!
       Replace will regard u1_i[36] is placed in (0, 0)
[WARNING GPL-0001] u1_i[3] toplevel port is not placed!
       Replace will regard u1_i[3] is placed in (0, 0)
[WARNING GPL-0001] u1_i[4] toplevel port is not placed!
       Replace will regard u1_i[4] is placed in (0, 0)
[WARNING GPL-0001] u1_i[5] toplevel port is not placed!
       Replace will regard u1_i[5] is placed in (0, 0)
[WARNING GPL-0001] u1_i[6] toplevel port is not placed!
       Replace will regard u1_i[6] is placed in (0, 0)
[WARNING GPL-0001] u1_i[7] toplevel port is not placed!
       Replace will regard u1_i[7] is placed in (0, 0)
[WARNING GPL-0001] u1_i[8] toplevel port is not placed!
       Replace will regard u1_i[8] is placed in (0, 0)
[WARNING GPL-0001] u1_i[9] toplevel port is not placed!
       Replace will regard u1_i[9] is placed in (0, 0)
[WARNING GPL-0001] u1_o[0] toplevel port is not placed!
       Replace will regard u1_o[0] is placed in (0, 0)
[WARNING GPL-0001] u1_o[10] toplevel port is not placed!
       Replace will regard u1_o[10] is placed in (0, 0)
[WARNING GPL-0001] u1_o[11] toplevel port is not placed!
       Replace will regard u1_o[11] is placed in (0, 0)
[WARNING GPL-0001] u1_o[12] toplevel port is not placed!
       Replace will regard u1_o[12] is placed in (0, 0)
[WARNING GPL-0001] u1_o[13] toplevel port is not placed!
       Replace will regard u1_o[13] is placed in (0, 0)
[WARNING GPL-0001] u1_o[14] toplevel port is not placed!
       Replace will regard u1_o[14] is placed in (0, 0)
[WARNING GPL-0001] u1_o[15] toplevel port is not placed!
       Replace will regard u1_o[15] is placed in (0, 0)
[WARNING GPL-0001] u1_o[16] toplevel port is not placed!
       Replace will regard u1_o[16] is placed in (0, 0)
[WARNING GPL-0001] u1_o[17] toplevel port is not placed!
       Replace will regard u1_o[17] is placed in (0, 0)
[WARNING GPL-0001] u1_o[18] toplevel port is not placed!
       Replace will regard u1_o[18] is placed in (0, 0)
[WARNING GPL-0001] u1_o[19] toplevel port is not placed!
       Replace will regard u1_o[19] is placed in (0, 0)
[WARNING GPL-0001] u1_o[1] toplevel port is not placed!
       Replace will regard u1_o[1] is placed in (0, 0)
[WARNING GPL-0001] u1_o[20] toplevel port is not placed!
       Replace will regard u1_o[20] is placed in (0, 0)
[WARNING GPL-0001] u1_o[21] toplevel port is not placed!
       Replace will regard u1_o[21] is placed in (0, 0)
[WARNING GPL-0001] u1_o[22] toplevel port is not placed!
       Replace will regard u1_o[22] is placed in (0, 0)
[WARNING GPL-0001] u1_o[23] toplevel port is not placed!
       Replace will regard u1_o[23] is placed in (0, 0)
[WARNING GPL-0001] u1_o[24] toplevel port is not placed!
       Replace will regard u1_o[24] is placed in (0, 0)
[WARNING GPL-0001] u1_o[25] toplevel port is not placed!
       Replace will regard u1_o[25] is placed in (0, 0)
[WARNING GPL-0001] u1_o[26] toplevel port is not placed!
       Replace will regard u1_o[26] is placed in (0, 0)
[WARNING GPL-0001] u1_o[27] toplevel port is not placed!
       Replace will regard u1_o[27] is placed in (0, 0)
[WARNING GPL-0001] u1_o[28] toplevel port is not placed!
       Replace will regard u1_o[28] is placed in (0, 0)
[WARNING GPL-0001] u1_o[29] toplevel port is not placed!
       Replace will regard u1_o[29] is placed in (0, 0)
[WARNING GPL-0001] u1_o[2] toplevel port is not placed!
       Replace will regard u1_o[2] is placed in (0, 0)
[WARNING GPL-0001] u1_o[30] toplevel port is not placed!
       Replace will regard u1_o[30] is placed in (0, 0)
[WARNING GPL-0001] u1_o[31] toplevel port is not placed!
       Replace will regard u1_o[31] is placed in (0, 0)
[WARNING GPL-0001] u1_o[32] toplevel port is not placed!
       Replace will regard u1_o[32] is placed in (0, 0)
[WARNING GPL-0001] u1_o[33] toplevel port is not placed!
       Replace will regard u1_o[33] is placed in (0, 0)
[WARNING GPL-0001] u1_o[34] toplevel port is not placed!
       Replace will regard u1_o[34] is placed in (0, 0)
[WARNING GPL-0001] u1_o[35] toplevel port is not placed!
       Replace will regard u1_o[35] is placed in (0, 0)
[WARNING GPL-0001] u1_o[36] toplevel port is not placed!
       Replace will regard u1_o[36] is placed in (0, 0)
[WARNING GPL-0001] u1_o[3] toplevel port is not placed!
       Replace will regard u1_o[3] is placed in (0, 0)
[WARNING GPL-0001] u1_o[4] toplevel port is not placed!
       Replace will regard u1_o[4] is placed in (0, 0)
[WARNING GPL-0001] u1_o[5] toplevel port is not placed!
       Replace will regard u1_o[5] is placed in (0, 0)
[WARNING GPL-0001] u1_o[6] toplevel port is not placed!
       Replace will regard u1_o[6] is placed in (0, 0)
[WARNING GPL-0001] u1_o[7] toplevel port is not placed!
       Replace will regard u1_o[7] is placed in (0, 0)
[WARNING GPL-0001] u1_o[8] toplevel port is not placed!
       Replace will regard u1_o[8] is placed in (0, 0)
[WARNING GPL-0001] u1_o[9] toplevel port is not placed!
       Replace will regard u1_o[9] is placed in (0, 0)
[INFO GPL-0006] Number of instances:               839
[INFO GPL-0007] Movable instances:                 729
[INFO GPL-0008] Fixed instances:                   110
[INFO GPL-0009] Dummy instances:                     0
[INFO GPL-0010] Number of nets:                    880
[INFO GPL-0011] Number of pins:                   2643
[INFO GPL-0012] Die BBox:  (  0.000  0.000 ) ( 19.098 19.098 ) um
[INFO GPL-0013] Core BBox: (  2.052  2.160 ) ( 17.064 17.010 ) um
[INFO GPL-0016] Core area:                     222.928 um^2
[INFO GPL-0017] Fixed instances area:            3.208 um^2
[INFO GPL-0018] Movable instances area:         91.183 um^2
[INFO GPL-0019] Utilization:                    41.500 %
[INFO GPL-0020] Standard cells area:            91.183 um^2
[INFO GPL-0021] Large instances area:            0.000 um^2
[INFO GPL-0023] Placement target density:       1.0000
[INFO GPL-0024] Movable insts average area:      0.125 um^2
[INFO GPL-0025] Ideal bin area:                  0.125 um^2
[INFO GPL-0026] Ideal bin count:                  1782
[INFO GPL-0027] Total bin area:                222.928 um^2
[INFO GPL-0028] Bin count (X, Y):          32 ,     32
[INFO GPL-0029] Bin size (W * H):       0.469 *  0.464 um
[INFO GPL-0030] Number of bins:                   1024
Placement density is 0.5459999895095825, computed from PLACE_DENSITY_LB_ADDON 0.20 and lower bound 0.41999998688697815
global_placement -skip_io -density 0.5459999895095825 -pad_left 0 -pad_right 0
[INFO GPL-0002] DBU: 1000
[INFO GPL-0003] SiteSize: (  0.054  0.270 ) um
[INFO GPL-0004] CoreBBox: (  2.052  2.160 ) ( 17.064 17.010 ) um
[INFO GPL-0006] Number of instances:               839
[INFO GPL-0007] Movable instances:                 729
[INFO GPL-0008] Fixed instances:                   110
[INFO GPL-0009] Dummy instances:                     0
[INFO GPL-0010] Number of nets:                    880
[INFO GPL-0011] Number of pins:                   2343
[INFO GPL-0012] Die BBox:  (  0.000  0.000 ) ( 19.098 19.098 ) um
[INFO GPL-0013] Core BBox: (  2.052  2.160 ) ( 17.064 17.010 ) um
[INFO GPL-0016] Core area:                     222.928 um^2
[INFO GPL-0017] Fixed instances area:            3.208 um^2
[INFO GPL-0018] Movable instances area:         91.183 um^2
[INFO GPL-0019] Utilization:                    41.500 %
[INFO GPL-0020] Standard cells area:            91.183 um^2
[INFO GPL-0021] Large instances area:            0.000 um^2
[INFO GPL-0023] Placement target density:       0.5460
[INFO GPL-0024] Movable insts average area:      0.125 um^2
[INFO GPL-0025] Ideal bin area:                  0.229 um^2
[INFO GPL-0026] Ideal bin count:                   973
[INFO GPL-0027] Total bin area:                222.928 um^2
[INFO GPL-0028] Bin count (X, Y):          16 ,     16
[INFO GPL-0029] Bin size (W * H):       0.938 *  0.928 um
[INFO GPL-0030] Number of bins:                    256
[INFO GPL-0031] HPWL: Half-Perimeter Wirelength
Iteration | Overflow |     HPWL (um) |  HPWL(%) |   Penalty | Group
---------------------------------------------------------------
        1 |   0.9329 |  4.686630e+05 |   +0.00% |  4.84e-12 |      
       10 |   0.9572 |  6.327500e+04 |  -86.50% |  7.52e-12 |      
       20 |   0.9572 |  4.484400e+04 |  -29.13% |  1.22e-11 |      
       30 |   0.9572 |  4.114100e+04 |   -8.26% |  1.99e-11 |      
       40 |   0.9572 |  4.097700e+04 |   -0.40% |  3.25e-11 |      
       50 |   0.9572 |  4.136300e+04 |   +0.94% |  5.29e-11 |      
       60 |   0.9572 |  4.205400e+04 |   +1.67% |  8.62e-11 |      
       70 |   0.9571 |  4.323200e+04 |   +2.80% |  1.40e-10 |      
       80 |   0.9569 |  4.497000e+04 |   +4.02% |  2.29e-10 |      
       90 |   0.9553 |  4.796300e+04 |   +6.66% |  3.72e-10 |      
      100 |   0.9535 |  5.384000e+04 |  +12.25% |  6.07e-10 |      
      110 |   0.9534 |  6.622400e+04 |  +23.00% |  9.88e-10 |      
      120 |   0.9449 |  9.503200e+04 |  +43.50% |  1.61e-09 |      
      130 |   0.9314 |  1.457390e+05 |  +53.36% |  2.62e-09 |      
      140 |   0.9045 |  1.990160e+05 |  +36.56% |  4.27e-09 |      
      150 |   0.8421 |  2.757090e+05 |  +38.54% |  6.96e-09 |      
      160 |   0.7940 |  3.516090e+05 |  +27.53% |  1.13e-08 |      
      170 |   0.7596 |  3.685790e+05 |   +4.83% |  1.85e-08 |      
      180 |   0.7187 |  4.304770e+05 |  +16.79% |  3.01e-08 |      
      190 |   0.6773 |  4.861950e+05 |  +12.94% |  4.90e-08 |      
      200 |   0.6342 |  5.367120e+05 |  +10.39% |  7.98e-08 |      
      210 |   0.5928 |  5.822640e+05 |   +8.49% |  1.30e-07 |      
      220 |   0.5383 |  6.318360e+05 |   +8.51% |  2.12e-07 |      
      230 |   0.4894 |  6.767530e+05 |   +7.11% |  3.45e-07 |      
      240 |   0.4408 |  7.196590e+05 |   +6.34% |  5.62e-07 |      
      250 |   0.3908 |  7.596020e+05 |   +5.55% |  9.15e-07 |      
      260 |   0.3373 |  7.870070e+05 |   +3.61% |  1.48e-06 |      
      270 |   0.2950 |  7.987500e+05 |   +1.49% |  2.17e-06 |      
      280 |   0.2570 |  8.079300e+05 |   +1.15% |  3.20e-06 |      
      290 |   0.2215 |  8.074410e+05 |   -0.06% |  4.72e-06 |      
      300 |   0.1957 |  8.153310e+05 |   +0.98% |  6.95e-06 |      
      310 |   0.1682 |  8.271200e+05 |   +1.45% |  1.02e-05 |      
      320 |   0.1423 |  8.363230e+05 |   +1.11% |  1.51e-05 |      
      330 |   0.1212 |  8.429080e+05 |   +0.79% |  2.22e-05 |      
      340 |   0.1008 |  8.483730e+05 |   +0.65% |  3.27e-05 |      
[INFO GPL-1001] Finished with Overflow: 0.097869
[INFO GPL-1002] Placed Cell Area               91.1833
[INFO GPL-1003] Available Free Area           219.7206
[INFO GPL-1004] Minimum Feasible Density        0.4200 (cell_area / free_area)
[INFO GPL-1006]   Suggested Target Densities:
[INFO GPL-1007]     - For 90% usage of free space: 0.4611
[INFO GPL-1008]     - For 80% usage of free space: 0.5187
Elapsed time: 0:00.98[h:]min:sec. CPU time: user 2.85 sys 0.05 (294%). Peak memory: 191592KB.
