OpenROAD v2.0-21872-gd51df1dea5 
Features included (+) or not (-): +GPU +GUI +Python
This program is licensed under the BSD-3 license. See the LICENSE file for details.
Components of this program may be licensed under more restrictive licenses which must be honored.
[INFO ORD-0030] Using 24 thread(s).
source /home/h3sun/720-noc-project/OpenROAD-flow-scripts/flow/platforms/asap7/liberty_suppressions.tcl
suppress_message STA 1212
Perform port buffering...
[INFO RSZ-0027] Inserted 141 input buffers.
[INFO RSZ-0028] Inserted 145 output buffers.
Perform buffer insertion and gate resizing...
repair_design -verbose
[INFO RSZ-0058] Using max wire length 162um.
Iteration |   Area    | Resized | Buffers | Nets repaired | Remaining
---------------------------------------------------------------------
        0 |     +0.0% |       0 |       0 |             0 |      1166
       10 |     +0.0% |       0 |       0 |             0 |      1156
       20 |     +0.0% |       0 |       0 |             0 |      1146
       30 |     +0.0% |       0 |       0 |             0 |      1136
       40 |     +0.0% |       0 |       0 |             0 |      1126
       50 |     +0.0% |       0 |       0 |             0 |      1116
       60 |     +0.0% |       0 |       0 |             0 |      1106
       70 |     +0.0% |       0 |       0 |             0 |      1096
       80 |     +0.0% |       0 |       0 |             0 |      1086
       90 |     +0.0% |       0 |       0 |             0 |      1076
      100 |     +0.0% |       0 |       0 |             0 |      1066
      110 |     +0.0% |       0 |       0 |             0 |      1056
      120 |     +0.0% |       0 |       0 |             0 |      1046
      130 |     +0.0% |       0 |       0 |             0 |      1036
      140 |     +0.0% |       0 |       0 |             0 |      1026
      150 |     +0.0% |       0 |       0 |             0 |      1016
      160 |     +0.0% |       0 |       0 |             0 |      1006
      170 |     +0.0% |       0 |       0 |             0 |       996
      180 |     +0.0% |       0 |       0 |             0 |       986
      190 |     +0.0% |       0 |       0 |             0 |       976
      200 |     +0.0% |       0 |       0 |             0 |       966
      210 |     +0.1% |       1 |       0 |             0 |       956
      220 |     +0.1% |       1 |       0 |             0 |       946
      230 |     +0.1% |       1 |       0 |             0 |       936
      240 |     +0.1% |       1 |       0 |             0 |       926
      250 |     +0.1% |       1 |       0 |             0 |       916
      260 |     +0.1% |       1 |       0 |             0 |       906
      270 |     +0.1% |       1 |       0 |             0 |       896
      280 |     +0.1% |       2 |       0 |             0 |       886
      290 |     +0.1% |       4 |       0 |             0 |       876
      300 |     +0.1% |       4 |       0 |             0 |       866
      310 |     +0.1% |       4 |       0 |             0 |       856
      320 |     +0.1% |       4 |       0 |             0 |       846
      330 |     +0.1% |       4 |       0 |             0 |       836
      340 |     +0.1% |       5 |       0 |             0 |       826
      350 |     +0.1% |       6 |       0 |             0 |       816
      360 |     +0.1% |       6 |       0 |             0 |       806
      370 |     +0.1% |       6 |       0 |             0 |       796
      380 |     +0.1% |       6 |       0 |             0 |       786
      390 |     +0.1% |       7 |       0 |             0 |       776
      400 |     +0.1% |      13 |       0 |             0 |       766
      410 |     +0.3% |      23 |       0 |             0 |       756
      420 |     +0.4% |      33 |       0 |             0 |       746
      430 |     +0.5% |      43 |       0 |             0 |       736
      440 |     +0.6% |      53 |       0 |             0 |       726
      450 |     +0.8% |      63 |       0 |             0 |       716
      460 |     +0.9% |      73 |       0 |             0 |       706
      470 |     +1.0% |      83 |       0 |             0 |       696
      480 |     +1.1% |      93 |       0 |             0 |       686
      490 |     +1.3% |     103 |       0 |             0 |       676
      500 |     +1.4% |     113 |       0 |             0 |       666
      510 |     +1.5% |     123 |       0 |             0 |       656
      520 |     +1.6% |     133 |       0 |             0 |       646
      530 |     +1.8% |     143 |       0 |             0 |       636
      540 |     +1.9% |     152 |       0 |             0 |       626
      550 |     +1.9% |     152 |       0 |             0 |       616
      560 |     +1.9% |     153 |       0 |             0 |       606
      570 |     +1.9% |     153 |       0 |             0 |       596
      580 |     +1.9% |     153 |       0 |             0 |       586
      590 |     +1.9% |     153 |       0 |             0 |       576
      600 |     +1.9% |     153 |       0 |             0 |       566
      610 |     +1.9% |     153 |       0 |             0 |       556
      620 |     +1.9% |     153 |       0 |             0 |       546
      630 |     +1.9% |     153 |       0 |             0 |       536
      640 |     +1.9% |     153 |       0 |             0 |       526
      650 |     +1.9% |     153 |       0 |             0 |       516
      660 |     +1.9% |     153 |       0 |             0 |       506
      670 |     +1.9% |     153 |       0 |             0 |       496
      680 |     +1.9% |     153 |       0 |             0 |       486
      690 |     +1.9% |     153 |       0 |             0 |       476
      700 |     +1.9% |     153 |       0 |             0 |       466
      710 |     +1.9% |     153 |       0 |             0 |       456
      720 |     +1.9% |     153 |       0 |             0 |       446
      730 |     +1.9% |     153 |       0 |             0 |       436
      740 |     +1.9% |     153 |       0 |             0 |       426
      750 |     +1.9% |     153 |       0 |             0 |       416
      760 |     +1.9% |     153 |       0 |             0 |       406
      770 |     +1.9% |     153 |       0 |             0 |       396
      780 |     +1.9% |     153 |       0 |             0 |       386
      790 |     +1.9% |     153 |       0 |             0 |       376
      800 |     +1.9% |     153 |       0 |             0 |       366
      810 |     +1.9% |     153 |       0 |             0 |       356
      820 |     +1.9% |     153 |       0 |             0 |       346
      830 |     +1.9% |     153 |       0 |             0 |       336
      840 |     +1.9% |     153 |       0 |             0 |       326
      850 |     +1.9% |     153 |       0 |             0 |       316
      860 |     +1.9% |     153 |       0 |             0 |       306
      870 |     +1.9% |     153 |       0 |             0 |       296
      880 |     +2.0% |     163 |       0 |             0 |       286
      890 |     +2.1% |     173 |       0 |             0 |       276
      900 |     +2.3% |     183 |       0 |             0 |       266
      910 |     +2.4% |     193 |       0 |             0 |       256
      920 |     +2.5% |     203 |       0 |             0 |       246
      930 |     +2.6% |     213 |       0 |             0 |       236
      940 |     +2.8% |     223 |       0 |             0 |       226
      950 |     +2.9% |     233 |       0 |             0 |       216
      960 |     +3.0% |     243 |       0 |             0 |       206
      970 |     +3.1% |     253 |       0 |             0 |       196
      980 |     +3.3% |     263 |       0 |             0 |       186
      990 |     +3.4% |     273 |       0 |             0 |       176
     1000 |     +3.5% |     283 |       0 |             0 |       166
     1010 |     +3.7% |     293 |       0 |             0 |       156
     1020 |     +3.7% |     294 |       0 |             0 |       146
     1030 |     +3.7% |     294 |       0 |             0 |       136
     1040 |     +3.7% |     294 |       0 |             0 |       126
     1050 |     +3.7% |     294 |       0 |             0 |       116
     1060 |     +3.7% |     294 |       0 |             0 |       106
     1070 |     +3.7% |     294 |       0 |             0 |        96
     1080 |     +3.7% |     294 |       0 |             0 |        86
     1090 |     +3.7% |     294 |       0 |             0 |        76
     1100 |     +3.7% |     294 |       0 |             0 |        66
     1110 |     +3.7% |     294 |       0 |             0 |        56
     1120 |     +3.7% |     294 |       0 |             0 |        46
     1130 |     +3.7% |     294 |       0 |             0 |        36
     1140 |     +3.7% |     294 |       0 |             0 |        26
     1150 |     +3.7% |     294 |       0 |             0 |        16
     1160 |     +3.7% |     294 |       0 |             0 |         6
    final |     +3.7% |     294 |       0 |             0 |         0
---------------------------------------------------------------------
[INFO RSZ-0039] Resized 294 instances.
Repair tie lo fanout...
[INFO RSZ-0042] Inserted 4 tie TIELOx1_ASAP7_75t_R instances.
Repair tie hi fanout...
Floating nets: 
Report metrics stage 3, resizer...

==========================================================================
resizer report_design_area
--------------------------------------------------------------------------
Design area 120 u^2 54% utilization.
Instance count before 839, after 1128
Pin count before 2343, after 2918
Elapsed time: 0:02.23[h:]min:sec. CPU time: user 1.06 sys 0.41 (66%). Peak memory: 209988KB.
