OpenROAD v2.0-21872-gd51df1dea5 
Features included (+) or not (-): +GPU +GUI +Python
This program is licensed under the BSD-3 license. See the LICENSE file for details.
Components of this program may be licensed under more restrictive licenses which must be honored.
[INFO ORD-0030] Using 24 thread(s).
source /home/h3sun/720-noc-project/OpenROAD-flow-scripts/flow/platforms/asap7/liberty_suppressions.tcl
suppress_message STA 1212
Placement Analysis
---------------------------------
total displacement        416.2 u
average displacement        0.4 u
max displacement            1.9 u
original HPWL            2878.3 u
legalized HPWL           3135.9 u
delta HPWL                    9 %

Detailed placement improvement.
[INFO DPL-0401] Setting random seed to 1.
[INFO DPL-0402] Setting maximum displacement 5 1 to 1350 270 units.
[INFO DPL-0320] Collected 410 fixed cells.
[INFO DPL-0318] Collected 1018 single height cells.
[INFO DPL-0321] Collected 0 wide cells.
[INFO DPL-0322] Image (2052, 2160) - (17064, 17010)
[INFO DPL-0310] Assigned 1018 cells into segments.  Movement in X-direction is 0.000000, movement in Y-direction is 0.000000.
[INFO DPL-0313] Found 0 cells in wrong regions.
[INFO DPL-0315] Found 0 row alignment problems.
[INFO DPL-0314] Found 0 site alignment problems.
[INFO DPL-0311] Found 0 overlaps between adjacent cells.
[INFO DPL-0312] Found 0 edge spacing violations and 0 padding violations.
[INFO DPL-0303] Running algorithm for independent set matching.
[INFO DPL-0300] Set matching objective is wirelength.
[INFO DPL-0301] Pass   1 of matching; objective is 3.138550e+06.
[INFO DPL-0302] End of matching; objective is 3.116305e+06, improvement is 0.71 percent.
[INFO DPL-0303] Running algorithm for global swaps.
[INFO DPL-0306] Pass   1 of global swaps; hpwl is 3.072942e+06.
[INFO DPL-0306] Pass   2 of global swaps; hpwl is 3.063952e+06.
[INFO DPL-0307] End of global swaps; objective is 3.063952e+06, improvement is 1.68 percent.
[INFO DPL-0303] Running algorithm for vertical swaps.
[INFO DPL-0308] Pass   1 of vertical swaps; hpwl is 3.051046e+06.
[INFO DPL-0309] End of vertical swaps; objective is 3.051046e+06, improvement is 0.42 percent.
[INFO DPL-0303] Running algorithm for reordering.
[INFO DPL-0304] Pass   1 of reordering; objective is 3.030170e+06.
[INFO DPL-0305] End of reordering; objective is 3.030170e+06, improvement is 0.68 percent.
[INFO DPL-0303] Running algorithm for random improvement.
[INFO DPL-0324] Random improver is using displacement generator.
[INFO DPL-0325] Random improver is using hpwl objective.
[INFO DPL-0326] Random improver cost string is (a).
[INFO DPL-0332] End of pass, Generator displacement called 20360 times.
[INFO DPL-0335] Generator displacement, Cumulative attempts 20360, swaps 4206, moves  4379 since last reset.
[INFO DPL-0333] End of pass, Objective hpwl, Initial cost 3.000958e+06, Scratch cost 2.937667e+06, Incremental cost 2.937667e+06, Mismatch? N
[INFO DPL-0338] End of pass, Total cost is 2.937667e+06.
[INFO DPL-0327] Pass   1 of random improver; improvement in cost is 2.11 percent.
[INFO DPL-0332] End of pass, Generator displacement called 20360 times.
[INFO DPL-0335] Generator displacement, Cumulative attempts 40720, swaps 8257, moves  8788 since last reset.
[INFO DPL-0333] End of pass, Objective hpwl, Initial cost 2.937667e+06, Scratch cost 2.904887e+06, Incremental cost 2.904887e+06, Mismatch? N
[INFO DPL-0338] End of pass, Total cost is 2.904887e+06.
[INFO DPL-0327] Pass   2 of random improver; improvement in cost is 1.12 percent.
[INFO DPL-0332] End of pass, Generator displacement called 20360 times.
[INFO DPL-0335] Generator displacement, Cumulative attempts 61080, swaps 12161, moves 13136 since last reset.
[INFO DPL-0333] End of pass, Objective hpwl, Initial cost 2.904887e+06, Scratch cost 2.891319e+06, Incremental cost 2.891319e+06, Mismatch? N
[INFO DPL-0338] End of pass, Total cost is 2.891319e+06.
[INFO DPL-0327] Pass   3 of random improver; improvement in cost is 0.47 percent.
[INFO DPL-0328] End of random improver; improvement is 3.653467 percent.
[INFO DPL-0380] Cell flipping.
[INFO DPL-0382] Changed 0 cell orientations for row compatibility.
[INFO DPL-0383] Performed 283 cell flips.
[INFO DPL-0384] End of flipping; objective is 2.857207e+06, improvement is 2.16 percent.
[INFO DPL-0313] Found 0 cells in wrong regions.
[INFO DPL-0315] Found 0 row alignment problems.
[INFO DPL-0314] Found 0 site alignment problems.
[INFO DPL-0311] Found 0 overlaps between adjacent cells.
[INFO DPL-0312] Found 0 edge spacing violations and 0 padding violations.
Detailed Improvement Results
------------------------------------------
Original HPWL             3135.9 u (    1555.5,     1580.4)
Final HPWL                2845.8 u (    1364.3,     1481.5)
Delta HPWL                  -9.3 % (     -12.3,       -6.3)

[INFO DPL-0020] Mirrored 45 instances
[INFO DPL-0021] HPWL before            2845.8 u
[INFO DPL-0022] HPWL after             2845.5 u
[INFO DPL-0023] HPWL delta               -0.0 %
[INFO FLW-0012] Placement violations .
Report metrics stage 3, detailed place...

==========================================================================
detailed place report_design_area
--------------------------------------------------------------------------
Design area 120 u^2 54% utilization.
Elapsed time: 0:02.38[h:]min:sec. CPU time: user 1.17 sys 0.34 (63%). Peak memory: 199444KB.
