OpenROAD v2.0-21872-gd51df1dea5 
Features included (+) or not (-): +GPU +GUI +Python
This program is licensed under the BSD-3 license. See the LICENSE file for details.
Components of this program may be licensed under more restrictive licenses which must be honored.
[INFO ORD-0030] Using 24 thread(s).
source /home/h3sun/720-noc-project/OpenROAD-flow-scripts/flow/platforms/asap7/liberty_suppressions.tcl
suppress_message STA 1212
Deleted 0 routing obstructions
[INFO RCX-0431] Defined process_corner X with ext_model_index 0
[INFO RCX-0029] Defined extraction corner X
[INFO RCX-0435] Reading extraction model file /home/h3sun/720-noc-project/OpenROAD-flow-scripts/flow/platforms/asap7/rcx_patterns.rules ...
[INFO RCX-0436] RC segment generation pi_switch (max_merge_res 50.0) ...
[INFO RCX-0040] Final 6418 rc segments
[INFO RCX-0439] Coupling Cap extraction pi_switch ...
[INFO RCX-0440] Coupling threshhold is 0.1000 fF, coupling capacitance less than 0.1000 fF will be grounded.
[INFO RCX-0442] 57% of 6515 wires extracted
[INFO RCX-0442] 100% of 6515 wires extracted
[INFO RCX-0045] Extract 1186 nets, 7599 rsegs, 7599 caps, 8298 ccs
[INFO RCX-0443] 1186 nets finished
[INFO PSM-0040] All shapes on net VDD are connected.
[INFO PSM-0073] Using bump pattern with x-pitch 140.0000um, y-pitch 140.0000um, and size 70.0000um with an reduction factor of 3x.
########## IR report #################
Net              : VDD
Corner           : default
Supply voltage   : 7.70e-01 V
Worstcase voltage: 7.68e-01 V
Average voltage  : 7.70e-01 V
Average IR drop  : 4.83e-04 V
Worstcase IR drop: 1.83e-03 V
Percentage drop  : 0.24 %
######################################
[INFO PSM-0040] All shapes on net VSS are connected.
[INFO PSM-0073] Using bump pattern with x-pitch 140.0000um, y-pitch 140.0000um, and size 70.0000um with an reduction factor of 3x.
########## IR report #################
Net              : VSS
Corner           : default
Supply voltage   : 0.00e+00 V
Worstcase voltage: 1.51e-03 V
Average voltage  : 4.92e-04 V
Average IR drop  : 4.92e-04 V
Worstcase IR drop: 1.51e-03 V
Percentage drop  : 0.20 %
######################################
Cell type report:                       Count       Area
  Fill cell                              1026      91.80
  Tap cell                                110       3.21
  Tie cell                                  4       0.17
  Buffer                                   58       8.11
  Clock buffer                             22       5.35
  Timing Repair Buffer                    286      25.02
  Inverter                                153       6.79
  Clock inverter                           10       2.38
  Sequential cell                         145      42.28
  Multi-Input combinational cell          372      37.82
  Total                                  2186     222.93
Report metrics stage 6, finish...

==========================================================================
finish report_design_area
--------------------------------------------------------------------------
Design area 128 u^2 57% utilization.
Elapsed time: 0:08.60[h:]min:sec. CPU time: user 2.06 sys 0.55 (30%). Peak memory: 327924KB.
