
==========================================================================
resizer report_tns
--------------------------------------------------------------------------
tns max 0.00

==========================================================================
resizer report_wns
--------------------------------------------------------------------------
wns max 0.00

==========================================================================
resizer report_worst_slack
--------------------------------------------------------------------------
worst slack max 382.75

==========================================================================
resizer report_checks -path_delay min
--------------------------------------------------------------------------
Startpoint: xs[13].cli0.client_inst.c_o[2]$_SDFFE_PP0P_
            (rising edge-triggered flip-flop clocked by core_clock)
Endpoint: out[1042]$_DFF_P_
          (rising edge-triggered flip-flop clocked by core_clock)
Path Group: core_clock
Path Type: min

Fanout     Cap    Slew   Delay    Time   Description
-----------------------------------------------------------------------------
                  0.00    0.00    0.00   clock core_clock (rise edge)
                          0.00    0.00   clock network delay (ideal)
                  0.00    0.00    0.00 ^ xs[13].cli0.client_inst.c_o[2]$_SDFFE_PP0P_/CLK (DFFHQNx1_ASAP7_75t_R)
     1    0.53   11.31   31.27   31.27 ^ xs[13].cli0.client_inst.c_o[2]$_SDFFE_PP0P_/QN (DFFHQNx1_ASAP7_75t_R)
                                         _03581_ (net)
                 11.31    0.00   31.27 ^ _24442_/A (INVx1_ASAP7_75t_R)
     2    0.96    7.79    6.82   38.09 v _24442_/Y (INVx1_ASAP7_75t_R)
                                         peo[26][2] (net)
                  7.79    0.00   38.10 v out[1042]$_DFF_P_/D (DFFHQNx1_ASAP7_75t_R)
                                 38.10   data arrival time

                  0.00    0.00    0.00   clock core_clock (rise edge)
                          0.00    0.00   clock network delay (ideal)
                          0.00    0.00   clock reconvergence pessimism
                                  0.00 ^ out[1042]$_DFF_P_/CLK (DFFHQNx1_ASAP7_75t_R)
                          8.49    8.49   library hold time
                                  8.49   data required time
-----------------------------------------------------------------------------
                                  8.49   data required time
                                -38.10   data arrival time
-----------------------------------------------------------------------------
                                 29.61   slack (MET)



==========================================================================
resizer report_checks -path_delay max
--------------------------------------------------------------------------
Startpoint: cmd[3] (input port clocked by core_clock)
Endpoint: xs[13].cli0.client_inst.attempts[31]$_SDFFE_PP0N_
          (rising edge-triggered flip-flop clocked by core_clock)
Path Group: core_clock
Path Type: max

Fanout     Cap    Slew   Delay    Time   Description
-----------------------------------------------------------------------------
                  0.00    0.00    0.00   clock core_clock (rise edge)
                          0.00    0.00   clock network delay (ideal)
                        200.00  200.00 ^ input external delay
     1    1.62    0.00    0.00  200.00 ^ cmd[3] (in)
                                         cmd[3] (net)
                  0.17    0.05  200.05 ^ input4/A (BUFx6f_ASAP7_75t_R)
     4    7.80   12.29   11.02  211.07 ^ input4/Y (BUFx6f_ASAP7_75t_R)
                                         net5 (net)
                 16.38    3.61  214.68 ^ _25929_/A (NOR2x1_ASAP7_75t_R)
     5    4.20   28.79   20.54  235.22 v _25929_/Y (NOR2x1_ASAP7_75t_R)
                                         _09880_ (net)
                 28.79    0.16  235.37 v _25930_/E (AND5x2_ASAP7_75t_R)
     4   15.32   52.07   47.95  283.32 v _25930_/Y (AND5x2_ASAP7_75t_R)
                                         _09881_ (net)
                 54.84    6.47  289.80 v _27704_/A (BUFx12f_ASAP7_75t_R)
    10   36.33   13.95   26.27  316.06 v _27704_/Y (BUFx12f_ASAP7_75t_R)
                                         _11245_ (net)
                111.98   35.24  351.30 v _29428_/B (NAND2x1_ASAP7_75t_R)
     2    2.66   44.32   39.37  390.67 ^ _29428_/Y (NAND2x1_ASAP7_75t_R)
                                         _12571_ (net)
                 44.32    0.02  390.69 ^ _29435_/A (NOR2x2_ASAP7_75t_R)
    10    8.04   34.10   28.84  419.52 v _29435_/Y (NOR2x2_ASAP7_75t_R)
                                         _12578_ (net)
                 34.11    0.20  419.72 v _29444_/D (OR5x2_ASAP7_75t_R)
     2    2.77   20.50   55.15  474.87 v _29444_/Y (OR5x2_ASAP7_75t_R)
                                         _12585_ (net)
                 20.51    0.09  474.96 v _29445_/A (BUFx6f_ASAP7_75t_R)
    10    8.42   11.38   19.20  494.17 v _29445_/Y (BUFx6f_ASAP7_75t_R)
                                         _12586_ (net)
                 11.41    0.29  494.45 v _29513_/C (OR5x1_ASAP7_75t_R)
     2    1.59   18.62   41.30  535.75 v _29513_/Y (OR5x1_ASAP7_75t_R)
                                         _12635_ (net)
                 18.62    0.00  535.75 v _29523_/C (OR3x1_ASAP7_75t_R)
     1    0.94   10.91   26.85  562.60 v _29523_/Y (OR3x1_ASAP7_75t_R)
                                         _12642_ (net)
                 10.91    0.01  562.61 v _29524_/B (XNOR2x2_ASAP7_75t_R)
     1    0.60    7.45   23.80  586.41 ^ _29524_/Y (XNOR2x2_ASAP7_75t_R)
                                         _12643_ (net)
                  7.45    0.00  586.41 ^ _29525_/B (AND2x2_ASAP7_75t_R)
     1    0.67    6.97   15.74  602.15 ^ _29525_/Y (AND2x2_ASAP7_75t_R)
                                         _06717_ (net)
                  6.97    0.01  602.15 ^ xs[13].cli0.client_inst.attempts[31]$_SDFFE_PP0N_/D (DFFHQNx1_ASAP7_75t_R)
                                602.15   data arrival time

                  0.00 1000.00 1000.00   clock core_clock (rise edge)
                          0.00 1000.00   clock network delay (ideal)
                          0.00 1000.00   clock reconvergence pessimism
                               1000.00 ^ xs[13].cli0.client_inst.attempts[31]$_SDFFE_PP0N_/CLK (DFFHQNx1_ASAP7_75t_R)
                        -15.10  984.90   library setup time
                                984.90   data required time
-----------------------------------------------------------------------------
                                984.90   data required time
                               -602.15   data arrival time
-----------------------------------------------------------------------------
                                382.75   slack (MET)



==========================================================================
resizer report_checks -unconstrained
--------------------------------------------------------------------------
Startpoint: cmd[3] (input port clocked by core_clock)
Endpoint: xs[13].cli0.client_inst.attempts[31]$_SDFFE_PP0N_
          (rising edge-triggered flip-flop clocked by core_clock)
Path Group: core_clock
Path Type: max

Fanout     Cap    Slew   Delay    Time   Description
-----------------------------------------------------------------------------
                  0.00    0.00    0.00   clock core_clock (rise edge)
                          0.00    0.00   clock network delay (ideal)
                        200.00  200.00 ^ input external delay
     1    1.62    0.00    0.00  200.00 ^ cmd[3] (in)
                                         cmd[3] (net)
                  0.17    0.05  200.05 ^ input4/A (BUFx6f_ASAP7_75t_R)
     4    7.80   12.29   11.02  211.07 ^ input4/Y (BUFx6f_ASAP7_75t_R)
                                         net5 (net)
                 16.38    3.61  214.68 ^ _25929_/A (NOR2x1_ASAP7_75t_R)
     5    4.20   28.79   20.54  235.22 v _25929_/Y (NOR2x1_ASAP7_75t_R)
                                         _09880_ (net)
                 28.79    0.16  235.37 v _25930_/E (AND5x2_ASAP7_75t_R)
     4   15.32   52.07   47.95  283.32 v _25930_/Y (AND5x2_ASAP7_75t_R)
                                         _09881_ (net)
                 54.84    6.47  289.80 v _27704_/A (BUFx12f_ASAP7_75t_R)
    10   36.33   13.95   26.27  316.06 v _27704_/Y (BUFx12f_ASAP7_75t_R)
                                         _11245_ (net)
                111.98   35.24  351.30 v _29428_/B (NAND2x1_ASAP7_75t_R)
     2    2.66   44.32   39.37  390.67 ^ _29428_/Y (NAND2x1_ASAP7_75t_R)
                                         _12571_ (net)
                 44.32    0.02  390.69 ^ _29435_/A (NOR2x2_ASAP7_75t_R)
    10    8.04   34.10   28.84  419.52 v _29435_/Y (NOR2x2_ASAP7_75t_R)
                                         _12578_ (net)
                 34.11    0.20  419.72 v _29444_/D (OR5x2_ASAP7_75t_R)
     2    2.77   20.50   55.15  474.87 v _29444_/Y (OR5x2_ASAP7_75t_R)
                                         _12585_ (net)
                 20.51    0.09  474.96 v _29445_/A (BUFx6f_ASAP7_75t_R)
    10    8.42   11.38   19.20  494.17 v _29445_/Y (BUFx6f_ASAP7_75t_R)
                                         _12586_ (net)
                 11.41    0.29  494.45 v _29513_/C (OR5x1_ASAP7_75t_R)
     2    1.59   18.62   41.30  535.75 v _29513_/Y (OR5x1_ASAP7_75t_R)
                                         _12635_ (net)
                 18.62    0.00  535.75 v _29523_/C (OR3x1_ASAP7_75t_R)
     1    0.94   10.91   26.85  562.60 v _29523_/Y (OR3x1_ASAP7_75t_R)
                                         _12642_ (net)
                 10.91    0.01  562.61 v _29524_/B (XNOR2x2_ASAP7_75t_R)
     1    0.60    7.45   23.80  586.41 ^ _29524_/Y (XNOR2x2_ASAP7_75t_R)
                                         _12643_ (net)
                  7.45    0.00  586.41 ^ _29525_/B (AND2x2_ASAP7_75t_R)
     1    0.67    6.97   15.74  602.15 ^ _29525_/Y (AND2x2_ASAP7_75t_R)
                                         _06717_ (net)
                  6.97    0.01  602.15 ^ xs[13].cli0.client_inst.attempts[31]$_SDFFE_PP0N_/D (DFFHQNx1_ASAP7_75t_R)
                                602.15   data arrival time

                  0.00 1000.00 1000.00   clock core_clock (rise edge)
                          0.00 1000.00   clock network delay (ideal)
                          0.00 1000.00   clock reconvergence pessimism
                               1000.00 ^ xs[13].cli0.client_inst.attempts[31]$_SDFFE_PP0N_/CLK (DFFHQNx1_ASAP7_75t_R)
                        -15.10  984.90   library setup time
                                984.90   data required time
-----------------------------------------------------------------------------
                                984.90   data required time
                               -602.15   data arrival time
-----------------------------------------------------------------------------
                                382.75   slack (MET)



==========================================================================
resizer report_check_types -max_slew -max_cap -max_fanout -violators
--------------------------------------------------------------------------

==========================================================================
resizer max_slew_check_slack
--------------------------------------------------------------------------
187.5195770263672

==========================================================================
resizer max_slew_check_limit
--------------------------------------------------------------------------
320.0

==========================================================================
resizer max_slew_check_slack_limit
--------------------------------------------------------------------------
0.5860

==========================================================================
resizer max_fanout_check_slack
--------------------------------------------------------------------------
1.0000000150474662e+30

==========================================================================
resizer max_fanout_check_limit
--------------------------------------------------------------------------
1.0000000150474662e+30

==========================================================================
resizer max_capacitance_check_slack
--------------------------------------------------------------------------
2.7080862522125244

==========================================================================
resizer max_capacitance_check_limit
--------------------------------------------------------------------------
23.040000915527344

==========================================================================
resizer max_capacitance_check_slack_limit
--------------------------------------------------------------------------
0.1175

==========================================================================
resizer max_slew_violation_count
--------------------------------------------------------------------------
max slew violation count 0

==========================================================================
resizer max_fanout_violation_count
--------------------------------------------------------------------------
max fanout violation count 0

==========================================================================
resizer max_cap_violation_count
--------------------------------------------------------------------------
max cap violation count 0

==========================================================================
resizer setup_violation_count
--------------------------------------------------------------------------
setup violation count 0

==========================================================================
resizer hold_violation_count
--------------------------------------------------------------------------
hold violation count 0

==========================================================================
resizer report_checks -path_delay max reg to reg
--------------------------------------------------------------------------
Startpoint: xs[11].cli0.client_inst.sent[31]$_SDFFE_PP0P_
            (rising edge-triggered flip-flop clocked by core_clock)
Endpoint: xs[11].cli0.client_inst.sent[15]$_SDFFE_PP0P_
          (rising edge-triggered flip-flop clocked by core_clock)
Path Group: core_clock
Path Type: max

  Delay    Time   Description
---------------------------------------------------------
   0.00    0.00   clock core_clock (rise edge)
   0.00    0.00   clock network delay (ideal)
   0.00    0.00 ^ xs[11].cli0.client_inst.sent[31]$_SDFFE_PP0P_/CLK (DFFHQNx3_ASAP7_75t_R)
  50.07   50.07 v xs[11].cli0.client_inst.sent[31]$_SDFFE_PP0P_/QN (DFFHQNx3_ASAP7_75t_R)
  83.11  133.18 v _40870_/SN (HAxp5_ASAP7_75t_R)
  45.55  178.74 v _27835_/Y (OR4x1_ASAP7_75t_R)
  51.55  230.28 v _27838_/Y (OR5x2_ASAP7_75t_R)
  18.65  248.93 v _27869_/Y (AO21x1_ASAP7_75t_R)
  30.34  279.28 v _27873_/Y (OA211x2_ASAP7_75t_R)
  26.37  305.65 v _27874_/Y (OA33x2_ASAP7_75t_R)
  37.62  343.27 v _27877_/Y (OA211x2_ASAP7_75t_R)
  22.29  365.56 v _28029_/Y (BUFx6f_ASAP7_75t_R)
  40.16  405.72 v _28051_/Y (OR5x1_ASAP7_75t_R)
  29.64  435.36 ^ _28052_/Y (XOR2x2_ASAP7_75t_R)
  15.89  451.25 ^ _28053_/Y (AND2x2_ASAP7_75t_R)
   0.01  451.26 ^ xs[11].cli0.client_inst.sent[15]$_SDFFE_PP0P_/D (DFFHQNx3_ASAP7_75t_R)
         451.26   data arrival time

1000.00 1000.00   clock core_clock (rise edge)
   0.00 1000.00   clock network delay (ideal)
   0.00 1000.00   clock reconvergence pessimism
        1000.00 ^ xs[11].cli0.client_inst.sent[15]$_SDFFE_PP0P_/CLK (DFFHQNx3_ASAP7_75t_R)
 -10.40  989.60   library setup time
         989.60   data required time
---------------------------------------------------------
         989.60   data required time
        -451.26   data arrival time
---------------------------------------------------------
         538.34   slack (MET)



==========================================================================
resizer report_checks -path_delay min reg to reg
--------------------------------------------------------------------------
Startpoint: xs[13].cli0.client_inst.c_o[2]$_SDFFE_PP0P_
            (rising edge-triggered flip-flop clocked by core_clock)
Endpoint: out[1042]$_DFF_P_
          (rising edge-triggered flip-flop clocked by core_clock)
Path Group: core_clock
Path Type: min

  Delay    Time   Description
---------------------------------------------------------
   0.00    0.00   clock core_clock (rise edge)
   0.00    0.00   clock network delay (ideal)
   0.00    0.00 ^ xs[13].cli0.client_inst.c_o[2]$_SDFFE_PP0P_/CLK (DFFHQNx1_ASAP7_75t_R)
  31.27   31.27 ^ xs[13].cli0.client_inst.c_o[2]$_SDFFE_PP0P_/QN (DFFHQNx1_ASAP7_75t_R)
   6.82   38.09 v _24442_/Y (INVx1_ASAP7_75t_R)
   0.00   38.10 v out[1042]$_DFF_P_/D (DFFHQNx1_ASAP7_75t_R)
          38.10   data arrival time

   0.00    0.00   clock core_clock (rise edge)
   0.00    0.00   clock network delay (ideal)
   0.00    0.00   clock reconvergence pessimism
           0.00 ^ out[1042]$_DFF_P_/CLK (DFFHQNx1_ASAP7_75t_R)
   8.49    8.49   library hold time
           8.49   data required time
---------------------------------------------------------
           8.49   data required time
         -38.10   data arrival time
---------------------------------------------------------
          29.61   slack (MET)



==========================================================================
resizer critical path target clock latency max path
--------------------------------------------------------------------------
0.0000

==========================================================================
resizer critical path target clock latency min path
--------------------------------------------------------------------------
0.0000

==========================================================================
resizer critical path source clock latency min path
--------------------------------------------------------------------------
0.0000

==========================================================================
resizer critical path delay
--------------------------------------------------------------------------
602.1514

==========================================================================
resizer critical path slack
--------------------------------------------------------------------------
382.7484

==========================================================================
resizer slack div critical path delay
--------------------------------------------------------------------------
63.563483

==========================================================================
resizer report_power
--------------------------------------------------------------------------
Group                  Internal  Switching    Leakage      Total
                          Power      Power      Power      Power (Watts)
----------------------------------------------------------------
Sequential             7.60e-03   2.37e-04   8.95e-07   7.83e-03  77.8%
Combinational          1.17e-03   1.06e-03   2.76e-06   2.23e-03  22.2%
Clock                  0.00e+00   0.00e+00   0.00e+00   0.00e+00   0.0%
Macro                  0.00e+00   0.00e+00   0.00e+00   0.00e+00   0.0%
Pad                    0.00e+00   0.00e+00   0.00e+00   0.00e+00   0.0%
----------------------------------------------------------------
Total                  8.77e-03   1.30e-03   3.66e-06   1.01e-02 100.0%
                          87.1%      12.9%       0.0%
