OpenROAD v2.0-21872-gd51df1dea5 
Features included (+) or not (-): +GPU +GUI +Python
This program is licensed under the BSD-3 license. See the LICENSE file for details.
Components of this program may be licensed under more restrictive licenses which must be honored.
[INFO ORD-0030] Using 32 thread(s).
source /home/h3sun/720-noc-project/OpenROAD-flow-scripts/flow/platforms/asap7/liberty_suppressions.tcl
suppress_message STA 1212
source /home/h3sun/720-noc-project/OpenROAD-flow-scripts/flow/platforms/asap7/fastroute.tcl
[INFO GPL-0002] DBU: 1000
[INFO GPL-0003] SiteSize: (  0.054  0.270 ) um
[INFO GPL-0004] CoreBBox: (  2.052  2.160 ) (  4.104  4.050 ) um
[INFO GPL-0006] Number of instances:                26
[INFO GPL-0007] Movable instances:                  12
[INFO GPL-0008] Fixed instances:                    14
[INFO GPL-0009] Dummy instances:                     0
[INFO GPL-0010] Number of nets:                     17
[INFO GPL-0011] Number of pins:                     41
[INFO GPL-0012] Die BBox:  (  0.000  0.000 ) (  6.108  6.108 ) um
[INFO GPL-0013] Core BBox: (  2.052  2.160 ) (  4.104  4.050 ) um
[INFO GPL-0016] Core area:                       3.878 um^2
[INFO GPL-0017] Fixed instances area:            0.408 um^2
[INFO GPL-0018] Movable instances area:          1.779 um^2
[INFO GPL-0019] Utilization:                    51.261 %
[INFO GPL-0020] Standard cells area:             1.779 um^2
[INFO GPL-0021] Large instances area:            0.000 um^2
[INFO GPL-0023] Placement target density:       1.0000
[INFO GPL-0024] Movable insts average area:      0.148 um^2
[INFO GPL-0025] Ideal bin area:                  0.148 um^2
[INFO GPL-0026] Ideal bin count:                    26
[INFO GPL-0027] Total bin area:                  3.878 um^2
[INFO GPL-0028] Bin count (X, Y):           4 ,      4
[INFO GPL-0029] Bin size (W * H):       0.513 *  0.472 um
[INFO GPL-0030] Number of bins:                     16
Placement density is 0.625999984741211, computed from PLACE_DENSITY_LB_ADDON 0.20 and lower bound 0.5199999809265137
global_placement -density 0.625999984741211 -pad_left 0 -pad_right 0 -routability_driven -timing_driven
[INFO GPL-0002] DBU: 1000
[INFO GPL-0003] SiteSize: (  0.054  0.270 ) um
[INFO GPL-0004] CoreBBox: (  2.052  2.160 ) (  4.104  4.050 ) um
[INFO GPL-0006] Number of instances:                26
[INFO GPL-0007] Movable instances:                  12
[INFO GPL-0008] Fixed instances:                    14
[INFO GPL-0009] Dummy instances:                     0
[INFO GPL-0010] Number of nets:                     17
[INFO GPL-0011] Number of pins:                     41
[INFO GPL-0012] Die BBox:  (  0.000  0.000 ) (  6.108  6.108 ) um
[INFO GPL-0013] Core BBox: (  2.052  2.160 ) (  4.104  4.050 ) um
[INFO GPL-0016] Core area:                       3.878 um^2
[INFO GPL-0017] Fixed instances area:            0.408 um^2
[INFO GPL-0018] Movable instances area:          1.779 um^2
[INFO GPL-0019] Utilization:                    51.261 %
[INFO GPL-0020] Standard cells area:             1.779 um^2
[INFO GPL-0021] Large instances area:            0.000 um^2
[InitialPlace]  Iter: 1 conjugate gradient residual: 0.00000004 HPWL: 36308
[InitialPlace]  Iter: 2 conjugate gradient residual: 0.00000006 HPWL: 32281
[InitialPlace]  Iter: 3 conjugate gradient residual: 0.00000004 HPWL: 31951
[InitialPlace]  Iter: 4 conjugate gradient residual: 0.00000009 HPWL: 31861
[InitialPlace]  Iter: 5 conjugate gradient residual: 0.00000005 HPWL: 32107
[INFO GPL-0023] Placement target density:       0.6260
[INFO GPL-0024] Movable insts average area:      0.148 um^2
[INFO GPL-0025] Ideal bin area:                  0.237 um^2
[INFO GPL-0026] Ideal bin count:                    16
[INFO GPL-0027] Total bin area:                  3.878 um^2
[INFO GPL-0028] Bin count (X, Y):           4 ,      4
[INFO GPL-0029] Bin size (W * H):       0.513 *  0.472 um
[INFO GPL-0030] Number of bins:                     16
[INFO GPL-0031] HPWL: Half-Perimeter Wirelength
Iteration | Overflow |     HPWL (um) |  HPWL(%) |   Penalty | Group
---------------------------------------------------------------
        1 |   0.5739 |  2.028900e+04 |   +0.00% |  5.59e-10 |      
[INFO GPL-0088] Routability snapshot saved at iter = 0
       10 |   0.4471 |  1.947400e+04 |   -4.02% |  8.68e-10 |      
       20 |   0.4553 |  1.946100e+04 |   -0.07% |  1.41e-09 |      
       30 |   0.4501 |  1.947100e+04 |   +0.05% |  2.30e-09 |      
       40 |   0.4522 |  1.946800e+04 |   -0.02% |  3.75e-09 |      
       50 |   0.4508 |  1.946900e+04 |   +0.01% |  6.11e-09 |      
       60 |   0.4503 |  1.946600e+04 |   -0.02% |  9.95e-09 |      
       70 |   0.4483 |  1.946600e+04 |   +0.00% |  1.62e-08 |      
       80 |   0.4468 |  1.946700e+04 |   +0.01% |  2.64e-08 |      
       90 |   0.4423 |  1.946600e+04 |   -0.01% |  4.30e-08 |      
      100 |   0.4369 |  1.946900e+04 |   +0.02% |  7.00e-08 |      
      110 |   0.4284 |  1.946400e+04 |   -0.03% |  1.14e-07 |      
      120 |   0.4164 |  1.944200e+04 |   -0.11% |  1.86e-07 |      
      130 |   0.4048 |  1.943100e+04 |   -0.06% |  3.03e-07 |      
      140 |   0.3936 |  1.941700e+04 |   -0.07% |  4.93e-07 |      
      150 |   0.3878 |  1.940800e+04 |   -0.05% |  8.03e-07 |      
      160 |   0.3744 |  1.939900e+04 |   -0.05% |  1.31e-06 |      
      170 |   0.3558 |  1.941700e+04 |   +0.09% |  2.13e-06 |      
      180 |   0.3327 |  1.953100e+04 |   +0.59% |  3.27e-06 |      
      190 |   0.3072 |  1.972800e+04 |   +1.01% |  4.81e-06 |      
[INFO GPL-0040] Routability iteration: 1
[INFO GPL-0041] Total routing overflow: 0.0000
[INFO GPL-0042] Number of overflowed tiles: 0 (0.00%)
[INFO GPL-0043] Average top 0.5% routing congestion: 0.5571
[INFO GPL-0044] Average top 1.0% routing congestion: 0.5445
[INFO GPL-0045] Average top 2.0% routing congestion: 0.5246
[INFO GPL-0046] Average top 5.0% routing congestion: 0.4318
[INFO GPL-0047] Routability iteration weighted routing congestion: 0.5508
[INFO GPL-0050] Weighted routing congestion is lower than target routing congestion(1.0100), end routability optimization.
[INFO GPL-0100] Timing-driven iteration 1/5, virtual: false.
[INFO GPL-0101]    Iter: 197, overflow: 0.284, keep resizer changes at: 0.3, HPWL: 19810
Iteration |   Area    | Resized | Buffers | Nets repaired | Remaining
---------------------------------------------------------------------
        0 |     +0.0% |       0 |       0 |             0 |        17
    final |     -0.8% |       1 |       0 |             0 |         0
---------------------------------------------------------------------
[INFO RSZ-0039] Resized 1 instances.
[INFO GPL-0106] Timing-driven: worst slack 7.57e-10
[INFO GPL-0107] Timing-driven: repair_design delta area: -0.015 um^2 (-0.82%)
[INFO GPL-0108] Timing-driven: repair_design, gpl cells created: 0 (+0.00%)
[INFO GPL-0109] Timing-driven: inserted buffers as reported by repair_design: 0
[INFO GPL-0110] Timing-driven: new target density: 0.62179834
Iteration | Overflow |     HPWL (um) |  HPWL(%) |   Penalty | Group
---------------------------------------------------------------
      200 |   0.3565 |  5.053000e+03 |  -74.39% |  7.09e-06 |      
      210 |   0.2828 |  5.386000e+03 |   +6.59% |  1.04e-05 |      
      220 |   0.2544 |  5.638000e+03 |   +4.68% |  1.54e-05 |      
      230 |   0.2222 |  5.849000e+03 |   +3.74% |  2.27e-05 |      
[INFO GPL-0100] Timing-driven iteration 2/5, virtual: false.
[INFO GPL-0101]    Iter: 234, overflow: 0.205, keep resizer changes at: 0.3, HPWL: 6140
Iteration |   Area    | Resized | Buffers | Nets repaired | Remaining
---------------------------------------------------------------------
        0 |     +0.0% |       0 |       0 |             0 |        17
    final |     +0.0% |       0 |       0 |             0 |         0
---------------------------------------------------------------------
[INFO GPL-0106] Timing-driven: worst slack 7.57e-10
[INFO GPL-0107] Timing-driven: repair_design delta area: 0.000 um^2 (+0.00%)
[INFO GPL-0108] Timing-driven: repair_design, gpl cells created: 0 (+0.00%)
[INFO GPL-0109] Timing-driven: inserted buffers as reported by repair_design: 0
[INFO GPL-0110] Timing-driven: new target density: 0.62179834
Iteration | Overflow |     HPWL (um) |  HPWL(%) |   Penalty | Group
---------------------------------------------------------------
      240 |   0.1821 |  6.496000e+03 |  +11.06% |  3.34e-05 |      
[INFO GPL-0100] Timing-driven iteration 3/5, virtual: false.
[INFO GPL-0101]    Iter: 249, overflow: 0.141, keep resizer changes at: 0.3, HPWL: 6786
Iteration |   Area    | Resized | Buffers | Nets repaired | Remaining
---------------------------------------------------------------------
        0 |     +0.0% |       0 |       0 |             0 |        17
    final |     +0.0% |       0 |       0 |             0 |         0
---------------------------------------------------------------------
[INFO GPL-0106] Timing-driven: worst slack 7.56e-10
[INFO GPL-0107] Timing-driven: repair_design delta area: 0.000 um^2 (+0.00%)
[INFO GPL-0108] Timing-driven: repair_design, gpl cells created: 0 (+0.00%)
[INFO GPL-0109] Timing-driven: inserted buffers as reported by repair_design: 0
[INFO GPL-0110] Timing-driven: new target density: 0.62179834
Iteration | Overflow |     HPWL (um) |  HPWL(%) |   Penalty | Group
---------------------------------------------------------------
      250 |   0.1383 |  6.755000e+03 |   +3.99% |  4.92e-05 |      
[INFO GPL-1001] Finished with Overflow: 0.098286
[INFO GPL-1002] Placed Cell Area                1.7642
[INFO GPL-1003] Available Free Area             3.4700
[INFO GPL-1004] Minimum Feasible Density        0.5084 (cell_area / free_area)
[INFO GPL-1006]   Suggested Target Densities:
[INFO GPL-1007]     - For 90% usage of free space: 0.5649
[INFO GPL-1008]     - For 80% usage of free space: 0.6355
[INFO GPL-1009]     - For 50% usage of free space: 1.0168
Took 23 seconds: global_placement -density 0.625999984741211 -pad_left 0 -pad_right 0 -routability_driven -timing_driven
Report metrics stage 3, global place...

==========================================================================
global place report_design_area
--------------------------------------------------------------------------
Design area 2 u^2 45% utilization.
Elapsed time: 0:24.66[h:]min:sec. CPU time: user 421.47 sys 12.19 (1758%). Peak memory: 260116KB.
