OpenROAD v2.0-21872-gd51df1dea5 
Features included (+) or not (-): +GPU +GUI +Python
This program is licensed under the BSD-3 license. See the LICENSE file for details.
Components of this program may be licensed under more restrictive licenses which must be honored.
[INFO ORD-0030] Using 32 thread(s).
source /home/h3sun/720-noc-project/OpenROAD-flow-scripts/flow/platforms/asap7/liberty_suppressions.tcl
suppress_message STA 1212
Placement Analysis
---------------------------------
total displacement          4.2 u
average displacement        0.1 u
max displacement            0.7 u
original HPWL              24.1 u
legalized HPWL             28.1 u
delta HPWL                   17 %

Detailed placement improvement.
[INFO DPL-0401] Setting random seed to 1.
[INFO DPL-0402] Setting maximum displacement 5 1 to 1350 270 units.
[INFO DPL-0320] Collected 20 fixed cells.
[INFO DPL-0318] Collected 17 single height cells.
[INFO DPL-0321] Collected 0 wide cells.
[INFO DPL-0322] Image (2052, 2160) - (4104, 4050)
[INFO DPL-0310] Assigned 17 cells into segments.  Movement in X-direction is 0.000000, movement in Y-direction is 0.000000.
[INFO DPL-0313] Found 0 cells in wrong regions.
[INFO DPL-0315] Found 0 row alignment problems.
[INFO DPL-0314] Found 0 site alignment problems.
[INFO DPL-0311] Found 0 overlaps between adjacent cells.
[INFO DPL-0312] Found 0 edge spacing violations and 0 padding violations.
[INFO DPL-0303] Running algorithm for independent set matching.
[INFO DPL-0300] Set matching objective is wirelength.
[INFO DPL-0301] Pass   1 of matching; objective is 2.805200e+04.
[INFO DPL-0302] End of matching; objective is 2.805200e+04, improvement is 0.00 percent.
[INFO DPL-0303] Running algorithm for global swaps.
[INFO DPL-0306] Pass   1 of global swaps; hpwl is 2.753800e+04.
[INFO DPL-0306] Pass   2 of global swaps; hpwl is 2.753800e+04.
[INFO DPL-0307] End of global swaps; objective is 2.753800e+04, improvement is 1.83 percent.
[INFO DPL-0303] Running algorithm for vertical swaps.
[INFO DPL-0308] Pass   1 of vertical swaps; hpwl is 2.743000e+04.
[INFO DPL-0309] End of vertical swaps; objective is 2.743000e+04, improvement is 0.39 percent.
[INFO DPL-0303] Running algorithm for reordering.
[INFO DPL-0304] Pass   1 of reordering; objective is 2.743000e+04.
[INFO DPL-0305] End of reordering; objective is 2.743000e+04, improvement is 0.00 percent.
[INFO DPL-0303] Running algorithm for random improvement.
[INFO DPL-0324] Random improver is using displacement generator.
[INFO DPL-0325] Random improver is using hpwl objective.
[INFO DPL-0326] Random improver cost string is (a).
[INFO DPL-0332] End of pass, Generator displacement called 340 times.
[INFO DPL-0335] Generator displacement, Cumulative attempts 340, swaps 71, moves   141 since last reset.
[INFO DPL-0333] End of pass, Objective hpwl, Initial cost 2.743000e+04, Scratch cost 2.704000e+04, Incremental cost 2.704000e+04, Mismatch? N
[INFO DPL-0338] End of pass, Total cost is 2.704000e+04.
[INFO DPL-0327] Pass   1 of random improver; improvement in cost is 1.42 percent.
[INFO DPL-0332] End of pass, Generator displacement called 340 times.
[INFO DPL-0335] Generator displacement, Cumulative attempts 680, swaps 164, moves   268 since last reset.
[INFO DPL-0333] End of pass, Objective hpwl, Initial cost 2.704000e+04, Scratch cost 2.691800e+04, Incremental cost 2.691800e+04, Mismatch? N
[INFO DPL-0338] End of pass, Total cost is 2.691800e+04.
[INFO DPL-0327] Pass   2 of random improver; improvement in cost is 0.45 percent.
[INFO DPL-0328] End of random improver; improvement is 1.866569 percent.
[INFO DPL-0380] Cell flipping.
[INFO DPL-0382] Changed 0 cell orientations for row compatibility.
[INFO DPL-0383] Performed 4 cell flips.
[INFO DPL-0384] End of flipping; objective is 2.612200e+04, improvement is 2.96 percent.
[INFO DPL-0313] Found 0 cells in wrong regions.
[INFO DPL-0315] Found 0 row alignment problems.
[INFO DPL-0314] Found 0 site alignment problems.
[INFO DPL-0311] Found 0 overlaps between adjacent cells.
[INFO DPL-0312] Found 0 edge spacing violations and 0 padding violations.
Detailed Improvement Results
------------------------------------------
Original HPWL               28.1 u (      16.5,       11.6)
Final HPWL                  26.0 u (      15.2,       10.8)
Delta HPWL                  -7.6 % (      -8.0,       -7.0)

[INFO DPL-0020] Mirrored 1 instances
[INFO DPL-0021] HPWL before              26.0 u
[INFO DPL-0022] HPWL after               26.0 u
[INFO DPL-0023] HPWL delta               -0.1 %
[INFO FLW-0012] Placement violations .
Report metrics stage 3, detailed place...

==========================================================================
detailed place report_design_area
--------------------------------------------------------------------------
Design area 2 u^2 57% utilization.
Elapsed time: 0:02.14[h:]min:sec. CPU time: user 0.74 sys 0.07 (38%). Peak memory: 187044KB.
