OpenROAD v2.0-21872-gd51df1dea5 
Features included (+) or not (-): +GPU +GUI +Python
This program is licensed under the BSD-3 license. See the LICENSE file for details.
Components of this program may be licensed under more restrictive licenses which must be honored.
[INFO ORD-0030] Using 32 thread(s).
source /home/h3sun/720-noc-project/OpenROAD-flow-scripts/flow/platforms/asap7/liberty_suppressions.tcl
suppress_message STA 1212
Deleted 0 routing obstructions
[INFO RCX-0431] Defined process_corner X with ext_model_index 0
[INFO RCX-0029] Defined extraction corner X
[INFO RCX-0435] Reading extraction model file /home/h3sun/720-noc-project/OpenROAD-flow-scripts/flow/platforms/asap7/rcx_patterns.rules ...
[INFO RCX-0436] RC segment generation mux (max_merge_res 50.0) ...
[INFO RCX-0040] Final 78 rc segments
[INFO RCX-0439] Coupling Cap extraction mux ...
[INFO RCX-0440] Coupling threshhold is 0.1000 fF, coupling capacitance less than 0.1000 fF will be grounded.
[INFO RCX-0442] 64% of 105 wires extracted
[INFO RCX-0442] 100% of 105 wires extracted
[INFO RCX-0045] Extract 25 nets, 103 rsegs, 103 caps, 36 ccs
[INFO RCX-0443] 25 nets finished
[INFO PSM-0040] All shapes on net VDD are connected.
[INFO PSM-0073] Using bump pattern with x-pitch 140.0000um, y-pitch 140.0000um, and size 70.0000um with an reduction factor of 3x.
########## IR report #################
Net              : VDD
Corner           : default
Supply voltage   : 7.70e-01 V
Worstcase voltage: 7.70e-01 V
Average voltage  : 7.70e-01 V
Average IR drop  : 1.02e-04 V
Worstcase IR drop: 1.63e-04 V
Percentage drop  : 0.02 %
######################################
[INFO PSM-0040] All shapes on net VSS are connected.
[INFO PSM-0073] Using bump pattern with x-pitch 140.0000um, y-pitch 140.0000um, and size 70.0000um with an reduction factor of 3x.
########## IR report #################
Net              : VSS
Corner           : default
Supply voltage   : 0.00e+00 V
Worstcase voltage: 1.98e-04 V
Average voltage  : 1.14e-04 V
Average IR drop  : 1.14e-04 V
Worstcase IR drop: 1.98e-04 V
Percentage drop  : 0.03 %
######################################
Cell type report:                       Count       Area
  Fill cell                                16       1.05
  Tap cell                                 14       0.41
  Clock buffer                              3       0.22
  Timing Repair Buffer                      5       0.44
  Inverter                                  3       0.13
  Sequential cell                           4       1.17
  Multi-Input combinational cell            5       0.47
  Total                                    50       3.88
Report metrics stage 6, finish...

==========================================================================
finish report_design_area
--------------------------------------------------------------------------
Design area 2 u^2 62% utilization.
Elapsed time: 0:10.73[h:]min:sec. CPU time: user 1.47 sys 0.29 (16%). Peak memory: 311216KB.
