OpenROAD v2.0-21872-gd51df1dea5 
Features included (+) or not (-): +GPU +GUI +Python
This program is licensed under the BSD-3 license. See the LICENSE file for details.
Components of this program may be licensed under more restrictive licenses which must be honored.
[INFO ORD-0030] Using 24 thread(s).
source /home/h3sun/720-noc-project/OpenROAD-flow-scripts/flow/platforms/asap7/liberty_suppressions.tcl
suppress_message STA 1212
[INFO GPL-0002] DBU: 1000
[INFO GPL-0003] SiteSize: (  0.054  0.270 ) um
[INFO GPL-0004] CoreBBox: (  2.052  2.160 ) ( 114.264 114.210 ) um
[WARNING GPL-0001] clk toplevel port is not placed!
       Replace will regard clk is placed in (0, 0)
[WARNING GPL-0001] l_credit_packet[0] toplevel port is not placed!
       Replace will regard l_credit_packet[0] is placed in (0, 0)
[WARNING GPL-0001] l_credit_packet[10] toplevel port is not placed!
       Replace will regard l_credit_packet[10] is placed in (0, 0)
[WARNING GPL-0001] l_credit_packet[11] toplevel port is not placed!
       Replace will regard l_credit_packet[11] is placed in (0, 0)
[WARNING GPL-0001] l_credit_packet[12] toplevel port is not placed!
       Replace will regard l_credit_packet[12] is placed in (0, 0)
[WARNING GPL-0001] l_credit_packet[13] toplevel port is not placed!
       Replace will regard l_credit_packet[13] is placed in (0, 0)
[WARNING GPL-0001] l_credit_packet[14] toplevel port is not placed!
       Replace will regard l_credit_packet[14] is placed in (0, 0)
[WARNING GPL-0001] l_credit_packet[15] toplevel port is not placed!
       Replace will regard l_credit_packet[15] is placed in (0, 0)
[WARNING GPL-0001] l_credit_packet[16] toplevel port is not placed!
       Replace will regard l_credit_packet[16] is placed in (0, 0)
[WARNING GPL-0001] l_credit_packet[17] toplevel port is not placed!
       Replace will regard l_credit_packet[17] is placed in (0, 0)
[WARNING GPL-0001] l_credit_packet[18] toplevel port is not placed!
       Replace will regard l_credit_packet[18] is placed in (0, 0)
[WARNING GPL-0001] l_credit_packet[19] toplevel port is not placed!
       Replace will regard l_credit_packet[19] is placed in (0, 0)
[WARNING GPL-0001] l_credit_packet[1] toplevel port is not placed!
       Replace will regard l_credit_packet[1] is placed in (0, 0)
[WARNING GPL-0001] l_credit_packet[20] toplevel port is not placed!
       Replace will regard l_credit_packet[20] is placed in (0, 0)
[WARNING GPL-0001] l_credit_packet[21] toplevel port is not placed!
       Replace will regard l_credit_packet[21] is placed in (0, 0)
[WARNING GPL-0001] l_credit_packet[22] toplevel port is not placed!
       Replace will regard l_credit_packet[22] is placed in (0, 0)
[WARNING GPL-0001] l_credit_packet[23] toplevel port is not placed!
       Replace will regard l_credit_packet[23] is placed in (0, 0)
[WARNING GPL-0001] l_credit_packet[24] toplevel port is not placed!
       Replace will regard l_credit_packet[24] is placed in (0, 0)
[WARNING GPL-0001] l_credit_packet[25] toplevel port is not placed!
       Replace will regard l_credit_packet[25] is placed in (0, 0)
[WARNING GPL-0001] l_credit_packet[26] toplevel port is not placed!
       Replace will regard l_credit_packet[26] is placed in (0, 0)
[WARNING GPL-0001] l_credit_packet[27] toplevel port is not placed!
       Replace will regard l_credit_packet[27] is placed in (0, 0)
[WARNING GPL-0001] l_credit_packet[28] toplevel port is not placed!
       Replace will regard l_credit_packet[28] is placed in (0, 0)
[WARNING GPL-0001] l_credit_packet[29] toplevel port is not placed!
       Replace will regard l_credit_packet[29] is placed in (0, 0)
[WARNING GPL-0001] l_credit_packet[2] toplevel port is not placed!
       Replace will regard l_credit_packet[2] is placed in (0, 0)
[WARNING GPL-0001] l_credit_packet[30] toplevel port is not placed!
       Replace will regard l_credit_packet[30] is placed in (0, 0)
[WARNING GPL-0001] l_credit_packet[31] toplevel port is not placed!
       Replace will regard l_credit_packet[31] is placed in (0, 0)
[WARNING GPL-0001] l_credit_packet[32] toplevel port is not placed!
       Replace will regard l_credit_packet[32] is placed in (0, 0)
[WARNING GPL-0001] l_credit_packet[33] toplevel port is not placed!
       Replace will regard l_credit_packet[33] is placed in (0, 0)
[WARNING GPL-0001] l_credit_packet[34] toplevel port is not placed!
       Replace will regard l_credit_packet[34] is placed in (0, 0)
[WARNING GPL-0001] l_credit_packet[35] toplevel port is not placed!
       Replace will regard l_credit_packet[35] is placed in (0, 0)
[WARNING GPL-0001] l_credit_packet[36] toplevel port is not placed!
       Replace will regard l_credit_packet[36] is placed in (0, 0)
[WARNING GPL-0001] l_credit_packet[3] toplevel port is not placed!
       Replace will regard l_credit_packet[3] is placed in (0, 0)
[WARNING GPL-0001] l_credit_packet[4] toplevel port is not placed!
       Replace will regard l_credit_packet[4] is placed in (0, 0)
[WARNING GPL-0001] l_credit_packet[5] toplevel port is not placed!
       Replace will regard l_credit_packet[5] is placed in (0, 0)
[WARNING GPL-0001] l_credit_packet[6] toplevel port is not placed!
       Replace will regard l_credit_packet[6] is placed in (0, 0)
[WARNING GPL-0001] l_credit_packet[7] toplevel port is not placed!
       Replace will regard l_credit_packet[7] is placed in (0, 0)
[WARNING GPL-0001] l_credit_packet[8] toplevel port is not placed!
       Replace will regard l_credit_packet[8] is placed in (0, 0)
[WARNING GPL-0001] l_credit_packet[9] toplevel port is not placed!
       Replace will regard l_credit_packet[9] is placed in (0, 0)
[WARNING GPL-0001] l_credit_vc_credit_gnt[0] toplevel port is not placed!
       Replace will regard l_credit_vc_credit_gnt[0] is placed in (0, 0)
[WARNING GPL-0001] l_credit_vc_credit_gnt[1] toplevel port is not placed!
       Replace will regard l_credit_vc_credit_gnt[1] is placed in (0, 0)
[WARNING GPL-0001] l_credit_vc_target[0] toplevel port is not placed!
       Replace will regard l_credit_vc_target[0] is placed in (0, 0)
[WARNING GPL-0001] l_credit_vc_target[1] toplevel port is not placed!
       Replace will regard l_credit_vc_target[1] is placed in (0, 0)
[WARNING GPL-0001] r_credit_packet[0] toplevel port is not placed!
       Replace will regard r_credit_packet[0] is placed in (0, 0)
[WARNING GPL-0001] r_credit_packet[10] toplevel port is not placed!
       Replace will regard r_credit_packet[10] is placed in (0, 0)
[WARNING GPL-0001] r_credit_packet[11] toplevel port is not placed!
       Replace will regard r_credit_packet[11] is placed in (0, 0)
[WARNING GPL-0001] r_credit_packet[12] toplevel port is not placed!
       Replace will regard r_credit_packet[12] is placed in (0, 0)
[WARNING GPL-0001] r_credit_packet[13] toplevel port is not placed!
       Replace will regard r_credit_packet[13] is placed in (0, 0)
[WARNING GPL-0001] r_credit_packet[14] toplevel port is not placed!
       Replace will regard r_credit_packet[14] is placed in (0, 0)
[WARNING GPL-0001] r_credit_packet[15] toplevel port is not placed!
       Replace will regard r_credit_packet[15] is placed in (0, 0)
[WARNING GPL-0001] r_credit_packet[16] toplevel port is not placed!
       Replace will regard r_credit_packet[16] is placed in (0, 0)
[WARNING GPL-0001] r_credit_packet[17] toplevel port is not placed!
       Replace will regard r_credit_packet[17] is placed in (0, 0)
[WARNING GPL-0001] r_credit_packet[18] toplevel port is not placed!
       Replace will regard r_credit_packet[18] is placed in (0, 0)
[WARNING GPL-0001] r_credit_packet[19] toplevel port is not placed!
       Replace will regard r_credit_packet[19] is placed in (0, 0)
[WARNING GPL-0001] r_credit_packet[1] toplevel port is not placed!
       Replace will regard r_credit_packet[1] is placed in (0, 0)
[WARNING GPL-0001] r_credit_packet[20] toplevel port is not placed!
       Replace will regard r_credit_packet[20] is placed in (0, 0)
[WARNING GPL-0001] r_credit_packet[21] toplevel port is not placed!
       Replace will regard r_credit_packet[21] is placed in (0, 0)
[WARNING GPL-0001] r_credit_packet[22] toplevel port is not placed!
       Replace will regard r_credit_packet[22] is placed in (0, 0)
[WARNING GPL-0001] r_credit_packet[23] toplevel port is not placed!
       Replace will regard r_credit_packet[23] is placed in (0, 0)
[WARNING GPL-0001] r_credit_packet[24] toplevel port is not placed!
       Replace will regard r_credit_packet[24] is placed in (0, 0)
[WARNING GPL-0001] r_credit_packet[25] toplevel port is not placed!
       Replace will regard r_credit_packet[25] is placed in (0, 0)
[WARNING GPL-0001] r_credit_packet[26] toplevel port is not placed!
       Replace will regard r_credit_packet[26] is placed in (0, 0)
[WARNING GPL-0001] r_credit_packet[27] toplevel port is not placed!
       Replace will regard r_credit_packet[27] is placed in (0, 0)
[WARNING GPL-0001] r_credit_packet[28] toplevel port is not placed!
       Replace will regard r_credit_packet[28] is placed in (0, 0)
[WARNING GPL-0001] r_credit_packet[29] toplevel port is not placed!
       Replace will regard r_credit_packet[29] is placed in (0, 0)
[WARNING GPL-0001] r_credit_packet[2] toplevel port is not placed!
       Replace will regard r_credit_packet[2] is placed in (0, 0)
[WARNING GPL-0001] r_credit_packet[30] toplevel port is not placed!
       Replace will regard r_credit_packet[30] is placed in (0, 0)
[WARNING GPL-0001] r_credit_packet[31] toplevel port is not placed!
       Replace will regard r_credit_packet[31] is placed in (0, 0)
[WARNING GPL-0001] r_credit_packet[32] toplevel port is not placed!
       Replace will regard r_credit_packet[32] is placed in (0, 0)
[WARNING GPL-0001] r_credit_packet[33] toplevel port is not placed!
       Replace will regard r_credit_packet[33] is placed in (0, 0)
[WARNING GPL-0001] r_credit_packet[34] toplevel port is not placed!
       Replace will regard r_credit_packet[34] is placed in (0, 0)
[WARNING GPL-0001] r_credit_packet[35] toplevel port is not placed!
       Replace will regard r_credit_packet[35] is placed in (0, 0)
[WARNING GPL-0001] r_credit_packet[36] toplevel port is not placed!
       Replace will regard r_credit_packet[36] is placed in (0, 0)
[WARNING GPL-0001] r_credit_packet[3] toplevel port is not placed!
       Replace will regard r_credit_packet[3] is placed in (0, 0)
[WARNING GPL-0001] r_credit_packet[4] toplevel port is not placed!
       Replace will regard r_credit_packet[4] is placed in (0, 0)
[WARNING GPL-0001] r_credit_packet[5] toplevel port is not placed!
       Replace will regard r_credit_packet[5] is placed in (0, 0)
[WARNING GPL-0001] r_credit_packet[6] toplevel port is not placed!
       Replace will regard r_credit_packet[6] is placed in (0, 0)
[WARNING GPL-0001] r_credit_packet[7] toplevel port is not placed!
       Replace will regard r_credit_packet[7] is placed in (0, 0)
[WARNING GPL-0001] r_credit_packet[8] toplevel port is not placed!
       Replace will regard r_credit_packet[8] is placed in (0, 0)
[WARNING GPL-0001] r_credit_packet[9] toplevel port is not placed!
       Replace will regard r_credit_packet[9] is placed in (0, 0)
[WARNING GPL-0001] r_credit_vc_credit_gnt[0] toplevel port is not placed!
       Replace will regard r_credit_vc_credit_gnt[0] is placed in (0, 0)
[WARNING GPL-0001] r_credit_vc_credit_gnt[1] toplevel port is not placed!
       Replace will regard r_credit_vc_credit_gnt[1] is placed in (0, 0)
[WARNING GPL-0001] r_credit_vc_target[0] toplevel port is not placed!
       Replace will regard r_credit_vc_target[0] is placed in (0, 0)
[WARNING GPL-0001] r_credit_vc_target[1] toplevel port is not placed!
       Replace will regard r_credit_vc_target[1] is placed in (0, 0)
[WARNING GPL-0001] rst toplevel port is not placed!
       Replace will regard rst is placed in (0, 0)
[WARNING GPL-0001] u0_credit_packet[0] toplevel port is not placed!
       Replace will regard u0_credit_packet[0] is placed in (0, 0)
[WARNING GPL-0001] u0_credit_packet[10] toplevel port is not placed!
       Replace will regard u0_credit_packet[10] is placed in (0, 0)
[WARNING GPL-0001] u0_credit_packet[11] toplevel port is not placed!
       Replace will regard u0_credit_packet[11] is placed in (0, 0)
[WARNING GPL-0001] u0_credit_packet[12] toplevel port is not placed!
       Replace will regard u0_credit_packet[12] is placed in (0, 0)
[WARNING GPL-0001] u0_credit_packet[13] toplevel port is not placed!
       Replace will regard u0_credit_packet[13] is placed in (0, 0)
[WARNING GPL-0001] u0_credit_packet[14] toplevel port is not placed!
       Replace will regard u0_credit_packet[14] is placed in (0, 0)
[WARNING GPL-0001] u0_credit_packet[15] toplevel port is not placed!
       Replace will regard u0_credit_packet[15] is placed in (0, 0)
[WARNING GPL-0001] u0_credit_packet[16] toplevel port is not placed!
       Replace will regard u0_credit_packet[16] is placed in (0, 0)
[WARNING GPL-0001] u0_credit_packet[17] toplevel port is not placed!
       Replace will regard u0_credit_packet[17] is placed in (0, 0)
[WARNING GPL-0001] u0_credit_packet[18] toplevel port is not placed!
       Replace will regard u0_credit_packet[18] is placed in (0, 0)
[WARNING GPL-0001] u0_credit_packet[19] toplevel port is not placed!
       Replace will regard u0_credit_packet[19] is placed in (0, 0)
[WARNING GPL-0001] u0_credit_packet[1] toplevel port is not placed!
       Replace will regard u0_credit_packet[1] is placed in (0, 0)
[WARNING GPL-0001] u0_credit_packet[20] toplevel port is not placed!
       Replace will regard u0_credit_packet[20] is placed in (0, 0)
[WARNING GPL-0001] u0_credit_packet[21] toplevel port is not placed!
       Replace will regard u0_credit_packet[21] is placed in (0, 0)
[WARNING GPL-0001] u0_credit_packet[22] toplevel port is not placed!
       Replace will regard u0_credit_packet[22] is placed in (0, 0)
[WARNING GPL-0001] u0_credit_packet[23] toplevel port is not placed!
       Replace will regard u0_credit_packet[23] is placed in (0, 0)
[WARNING GPL-0001] u0_credit_packet[24] toplevel port is not placed!
       Replace will regard u0_credit_packet[24] is placed in (0, 0)
[WARNING GPL-0001] u0_credit_packet[25] toplevel port is not placed!
       Replace will regard u0_credit_packet[25] is placed in (0, 0)
[WARNING GPL-0001] u0_credit_packet[26] toplevel port is not placed!
       Replace will regard u0_credit_packet[26] is placed in (0, 0)
[WARNING GPL-0001] u0_credit_packet[27] toplevel port is not placed!
       Replace will regard u0_credit_packet[27] is placed in (0, 0)
[WARNING GPL-0001] u0_credit_packet[28] toplevel port is not placed!
       Replace will regard u0_credit_packet[28] is placed in (0, 0)
[WARNING GPL-0001] u0_credit_packet[29] toplevel port is not placed!
       Replace will regard u0_credit_packet[29] is placed in (0, 0)
[WARNING GPL-0001] u0_credit_packet[2] toplevel port is not placed!
       Replace will regard u0_credit_packet[2] is placed in (0, 0)
[WARNING GPL-0001] u0_credit_packet[30] toplevel port is not placed!
       Replace will regard u0_credit_packet[30] is placed in (0, 0)
[WARNING GPL-0001] u0_credit_packet[31] toplevel port is not placed!
       Replace will regard u0_credit_packet[31] is placed in (0, 0)
[WARNING GPL-0001] u0_credit_packet[32] toplevel port is not placed!
       Replace will regard u0_credit_packet[32] is placed in (0, 0)
[WARNING GPL-0001] u0_credit_packet[33] toplevel port is not placed!
       Replace will regard u0_credit_packet[33] is placed in (0, 0)
[WARNING GPL-0001] u0_credit_packet[34] toplevel port is not placed!
       Replace will regard u0_credit_packet[34] is placed in (0, 0)
[WARNING GPL-0001] u0_credit_packet[35] toplevel port is not placed!
       Replace will regard u0_credit_packet[35] is placed in (0, 0)
[WARNING GPL-0001] u0_credit_packet[36] toplevel port is not placed!
       Replace will regard u0_credit_packet[36] is placed in (0, 0)
[WARNING GPL-0001] u0_credit_packet[3] toplevel port is not placed!
       Replace will regard u0_credit_packet[3] is placed in (0, 0)
[WARNING GPL-0001] u0_credit_packet[4] toplevel port is not placed!
       Replace will regard u0_credit_packet[4] is placed in (0, 0)
[WARNING GPL-0001] u0_credit_packet[5] toplevel port is not placed!
       Replace will regard u0_credit_packet[5] is placed in (0, 0)
[WARNING GPL-0001] u0_credit_packet[6] toplevel port is not placed!
       Replace will regard u0_credit_packet[6] is placed in (0, 0)
[WARNING GPL-0001] u0_credit_packet[7] toplevel port is not placed!
       Replace will regard u0_credit_packet[7] is placed in (0, 0)
[WARNING GPL-0001] u0_credit_packet[8] toplevel port is not placed!
       Replace will regard u0_credit_packet[8] is placed in (0, 0)
[WARNING GPL-0001] u0_credit_packet[9] toplevel port is not placed!
       Replace will regard u0_credit_packet[9] is placed in (0, 0)
[WARNING GPL-0001] u0_credit_vc_credit_gnt[0] toplevel port is not placed!
       Replace will regard u0_credit_vc_credit_gnt[0] is placed in (0, 0)
[WARNING GPL-0001] u0_credit_vc_credit_gnt[1] toplevel port is not placed!
       Replace will regard u0_credit_vc_credit_gnt[1] is placed in (0, 0)
[WARNING GPL-0001] u0_credit_vc_target[0] toplevel port is not placed!
       Replace will regard u0_credit_vc_target[0] is placed in (0, 0)
[WARNING GPL-0001] u0_credit_vc_target[1] toplevel port is not placed!
       Replace will regard u0_credit_vc_target[1] is placed in (0, 0)
[INFO GPL-0006] Number of instances:             42488
[INFO GPL-0007] Movable instances:               40824
[INFO GPL-0008] Fixed instances:                  1664
[INFO GPL-0009] Dummy instances:                     0
[INFO GPL-0010] Number of nets:                  40892
[INFO GPL-0011] Number of pins:                 133876
[INFO GPL-0012] Die BBox:  (  0.000  0.000 ) ( 116.304 116.304 ) um
[INFO GPL-0013] Core BBox: (  2.052  2.160 ) ( 114.264 114.210 ) um
[INFO GPL-0016] Core area:                   12573.355 um^2
[INFO GPL-0017] Fixed instances area:           48.522 um^2
[INFO GPL-0018] Movable instances area:       5044.957 um^2
[INFO GPL-0019] Utilization:                    40.280 %
[INFO GPL-0020] Standard cells area:          5044.957 um^2
[INFO GPL-0021] Large instances area:            0.000 um^2
[INFO GPL-0023] Placement target density:       1.0000
[INFO GPL-0024] Movable insts average area:      0.124 um^2
[INFO GPL-0025] Ideal bin area:                  0.124 um^2
[INFO GPL-0026] Ideal bin count:                101744
[INFO GPL-0027] Total bin area:              12573.355 um^2
[INFO GPL-0028] Bin count (X, Y):         256 ,    256
[INFO GPL-0029] Bin size (W * H):       0.438 *  0.438 um
[INFO GPL-0030] Number of bins:                  65536
Placement density is 0.5379999971389771, computed from PLACE_DENSITY_LB_ADDON 0.20 and lower bound 0.4099999964237213
global_placement -skip_io -density 0.5379999971389771 -pad_left 0 -pad_right 0
[INFO GPL-0002] DBU: 1000
[INFO GPL-0003] SiteSize: (  0.054  0.270 ) um
[INFO GPL-0004] CoreBBox: (  2.052  2.160 ) ( 114.264 114.210 ) um
[INFO GPL-0006] Number of instances:             42488
[INFO GPL-0007] Movable instances:               40824
[INFO GPL-0008] Fixed instances:                  1664
[INFO GPL-0009] Dummy instances:                     0
[INFO GPL-0010] Number of nets:                  40892
[INFO GPL-0011] Number of pins:                 133751
[INFO GPL-0012] Die BBox:  (  0.000  0.000 ) ( 116.304 116.304 ) um
[INFO GPL-0013] Core BBox: (  2.052  2.160 ) ( 114.264 114.210 ) um
[INFO GPL-0016] Core area:                   12573.355 um^2
[INFO GPL-0017] Fixed instances area:           48.522 um^2
[INFO GPL-0018] Movable instances area:       5044.957 um^2
[INFO GPL-0019] Utilization:                    40.280 %
[INFO GPL-0020] Standard cells area:          5044.957 um^2
[INFO GPL-0021] Large instances area:            0.000 um^2
[INFO GPL-0023] Placement target density:       0.5380
[INFO GPL-0024] Movable insts average area:      0.124 um^2
[INFO GPL-0025] Ideal bin area:                  0.230 um^2
[INFO GPL-0026] Ideal bin count:                 54738
[INFO GPL-0027] Total bin area:              12573.355 um^2
[INFO GPL-0028] Bin count (X, Y):         128 ,    128
[INFO GPL-0029] Bin size (W * H):       0.877 *  0.875 um
[INFO GPL-0030] Number of bins:                  16384
[INFO GPL-0031] HPWL: Half-Perimeter Wirelength
Iteration | Overflow |     HPWL (um) |  HPWL(%) |   Penalty | Group
---------------------------------------------------------------
        1 |   0.9956 |  2.680594e+07 |   +0.00% |  5.58e-14 |      
       10 |   0.9963 |  9.281949e+06 |  -65.37% |  8.66e-14 |      
       20 |   0.9963 |  8.850196e+06 |   -4.65% |  1.41e-13 |      
       30 |   0.9963 |  8.807186e+06 |   -0.49% |  2.30e-13 |      
       40 |   0.9963 |  8.792657e+06 |   -0.16% |  3.74e-13 |      
       50 |   0.9963 |  8.784488e+06 |   -0.09% |  6.10e-13 |      
       60 |   0.9963 |  8.784490e+06 |   +0.00% |  9.94e-13 |      
       70 |   0.9963 |  8.785614e+06 |   +0.01% |  1.62e-12 |      
       80 |   0.9963 |  8.792895e+06 |   +0.08% |  2.64e-12 |      
       90 |   0.9963 |  8.828056e+06 |   +0.40% |  4.29e-12 |      
      100 |   0.9962 |  8.995769e+06 |   +1.90% |  6.99e-12 |      
      110 |   0.9958 |  9.534331e+06 |   +5.99% |  1.14e-11 |      
      120 |   0.9951 |  1.055898e+07 |  +10.75% |  1.86e-11 |      
      130 |   0.9937 |  1.209865e+07 |  +14.58% |  3.02e-11 |      
      140 |   0.9912 |  1.477862e+07 |  +22.15% |  4.92e-11 |      
      150 |   0.9875 |  1.914614e+07 |  +29.55% |  8.01e-11 |      
      160 |   0.9818 |  2.515789e+07 |  +31.40% |  1.30e-10 |      
      170 |   0.9738 |  3.153311e+07 |  +25.34% |  2.12e-10 |      
      180 |   0.9640 |  3.791002e+07 |  +20.22% |  3.46e-10 |      
      190 |   0.9520 |  4.506104e+07 |  +18.86% |  5.62e-10 |      
      200 |   0.9372 |  5.337974e+07 |  +18.46% |  9.15e-10 |      
      210 |   0.9179 |  6.294265e+07 |  +17.91% |  1.49e-09 |      
      220 |   0.8943 |  7.361016e+07 |  +16.95% |  2.42e-09 |      
      230 |   0.8652 |  8.448013e+07 |  +14.77% |  3.94e-09 |      
      240 |   0.8322 |  9.508962e+07 |  +12.56% |  6.41e-09 |      
      250 |   0.7976 |  1.052327e+08 |  +10.67% |  1.04e-08 |      
      260 |   0.7588 |  1.141144e+08 |   +8.44% |  1.70e-08 |      
      270 |   0.7189 |  1.222172e+08 |   +7.10% |  2.76e-08 |      
      280 |   0.6744 |  1.293539e+08 |   +5.84% |  4.50e-08 |      
      290 |   0.6261 |  1.360947e+08 |   +5.21% |  7.32e-08 |      
      300 |   0.5742 |  1.422257e+08 |   +4.50% |  1.19e-07 |      
      310 |   0.5153 |  1.473354e+08 |   +3.59% |  1.94e-07 |      
      320 |   0.4539 |  1.510547e+08 |   +2.52% |  3.16e-07 |      
      330 |   0.3963 |  1.531011e+08 |   +1.35% |  5.15e-07 |      
      340 |   0.3529 |  1.542017e+08 |   +0.72% |  8.38e-07 |      
      350 |   0.3100 |  1.540295e+08 |   -0.11% |  1.26e-06 |      
      360 |   0.2781 |  1.537112e+08 |   -0.21% |  1.86e-06 |      
      370 |   0.2462 |  1.535732e+08 |   -0.09% |  2.73e-06 |      
      380 |   0.2167 |  1.531529e+08 |   -0.27% |  4.03e-06 |      
      390 |   0.1899 |  1.527951e+08 |   -0.23% |  5.93e-06 |      
      400 |   0.1653 |  1.524663e+08 |   -0.22% |  8.74e-06 |      
      410 |   0.1408 |  1.521104e+08 |   -0.23% |  1.29e-05 |      
      420 |   0.1194 |  1.519035e+08 |   -0.14% |  1.90e-05 |      
      430 |   0.1009 |  1.517053e+08 |   -0.13% |  2.79e-05 |      
[INFO GPL-1001] Finished with Overflow: 0.099124
[INFO GPL-1002] Placed Cell Area             5044.9570
[INFO GPL-1003] Available Free Area         12524.8324
[INFO GPL-1004] Minimum Feasible Density        0.4100 (cell_area / free_area)
[INFO GPL-1006]   Suggested Target Densities:
[INFO GPL-1007]     - For 90% usage of free space: 0.4476
[INFO GPL-1008]     - For 80% usage of free space: 0.5035
Took 24 seconds: global_placement -skip_io -density 0.5379999971389771 -pad_left 0 -pad_right 0
Elapsed time: 0:25.52[h:]min:sec. CPU time: user 453.99 sys 5.14 (1798%). Peak memory: 324092KB.
