OpenROAD v2.0-21872-gd51df1dea5 
Features included (+) or not (-): +GPU +GUI +Python
This program is licensed under the BSD-3 license. See the LICENSE file for details.
Components of this program may be licensed under more restrictive licenses which must be honored.
[INFO ORD-0030] Using 24 thread(s).
source /home/h3sun/720-noc-project/OpenROAD-flow-scripts/flow/platforms/asap7/liberty_suppressions.tcl
suppress_message STA 1212
Perform port buffering...
Perform buffer insertion and gate resizing...
repair_design -verbose
[INFO RSZ-0058] Using max wire length 162um.
Iteration |   Area    | Resized | Buffers | Nets repaired | Remaining
---------------------------------------------------------------------
        0 |     +0.0% |       0 |       0 |             0 |     41015
     1000 |     +0.0% |       0 |       0 |             0 |     40015
     2000 |     +0.0% |       0 |       0 |             0 |     39015
     3000 |     +0.0% |       0 |       0 |             0 |     38015
     4000 |     +0.0% |       0 |       0 |             0 |     37015
     5000 |     +0.0% |       0 |       0 |             0 |     36015
     6000 |     -0.0% |       1 |       0 |             0 |     35015
     7000 |     -0.0% |       3 |       0 |             0 |     34015
     8000 |     -0.0% |       4 |       0 |             0 |     33015
     9000 |     -0.0% |       6 |       0 |             0 |     32015
    10000 |     -0.0% |      17 |       0 |             0 |     31015
    11000 |     -0.0% |      22 |       0 |             0 |     30015
    12000 |     -0.0% |      22 |       0 |             0 |     29015
    13000 |     -0.0% |      26 |       0 |             0 |     28015
    14000 |     +0.0% |      70 |       0 |             0 |     27015
    15000 |     +0.0% |      83 |       0 |             0 |     26015
    16000 |     +0.0% |      89 |       0 |             0 |     25015
    17000 |     +0.0% |     239 |       0 |             0 |     24015
    18000 |     +0.0% |     560 |       0 |             0 |     23015
    19000 |     +0.0% |     633 |       0 |             0 |     22015
    20000 |     +0.0% |     729 |       0 |             0 |     21015
    21000 |     +0.0% |     740 |       0 |             0 |     20015
    22000 |     +0.0% |     758 |       0 |             0 |     19015
    23000 |     +0.0% |     786 |       0 |             0 |     18015
    24000 |     +0.0% |     840 |       0 |             0 |     17015
    25000 |     +0.0% |     869 |       0 |             0 |     16015
    26000 |     +0.0% |     878 |       0 |             0 |     15015
    27000 |     +0.0% |     905 |       0 |             0 |     14015
    28000 |     +0.0% |     908 |       0 |             0 |     13015
    29000 |     +0.0% |     954 |       0 |             0 |     12015
    30000 |     +0.1% |    1038 |       0 |             0 |     11015
    31000 |     +0.1% |    1047 |       0 |             0 |     10015
    32000 |     +0.1% |    1048 |       0 |             0 |      9015
    33000 |     +0.1% |    1053 |       0 |             0 |      8015
    34000 |     +0.1% |    1150 |       0 |             0 |      7015
    35000 |     +0.0% |    1375 |       0 |             0 |      6015
    36000 |     +0.0% |    1616 |       0 |             0 |      5015
    37000 |     -0.0% |    2002 |       0 |             0 |      4015
    38000 |     -0.0% |    2295 |       0 |             0 |      3015
    39000 |     -0.0% |    2686 |       0 |             0 |      2015
    40000 |     -0.0% |    2980 |       0 |             0 |      1015
    41000 |     -0.0% |    3304 |       0 |             0 |        15
    final |     -0.0% |    3304 |       0 |             0 |         0
---------------------------------------------------------------------
[INFO RSZ-0039] Resized 3304 instances.
Repair tie lo fanout...
Repair tie hi fanout...
Floating nets: 
Report metrics stage 3, resizer...

==========================================================================
resizer report_design_area
--------------------------------------------------------------------------
Design area 5637 u^2 45% utilization.
Instance count before 42488, after 42488
Pin count before 133751, after 133751
Elapsed time: 0:19.09[h:]min:sec. CPU time: user 21.73 sys 11.32 (173%). Peak memory: 376468KB.
