OpenROAD v2.0-21872-gd51df1dea5 
Features included (+) or not (-): +GPU +GUI +Python
This program is licensed under the BSD-3 license. See the LICENSE file for details.
Components of this program may be licensed under more restrictive licenses which must be honored.
[INFO ORD-0030] Using 24 thread(s).
source /home/h3sun/vliw/OpenROAD-flow-scripts/flow/platforms/nangate45/fastroute.tcl
[INFO GPL-0002] DBU: 2000
[INFO GPL-0003] SiteSize: (  0.190  1.400 ) um
[INFO GPL-0004] CoreBBox: (  1.140  1.400 ) ( 35.340 35.000 ) um
[INFO GPL-0006] Number of instances:               551
[INFO GPL-0007] Movable instances:                 503
[INFO GPL-0008] Fixed instances:                    48
[INFO GPL-0009] Dummy instances:                     0
[INFO GPL-0010] Number of nets:                    574
[INFO GPL-0011] Number of pins:                   1626
[INFO GPL-0012] Die BBox:  (  0.000  0.000 ) ( 36.380 36.380 ) um
[INFO GPL-0013] Core BBox: (  1.140  1.400 ) ( 35.340 35.000 ) um
[INFO GPL-0016] Core area:                    1149.120 um^2
[INFO GPL-0017] Fixed instances area:           12.768 um^2
[INFO GPL-0018] Movable instances area:        650.104 um^2
[INFO GPL-0019] Utilization:                    57.210 %
[INFO GPL-0020] Standard cells area:           650.104 um^2
[INFO GPL-0021] Large instances area:            0.000 um^2
[INFO GPL-0023] Placement target density:       1.0000
[INFO GPL-0024] Movable insts average area:      1.292 um^2
[INFO GPL-0025] Ideal bin area:                  1.292 um^2
[INFO GPL-0026] Ideal bin count:                   889
[INFO GPL-0027] Total bin area:               1149.120 um^2
[INFO GPL-0028] Bin count (X, Y):          16 ,     16
[INFO GPL-0029] Bin size (W * H):       2.138 *  2.100 um
[INFO GPL-0030] Number of bins:                    256
Placement density is 0.6739999866485595, computed from PLACE_DENSITY_LB_ADDON 0.20 and lower bound 0.5799999833106995
global_placement -density 0.6739999866485595 -pad_left 0 -pad_right 0 -routability_driven -timing_driven
[INFO GPL-0002] DBU: 2000
[INFO GPL-0003] SiteSize: (  0.190  1.400 ) um
[INFO GPL-0004] CoreBBox: (  1.140  1.400 ) ( 35.340 35.000 ) um
[INFO GPL-0006] Number of instances:               551
[INFO GPL-0007] Movable instances:                 503
[INFO GPL-0008] Fixed instances:                    48
[INFO GPL-0009] Dummy instances:                     0
[INFO GPL-0010] Number of nets:                    574
[INFO GPL-0011] Number of pins:                   1626
[INFO GPL-0012] Die BBox:  (  0.000  0.000 ) ( 36.380 36.380 ) um
[INFO GPL-0013] Core BBox: (  1.140  1.400 ) ( 35.340 35.000 ) um
[INFO GPL-0016] Core area:                    1149.120 um^2
[INFO GPL-0017] Fixed instances area:           12.768 um^2
[INFO GPL-0018] Movable instances area:        650.104 um^2
[INFO GPL-0019] Utilization:                    57.210 %
[INFO GPL-0020] Standard cells area:           650.104 um^2
[INFO GPL-0021] Large instances area:            0.000 um^2
[InitialPlace]  Iter: 1 conjugate gradient residual: 0.00000010 HPWL: 8162897
[InitialPlace]  Iter: 2 conjugate gradient residual: 0.00000008 HPWL: 5751497
[InitialPlace]  Iter: 3 conjugate gradient residual: 0.00000004 HPWL: 5773086
[InitialPlace]  Iter: 4 conjugate gradient residual: 0.00000006 HPWL: 5784572
[InitialPlace]  Iter: 5 conjugate gradient residual: 0.00000010 HPWL: 5788879
[INFO GPL-0023] Placement target density:       0.6740
[INFO GPL-0024] Movable insts average area:      1.292 um^2
[INFO GPL-0025] Ideal bin area:                  1.918 um^2
[INFO GPL-0026] Ideal bin count:                   599
[INFO GPL-0027] Total bin area:               1149.120 um^2
[INFO GPL-0028] Bin count (X, Y):          16 ,     16
[INFO GPL-0029] Bin size (W * H):       2.138 *  2.100 um
[INFO GPL-0030] Number of bins:                    256
[INFO GPL-0031] HPWL: Half-Perimeter Wirelength
Iteration | Overflow |     HPWL (um) |  HPWL(%) |   Penalty | Group
---------------------------------------------------------------
        1 |   0.8727 |  3.718884e+06 |   +0.00% |  6.98e-14 |      
[INFO GPL-0100] Timing-driven iteration 1/5, virtual: true.
[INFO GPL-0101]    Iter: 5, overflow: 0.772, keep resizer changes at: 0.3, HPWL: 4223538
Iteration |   Area    | Resized | Buffers | Nets repaired | Remaining
---------------------------------------------------------------------
        0 |     +0.0% |       0 |       0 |             0 |       574
    final |     -9.6% |     144 |       0 |             0 |         0
---------------------------------------------------------------------
[INFO RSZ-0039] Resized 144 instances.
[INFO GPL-0106] Timing-driven: worst slack 3.05e-12
Iteration | Overflow |     HPWL (um) |  HPWL(%) |   Penalty | Group
---------------------------------------------------------------
       10 |   0.7475 |  4.204389e+06 |  +13.06% |  1.08e-13 |      
       20 |   0.7230 |  4.207426e+06 |   +0.07% |  1.76e-13 |      
       30 |   0.7076 |  4.250335e+06 |   +1.02% |  2.87e-13 |      
       40 |   0.7020 |  4.266717e+06 |   +0.39% |  4.68e-13 |      
       50 |   0.7040 |  4.263311e+06 |   -0.08% |  7.62e-13 |      
       60 |   0.7072 |  4.257832e+06 |   -0.13% |  1.24e-12 |      
       70 |   0.7066 |  4.258807e+06 |   +0.02% |  2.02e-12 |      
       80 |   0.7048 |  4.263750e+06 |   +0.12% |  3.30e-12 |      
       90 |   0.7038 |  4.267350e+06 |   +0.08% |  5.37e-12 |      
      100 |   0.7038 |  4.267303e+06 |   -0.00% |  8.74e-12 |      
      110 |   0.7041 |  4.265259e+06 |   -0.05% |  1.42e-11 |      
      120 |   0.7040 |  4.264728e+06 |   -0.01% |  2.32e-11 |      
      130 |   0.7025 |  4.267802e+06 |   +0.07% |  3.78e-11 |      
      140 |   0.6995 |  4.274634e+06 |   +0.16% |  6.16e-11 |      
      150 |   0.6946 |  4.285772e+06 |   +0.26% |  1.00e-10 |      
      160 |   0.6874 |  4.302269e+06 |   +0.38% |  1.63e-10 |      
      170 |   0.6781 |  4.326496e+06 |   +0.56% |  2.66e-10 |      
      180 |   0.6662 |  4.360689e+06 |   +0.79% |  4.33e-10 |      
      190 |   0.6539 |  4.412162e+06 |   +1.18% |  7.06e-10 |      
      200 |   0.6350 |  4.484763e+06 |   +1.65% |  1.15e-09 |      
[INFO GPL-0100] Timing-driven iteration 2/5, virtual: true.
[INFO GPL-0101]    Iter: 201, overflow: 0.632, keep resizer changes at: 0.3, HPWL: 4494775
Iteration |   Area    | Resized | Buffers | Nets repaired | Remaining
---------------------------------------------------------------------
        0 |     +0.0% |       0 |       0 |             0 |       574
    final |     -9.4% |     142 |       0 |             0 |         0
---------------------------------------------------------------------
[INFO RSZ-0039] Resized 142 instances.
[INFO GPL-0106] Timing-driven: worst slack 4.94e-12
[INFO GPL-0088] Routability snapshot saved at iter = 207
Iteration | Overflow |     HPWL (um) |  HPWL(%) |   Penalty | Group
---------------------------------------------------------------
      210 |   0.5940 |  4.704195e+06 |   +4.89% |  1.87e-09 |      
      220 |   0.5808 |  4.733607e+06 |   +0.63% |  3.05e-09 |      
      230 |   0.5312 |  4.904331e+06 |   +3.61% |  4.97e-09 |      
      240 |   0.4984 |  4.955700e+06 |   +1.05% |  8.09e-09 |      
      250 |   0.4543 |  5.053950e+06 |   +1.98% |  1.32e-08 |      
      260 |   0.4078 |  5.167049e+06 |   +2.24% |  2.15e-08 |      
      270 |   0.3650 |  5.236134e+06 |   +1.34% |  3.50e-08 |      
      280 |   0.3248 |  5.308559e+06 |   +1.38% |  5.42e-08 |      
[INFO GPL-0040] Routability iteration: 1
[INFO GPL-0041] Total routing overflow: 0.0000
[INFO GPL-0042] Number of overflowed tiles: 0 (0.00%)
[INFO GPL-0043] Average top 0.5% routing congestion: 0.8239
[INFO GPL-0044] Average top 1.0% routing congestion: 0.8089
[INFO GPL-0045] Average top 2.0% routing congestion: 0.7801
[INFO GPL-0046] Average top 5.0% routing congestion: 0.7387
[INFO GPL-0047] Routability iteration weighted routing congestion: 0.8164
[INFO GPL-0050] Weighted routing congestion is lower than target routing congestion(1.0100), end routability optimization.
Iteration | Overflow |     HPWL (um) |  HPWL(%) |   Penalty | Group
---------------------------------------------------------------
      290 |   0.2865 |  5.301791e+06 |   -0.13% |  7.98e-08 |      
[INFO GPL-0100] Timing-driven iteration 3/5, virtual: false.
[INFO GPL-0101]    Iter: 291, overflow: 0.285, keep resizer changes at: 0.3, HPWL: 5296268
Iteration |   Area    | Resized | Buffers | Nets repaired | Remaining
---------------------------------------------------------------------
        0 |     +0.0% |       0 |       0 |             0 |       574
    final |     -8.8% |     139 |       0 |             0 |         0
---------------------------------------------------------------------
[INFO RSZ-0039] Resized 139 instances.
[INFO GPL-0106] Timing-driven: worst slack 1.82e-12
[INFO GPL-0107] Timing-driven: repair_design delta area: -57.190 um^2 (-8.80%)
[INFO GPL-0108] Timing-driven: repair_design, gpl cells created: 0 (+0.00%)
[INFO GPL-0109] Timing-driven: inserted buffers as reported by repair_design: 0
[INFO GPL-0110] Timing-driven: new target density: 0.6236722
Iteration | Overflow |     HPWL (um) |  HPWL(%) |   Penalty | Group
---------------------------------------------------------------
      300 |   0.3019 |  4.156240e+06 |  -21.61% |  1.18e-07 |      
      310 |   0.2470 |  4.433422e+06 |   +6.67% |  1.73e-07 |      
      320 |   0.2078 |  4.490726e+06 |   +1.29% |  2.55e-07 |      
[INFO GPL-0100] Timing-driven iteration 4/5, virtual: false.
[INFO GPL-0101]    Iter: 323, overflow: 0.204, keep resizer changes at: 0.3, HPWL: 4485162
Iteration |   Area    | Resized | Buffers | Nets repaired | Remaining
---------------------------------------------------------------------
        0 |     +0.0% |       0 |       0 |             0 |       574
    final |     +1.2% |      45 |       0 |             0 |         0
---------------------------------------------------------------------
[INFO RSZ-0039] Resized 45 instances.
[INFO GPL-0106] Timing-driven: worst slack -3.75e-12
[INFO GPL-0107] Timing-driven: repair_design delta area: 6.916 um^2 (+1.17%)
[INFO GPL-0108] Timing-driven: repair_design, gpl cells created: 0 (+0.00%)
[INFO GPL-0109] Timing-driven: inserted buffers as reported by repair_design: 0
[INFO GPL-0110] Timing-driven: new target density: 0.62975836
Iteration | Overflow |     HPWL (um) |  HPWL(%) |   Penalty | Group
---------------------------------------------------------------
      330 |   0.1864 |  4.510093e+06 |   +0.43% |  3.76e-07 |      
      340 |   0.1650 |  4.556687e+06 |   +1.03% |  5.54e-07 |      
[INFO GPL-0100] Timing-driven iteration 5/5, virtual: false.
[INFO GPL-0101]    Iter: 348, overflow: 0.145, keep resizer changes at: 0.3, HPWL: 4585503
Iteration |   Area    | Resized | Buffers | Nets repaired | Remaining
---------------------------------------------------------------------
        0 |     +0.0% |       0 |       0 |             0 |       574
    final |     +0.3% |      35 |       0 |             0 |         0
---------------------------------------------------------------------
[INFO RSZ-0039] Resized 35 instances.
[INFO GPL-0106] Timing-driven: worst slack -3.12e-12
[INFO GPL-0107] Timing-driven: repair_design delta area: 1.596 um^2 (+0.27%)
[INFO GPL-0108] Timing-driven: repair_design, gpl cells created: 0 (+0.00%)
[INFO GPL-0109] Timing-driven: inserted buffers as reported by repair_design: 0
[INFO GPL-0110] Timing-driven: new target density: 0.6311628
Iteration | Overflow |     HPWL (um) |  HPWL(%) |   Penalty | Group
---------------------------------------------------------------
      350 |   0.1384 |  4.595931e+06 |   +0.86% |  8.16e-07 |      
      360 |   0.1232 |  4.604120e+06 |   +0.18% |  1.20e-06 |      
[INFO GPL-1001] Finished with Overflow: 0.099455
[INFO GPL-1002] Placed Cell Area              601.4260
[INFO GPL-1003] Available Free Area          1136.3520
[INFO GPL-1004] Minimum Feasible Density        0.5293 (cell_area / free_area)
[INFO GPL-1006]   Suggested Target Densities:
[INFO GPL-1007]     - For 90% usage of free space: 0.5881
[INFO GPL-1008]     - For 80% usage of free space: 0.6616
[INFO GPL-1009]     - For 50% usage of free space: 1.0585
Report metrics stage 3, global place...

==========================================================================
global place report_design_area
--------------------------------------------------------------------------
Design area 601 u^2 52% utilization.
Elapsed time: 0:01.59[h:]min:sec. CPU time: user 13.46 sys 1.08 (912%). Peak memory: 202184KB.
