OpenROAD v2.0-21872-gd51df1dea5 
Features included (+) or not (-): +GPU +GUI +Python
This program is licensed under the BSD-3 license. See the LICENSE file for details.
Components of this program may be licensed under more restrictive licenses which must be honored.
[INFO ORD-0030] Using 24 thread(s).
Placement Analysis
---------------------------------
total displacement        497.6 u
average displacement        0.8 u
max displacement            3.1 u
original HPWL            2897.1 u
legalized HPWL           3328.4 u
delta HPWL                   15 %

Detailed placement improvement.
[INFO DPL-0401] Setting random seed to 1.
[INFO DPL-0402] Setting maximum displacement 5 1 to 14000 2800 units.
[INFO DPL-0320] Collected 102 fixed cells.
[INFO DPL-0318] Collected 556 single height cells.
[INFO DPL-0321] Collected 0 wide cells.
[INFO DPL-0322] Image (2280, 2800) - (70680, 70000)
[INFO DPL-0310] Assigned 556 cells into segments.  Movement in X-direction is 0.000000, movement in Y-direction is 0.000000.
[INFO DPL-0313] Found 0 cells in wrong regions.
[INFO DPL-0315] Found 0 row alignment problems.
[INFO DPL-0314] Found 0 site alignment problems.
[INFO DPL-0311] Found 0 overlaps between adjacent cells.
[INFO DPL-0312] Found 0 edge spacing violations and 0 padding violations.
[INFO DPL-0303] Running algorithm for independent set matching.
[INFO DPL-0300] Set matching objective is wirelength.
[INFO DPL-0301] Pass   1 of matching; objective is 6.645060e+06.
[INFO DPL-0302] End of matching; objective is 6.618505e+06, improvement is 0.40 percent.
[INFO DPL-0303] Running algorithm for global swaps.
[INFO DPL-0306] Pass   1 of global swaps; hpwl is 6.352340e+06.
[INFO DPL-0306] Pass   2 of global swaps; hpwl is 6.296010e+06.
[INFO DPL-0307] End of global swaps; objective is 6.296010e+06, improvement is 4.87 percent.
[INFO DPL-0303] Running algorithm for vertical swaps.
[INFO DPL-0308] Pass   1 of vertical swaps; hpwl is 6.265500e+06.
[INFO DPL-0309] End of vertical swaps; objective is 6.265500e+06, improvement is 0.48 percent.
[INFO DPL-0303] Running algorithm for reordering.
[INFO DPL-0304] Pass   1 of reordering; objective is 6.220660e+06.
[INFO DPL-0305] End of reordering; objective is 6.220660e+06, improvement is 0.72 percent.
[INFO DPL-0303] Running algorithm for random improvement.
[INFO DPL-0324] Random improver is using displacement generator.
[INFO DPL-0325] Random improver is using hpwl objective.
[INFO DPL-0326] Random improver cost string is (a).
[INFO DPL-0332] End of pass, Generator displacement called 11120 times.
[INFO DPL-0335] Generator displacement, Cumulative attempts 11120, swaps 2200, moves  3280 since last reset.
[INFO DPL-0333] End of pass, Objective hpwl, Initial cost 6.220660e+06, Scratch cost 6.116155e+06, Incremental cost 6.116155e+06, Mismatch? N
[INFO DPL-0338] End of pass, Total cost is 6.116155e+06.
[INFO DPL-0327] Pass   1 of random improver; improvement in cost is 1.68 percent.
[INFO DPL-0332] End of pass, Generator displacement called 11120 times.
[INFO DPL-0335] Generator displacement, Cumulative attempts 22240, swaps 4337, moves  6418 since last reset.
[INFO DPL-0333] End of pass, Objective hpwl, Initial cost 6.116155e+06, Scratch cost 6.073700e+06, Incremental cost 6.073700e+06, Mismatch? N
[INFO DPL-0338] End of pass, Total cost is 6.073700e+06.
[INFO DPL-0327] Pass   2 of random improver; improvement in cost is 0.69 percent.
[INFO DPL-0328] End of random improver; improvement is 2.362450 percent.
[INFO DPL-0380] Cell flipping.
[INFO DPL-0382] Changed 0 cell orientations for row compatibility.
[INFO DPL-0383] Performed 200 cell flips.
[INFO DPL-0384] End of flipping; objective is 5.903135e+06, improvement is 2.81 percent.
[INFO DPL-0313] Found 0 cells in wrong regions.
[INFO DPL-0315] Found 0 row alignment problems.
[INFO DPL-0314] Found 0 site alignment problems.
[INFO DPL-0311] Found 0 overlaps between adjacent cells.
[INFO DPL-0312] Found 0 edge spacing violations and 0 padding violations.
Detailed Improvement Results
------------------------------------------
Original HPWL             3328.4 u (    1716.7,     1611.7)
Final HPWL                2960.3 u (    1501.2,     1459.1)
Delta HPWL                 -11.1 % (     -12.6,       -9.5)

[INFO DPL-0020] Mirrored 39 instances
[INFO DPL-0021] HPWL before            2960.3 u
[INFO DPL-0022] HPWL after             2959.4 u
[INFO DPL-0023] HPWL delta               -0.0 %
[INFO FLW-0012] Placement violations .
Report metrics stage 3, detailed place...

==========================================================================
detailed place report_design_area
--------------------------------------------------------------------------
Design area 643 u^2 56% utilization.
Elapsed time: 0:01.46[h:]min:sec. CPU time: user 0.39 sys 0.37 (52%). Peak memory: 102464KB.
