OpenROAD v2.0-21872-gd51df1dea5 
Features included (+) or not (-): +GPU +GUI +Python
This program is licensed under the BSD-3 license. See the LICENSE file for details.
Components of this program may be licensed under more restrictive licenses which must be honored.
[INFO ORD-0030] Using 24 thread(s).
[INFO DRT-0149] Reading tech and libs.

Units:                2000
Number of layers:     21
Number of macros:     135
Number of vias:       30
Number of viarulegen: 19

[INFO DRT-0150] Reading design.

Design:                   gcd
Die area:                 ( 0 0 ) ( 72760 72760 )
Number of track patterns: 20
Number of DEF vias:       0
Number of components:     645
Number of terminals:      54
Number of snets:          2
Number of nets:           665

[INFO DRT-0167] List of default vias:
  Layer via2
    default via: via2_5
  Layer via3
    default via: via3_2
  Layer via4
    default via: via4_0
  Layer via5
    default via: via5_0
  Layer via6
    default via: via6_0
  Layer via7
    default via: via7_0
  Layer via8
    default via: via8_0
  Layer via9
    default via: via9_0
[INFO DRT-0162] Library cell analysis.
[INFO DRT-0163] Instance analysis.
[INFO DRT-0164] Number of unique instances = 64.
[INFO DRT-0168] Init region query.
[INFO DRT-0024]   Complete active.
[INFO DRT-0024]   Complete Fr_VIA.
[INFO DRT-0024]   Complete metal1.
[INFO DRT-0024]   Complete via1.
[INFO DRT-0024]   Complete metal2.
[INFO DRT-0024]   Complete via2.
[INFO DRT-0024]   Complete metal3.
[INFO DRT-0024]   Complete via3.
[INFO DRT-0024]   Complete metal4.
[INFO DRT-0024]   Complete via4.
[INFO DRT-0024]   Complete metal5.
[INFO DRT-0024]   Complete via5.
[INFO DRT-0024]   Complete metal6.
[INFO DRT-0024]   Complete via6.
[INFO DRT-0024]   Complete metal7.
[INFO DRT-0024]   Complete via7.
[INFO DRT-0024]   Complete metal8.
[INFO DRT-0024]   Complete via8.
[INFO DRT-0024]   Complete metal9.
[INFO DRT-0024]   Complete via9.
[INFO DRT-0024]   Complete metal10.
[INFO DRT-0033] active shape region query size = 0.
[INFO DRT-0033] FR_VIA shape region query size = 0.
[INFO DRT-0033] metal1 shape region query size = 8981.
[INFO DRT-0033] via1 shape region query size = 75.
[INFO DRT-0033] metal2 shape region query size = 50.
[INFO DRT-0033] via2 shape region query size = 75.
[INFO DRT-0033] metal3 shape region query size = 50.
[INFO DRT-0033] via3 shape region query size = 75.
[INFO DRT-0033] metal4 shape region query size = 27.
[INFO DRT-0033] via4 shape region query size = 0.
[INFO DRT-0033] metal5 shape region query size = 26.
[INFO DRT-0033] via5 shape region query size = 0.
[INFO DRT-0033] metal6 shape region query size = 28.
[INFO DRT-0033] via6 shape region query size = 0.
[INFO DRT-0033] metal7 shape region query size = 0.
[INFO DRT-0033] via7 shape region query size = 0.
[INFO DRT-0033] metal8 shape region query size = 0.
[INFO DRT-0033] via8 shape region query size = 0.
[INFO DRT-0033] metal9 shape region query size = 0.
[INFO DRT-0033] via9 shape region query size = 0.
[INFO DRT-0033] metal10 shape region query size = 0.
[INFO DRT-0165] Start pin access.
[INFO DRT-0078]   Complete 320 pins.
[INFO DRT-0081]   Complete 64 unique inst patterns.
[INFO DRT-0084]   Complete 193 groups.
#scanned instances     = 645
#unique  instances     = 64
#stdCellGenAp          = 1627
#stdCellValidPlanarAp  = 0
#stdCellValidViaAp     = 1189
#stdCellPinNoAp        = 0
#stdCellPinCnt         = 1757
#instTermValidViaApCnt = 0
#macroGenAp            = 0
#macroValidPlanarAp    = 0
#macroValidViaAp       = 0
#macroNoAp             = 0
[INFO DRT-0166] Complete pin access.
[INFO DRT-0267] cpu time = 00:00:05, elapsed time = 00:00:00, memory = 100.03 (MB), peak = 100.03 (MB)
global_route -congestion_report_file ./reports/nangate45/gcd/base/congestion.rpt -congestion_iterations 30 -congestion_report_iter_step 5 -verbose
[INFO GRT-0020] Min routing layer: metal2
[INFO GRT-0021] Max routing layer: metal10
[INFO GRT-0022] Global adjustment: 0%
[INFO GRT-0023] Grid origin: (0, 0)
[INFO GRT-0043] No OR_DEFAULT vias defined.
[INFO GRT-0088] Layer metal1  Track-Pitch = 0.1400  line-2-Via Pitch: 0.1350
[INFO GRT-0088] Layer metal2  Track-Pitch = 0.1900  line-2-Via Pitch: 0.1400
[INFO GRT-0088] Layer metal3  Track-Pitch = 0.1400  line-2-Via Pitch: 0.1400
[INFO GRT-0088] Layer metal4  Track-Pitch = 0.2800  line-2-Via Pitch: 0.2800
[INFO GRT-0088] Layer metal5  Track-Pitch = 0.2800  line-2-Via Pitch: 0.2800
[INFO GRT-0088] Layer metal6  Track-Pitch = 0.2800  line-2-Via Pitch: 0.2800
[INFO GRT-0088] Layer metal7  Track-Pitch = 0.8000  line-2-Via Pitch: 0.8000
[INFO GRT-0088] Layer metal8  Track-Pitch = 0.8000  line-2-Via Pitch: 0.8000
[INFO GRT-0088] Layer metal9  Track-Pitch = 1.6000  line-2-Via Pitch: 1.6000
[INFO GRT-0088] Layer metal10 Track-Pitch = 1.6000  line-2-Via Pitch: 1.6000
[INFO GRT-0003] Macros: 0
[INFO GRT-0043] No OR_DEFAULT vias defined.
[INFO GRT-0004] Blockages: 0
[INFO GRT-0019] Found 6 clock nets.
[INFO GRT-0001] Minimum degree: 2
[INFO GRT-0002] Maximum degree: 14

[INFO GRT-0053] Routing resources analysis:
          Routing      Original      Derated      Resource
Layer     Direction    Resources     Resources    Reduction (%)
---------------------------------------------------------------
metal1     Horizontal          0             0          0.00%
metal2     Vertical         3230          1368          57.65%
metal3     Horizontal       4403          1936          56.03%
metal4     Vertical         2057          1314          36.12%
metal5     Horizontal       2057          1376          33.11%
metal6     Vertical         2057          1376          33.11%
metal7     Horizontal        595           288          51.60%
metal8     Vertical          595           288          51.60%
metal9     Horizontal        289           256          11.42%
metal10    Vertical          289           256          11.42%
---------------------------------------------------------------

[INFO GRT-0197] Via related to pin nodes: 3335
[INFO GRT-0198] Via related Steiner nodes: 47
[INFO GRT-0199] Via filling finished.
[INFO GRT-0111] Final number of vias: 4219
[INFO GRT-0112] Final usage 3D: 14666

[INFO GRT-0096] Final congestion report:
Layer         Resource        Demand        Usage (%)    Max H / Max V / Total Overflow
---------------------------------------------------------------------------------------
metal1               0             0            0.00%             0 /  0 /  0
metal2            1368           753           55.04%             0 /  0 /  0
metal3            1936           898           46.38%             0 /  0 /  0
metal4            1314           209           15.91%             0 /  0 /  0
metal5            1376           138           10.03%             0 /  0 /  0
metal6            1376            11            0.80%             0 /  0 /  0
metal7             288             0            0.00%             0 /  0 /  0
metal8             288             0            0.00%             0 /  0 /  0
metal9             256             0            0.00%             0 /  0 /  0
metal10            256             0            0.00%             0 /  0 /  0
---------------------------------------------------------------------------------------
Total             8458          2009           23.75%             0 /  0 /  0

[INFO GRT-0018] Total wirelength: 6892 um
[INFO GRT-0014] Routed nets: 631
Perform buffer insertion and gate resizing...
repair_design -verbose
[INFO RSZ-0058] Using max wire length 640um.
Iteration |   Area    | Resized | Buffers | Nets repaired | Remaining
---------------------------------------------------------------------
        0 |     +0.0% |       0 |       0 |             0 |       668
       10 |     +0.0% |       0 |       0 |             0 |       658
       20 |     +0.0% |       0 |       0 |             0 |       648
       30 |     +0.0% |       0 |       0 |             0 |       638
       40 |     +0.0% |       0 |       0 |             0 |       628
       50 |     +0.0% |       0 |       0 |             0 |       618
       60 |     +0.0% |       0 |       0 |             0 |       608
       70 |     +0.0% |       0 |       0 |             0 |       598
       80 |     +0.0% |       0 |       0 |             0 |       588
       90 |     +0.0% |       0 |       0 |             0 |       578
      100 |     +0.0% |       0 |       0 |             0 |       568
      110 |     +0.0% |       0 |       0 |             0 |       558
      120 |     +0.0% |       0 |       0 |             0 |       548
      130 |     +0.0% |       0 |       0 |             0 |       538
      140 |     +0.0% |       0 |       0 |             0 |       528
      150 |     +0.0% |       0 |       0 |             0 |       518
      160 |     +0.0% |       0 |       0 |             0 |       508
      170 |     +0.0% |       0 |       0 |             0 |       498
      180 |     +0.0% |       0 |       0 |             0 |       488
      190 |     +0.0% |       0 |       0 |             0 |       478
      200 |     +0.0% |       0 |       0 |             0 |       468
      210 |     +0.0% |       0 |       0 |             0 |       458
      220 |     +0.0% |       0 |       0 |             0 |       448
      230 |     +0.0% |       0 |       0 |             0 |       438
      240 |     +0.0% |       0 |       0 |             0 |       428
      250 |     +0.0% |       0 |       0 |             0 |       418
      260 |     +0.0% |       0 |       0 |             0 |       408
      270 |     +0.0% |       0 |       0 |             0 |       398
      280 |     +0.0% |       0 |       0 |             0 |       388
      290 |     +0.0% |       0 |       0 |             0 |       378
      300 |     +0.0% |       0 |       0 |             0 |       368
      310 |     +0.0% |       0 |       0 |             0 |       358
      320 |     +0.0% |       0 |       0 |             0 |       348
      330 |     +0.0% |       0 |       0 |             0 |       338
      340 |     +0.0% |       0 |       0 |             0 |       328
      350 |     +0.0% |       0 |       0 |             0 |       318
      360 |     +0.0% |       0 |       0 |             0 |       308
      370 |     +0.0% |       0 |       0 |             0 |       298
      380 |     +0.0% |       0 |       0 |             0 |       288
      390 |     +0.0% |       0 |       0 |             0 |       278
      400 |     +0.0% |       0 |       0 |             0 |       268
      410 |     +0.0% |       0 |       0 |             0 |       258
      420 |     +0.0% |       0 |       0 |             0 |       248
      430 |     +0.0% |       0 |       0 |             0 |       238
      440 |     +0.0% |       0 |       0 |             0 |       228
      450 |     +0.0% |       0 |       0 |             0 |       218
      460 |     +0.0% |       0 |       0 |             0 |       208
      470 |     +0.0% |       0 |       0 |             0 |       198
      480 |     +0.0% |       0 |       0 |             0 |       188
      490 |     +0.0% |       0 |       0 |             0 |       178
      500 |     +0.0% |       0 |       0 |             0 |       168
      510 |     +0.0% |       0 |       0 |             0 |       158
      520 |     +0.0% |       0 |       0 |             0 |       148
      530 |     +0.0% |       0 |       0 |             0 |       138
      540 |     +0.0% |       0 |       0 |             0 |       128
      550 |     +0.0% |       0 |       0 |             0 |       118
      560 |     +0.0% |       0 |       0 |             0 |       108
      570 |     +0.0% |       0 |       0 |             0 |        98
      580 |     +0.0% |       0 |       0 |             0 |        88
      590 |     +0.0% |       0 |       0 |             0 |        78
      600 |     +0.0% |       0 |       0 |             0 |        68
      610 |     +0.0% |       0 |       0 |             0 |        58
      620 |     +0.0% |       0 |       0 |             0 |        48
      630 |     +0.0% |       0 |       0 |             0 |        38
      640 |     +0.0% |       0 |       0 |             0 |        28
      650 |     +0.0% |       0 |       0 |             0 |        18
      660 |     +0.0% |       0 |       0 |             0 |         8
    final |     +0.0% |       0 |       0 |             0 |         0
---------------------------------------------------------------------
global_route -start_incremental
detailed_placement
Placement Analysis
---------------------------------
total displacement          0.0 u
average displacement        0.0 u
max displacement            0.0 u
original HPWL            3789.7 u
legalized HPWL           3789.7 u
delta HPWL                    0 %

global_route -end_incremental -congestion_report_file ./reports/nangate45/gcd/base/congestion_post_repair_design.rpt
Repair setup and hold violations...
repair_timing -verbose -setup_margin 0 -hold_margin 0 -repair_tns 100
[INFO RSZ-0100] Repair move sequence: UnbufferMove SizeMove SwapPinsMove BufferMove CloneMove SplitLoadMove 
[INFO RSZ-0094] Found 37 endpoints with setup violations.
[INFO RSZ-0099] Repairing 37 out of 37 (100.00%) violating endpoints...
   Iter   | Removed | Resized | Inserted | Cloned |  Pin  |   Area   |    WNS   |   TNS      |  Viol  | Worst
          | Buffers |  Gates  | Buffers  |  Gates | Swaps |          |          |            | Endpts | Endpt
--------------------------------------------------------------------------------------------------------------
        0 |       0 |       0 |        0 |      0 |     0 |    +0.0% |   -0.056 |       -0.7 |     37 | resp_msg[10]
       10 |       0 |       6 |        0 |      0 |     3 |    +0.4% |   -0.058 |       -0.6 |     37 | resp_msg[13]
       20 |       0 |      12 |        1 |      0 |     6 |    +1.0% |   -0.061 |       -0.6 |     37 | resp_msg[10]
       30 |       0 |      17 |        3 |      0 |     9 |    +1.7% |   -0.056 |       -0.7 |     37 | resp_msg[12]
       40 |       0 |      25 |        4 |      0 |    10 |    +2.5% |   -0.054 |       -0.7 |     37 | resp_msg[10]
       50 |       0 |      30 |        7 |      0 |    12 |    +3.2% |   -0.052 |       -0.7 |     37 | resp_msg[11]
       60 |       0 |      35 |        7 |      0 |    17 |    +3.4% |   -0.054 |       -0.7 |     37 | resp_msg[10]
       67 |       0 |      35 |        7 |      0 |    15 |    +3.4% |   -0.050 |       -0.7 |     37 | resp_msg[10]
       70 |       0 |      37 |        7 |      0 |    15 |    +3.6% |   -0.053 |       -0.7 |     37 | resp_msg[15]
       80 |       0 |      44 |        9 |      0 |    16 |    +4.6% |   -0.053 |       -0.7 |     37 | resp_msg[15]
       84 |       0 |      35 |        7 |      0 |    15 |    +3.4% |   -0.050 |       -0.7 |     37 | resp_msg[10]
       90 |       0 |      40 |        7 |      0 |    15 |    +3.8% |   -0.050 |       -0.7 |     37 | resp_msg[13]
      100 |       0 |      46 |        7 |      0 |    19 |    +4.2% |   -0.050 |       -0.7 |     37 | resp_msg[10]
      110 |       0 |      55 |        7 |      0 |    20 |    +5.3% |   -0.064 |       -0.7 |     37 | resp_msg[12]
      120 |       0 |      64 |        7 |      0 |    21 |    +6.3% |   -0.055 |       -0.7 |     37 | resp_msg[12]
      126 |       0 |      42 |        7 |      0 |    17 |    +4.0% |   -0.050 |       -0.7 |     37 | resp_msg[10]
      130 |       0 |      45 |        7 |      0 |    17 |    +4.3% |   -0.050 |       -0.7 |     37 | resp_msg[10]
      140 |       0 |      51 |        9 |      0 |    19 |    +5.0% |   -0.052 |       -0.7 |     37 | resp_msg[13]
      150 |       0 |      58 |        9 |      0 |    22 |    +5.8% |   -0.052 |       -0.7 |     37 | resp_msg[13]
      155 |       0 |      45 |        7 |      0 |    17 |    +4.3% |   -0.050 |       -0.7 |     37 | resp_msg[10]
      160 |       0 |      49 |        7 |      0 |    17 |    +4.8% |   -0.052 |       -0.7 |     37 | resp_msg[13]
      170 |       0 |      58 |        8 |      0 |    17 |    +5.6% |   -0.052 |       -0.7 |     37 | resp_msg[13]
      180 |       0 |      67 |        9 |      0 |    17 |    +6.6% |   -0.052 |       -0.7 |     37 | resp_msg[13]
      188 |       0 |      45 |        7 |      0 |    17 |    +4.3% |   -0.050 |       -0.7 |     37 | resp_msg[10]
      190 |       0 |      46 |        7 |      0 |    17 |    +4.4% |   -0.050 |       -0.7 |     37 | resp_msg[10]
      200 |       0 |      53 |        7 |      0 |    20 |    +5.1% |   -0.054 |       -0.7 |     37 | resp_msg[15]
      204 |       0 |      46 |        7 |      0 |    18 |    +4.4% |   -0.050 |       -0.7 |     37 | resp_msg[10]
      210 |       0 |      50 |        7 |      0 |    19 |    +4.8% |   -0.058 |       -0.8 |     37 | resp_msg[11]
      215 |       0 |      47 |        7 |      0 |    18 |    +4.4% |   -0.050 |       -0.7 |     37 | resp_msg[10]
      220 |       0 |      49 |        8 |      0 |    19 |    +4.7% |   -0.050 |       -0.7 |     37 | resp_msg[10]
      230 |       0 |      57 |       10 |      0 |    19 |    +5.5% |   -0.051 |       -0.7 |     37 | resp_msg[11]
      232 |       0 |      52 |        8 |      0 |    19 |    +4.9% |   -0.050 |       -0.7 |     37 | resp_msg[10]
      240 |       0 |      55 |        9 |      0 |    22 |    +5.3% |   -0.050 |       -0.7 |     37 | resp_msg[10]
      247 |       0 |      52 |        8 |      0 |    20 |    +4.9% |   -0.050 |       -0.6 |     37 | resp_msg[10]
      250 |       0 |      53 |        8 |      0 |    21 |    +5.0% |   -0.052 |       -0.6 |     37 | resp_msg[10]
      254 |       0 |      52 |        8 |      0 |    20 |    +4.9% |   -0.050 |       -0.6 |     37 | resp_msg[10]
      260 |       0 |      55 |        9 |      0 |    21 |    +5.3% |   -0.050 |       -0.6 |     37 | resp_msg[11]
      270 |       0 |      63 |       10 |      0 |    22 |    +6.1% |   -0.050 |       -0.6 |     37 | resp_msg[11]
      272 |       0 |      52 |        8 |      0 |    21 |    +4.9% |   -0.050 |       -0.6 |     37 | resp_msg[10]
      280 |       0 |      55 |        9 |      1 |    23 |    +5.7% |   -0.050 |       -0.6 |     37 | resp_msg[10]
      288 |       0 |      52 |        9 |      0 |    23 |    +5.0% |   -0.050 |       -0.6 |     36 | resp_msg[10]
      290 |       0 |      53 |        9 |      0 |    23 |    +5.1% |   -0.050 |       -0.6 |     36 | resp_msg[10]
      300 |       1 |      60 |       10 |      1 |    23 |    +6.0% |   -0.050 |       -0.5 |     36 | resp_msg[10]
      300 |       0 |      52 |        9 |      0 |    23 |    +5.0% |   -0.050 |       -0.6 |     35 | resp_msg[10]
      310 |       0 |      59 |       10 |      1 |    23 |    +6.2% |   -0.050 |       -1.0 |     35 | resp_msg[10]
      314 |       0 |      52 |        9 |      0 |    23 |    +5.0% |   -0.050 |       -0.6 |     35 | resp_msg[10]
      320 |       0 |      56 |        9 |      1 |    23 |    +5.7% |   -0.050 |       -0.5 |     35 | resp_msg[10]
      325 |       0 |      52 |        9 |      0 |    23 |    +5.0% |   -0.050 |       -0.6 |     35 | resp_msg[10]
      330 |       0 |      55 |        9 |      1 |    23 |    +5.6% |   -0.050 |       -0.5 |     35 | resp_msg[10]
      332 |       0 |      52 |        9 |      0 |    23 |    +5.0% |   -0.050 |       -0.6 |     34 | resp_msg[10]
      340 |       0 |      58 |        9 |      1 |    23 |    +6.1% |   -0.050 |       -0.6 |     34 | resp_msg[10]
      344 |       0 |      52 |        9 |      0 |    23 |    +5.0% |   -0.050 |       -0.6 |     34 | resp_msg[10]
      350 |       0 |      56 |        9 |      1 |    23 |    +5.7% |   -0.050 |       -0.6 |     34 | resp_msg[10]
      356 |       0 |      52 |        9 |      0 |    23 |    +5.0% |   -0.050 |       -0.6 |     34 | resp_msg[10]
      360 |       0 |      54 |        9 |      1 |    23 |    +5.6% |   -0.050 |       -0.6 |     34 | resp_msg[10]
      369 |       0 |      52 |        9 |      0 |    23 |    +5.0% |   -0.050 |       -0.6 |     34 | resp_msg[10]
      370 |       0 |      52 |        9 |      0 |    23 |    +5.0% |   -0.050 |       -0.6 |     34 | resp_msg[10]
      380 |       0 |      61 |        9 |      1 |    23 |    +6.4% |   -0.050 |       -0.6 |     34 | resp_msg[10]
      380 |       0 |      52 |        9 |      0 |    23 |    +5.0% |   -0.050 |       -0.6 |     34 | resp_msg[10]
      390 |       0 |      59 |        9 |      2 |    23 |    +6.3% |   -0.050 |       -0.6 |     34 | resp_msg[10]
      391 |       0 |      52 |        9 |      0 |    23 |    +5.0% |   -0.050 |       -0.6 |     33 | resp_msg[10]
      399 |       0 |      52 |        9 |      0 |    23 |    +5.0% |   -0.050 |       -0.6 |     32 | resp_msg[10]
      400 |       0 |      52 |        9 |      0 |    23 |    +5.0% |   -0.050 |       -0.6 |     32 | resp_msg[10]
      410 |       0 |      61 |        9 |      1 |    23 |    +6.4% |   -0.050 |       -0.6 |     32 | resp_msg[10]
      410 |       0 |      52 |        9 |      0 |    23 |    +5.0% |   -0.050 |       -0.6 |     31 | resp_msg[10]
      420 |       0 |      60 |        9 |      1 |    23 |    +6.3% |   -0.050 |       -0.5 |     31 | resp_msg[10]
      421 |       0 |      52 |        9 |      0 |    23 |    +5.0% |   -0.050 |       -0.6 |     30 | resp_msg[10]
      428 |       0 |      52 |        9 |      0 |    23 |    +5.0% |   -0.050 |       -0.6 |     29 | resp_msg[10]
      430 |       0 |      53 |        9 |      0 |    23 |    +5.1% |   -0.050 |       -0.6 |     29 | resp_msg[10]
      435 |       0 |      54 |        9 |      0 |    23 |    +5.2% |   -0.050 |       -0.6 |     29 | resp_msg[10]
      440 |       0 |      57 |        9 |      1 |    23 |    +5.8% |   -0.050 |       -0.6 |     29 | resp_msg[10]
      440 |       0 |      54 |        9 |      0 |    23 |    +5.2% |   -0.050 |       -0.6 |     28 | resp_msg[10]
      445 |       0 |      54 |        9 |      0 |    23 |    +5.2% |   -0.050 |       -0.6 |     27 | resp_msg[10]
      450 |       0 |      55 |        9 |      2 |    24 |    +5.7% |   -0.050 |       -0.7 |     27 | resp_msg[10]
      451 |       0 |      56 |        9 |      2 |    24 |    +5.8% |   -0.050 |       -0.7 |     25 | resp_msg[10]
      455 |       0 |      56 |        9 |      2 |    24 |    +5.8% |   -0.050 |       -0.7 |     24 | resp_msg[10]
      460 |       0 |      59 |        9 |      2 |    25 |    +6.0% |   -0.050 |       -0.7 |     24 | resp_msg[10]
      470 |       0 |      65 |       10 |      2 |    28 |    +6.7% |   -0.053 |       -0.7 |     24 | resp_msg[10]
      473 |       0 |      59 |        9 |      2 |    24 |    +6.0% |   -0.050 |       -0.7 |     23 | resp_msg[10]
      475 |       0 |      60 |        9 |      2 |    24 |    +6.1% |   -0.050 |       -0.7 |     21 | resp_msg[10]
      480 |       0 |      62 |       10 |      2 |    25 |    +6.5% |   -0.050 |       -0.8 |     21 | resp_msg[10]
      482 |       0 |      63 |       10 |      2 |    26 |    +6.6% |   -0.050 |       -0.8 |     19 | resp_msg[10]
      490 |       0 |      68 |       11 |      2 |    27 |    +7.4% |   -0.050 |       -0.9 |     19 | resp_msg[11]
      500 |       0 |      76 |       12 |      2 |    28 |    +8.6% |   -0.050 |       -0.7 |     19 | resp_msg[11]
      500 |       0 |      64 |       10 |      2 |    26 |    +6.7% |   -0.050 |       -0.8 |     19 | resp_msg[10]
      510 |       0 |      72 |       10 |      2 |    27 |    +7.8% |   -0.051 |       -0.8 |     19 | resp_msg[11]
      510 |       0 |      65 |       10 |      2 |    26 |    +6.8% |   -0.050 |       -0.8 |     19 | resp_msg[10]
      511 |       0 |      65 |       10 |      2 |    26 |    +6.8% |   -0.050 |       -0.8 |     18 | resp_msg[10]
      512 |       0 |      65 |       10 |      2 |    26 |    +6.8% |   -0.050 |       -0.8 |     17 | resp_msg[10]
    final |       0 |      65 |       10 |      2 |    26 |    +6.8% |   -0.050 |       -0.8 |     38 | resp_msg[10]
--------------------------------------------------------------------------------------------------------------
[INFO RSZ-0040] Inserted 10 buffers.
[INFO RSZ-0041] Resized 65 instances.
[INFO RSZ-0043] Swapped pins on 26 instances.
[INFO RSZ-0049] Cloned 2 instances.
[WARNING RSZ-0062] Unable to repair all setup violations.
[INFO RSZ-0033] No hold violations found.
global_route -start_incremental
detailed_placement
Placement Analysis
---------------------------------
total displacement        428.5 u
average displacement        0.7 u
max displacement            9.9 u
original HPWL            3890.6 u
legalized HPWL           4399.0 u
delta HPWL                   13 %

global_route -end_incremental -congestion_report_file ./reports/nangate45/gcd/base/congestion_post_repair_timing.rpt
global_route -start_incremental
global_route -end_incremental -congestion_report_file ./reports/nangate45/gcd/base/congestion_post_recover_power.rpt
Repair antennas...
[WARNING GRT-0246] No diode with LEF class CORE ANTENNACELL found.
[INFO ANT-0002] Found 0 net violations.
[INFO ANT-0001] Found 0 pin violations.
Estimate parasitics...
Report metrics stage 5, global route...

==========================================================================
global route report_design_area
--------------------------------------------------------------------------
Design area 837 u^2 73% utilization.
[INFO FLW-0007] clock core_clock period 0.460000
[INFO FLW-0008] Clock core_clock period 0.490
[INFO FLW-0009] Clock core_clock slack -0.056
[INFO FLW-0011] Path endpoint path count 90
Elapsed time: 0:04.70[h:]min:sec. CPU time: user 11.74 sys 8.61 (432%). Peak memory: 219724KB.
