OpenROAD v2.0-21872-gd51df1dea5 
Features included (+) or not (-): +GPU +GUI +Python
This program is licensed under the BSD-3 license. See the LICENSE file for details.
Components of this program may be licensed under more restrictive licenses which must be honored.
[INFO ORD-0030] Using 24 thread(s).
detailed_route -output_drc ./reports/nangate45/gcd/base/5_route_drc.rpt -output_maze ./results/nangate45/gcd/base/maze.log -bottom_routing_layer metal2 -top_routing_layer metal10 -droute_end_iter 64 -verbose 1 -drc_report_iter_step 5
[INFO DRT-0149] Reading tech and libs.

Units:                2000
Number of layers:     21
Number of macros:     135
Number of vias:       30
Number of viarulegen: 19

[INFO DRT-0150] Reading design.

Design:                   gcd
Die area:                 ( 0 0 ) ( 72760 72760 )
Number of track patterns: 20
Number of DEF vias:       0
Number of components:     657
Number of terminals:      54
Number of snets:          2
Number of nets:           677

[INFO DRT-0167] List of default vias:
  Layer via2
    default via: via2_5
  Layer via3
    default via: via3_2
  Layer via4
    default via: via4_0
  Layer via5
    default via: via5_0
  Layer via6
    default via: via6_0
  Layer via7
    default via: via7_0
  Layer via8
    default via: via8_0
  Layer via9
    default via: via9_0
[INFO DRT-0162] Library cell analysis.
[INFO DRT-0163] Instance analysis.
[INFO DRT-0164] Number of unique instances = 68.
[INFO DRT-0168] Init region query.
[INFO DRT-0024]   Complete active.
[INFO DRT-0024]   Complete Fr_VIA.
[INFO DRT-0024]   Complete metal1.
[INFO DRT-0024]   Complete via1.
[INFO DRT-0024]   Complete metal2.
[INFO DRT-0024]   Complete via2.
[INFO DRT-0024]   Complete metal3.
[INFO DRT-0024]   Complete via3.
[INFO DRT-0024]   Complete metal4.
[INFO DRT-0024]   Complete via4.
[INFO DRT-0024]   Complete metal5.
[INFO DRT-0024]   Complete via5.
[INFO DRT-0024]   Complete metal6.
[INFO DRT-0024]   Complete via6.
[INFO DRT-0024]   Complete metal7.
[INFO DRT-0024]   Complete via7.
[INFO DRT-0024]   Complete metal8.
[INFO DRT-0024]   Complete via8.
[INFO DRT-0024]   Complete metal9.
[INFO DRT-0024]   Complete via9.
[INFO DRT-0024]   Complete metal10.
[INFO DRT-0033] active shape region query size = 0.
[INFO DRT-0033] FR_VIA shape region query size = 0.
[INFO DRT-0033] metal1 shape region query size = 9519.
[INFO DRT-0033] via1 shape region query size = 75.
[INFO DRT-0033] metal2 shape region query size = 50.
[INFO DRT-0033] via2 shape region query size = 75.
[INFO DRT-0033] metal3 shape region query size = 50.
[INFO DRT-0033] via3 shape region query size = 75.
[INFO DRT-0033] metal4 shape region query size = 27.
[INFO DRT-0033] via4 shape region query size = 0.
[INFO DRT-0033] metal5 shape region query size = 26.
[INFO DRT-0033] via5 shape region query size = 0.
[INFO DRT-0033] metal6 shape region query size = 28.
[INFO DRT-0033] via6 shape region query size = 0.
[INFO DRT-0033] metal7 shape region query size = 0.
[INFO DRT-0033] via7 shape region query size = 0.
[INFO DRT-0033] metal8 shape region query size = 0.
[INFO DRT-0033] via8 shape region query size = 0.
[INFO DRT-0033] metal9 shape region query size = 0.
[INFO DRT-0033] via9 shape region query size = 0.
[INFO DRT-0033] metal10 shape region query size = 0.
[INFO DRT-0165] Start pin access.
[INFO DRT-0078]   Complete 342 pins.
[INFO DRT-0081]   Complete 68 unique inst patterns.
[INFO DRT-0084]   Complete 171 groups.
#scanned instances     = 657
#unique  instances     = 68
#stdCellGenAp          = 1778
#stdCellValidPlanarAp  = 0
#stdCellValidViaAp     = 1290
#stdCellPinNoAp        = 0
#stdCellPinCnt         = 1785
#instTermValidViaApCnt = 0
#macroGenAp            = 0
#macroValidPlanarAp    = 0
#macroValidViaAp       = 0
#macroNoAp             = 0
[INFO DRT-0166] Complete pin access.
[INFO DRT-0267] cpu time = 00:00:06, elapsed time = 00:00:00, memory = 188.40 (MB), peak = 188.40 (MB)

[INFO DRT-0157] Number of guides:     4841

[INFO DRT-0169] Post process guides.
[INFO DRT-0176] GCELLGRID X 0 DO 17 STEP 4200 ;
[INFO DRT-0177] GCELLGRID Y 0 DO 17 STEP 4200 ;
[INFO DRT-0028]   Complete active.
[INFO DRT-0028]   Complete Fr_VIA.
[INFO DRT-0028]   Complete metal1.
[INFO DRT-0028]   Complete via1.
[INFO DRT-0028]   Complete metal2.
[INFO DRT-0028]   Complete via2.
[INFO DRT-0028]   Complete metal3.
[INFO DRT-0028]   Complete via3.
[INFO DRT-0028]   Complete metal4.
[INFO DRT-0028]   Complete via4.
[INFO DRT-0028]   Complete metal5.
[INFO DRT-0028]   Complete via5.
[INFO DRT-0028]   Complete metal6.
[INFO DRT-0028]   Complete via6.
[INFO DRT-0028]   Complete metal7.
[INFO DRT-0028]   Complete via7.
[INFO DRT-0028]   Complete metal8.
[INFO DRT-0028]   Complete via8.
[INFO DRT-0028]   Complete metal9.
[INFO DRT-0028]   Complete via9.
[INFO DRT-0028]   Complete metal10.
[INFO DRT-0178] Init guide query.
[INFO DRT-0035]   Complete active (guide).
[INFO DRT-0035]   Complete Fr_VIA (guide).
[INFO DRT-0035]   Complete metal1 (guide).
[INFO DRT-0035]   Complete via1 (guide).
[INFO DRT-0035]   Complete metal2 (guide).
[INFO DRT-0035]   Complete via2 (guide).
[INFO DRT-0035]   Complete metal3 (guide).
[INFO DRT-0035]   Complete via3 (guide).
[INFO DRT-0035]   Complete metal4 (guide).
[INFO DRT-0035]   Complete via4 (guide).
[INFO DRT-0035]   Complete metal5 (guide).
[INFO DRT-0035]   Complete via5 (guide).
[INFO DRT-0035]   Complete metal6 (guide).
[INFO DRT-0035]   Complete via6 (guide).
[INFO DRT-0035]   Complete metal7 (guide).
[INFO DRT-0035]   Complete via7 (guide).
[INFO DRT-0035]   Complete metal8 (guide).
[INFO DRT-0035]   Complete via8 (guide).
[INFO DRT-0035]   Complete metal9 (guide).
[INFO DRT-0035]   Complete via9 (guide).
[INFO DRT-0035]   Complete metal10 (guide).
[INFO DRT-0036] active guide region query size = 0.
[INFO DRT-0036] FR_VIA guide region query size = 0.
[INFO DRT-0036] metal1 guide region query size = 1540.
[INFO DRT-0036] via1 guide region query size = 0.
[INFO DRT-0036] metal2 guide region query size = 1353.
[INFO DRT-0036] via2 guide region query size = 0.
[INFO DRT-0036] metal3 guide region query size = 762.
[INFO DRT-0036] via3 guide region query size = 0.
[INFO DRT-0036] metal4 guide region query size = 183.
[INFO DRT-0036] via4 guide region query size = 0.
[INFO DRT-0036] metal5 guide region query size = 105.
[INFO DRT-0036] via5 guide region query size = 0.
[INFO DRT-0036] metal6 guide region query size = 38.
[INFO DRT-0036] via6 guide region query size = 0.
[INFO DRT-0036] metal7 guide region query size = 0.
[INFO DRT-0036] via7 guide region query size = 0.
[INFO DRT-0036] metal8 guide region query size = 0.
[INFO DRT-0036] via8 guide region query size = 0.
[INFO DRT-0036] metal9 guide region query size = 0.
[INFO DRT-0036] via9 guide region query size = 0.
[INFO DRT-0036] metal10 guide region query size = 0.
[INFO DRT-0179] Init gr pin query.
[INFO DRT-0267] cpu time = 00:00:00, elapsed time = 00:00:00, memory = 189.53 (MB), peak = 189.53 (MB)
[INFO DRT-0245] skipped writing guide updates to database.
[INFO DRT-0185] Post process initialize RPin region query.
[INFO DRT-0181] Start track assignment.
[INFO DRT-0184] Done with 1574 vertical wires in 1 frboxes and 2407 horizontal wires in 1 frboxes.
[INFO DRT-0186] Done with 493 vertical wires in 1 frboxes and 537 horizontal wires in 1 frboxes.
[INFO DRT-0182] Complete track assignment.
[INFO DRT-0267] cpu time = 00:00:00, elapsed time = 00:00:00, memory = 199.52 (MB), peak = 199.52 (MB)
[INFO DRT-0187] Start routing data preparation.
[INFO DRT-0267] cpu time = 00:00:00, elapsed time = 00:00:00, memory = 199.52 (MB), peak = 199.52 (MB)
[INFO DRT-0194] Start detail routing.
[INFO DRT-0195] Start 0th optimization iteration.
    Completing 10% with 0 violations.
    elapsed time = 00:00:00, memory = 212.93 (MB).
    Completing 20% with 0 violations.
    elapsed time = 00:00:00, memory = 216.41 (MB).
    Completing 30% with 0 violations.
    elapsed time = 00:00:00, memory = 218.07 (MB).
    Completing 40% with 0 violations.
    elapsed time = 00:00:00, memory = 214.77 (MB).
    Completing 50% with 18 violations.
    elapsed time = 00:00:00, memory = 228.83 (MB).
    Completing 60% with 18 violations.
    elapsed time = 00:00:00, memory = 229.69 (MB).
    Completing 70% with 56 violations.
    elapsed time = 00:00:00, memory = 239.25 (MB).
    Completing 80% with 56 violations.
    elapsed time = 00:00:01, memory = 234.69 (MB).
    Completing 100% with 84 violations.
    elapsed time = 00:00:01, memory = 236.15 (MB).
[INFO DRT-0199]   Number of violations = 104.
Viol/Layer      metal1 metal2 metal3   via4
Cut Spacing          0      0      0      1
Metal Spacing        0      4      2      0
Recheck              1     13      6      0
Short                0     65     12      0
[INFO DRT-0267] cpu time = 00:00:03, elapsed time = 00:00:01, memory = 786.28 (MB), peak = 786.28 (MB)
Total wire length = 4901 um.
Total wire length on LAYER metal1 = 0 um.
Total wire length on LAYER metal2 = 1842 um.
Total wire length on LAYER metal3 = 2221 um.
Total wire length on LAYER metal4 = 362 um.
Total wire length on LAYER metal5 = 377 um.
Total wire length on LAYER metal6 = 97 um.
Total wire length on LAYER metal7 = 0 um.
Total wire length on LAYER metal8 = 0 um.
Total wire length on LAYER metal9 = 0 um.
Total wire length on LAYER metal10 = 0 um.
Total number of vias = 3798.
Up-via summary (total 3798):

---------------
 active       0
 metal1    1772
 metal2    1658
 metal3     195
 metal4     131
 metal5      42
 metal6       0
 metal7       0
 metal8       0
 metal9       0
---------------
       3798


[INFO DRT-0195] Start 1st optimization iteration.
    Completing 10% with 104 violations.
    elapsed time = 00:00:00, memory = 806.34 (MB).
    Completing 20% with 104 violations.
    elapsed time = 00:00:00, memory = 806.34 (MB).
    Completing 30% with 104 violations.
    elapsed time = 00:00:00, memory = 806.53 (MB).
    Completing 40% with 104 violations.
    elapsed time = 00:00:00, memory = 810.84 (MB).
    Completing 50% with 79 violations.
    elapsed time = 00:00:00, memory = 829.03 (MB).
    Completing 60% with 79 violations.
    elapsed time = 00:00:00, memory = 829.03 (MB).
    Completing 70% with 43 violations.
    elapsed time = 00:00:00, memory = 858.46 (MB).
    Completing 80% with 43 violations.
    elapsed time = 00:00:00, memory = 862.59 (MB).
    Completing 100% with 9 violations.
    elapsed time = 00:00:01, memory = 874.27 (MB).
[INFO DRT-0199]   Number of violations = 9.
Viol/Layer      metal2
Metal Spacing        1
Short                8
[INFO DRT-0267] cpu time = 00:00:02, elapsed time = 00:00:01, memory = 874.45 (MB), peak = 885.09 (MB)
Total wire length = 4836 um.
Total wire length on LAYER metal1 = 0 um.
Total wire length on LAYER metal2 = 1798 um.
Total wire length on LAYER metal3 = 2218 um.
Total wire length on LAYER metal4 = 369 um.
Total wire length on LAYER metal5 = 357 um.
Total wire length on LAYER metal6 = 92 um.
Total wire length on LAYER metal7 = 0 um.
Total wire length on LAYER metal8 = 0 um.
Total wire length on LAYER metal9 = 0 um.
Total wire length on LAYER metal10 = 0 um.
Total number of vias = 3764.
Up-via summary (total 3764):

---------------
 active       0
 metal1    1785
 metal2    1635
 metal3     187
 metal4     117
 metal5      40
 metal6       0
 metal7       0
 metal8       0
 metal9       0
---------------
       3764


[INFO DRT-0195] Start 2nd optimization iteration.
    Completing 10% with 9 violations.
    elapsed time = 00:00:00, memory = 874.45 (MB).
    Completing 20% with 9 violations.
    elapsed time = 00:00:00, memory = 874.45 (MB).
    Completing 30% with 9 violations.
    elapsed time = 00:00:00, memory = 874.45 (MB).
    Completing 40% with 9 violations.
    elapsed time = 00:00:00, memory = 874.45 (MB).
    Completing 50% with 9 violations.
    elapsed time = 00:00:00, memory = 878.02 (MB).
    Completing 60% with 6 violations.
    elapsed time = 00:00:00, memory = 878.02 (MB).
    Completing 70% with 6 violations.
    elapsed time = 00:00:00, memory = 878.02 (MB).
    Completing 80% with 8 violations.
    elapsed time = 00:00:00, memory = 878.02 (MB).
    Completing 90% with 8 violations.
    elapsed time = 00:00:00, memory = 878.02 (MB).
    Completing 100% with 4 violations.
    elapsed time = 00:00:00, memory = 901.08 (MB).
[INFO DRT-0199]   Number of violations = 4.
Viol/Layer      metal2
Metal Spacing        1
Short                3
[INFO DRT-0267] cpu time = 00:00:01, elapsed time = 00:00:01, memory = 904.08 (MB), peak = 904.08 (MB)
Total wire length = 4834 um.
Total wire length on LAYER metal1 = 0 um.
Total wire length on LAYER metal2 = 1805 um.
Total wire length on LAYER metal3 = 2209 um.
Total wire length on LAYER metal4 = 365 um.
Total wire length on LAYER metal5 = 359 um.
Total wire length on LAYER metal6 = 92 um.
Total wire length on LAYER metal7 = 0 um.
Total wire length on LAYER metal8 = 0 um.
Total wire length on LAYER metal9 = 0 um.
Total wire length on LAYER metal10 = 0 um.
Total number of vias = 3761.
Up-via summary (total 3761):

---------------
 active       0
 metal1    1783
 metal2    1634
 metal3     186
 metal4     118
 metal5      40
 metal6       0
 metal7       0
 metal8       0
 metal9       0
---------------
       3761


[INFO DRT-0195] Start 3rd stubborn tiles iteration.
    Completing 10% with 4 violations.
    elapsed time = 00:00:00, memory = 1159.64 (MB).
    Completing 20% with 4 violations.
    elapsed time = 00:00:00, memory = 1214.95 (MB).
    Completing 30% with 4 violations.
    elapsed time = 00:00:00, memory = 1295.95 (MB).
    Completing 40% with 4 violations.
    elapsed time = 00:00:00, memory = 1332.33 (MB).
    Completing 50% with 4 violations.
    elapsed time = 00:00:00, memory = 1365.52 (MB).
    Completing 60% with 4 violations.
    elapsed time = 00:00:00, memory = 1373.02 (MB).
    Completing 70% with 4 violations.
    elapsed time = 00:00:00, memory = 1413.66 (MB).
    Completing 80% with 4 violations.
    elapsed time = 00:00:00, memory = 1431.85 (MB).
    Completing 90% with 4 violations.
    elapsed time = 00:00:00, memory = 1489.04 (MB).
    Completing 100% with 0 violations.
    elapsed time = 00:00:01, memory = 1426.67 (MB).
[INFO DRT-0199]   Number of violations = 0.
[INFO DRT-0267] cpu time = 00:00:18, elapsed time = 00:00:01, memory = 1426.67 (MB), peak = 1494.47 (MB)
Total wire length = 4833 um.
Total wire length on LAYER metal1 = 0 um.
Total wire length on LAYER metal2 = 1799 um.
Total wire length on LAYER metal3 = 2210 um.
Total wire length on LAYER metal4 = 370 um.
Total wire length on LAYER metal5 = 359 um.
Total wire length on LAYER metal6 = 92 um.
Total wire length on LAYER metal7 = 0 um.
Total wire length on LAYER metal8 = 0 um.
Total wire length on LAYER metal9 = 0 um.
Total wire length on LAYER metal10 = 0 um.
Total number of vias = 3767.
Up-via summary (total 3767):

---------------
 active       0
 metal1    1783
 metal2    1638
 metal3     188
 metal4     118
 metal5      40
 metal6       0
 metal7       0
 metal8       0
 metal9       0
---------------
       3767


[INFO DRT-0198] Complete detail routing.
Total wire length = 4833 um.
Total wire length on LAYER metal1 = 0 um.
Total wire length on LAYER metal2 = 1799 um.
Total wire length on LAYER metal3 = 2210 um.
Total wire length on LAYER metal4 = 370 um.
Total wire length on LAYER metal5 = 359 um.
Total wire length on LAYER metal6 = 92 um.
Total wire length on LAYER metal7 = 0 um.
Total wire length on LAYER metal8 = 0 um.
Total wire length on LAYER metal9 = 0 um.
Total wire length on LAYER metal10 = 0 um.
Total number of vias = 3767.
Up-via summary (total 3767):

---------------
 active       0
 metal1    1783
 metal2    1638
 metal3     188
 metal4     118
 metal5      40
 metal6       0
 metal7       0
 metal8       0
 metal9       0
---------------
       3767


[INFO DRT-0267] cpu time = 00:00:26, elapsed time = 00:00:05, memory = 1426.67 (MB), peak = 1494.47 (MB)

[INFO DRT-0180] Post processing.
Took 5 seconds: detailed_route -output_drc ./reports/nangate45/gcd/base/5_route_drc.rpt -output_maze ./results/nangate45/gcd/base/maze.log -bottom_routing_layer metal2 -top_routing_layer metal10 -droute_end_iter 64 -verbose 1 -drc_report_iter_step 5
[WARNING GRT-0246] No diode with LEF class CORE ANTENNACELL found.
[INFO ANT-0002] Found 0 net violations.
[INFO ANT-0001] Found 0 pin violations.
[INFO ANT-0002] Found 0 net violations.
[INFO ANT-0001] Found 0 pin violations.
Elapsed time: 0:06.10[h:]min:sec. CPU time: user 33.71 sys 0.50 (560%). Peak memory: 1530340KB.
