Using ABC speed script.
Extracting clock period from SDC file: ./results/asap7/deflection-bft/base/clock_period.txt
Setting clock period to 1000
1. Executing Liberty frontend: ./objects/asap7/deflection-bft/base/lib/asap7sc7p5t_AO_RVT_FF_nldm_211120.lib
2. Executing Liberty frontend: ./objects/asap7/deflection-bft/base/lib/asap7sc7p5t_INVBUF_RVT_FF_nldm_220122.lib
3. Executing Liberty frontend: ./objects/asap7/deflection-bft/base/lib/asap7sc7p5t_OA_RVT_FF_nldm_211120.lib
4. Executing Liberty frontend: ./objects/asap7/deflection-bft/base/lib/asap7sc7p5t_SIMPLE_RVT_FF_nldm_211120.lib
5. Executing Liberty frontend: ./objects/asap7/deflection-bft/base/lib/asap7sc7p5t_SEQ_RVT_FF_nldm_220123.lib
6. Executing Liberty frontend: ./objects/asap7/deflection-bft/base/lib/asap7sc7p5t_AO_RVT_FF_nldm_211120.lib
7. Executing Liberty frontend: ./objects/asap7/deflection-bft/base/lib/asap7sc7p5t_INVBUF_RVT_FF_nldm_220122.lib
8. Executing Liberty frontend: ./objects/asap7/deflection-bft/base/lib/asap7sc7p5t_OA_RVT_FF_nldm_211120.lib
9. Executing Liberty frontend: ./objects/asap7/deflection-bft/base/lib/asap7sc7p5t_SIMPLE_RVT_FF_nldm_211120.lib
10. Executing Liberty frontend: ./objects/asap7/deflection-bft/base/lib/asap7sc7p5t_SEQ_RVT_FF_nldm_220123.lib
11. Executing Verilog-2005 frontend: /home/h3sun/720-noc-project/OpenROAD-flow-scripts/flow/designs/src/deflection-bft/bft.v
12. Executing Verilog-2005 frontend: /home/h3sun/720-noc-project/OpenROAD-flow-scripts/flow/designs/src/deflection-bft/client.v
13. Executing Verilog-2005 frontend: /home/h3sun/720-noc-project/OpenROAD-flow-scripts/flow/designs/src/deflection-bft/mux.v
14. Executing Verilog-2005 frontend: /home/h3sun/720-noc-project/OpenROAD-flow-scripts/flow/designs/src/deflection-bft/pi_route_lean.v
15. Executing Verilog-2005 frontend: /home/h3sun/720-noc-project/OpenROAD-flow-scripts/flow/designs/src/deflection-bft/pi_route.v
16. Executing Verilog-2005 frontend: /home/h3sun/720-noc-project/OpenROAD-flow-scripts/flow/designs/src/deflection-bft/pi_switch.v
17. Executing Verilog-2005 frontend: /home/h3sun/720-noc-project/OpenROAD-flow-scripts/flow/designs/src/deflection-bft/t_route_lean.v
18. Executing Verilog-2005 frontend: /home/h3sun/720-noc-project/OpenROAD-flow-scripts/flow/designs/src/deflection-bft/t_route.v
19. Executing Verilog-2005 frontend: /home/h3sun/720-noc-project/OpenROAD-flow-scripts/flow/designs/src/deflection-bft/t_switch.v
20. Executing Verilog-2005 frontend: /home/h3sun/720-noc-project/OpenROAD-flow-scripts/flow/platforms/asap7/yoSys/cells_clkgate_R.v
21. Executing HIERARCHY pass (managing design hierarchy).
22. Executing AST frontend in derive mode using pre-parsed AST for module `\bft'.
22.1. Analyzing design hierarchy..
22.2. Executing AST frontend in derive mode using pre-parsed AST for module `\t_switch'.
22.3. Executing AST frontend in derive mode using pre-parsed AST for module `\client'.
/home/h3sun/720-noc-project/OpenROAD-flow-scripts/flow/designs/src/deflection-bft/client.v:51: Warning: Identifier `\sent' is implicitly declared.
22.4. Executing AST frontend in derive mode using pre-parsed AST for module `\client'.
22.5. Executing AST frontend in derive mode using pre-parsed AST for module `\t_switch'.
22.6. Executing AST frontend in derive mode using pre-parsed AST for module `\client'.
22.7. Executing AST frontend in derive mode using pre-parsed AST for module `\client'.
22.8. Executing AST frontend in derive mode using pre-parsed AST for module `\t_switch'.
22.9. Executing AST frontend in derive mode using pre-parsed AST for module `\client'.
22.10. Executing AST frontend in derive mode using pre-parsed AST for module `\client'.
22.11. Executing AST frontend in derive mode using pre-parsed AST for module `\t_switch'.
22.12. Executing AST frontend in derive mode using pre-parsed AST for module `\client'.
22.13. Executing AST frontend in derive mode using pre-parsed AST for module `\client'.
22.14. Executing AST frontend in derive mode using pre-parsed AST for module `\t_switch'.
22.15. Executing AST frontend in derive mode using pre-parsed AST for module `\client'.
22.16. Executing AST frontend in derive mode using pre-parsed AST for module `\client'.
22.17. Executing AST frontend in derive mode using pre-parsed AST for module `\t_switch'.
22.18. Executing AST frontend in derive mode using pre-parsed AST for module `\client'.
22.19. Executing AST frontend in derive mode using pre-parsed AST for module `\client'.
22.20. Executing AST frontend in derive mode using pre-parsed AST for module `\t_switch'.
22.21. Executing AST frontend in derive mode using pre-parsed AST for module `\client'.
22.22. Executing AST frontend in derive mode using pre-parsed AST for module `\client'.
22.23. Executing AST frontend in derive mode using pre-parsed AST for module `\t_switch'.
22.24. Executing AST frontend in derive mode using pre-parsed AST for module `\client'.
22.25. Executing AST frontend in derive mode using pre-parsed AST for module `\client'.
22.26. Executing AST frontend in derive mode using pre-parsed AST for module `\t_switch'.
22.27. Executing AST frontend in derive mode using pre-parsed AST for module `\client'.
22.28. Executing AST frontend in derive mode using pre-parsed AST for module `\client'.
22.29. Executing AST frontend in derive mode using pre-parsed AST for module `\t_switch'.
22.30. Executing AST frontend in derive mode using pre-parsed AST for module `\client'.
22.31. Executing AST frontend in derive mode using pre-parsed AST for module `\client'.
22.32. Executing AST frontend in derive mode using pre-parsed AST for module `\t_switch'.
22.33. Executing AST frontend in derive mode using pre-parsed AST for module `\client'.
22.34. Executing AST frontend in derive mode using pre-parsed AST for module `\client'.
22.35. Executing AST frontend in derive mode using pre-parsed AST for module `\t_switch'.
22.36. Executing AST frontend in derive mode using pre-parsed AST for module `\client'.
22.37. Executing AST frontend in derive mode using pre-parsed AST for module `\client'.
22.38. Executing AST frontend in derive mode using pre-parsed AST for module `\t_switch'.
22.39. Executing AST frontend in derive mode using pre-parsed AST for module `\client'.
22.40. Executing AST frontend in derive mode using pre-parsed AST for module `\client'.
22.41. Executing AST frontend in derive mode using pre-parsed AST for module `\t_switch'.
22.42. Executing AST frontend in derive mode using pre-parsed AST for module `\client'.
22.43. Executing AST frontend in derive mode using pre-parsed AST for module `\client'.
22.44. Executing AST frontend in derive mode using pre-parsed AST for module `\t_switch'.
22.45. Executing AST frontend in derive mode using pre-parsed AST for module `\client'.
Warning: Deep recursion in AST simplifier.
Does this design contain overly long or deeply nested expressions, or excessive recursion?
22.46. Executing AST frontend in derive mode using pre-parsed AST for module `\client'.
22.47. Executing AST frontend in derive mode using pre-parsed AST for module `\t_switch'.
22.48. Executing AST frontend in derive mode using pre-parsed AST for module `\client'.
22.49. Executing AST frontend in derive mode using pre-parsed AST for module `\client'.
22.50. Executing AST frontend in derive mode using pre-parsed AST for module `\t_switch'.
22.51. Executing AST frontend in derive mode using pre-parsed AST for module `\t_switch'.
22.52. Executing AST frontend in derive mode using pre-parsed AST for module `\t_switch'.
22.53. Executing AST frontend in derive mode using pre-parsed AST for module `\t_switch'.
22.54. Executing AST frontend in derive mode using pre-parsed AST for module `\t_switch'.
22.55. Executing AST frontend in derive mode using pre-parsed AST for module `\t_switch'.
22.56. Executing AST frontend in derive mode using pre-parsed AST for module `\t_switch'.
22.57. Executing AST frontend in derive mode using pre-parsed AST for module `\t_switch'.
22.58. Executing AST frontend in derive mode using pre-parsed AST for module `\t_switch'.
22.59. Executing AST frontend in derive mode using pre-parsed AST for module `\t_switch'.
22.60. Executing AST frontend in derive mode using pre-parsed AST for module `\t_switch'.
22.61. Executing AST frontend in derive mode using pre-parsed AST for module `\t_switch'.
22.62. Executing AST frontend in derive mode using pre-parsed AST for module `\t_switch'.
22.63. Executing AST frontend in derive mode using pre-parsed AST for module `\t_switch'.
22.64. Executing AST frontend in derive mode using pre-parsed AST for module `\t_switch'.
22.65. Executing AST frontend in derive mode using pre-parsed AST for module `\t_switch'.
22.66. Executing AST frontend in derive mode using pre-parsed AST for module `\t_switch'.
22.67. Executing AST frontend in derive mode using pre-parsed AST for module `\t_switch'.
22.68. Executing AST frontend in derive mode using pre-parsed AST for module `\t_switch'.
22.69. Executing AST frontend in derive mode using pre-parsed AST for module `\t_switch'.
22.70. Executing AST frontend in derive mode using pre-parsed AST for module `\t_switch'.
22.71. Executing AST frontend in derive mode using pre-parsed AST for module `\t_switch'.
22.72. Executing AST frontend in derive mode using pre-parsed AST for module `\t_switch'.
22.73. Executing AST frontend in derive mode using pre-parsed AST for module `\t_switch'.
22.74. Executing AST frontend in derive mode using pre-parsed AST for module `\t_switch'.
22.75. Executing AST frontend in derive mode using pre-parsed AST for module `\t_switch'.
22.76. Executing AST frontend in derive mode using pre-parsed AST for module `\t_switch'.
22.77. Executing AST frontend in derive mode using pre-parsed AST for module `\t_switch'.
22.78. Executing AST frontend in derive mode using pre-parsed AST for module `\t_switch'.
22.79. Executing AST frontend in derive mode using pre-parsed AST for module `\t_switch'.
22.80. Executing AST frontend in derive mode using pre-parsed AST for module `\t_switch'.
22.81. Executing AST frontend in derive mode using pre-parsed AST for module `\t_switch'.
22.82. Executing AST frontend in derive mode using pre-parsed AST for module `\t_switch'.
22.83. Executing AST frontend in derive mode using pre-parsed AST for module `\t_switch'.
22.84. Executing AST frontend in derive mode using pre-parsed AST for module `\t_switch'.
22.85. Executing AST frontend in derive mode using pre-parsed AST for module `\t_switch'.
22.86. Executing AST frontend in derive mode using pre-parsed AST for module `\t_switch'.
22.87. Executing AST frontend in derive mode using pre-parsed AST for module `\t_switch'.
22.88. Executing AST frontend in derive mode using pre-parsed AST for module `\t_switch'.
22.89. Executing AST frontend in derive mode using pre-parsed AST for module `\t_switch'.
22.90. Executing AST frontend in derive mode using pre-parsed AST for module `\t_switch'.
22.91. Executing AST frontend in derive mode using pre-parsed AST for module `\t_switch'.
22.92. Executing AST frontend in derive mode using pre-parsed AST for module `\t_switch'.
22.93. Executing AST frontend in derive mode using pre-parsed AST for module `\t_switch'.
22.94. Executing AST frontend in derive mode using pre-parsed AST for module `\t_switch'.
22.95. Executing AST frontend in derive mode using pre-parsed AST for module `\t_switch'.
22.96. Executing AST frontend in derive mode using pre-parsed AST for module `\t_switch'.
22.97. Executing AST frontend in derive mode using pre-parsed AST for module `\t_switch'.
22.98. Executing AST frontend in derive mode using pre-parsed AST for module `\t_switch'.
22.99. Executing AST frontend in derive mode using pre-parsed AST for module `\t_switch'.
22.100. Executing AST frontend in derive mode using pre-parsed AST for module `\t_switch'.
22.101. Executing AST frontend in derive mode using pre-parsed AST for module `\t_switch'.
22.102. Executing AST frontend in derive mode using pre-parsed AST for module `\t_switch'.
22.103. Executing AST frontend in derive mode using pre-parsed AST for module `\t_switch'.
22.104. Executing AST frontend in derive mode using pre-parsed AST for module `\t_switch'.
22.105. Executing AST frontend in derive mode using pre-parsed AST for module `\t_switch'.
22.106. Executing AST frontend in derive mode using pre-parsed AST for module `\t_switch'.
22.107. Executing AST frontend in derive mode using pre-parsed AST for module `\t_switch'.
22.108. Executing AST frontend in derive mode using pre-parsed AST for module `\t_switch'.
22.109. Executing AST frontend in derive mode using pre-parsed AST for module `\t_switch'.
22.110. Executing AST frontend in derive mode using pre-parsed AST for module `\t_switch'.
22.111. Executing AST frontend in derive mode using pre-parsed AST for module `\t_switch'.
22.112. Executing AST frontend in derive mode using pre-parsed AST for module `\t_switch'.
22.113. Executing AST frontend in derive mode using pre-parsed AST for module `\t_switch'.
22.114. Analyzing design hierarchy..
22.115. Analyzing design hierarchy..
22.116. Executing AST frontend in derive mode using pre-parsed AST for module `\Mux3'.
22.117. Executing AST frontend in derive mode using pre-parsed AST for module `\t_route'.
22.118. Executing AST frontend in derive mode using pre-parsed AST for module `\t_route'.
22.119. Executing AST frontend in derive mode using pre-parsed AST for module `\t_route'.
22.120. Executing AST frontend in derive mode using pre-parsed AST for module `\t_route'.
22.121. Executing AST frontend in derive mode using pre-parsed AST for module `\t_route'.
22.122. Executing AST frontend in derive mode using pre-parsed AST for module `\t_route'.
22.123. Executing AST frontend in derive mode using pre-parsed AST for module `\t_route'.
22.124. Executing AST frontend in derive mode using pre-parsed AST for module `\t_route'.
22.125. Executing AST frontend in derive mode using pre-parsed AST for module `\t_route'.
22.126. Executing AST frontend in derive mode using pre-parsed AST for module `\t_route'.
22.127. Executing AST frontend in derive mode using pre-parsed AST for module `\t_route'.
22.128. Executing AST frontend in derive mode using pre-parsed AST for module `\t_route'.
22.129. Executing AST frontend in derive mode using pre-parsed AST for module `\t_route'.
22.130. Executing AST frontend in derive mode using pre-parsed AST for module `\t_route'.
22.131. Executing AST frontend in derive mode using pre-parsed AST for module `\t_route'.
22.132. Executing AST frontend in derive mode using pre-parsed AST for module `\t_route'.
22.133. Executing AST frontend in derive mode using pre-parsed AST for module `\t_route'.
22.134. Executing AST frontend in derive mode using pre-parsed AST for module `\t_route'.
22.135. Executing AST frontend in derive mode using pre-parsed AST for module `\t_route'.
22.136. Executing AST frontend in derive mode using pre-parsed AST for module `\t_route'.
22.137. Executing AST frontend in derive mode using pre-parsed AST for module `\t_route'.
22.138. Executing AST frontend in derive mode using pre-parsed AST for module `\t_route'.
22.139. Executing AST frontend in derive mode using pre-parsed AST for module `\t_route'.
22.140. Executing AST frontend in derive mode using pre-parsed AST for module `\t_route'.
22.141. Executing AST frontend in derive mode using pre-parsed AST for module `\t_route'.
22.142. Executing AST frontend in derive mode using pre-parsed AST for module `\t_route'.
22.143. Executing AST frontend in derive mode using pre-parsed AST for module `\t_route'.
22.144. Executing AST frontend in derive mode using pre-parsed AST for module `\t_route'.
22.145. Executing AST frontend in derive mode using pre-parsed AST for module `\t_route'.
22.146. Executing AST frontend in derive mode using pre-parsed AST for module `\t_route'.
22.147. Executing AST frontend in derive mode using pre-parsed AST for module `\t_route'.
22.148. Executing AST frontend in derive mode using pre-parsed AST for module `\t_route'.
22.149. Executing AST frontend in derive mode using pre-parsed AST for module `\t_route'.
22.150. Executing AST frontend in derive mode using pre-parsed AST for module `\t_route'.
22.151. Executing AST frontend in derive mode using pre-parsed AST for module `\t_route'.
22.152. Executing AST frontend in derive mode using pre-parsed AST for module `\t_route'.
22.153. Executing AST frontend in derive mode using pre-parsed AST for module `\t_route'.
22.154. Executing AST frontend in derive mode using pre-parsed AST for module `\t_route'.
22.155. Executing AST frontend in derive mode using pre-parsed AST for module `\t_route'.
22.156. Executing AST frontend in derive mode using pre-parsed AST for module `\t_route'.
22.157. Executing AST frontend in derive mode using pre-parsed AST for module `\t_route'.
22.158. Executing AST frontend in derive mode using pre-parsed AST for module `\t_route'.
22.159. Executing AST frontend in derive mode using pre-parsed AST for module `\t_route'.
22.160. Executing AST frontend in derive mode using pre-parsed AST for module `\t_route'.
22.161. Executing AST frontend in derive mode using pre-parsed AST for module `\t_route'.
22.162. Executing AST frontend in derive mode using pre-parsed AST for module `\t_route'.
22.163. Executing AST frontend in derive mode using pre-parsed AST for module `\t_route'.
22.164. Executing AST frontend in derive mode using pre-parsed AST for module `\t_route'.
22.165. Executing AST frontend in derive mode using pre-parsed AST for module `\t_route'.
22.166. Executing AST frontend in derive mode using pre-parsed AST for module `\t_route'.
22.167. Executing AST frontend in derive mode using pre-parsed AST for module `\t_route'.
22.168. Executing AST frontend in derive mode using pre-parsed AST for module `\t_route'.
22.169. Executing AST frontend in derive mode using pre-parsed AST for module `\t_route'.
22.170. Executing AST frontend in derive mode using pre-parsed AST for module `\t_route'.
22.171. Executing AST frontend in derive mode using pre-parsed AST for module `\t_route'.
22.172. Executing AST frontend in derive mode using pre-parsed AST for module `\t_route'.
22.173. Executing AST frontend in derive mode using pre-parsed AST for module `\t_route'.
22.174. Executing AST frontend in derive mode using pre-parsed AST for module `\t_route'.
22.175. Executing AST frontend in derive mode using pre-parsed AST for module `\t_route'.
22.176. Executing AST frontend in derive mode using pre-parsed AST for module `\t_route'.
22.177. Executing AST frontend in derive mode using pre-parsed AST for module `\t_route'.
22.178. Executing AST frontend in derive mode using pre-parsed AST for module `\t_route'.
22.179. Executing AST frontend in derive mode using pre-parsed AST for module `\t_route'.
22.180. Executing AST frontend in derive mode using pre-parsed AST for module `\t_route'.
22.181. Executing AST frontend in derive mode using pre-parsed AST for module `\t_route'.
22.182. Executing AST frontend in derive mode using pre-parsed AST for module `\t_route'.
22.183. Executing AST frontend in derive mode using pre-parsed AST for module `\t_route'.
22.184. Executing AST frontend in derive mode using pre-parsed AST for module `\t_route'.
22.185. Executing AST frontend in derive mode using pre-parsed AST for module `\t_route'.
22.186. Executing AST frontend in derive mode using pre-parsed AST for module `\t_route'.
22.187. Executing AST frontend in derive mode using pre-parsed AST for module `\t_route'.
22.188. Executing AST frontend in derive mode using pre-parsed AST for module `\t_route'.
22.189. Executing AST frontend in derive mode using pre-parsed AST for module `\t_route'.
22.190. Executing AST frontend in derive mode using pre-parsed AST for module `\t_route'.
22.191. Executing AST frontend in derive mode using pre-parsed AST for module `\t_route'.
22.192. Executing AST frontend in derive mode using pre-parsed AST for module `\t_route'.
22.193. Executing AST frontend in derive mode using pre-parsed AST for module `\t_route'.
22.194. Executing AST frontend in derive mode using pre-parsed AST for module `\t_route'.
22.195. Executing AST frontend in derive mode using pre-parsed AST for module `\t_route'.
22.196. Executing AST frontend in derive mode using pre-parsed AST for module `\t_route'.
22.197. Analyzing design hierarchy..
22.198. Analyzing design hierarchy..
23. Executing OPT_CLEAN pass (remove unused cells and wires).
Warning: Ignoring module $paramod$71fb60fe794236d0f8430bc2362ef959a2887804\t_route because it contains processes (run 'proc' command first).
Warning: Ignoring module $paramod$7b1c9f0a3c1b874528bd722e8ec4beb4a74cab92\t_route because it contains processes (run 'proc' command first).
Warning: Ignoring module $paramod$2293b021cafd7a3ecfbfda206c8561aa0f9f6c0d\t_route because it contains processes (run 'proc' command first).
Warning: Ignoring module $paramod$c9f4475f4e3610b25c03aa4fe8fa60e29a4b3541\t_route because it contains processes (run 'proc' command first).
Warning: Ignoring module $paramod$f3e49bd0d6b761600349554791407cd2690fe21a\t_route because it contains processes (run 'proc' command first).
Warning: Ignoring module $paramod$a9ac66ae6b7ba4230ad66f7766fdfbf1d4f1bde4\t_route because it contains processes (run 'proc' command first).
Warning: Ignoring module $paramod$8459ef37a6aec9f2bccedbfb3b6c26cc5903d292\t_route because it contains processes (run 'proc' command first).
Warning: Ignoring module $paramod$b3728fd1b99882f8e76bea5e1a6f469c75c4d3d0\t_route because it contains processes (run 'proc' command first).
Warning: Ignoring module $paramod$82dcff877975c1fe8e204a2433deaaf7b7877392\t_route because it contains processes (run 'proc' command first).
Warning: Ignoring module $paramod$c971b61f66ed539053dea74b3c0dd560eafb4054\t_route because it contains processes (run 'proc' command first).
Warning: Ignoring module $paramod$93d2ff00c0f9fdd310fdb23ecbf53b0c638223b6\t_route because it contains processes (run 'proc' command first).
Warning: Ignoring module $paramod$9ffe6f8e255cfd7b45a35e5538bc381e45f0ef8e\t_route because it contains processes (run 'proc' command first).
Warning: Ignoring module $paramod$c7244593cfa856a77d8f083b58b10f21dbe340e7\t_route because it contains processes (run 'proc' command first).
Warning: Ignoring module $paramod$503d667cf8b2dcc4dc13d8446edb96bb0e9b8669\t_route because it contains processes (run 'proc' command first).
Warning: Ignoring module $paramod$cc6657a47e54f698f5f782277bcce2e987341512\t_route because it contains processes (run 'proc' command first).
Warning: Ignoring module $paramod$3fba2305a0db89aa02a60ce4a8c2e6feab2011bd\t_route because it contains processes (run 'proc' command first).
Warning: Ignoring module $paramod$73f923c970fc534a0562b6272c907e0040f01bb3\t_route because it contains processes (run 'proc' command first).
Warning: Ignoring module $paramod$66acb91ac71c9247a7522d9ca1e9a8985af97512\t_route because it contains processes (run 'proc' command first).
Warning: Ignoring module $paramod$0ee6bb7b4ad0fb120db876bb41091e682db25fc1\t_route because it contains processes (run 'proc' command first).
Warning: Ignoring module $paramod$77b2ef174425db1e1b9874f92d04582f31f8a7d9\t_route because it contains processes (run 'proc' command first).
Warning: Ignoring module $paramod$5310994dca0d3b118327a8d61cdc7b3aa521ab7d\t_route because it contains processes (run 'proc' command first).
Warning: Ignoring module $paramod$9dee585124cc3936209300c713cf3b4202a80d30\t_route because it contains processes (run 'proc' command first).
Warning: Ignoring module $paramod$b6f73a78544cca1e954b84c4819235cbbfc52a53\t_route because it contains processes (run 'proc' command first).
Warning: Ignoring module $paramod$988b05b62b8fca955689e95520a4234baa2b0e6c\t_route because it contains processes (run 'proc' command first).
Warning: Ignoring module $paramod$a8d9bd27ed1e2ca2eda5a919bba2dc1f7667282f\t_route because it contains processes (run 'proc' command first).
Warning: Ignoring module $paramod$b8723ecad33cd6c572538f040cdb76c350a73386\t_route because it contains processes (run 'proc' command first).
Warning: Ignoring module $paramod$29a78eb24f87f1512d53d458e46105dcc54b461a\t_route because it contains processes (run 'proc' command first).
Warning: Ignoring module $paramod$a81060a860a33735bac2f7791abd43f34f8cd776\t_route because it contains processes (run 'proc' command first).
Warning: Ignoring module $paramod$d5fb86e297753ccb91008e5412d8b96c57970c5c\t_route because it contains processes (run 'proc' command first).
Warning: Ignoring module $paramod$039a60c2ca766d32be6c227ae06b34c4ab4fc614\t_route because it contains processes (run 'proc' command first).
Warning: Ignoring module $paramod$aa707a5fec31c58284bd6477824f9ff0fa7929e8\t_route because it contains processes (run 'proc' command first).
Warning: Ignoring module $paramod$d14f7fda7dfd8b1cb8606b00028958d21e60995b\t_route because it contains processes (run 'proc' command first).
Warning: Ignoring module $paramod$6be37e0f00674b7787ed80ea5bbd9d9959cd69c2\t_route because it contains processes (run 'proc' command first).
Warning: Ignoring module $paramod$463fccde10ec0cd4c867fd728c59c2ffe85d93fa\t_route because it contains processes (run 'proc' command first).
Warning: Ignoring module $paramod$20c1d088e41416feddd132912bd6e5f106d00e7d\t_route because it contains processes (run 'proc' command first).
Warning: Ignoring module $paramod$3e656cf068754f9b104165b6f5a3dc99f422e775\t_route because it contains processes (run 'proc' command first).
Warning: Ignoring module $paramod$24a8d1bbff8b32dc7c9a9bd361802771c3244f62\t_route because it contains processes (run 'proc' command first).
Warning: Ignoring module $paramod$63cd9b1813edc6ff3da43c8665bfa577edae9216\t_route because it contains processes (run 'proc' command first).
Warning: Ignoring module $paramod$2b8dcc753e126cfa4eec216eb263ac58240dd1c4\t_route because it contains processes (run 'proc' command first).
Warning: Ignoring module $paramod$4763b73d278870e279756b6bd91fb3d50a2ccc46\t_route because it contains processes (run 'proc' command first).
Warning: Ignoring module $paramod$4d503cd08cc3fa0fb083b55031d73381da4eaef9\t_route because it contains processes (run 'proc' command first).
Warning: Ignoring module $paramod$57713eb479df14b281f004f6a1247f4b16a4cfbb\t_route because it contains processes (run 'proc' command first).
Warning: Ignoring module $paramod$f25dad8f60c554c01b4733722f79da2ed93e0844\t_route because it contains processes (run 'proc' command first).
Warning: Ignoring module $paramod$0e7a17de28774e040fa2eea75b3940e8e8869781\t_route because it contains processes (run 'proc' command first).
Warning: Ignoring module $paramod$9615244da0b85a59dae3fb5cb7660f1b72b0c787\t_route because it contains processes (run 'proc' command first).
Warning: Ignoring module $paramod$e21639af1dbcf2096017e4201df8e67a4eae1b9a\t_route because it contains processes (run 'proc' command first).
Warning: Ignoring module $paramod$b6803770f63d8baea88acaec1250527f0359bf3c\t_route because it contains processes (run 'proc' command first).
Warning: Ignoring module $paramod$4e5771db1f29562f008c51860ff9ad95fb56b020\t_route because it contains processes (run 'proc' command first).
Warning: Ignoring module $paramod$1359ff84f44d000de8ceea4d878eed6a78212c4b\t_route because it contains processes (run 'proc' command first).
Warning: Ignoring module $paramod$5dcead00ba37f33e495b6cb480da4f51043b4f2d\t_route because it contains processes (run 'proc' command first).
Warning: Ignoring module $paramod$9cc727e4c33bcf84145604abbb8da6d66d7197d2\t_route because it contains processes (run 'proc' command first).
Warning: Ignoring module $paramod$b210ec1d6ae85b744b7a79be71bef6509db52f82\t_route because it contains processes (run 'proc' command first).
Warning: Ignoring module $paramod$32b0d6cba950c0b17ab190d14015959b27d505ef\t_route because it contains processes (run 'proc' command first).
Warning: Ignoring module $paramod$71b5e5369fc678f0830a563875cc6b94ac322a89\t_route because it contains processes (run 'proc' command first).
Warning: Ignoring module $paramod$e3946b72e87aaa71495463c592fbd69a5af538cc\t_route because it contains processes (run 'proc' command first).
Warning: Ignoring module $paramod$e7b3be5ccb3d9b158f509ecdb892eaf011ef2fbc\t_route because it contains processes (run 'proc' command first).
Warning: Ignoring module $paramod$dd3454a89c684081545251c9e87768dd8c85751c\t_route because it contains processes (run 'proc' command first).
Warning: Ignoring module $paramod$c33bb520d9c4808c2429670c869b02010d513ad7\t_route because it contains processes (run 'proc' command first).
Warning: Ignoring module $paramod$fc939fcddd251e1044316ed44feb48596253fc96\t_route because it contains processes (run 'proc' command first).
Warning: Ignoring module $paramod$c31773d1132e6c9bebd8d7d48b8be891cda1392f\t_route because it contains processes (run 'proc' command first).
Warning: Ignoring module $paramod$a1c955a72ac9db113a3da51d80d36061105fc26e\t_route because it contains processes (run 'proc' command first).
Warning: Ignoring module $paramod$2c753eb150ddfa88a94cfb3427cda2e45ebfee22\t_route because it contains processes (run 'proc' command first).
Warning: Ignoring module $paramod$459552c20e2df849cc880adece52d8401214a0f8\t_route because it contains processes (run 'proc' command first).
Warning: Ignoring module $paramod$13d1f5e607db69fc56827430e0cbf5cc734c3e09\t_route because it contains processes (run 'proc' command first).
Warning: Ignoring module $paramod$ef2d31277f7f69e3016f697c97f35c511ffd48e1\t_route because it contains processes (run 'proc' command first).
Warning: Ignoring module $paramod$318fe43a2daf5a3a7843b6094ebd9c7610d72141\t_route because it contains processes (run 'proc' command first).
Warning: Ignoring module $paramod$399416e9402c0d6d767b894a988f0882b2b43245\t_route because it contains processes (run 'proc' command first).
Warning: Ignoring module $paramod$08cdeb0af8d1f139fab13f04251c9b7cf62a6781\t_route because it contains processes (run 'proc' command first).
Warning: Ignoring module bft because it contains processes (run 'proc' command first).
Warning: Ignoring module $paramod$6dc6fc45b91288a276fd0b17e16b37e79f1d9c26\t_switch because it contains processes (run 'proc' command first).
Warning: Ignoring module $paramod$6620cda1deb6502eab23825b470c04676f5c58ce\t_switch because it contains processes (run 'proc' command first).
Warning: Ignoring module $paramod$e14b95e3da6b723539394b8f30972f4a393f60df\t_switch because it contains processes (run 'proc' command first).
Warning: Ignoring module $paramod$7fcc265274d75f160ebb6d5f9c63e27919d9f548\t_switch because it contains processes (run 'proc' command first).
Warning: Ignoring module $paramod$a5ef573f5570885e196e21d2310e74c6edacdf43\t_switch because it contains processes (run 'proc' command first).
Warning: Ignoring module $paramod$796c35196c5f89ab0b022b0bd087bc4484f71594\t_switch because it contains processes (run 'proc' command first).
Warning: Ignoring module $paramod$111bc7507417c40ade30bac77d742c8ce32a3e5e\t_switch because it contains processes (run 'proc' command first).
Warning: Ignoring module $paramod$d1a16c233ed7cd273098328155fdca10f983b418\t_switch because it contains processes (run 'proc' command first).
Warning: Ignoring module $paramod$38e8ac6e84bda2c2276f426c79db8b39d831444d\t_switch because it contains processes (run 'proc' command first).
Warning: Ignoring module $paramod$5974cae001d376ec8551c1ffdd9ced349a124d09\t_switch because it contains processes (run 'proc' command first).
Warning: Ignoring module $paramod$135ea7fed26c3817e2fb197e674d2afb0b5135c8\t_switch because it contains processes (run 'proc' command first).
Warning: Ignoring module $paramod$e255112232ac1ec2ca95b8de1487b155e0880aad\t_switch because it contains processes (run 'proc' command first).
Warning: Ignoring module $paramod$e74b1f2828df06d71d024483421044e4862e64a3\t_switch because it contains processes (run 'proc' command first).
Warning: Ignoring module $paramod$0a69a96b19bdf623f56aba2de5f53edce4380662\t_switch because it contains processes (run 'proc' command first).
Warning: Ignoring module $paramod$a88a234bbdaae25b7e0b6aa4ffdde15da79a6b49\t_switch because it contains processes (run 'proc' command first).
Warning: Ignoring module $paramod$fe7900e42e21abcd9434629def900a135ddf417e\t_switch because it contains processes (run 'proc' command first).
Warning: Ignoring module $paramod$fca5c30e7c67a6b01942c43ce4c1299f4859ebab\t_switch because it contains processes (run 'proc' command first).
Warning: Ignoring module $paramod$32b579caaf766851afb260ab8b5d1014f5ae9f38\t_switch because it contains processes (run 'proc' command first).
Warning: Ignoring module $paramod$89f821a2944155c7a84bb1f926d2232d2e177f61\t_switch because it contains processes (run 'proc' command first).
Warning: Ignoring module $paramod$8e793017ddcd2430f1bb7035274e0a313fe20d7b\t_switch because it contains processes (run 'proc' command first).
Warning: Ignoring module $paramod$fc4f9c65fd9f7375bc9f4dfcc05f7a0815f3cc3f\t_switch because it contains processes (run 'proc' command first).
Warning: Ignoring module $paramod$d87420faa6e39954f8b3434b2f74e52e8866c403\t_switch because it contains processes (run 'proc' command first).
Warning: Ignoring module $paramod$0560820944ab26742d44411e7e5d1728b8a0d52e\t_switch because it contains processes (run 'proc' command first).
Warning: Ignoring module $paramod$49845fc04aff767271f5406c8533e04c59c9da75\t_switch because it contains processes (run 'proc' command first).
Warning: Ignoring module $paramod$331712843a855bbef4e239622d5183c46bda4329\t_switch because it contains processes (run 'proc' command first).
Warning: Ignoring module $paramod$261bc2ab141a692c30df0fc2765cd4fc78c5a491\t_switch because it contains processes (run 'proc' command first).
Warning: Ignoring module $paramod$238f824f28e0f4708a907590499834eede895009\t_switch because it contains processes (run 'proc' command first).
Warning: Ignoring module $paramod$4990b84d7e22ac166748c016eeb2828d605baeed\t_switch because it contains processes (run 'proc' command first).
Warning: Ignoring module $paramod$5870948d143d353c82c972eebaae1e3dcace00cb\t_switch because it contains processes (run 'proc' command first).
Warning: Ignoring module $paramod$14116c800af0f1ae24ebd1a1498ba0164ed9c0d3\t_switch because it contains processes (run 'proc' command first).
Warning: Ignoring module $paramod$5db4b86ac30280051579fd516f3ab2a4778835f3\t_switch because it contains processes (run 'proc' command first).
Warning: Ignoring module $paramod$b5dcc7dda1f496a164d75319183e011687e2056a\t_switch because it contains processes (run 'proc' command first).
Warning: Ignoring module $paramod$9ede915503c1f54c3f9fc0c1b5c3ac6f8dad1d27\t_switch because it contains processes (run 'proc' command first).
Warning: Ignoring module $paramod$bc8a34e917ea56c48889fefdaa97910ca0a0246f\t_switch because it contains processes (run 'proc' command first).
Warning: Ignoring module $paramod$b655444e6133f382279d6471da99d409cc591bea\t_switch because it contains processes (run 'proc' command first).
Warning: Ignoring module $paramod$9c892ae26cf3b021a109a01cdd4d7db45d07ab01\t_switch because it contains processes (run 'proc' command first).
Warning: Ignoring module $paramod$e3bdbb89304937353fd6c0bbfdccdb8bd0832830\t_switch because it contains processes (run 'proc' command first).
Warning: Ignoring module $paramod$a69ff123343f648b9cceb81b32ac14580d5265a5\t_switch because it contains processes (run 'proc' command first).
Warning: Ignoring module $paramod$81f0af32acd1f941e6d7b0a6f31a2aa5c565abd1\t_switch because it contains processes (run 'proc' command first).
Warning: Ignoring module $paramod$64eae5f2742f98897991c9ff23513e4801162851\t_switch because it contains processes (run 'proc' command first).
Warning: Ignoring module $paramod$d49e196977611ae8a2db7eb07eab24f46f6d1b10\t_switch because it contains processes (run 'proc' command first).
Warning: Ignoring module $paramod$88b1a0ff4f0119cb728c73e1f3f4772611ad8c77\t_switch because it contains processes (run 'proc' command first).
Warning: Ignoring module $paramod$9a759f52fde385dccdd5a5d375349bba6820499c\t_switch because it contains processes (run 'proc' command first).
Warning: Ignoring module $paramod$7f908e2cd8a8f33a052391e5cb3f86c87a199d5b\t_switch because it contains processes (run 'proc' command first).
Warning: Ignoring module $paramod$1528b81103851b766a221a82a8814663cd511b05\t_switch because it contains processes (run 'proc' command first).
Warning: Ignoring module $paramod$6b62e71284a45cd315e6cdbd1732600d09d1aec4\t_switch because it contains processes (run 'proc' command first).
Warning: Ignoring module $paramod$7b4f2f3eb346c68c45972b4f57f9f3b4e4e788c8\t_switch because it contains processes (run 'proc' command first).
Warning: Ignoring module $paramod$56cd65f2e291c32e49333af1ba93f45d464ee856\t_switch because it contains processes (run 'proc' command first).
Warning: Ignoring module $paramod$ab9401755c8a7bc4c64376903757640a2727f613\t_switch because it contains processes (run 'proc' command first).
Warning: Ignoring module $paramod$8a5c8897d3683bffe2c133eecda28ac8cd4b50d4\t_switch because it contains processes (run 'proc' command first).
Warning: Ignoring module $paramod$2d7503eb296a1b8ff889722ad780f7f9e3a04fd7\t_switch because it contains processes (run 'proc' command first).
Warning: Ignoring module $paramod$04bf875a7d1bab912f5652e95659e2bf6402a332\t_switch because it contains processes (run 'proc' command first).
Warning: Ignoring module $paramod$afb2a2004f923c9d4fec7fad7a7f067c17e2ba70\t_switch because it contains processes (run 'proc' command first).
Warning: Ignoring module $paramod$363db0768ecbd5339d8106b0833a98878e8d60aa\t_switch because it contains processes (run 'proc' command first).
Warning: Ignoring module $paramod$4e61f6704fc671652a71f6b839b6808af2fb3a34\t_switch because it contains processes (run 'proc' command first).
Warning: Ignoring module $paramod$ff5c163c80d8867d9c00e7da708f2c5d1881a978\t_switch because it contains processes (run 'proc' command first).
Warning: Ignoring module $paramod$2bab5ca13f67a8e089dd5c748c78c0712bac5a2e\t_switch because it contains processes (run 'proc' command first).
Warning: Ignoring module $paramod$abb3df088cf7ee98920b1788c6268bf60d52760a\t_switch because it contains processes (run 'proc' command first).
Warning: Ignoring module $paramod$01ad5a8fd521f6d0ac65374c8f282804fbb1aaae\t_switch because it contains processes (run 'proc' command first).
Warning: Ignoring module $paramod$80dd49d1aedcccd84a73f097d807bb389e2b3f7f\t_switch because it contains processes (run 'proc' command first).
Warning: Ignoring module $paramod$15a9c4dd6318b22bf1ca07d1dd25d7abc33557aa\t_switch because it contains processes (run 'proc' command first).
Warning: Ignoring module $paramod$d6924c8132eea91ca1b5aa36b244d8a2a2deea86\t_switch because it contains processes (run 'proc' command first).
Warning: Ignoring module $paramod$0c959fe49aff2a7517a4f39802b44b8eb6036314\t_switch because it contains processes (run 'proc' command first).
Warning: Ignoring module $paramod$6e8a7c2f44408fb94746f22138b49376b6ac5ebe\client because it contains processes (run 'proc' command first).
Warning: Ignoring module $paramod$71f3e8aa844ba10c28919a372448ef31e636970f\client because it contains processes (run 'proc' command first).
Warning: Ignoring module $paramod$7d89ad7aef09d213884aee5cbcdc86efcd6a83cd\t_switch because it contains processes (run 'proc' command first).
Warning: Ignoring module $paramod$f80282cb05135a08f29282569fe162eeb545f1ee\client because it contains processes (run 'proc' command first).
Warning: Ignoring module $paramod$be888da5306ea04efdf96defb1e9f2142a20f3db\client because it contains processes (run 'proc' command first).
Warning: Ignoring module $paramod$645a9a0c8023473208c1c0d8e607e83f4931eec0\t_switch because it contains processes (run 'proc' command first).
Warning: Ignoring module $paramod$2c04c3711d6a10be7dd5b6717c0e028b06a9dc98\client because it contains processes (run 'proc' command first).
Warning: Ignoring module $paramod$fe115ab32495a6e67354bc3244c0f3824888dac0\client because it contains processes (run 'proc' command first).
Warning: Ignoring module $paramod$25fe903b967addc96ee99fb8b6aa7ff813370ce3\t_switch because it contains processes (run 'proc' command first).
Warning: Ignoring module $paramod$7c617986fd6af9f8b289d95c1ff7065199c632ed\client because it contains processes (run 'proc' command first).
Warning: Ignoring module $paramod$0369eef2678c044da2298a5c8f7ee50f0bbdf16e\client because it contains processes (run 'proc' command first).
Warning: Ignoring module $paramod$4c3fa911149dd4b034d9ba84ab10a21bae1ff5c6\t_switch because it contains processes (run 'proc' command first).
Warning: Ignoring module $paramod$a5206a916c578856f5f77507b3653a8a5e30ac66\client because it contains processes (run 'proc' command first).
Warning: Ignoring module $paramod$38c1af9ac129e85837bdb2e98f0b2b7c48b2194b\client because it contains processes (run 'proc' command first).
Warning: Ignoring module $paramod$267f149835ab757c424a753ed86487de233b7131\t_switch because it contains processes (run 'proc' command first).
Warning: Ignoring module $paramod$6b9cc9de3615e1e9065084ee42e9882b06e8a8ef\client because it contains processes (run 'proc' command first).
Warning: Ignoring module $paramod$d34bcfe193018ea455b95f451ff2c9ac95b06579\client because it contains processes (run 'proc' command first).
Warning: Ignoring module $paramod$45a2ee9b8bb25d19846679dd2db600038883a3f1\t_switch because it contains processes (run 'proc' command first).
Warning: Ignoring module $paramod$e7bb4b5a0b677c3b69c25793e42050c271254a77\client because it contains processes (run 'proc' command first).
Warning: Ignoring module $paramod$3dbac99fcdb4130e6b755799ed1813c6d21a7a50\client because it contains processes (run 'proc' command first).
Warning: Ignoring module $paramod$8795914e03ff0f47de0370b9862d91803ca5bf56\t_switch because it contains processes (run 'proc' command first).
Warning: Ignoring module $paramod$f2c491f11f96733287f503061da95a7b4932f0c8\client because it contains processes (run 'proc' command first).
Warning: Ignoring module $paramod$8af4bde9ea41b6c5b179e771e884c56795b565a9\client because it contains processes (run 'proc' command first).
Warning: Ignoring module $paramod$4a97983ccbca6ade83b2e2c073eee8950f7e33a7\t_switch because it contains processes (run 'proc' command first).
Warning: Ignoring module $paramod$c6c0f5c64c3238eac28a327c7f6dead07776a13f\client because it contains processes (run 'proc' command first).
Warning: Ignoring module $paramod$be4db15200a96579e7b79a85990ce5edf22114bc\client because it contains processes (run 'proc' command first).
Warning: Ignoring module $paramod$713dba2624c1a73bc510fd900cb944b6b552c395\t_switch because it contains processes (run 'proc' command first).
Warning: Ignoring module $paramod$3e92c4aacb3eec9d3870c80e026ff5ba48f0b201\client because it contains processes (run 'proc' command first).
Warning: Ignoring module $paramod$14d129de242ba16a65db0a59ff547d01f9a483e8\client because it contains processes (run 'proc' command first).
Warning: Ignoring module $paramod$52954625f4dd3fa2e618966f73d13943f107cb74\t_switch because it contains processes (run 'proc' command first).
Warning: Ignoring module $paramod$91bd94e2e89d6a3d713c0d344924838c0e43faa7\client because it contains processes (run 'proc' command first).
Warning: Ignoring module $paramod$6f457d2309c0ddd4b6d6e466d80bdd5feec8fde3\client because it contains processes (run 'proc' command first).
Warning: Ignoring module $paramod$bfc3919e22ca36641f05573c43f0e8a43d8866fd\t_switch because it contains processes (run 'proc' command first).
Warning: Ignoring module $paramod$b36d0491b4cc05167a267ffde5d3bfee79413855\client because it contains processes (run 'proc' command first).
Warning: Ignoring module $paramod$6802716c1a30ff86df1edf8b5dadb56944a2a542\client because it contains processes (run 'proc' command first).
Warning: Ignoring module $paramod$aebba183b086eadf5622a1e0f77605cc4672992c\t_switch because it contains processes (run 'proc' command first).
Warning: Ignoring module $paramod$dbc96916074b6bddd675878920bc34418b3704e8\client because it contains processes (run 'proc' command first).
Warning: Ignoring module $paramod$9a07592363670d502bdafeb2a1bd5793698c6c65\client because it contains processes (run 'proc' command first).
Warning: Ignoring module $paramod$23bac30187b534e465f113d1ec6611a21c5b0e62\t_switch because it contains processes (run 'proc' command first).
Warning: Ignoring module $paramod$f4531f218aa1a40c3bba4df341685dfa11e44bd5\client because it contains processes (run 'proc' command first).
Warning: Ignoring module $paramod$e02b9b53cdfac1a353ead0bb9f9ed1a709a811f7\client because it contains processes (run 'proc' command first).
Warning: Ignoring module $paramod$80a9019b6c140a3b8bea8a257d241f054ebf6053\t_switch because it contains processes (run 'proc' command first).
Warning: Ignoring module $paramod$394e202f7413ca80009e93e6567475f81bac839c\client because it contains processes (run 'proc' command first).
Warning: Ignoring module $paramod$ebafeaf82758e7a05268298d7e65ab006edde33c\client because it contains processes (run 'proc' command first).
Warning: Ignoring module $paramod$c13f1eb64b7b494b8e5f3873c335b20a30c8fa03\t_switch because it contains processes (run 'proc' command first).
Warning: Ignoring module $paramod$4e3b353873bd9ee2ac5f07ef65637ae82d689613\client because it contains processes (run 'proc' command first).
Warning: Ignoring module $paramod$ea053810bddf5e82fc745b64b019d8e2764cbadf\client because it contains processes (run 'proc' command first).
Warning: Ignoring module $paramod$803280a9615529e9fc6a2c309995ff66301195d2\t_switch because it contains processes (run 'proc' command first).
Warning: Ignoring module $paramod$73ac5a73c0220a1444f51dc413152e263fcb8dab\t_switch because it contains processes (run 'proc' command first).
Warning: Ignoring module $paramod$6d2f8251659e7cc920c16f60c44c927ba156ca2e\t_route because it contains processes (run 'proc' command first).
Warning: Ignoring module $paramod$27c65a166f4e31326befcbcb3ae6174395253f23\t_route because it contains processes (run 'proc' command first).
Warning: Ignoring module $paramod$e92feeafab8d3fdc70c4c265aca785a8fdc85e66\t_route because it contains processes (run 'proc' command first).
Warning: Ignoring module $paramod$bfa4c6abbd96a303fe1426c646d3c32e5a505d3f\t_route because it contains processes (run 'proc' command first).
Warning: Ignoring module $paramod$c9b6af19ae3f069afe2fc6d458df31191ff9e53d\t_route because it contains processes (run 'proc' command first).
Warning: Ignoring module $paramod$ce93f76fc5d3685b26d83b51463450f7f980b340\t_route because it contains processes (run 'proc' command first).
Warning: Ignoring module $paramod$1e7f712a29f3284ecbe41e857811d029d8477bc1\t_route because it contains processes (run 'proc' command first).
Warning: Ignoring module $paramod$4e769de02e9467d4f79695493e7ca4d9b537ad98\t_route because it contains processes (run 'proc' command first).
Warning: Ignoring module $paramod$da228cfd597d15e62668fec230af0bc74cb2e1c0\t_route because it contains processes (run 'proc' command first).
Warning: Ignoring module $paramod$bf650039d010b390738b75b8501f009cc359fad5\t_route because it contains processes (run 'proc' command first).
Warning: Ignoring module $paramod$ce180e90fdf3fa9302a16833b0f288dd045c3df2\t_route because it contains processes (run 'proc' command first).
Warning: Ignoring module $paramod$7f117bed28883ff2e6c165ea08506a4ab3234346\t_route because it contains processes (run 'proc' command first).
24. Executing RTLIL backend.
Warnings: 195 unique messages, 227 total
End of script. Logfile hash: 1a192fe0d8, CPU: user 0.66s system 0.05s, MEM: 127.18 MB peak
Yosys 0.53 (git sha1 53c22ab7c, g++ 13.3.0-6ubuntu2~24.04 -fPIC -O3)
Time spent: 44% 1x hierarchy (0 sec), 36% 12x read_liberty (0 sec), ...
Elapsed time: 0:02.37[h:]min:sec. CPU time: user 0.74 sys 0.05 (33%). Peak memory: 133108KB.
