OpenROAD v2.0-21872-gd51df1dea5 
Features included (+) or not (-): +GPU +GUI +Python
This program is licensed under the BSD-3 license. See the LICENSE file for details.
Components of this program may be licensed under more restrictive licenses which must be honored.
[INFO ORD-0030] Using 24 thread(s).
source /home/h3sun/720-noc-project/OpenROAD-flow-scripts/flow/platforms/asap7/liberty_suppressions.tcl
suppress_message STA 1212
Perform port buffering...
[INFO RSZ-0027] Inserted 21 input buffers.
[INFO RSZ-0028] Inserted 304 output buffers.
Perform buffer insertion and gate resizing...
repair_design -verbose
[INFO RSZ-0058] Using max wire length 162um.
Iteration |   Area    | Resized | Buffers | Nets repaired | Remaining
---------------------------------------------------------------------
        0 |     +0.0% |       0 |       0 |             0 |     13616
     1000 |     +0.0% |       6 |       0 |             0 |     12616
     2000 |     +0.0% |      11 |       0 |             0 |     11616
     3000 |     +0.0% |      27 |       0 |             0 |     10616
     4000 |     +0.0% |      66 |       0 |             0 |      9616
     5000 |     +0.0% |     168 |       0 |             0 |      8616
     6000 |     -0.0% |     339 |       0 |             0 |      7616
     7000 |     -0.0% |     465 |       0 |             0 |      6616
     8000 |     +0.0% |     654 |       0 |             0 |      5616
     9000 |     +0.2% |    1037 |       0 |             0 |      4616
    10000 |     +0.3% |    1134 |       0 |             0 |      3616
    11000 |     +0.3% |    1862 |       0 |             0 |      2616
    12000 |     +0.3% |    2388 |       0 |             0 |      1616
    13000 |     +0.3% |    2783 |       0 |             0 |       616
    final |     +0.3% |    2783 |       0 |             0 |         0
---------------------------------------------------------------------
[INFO RSZ-0039] Resized 2783 instances.
Repair tie lo fanout...
[INFO RSZ-0042] Inserted 977 tie TIELOx1_ASAP7_75t_R instances.
Repair tie hi fanout...
Floating nets: 
Report metrics stage 3, resizer...

==========================================================================
resizer report_design_area
--------------------------------------------------------------------------
Design area 1964 u^2 45% utilization.
Instance count before 13944, after 15245
Pin count before 44060, after 45686
Elapsed time: 0:08.38[h:]min:sec. CPU time: user 6.77 sys 3.73 (125%). Peak memory: 307548KB.
