OpenROAD v2.0-21872-gd51df1dea5 
Features included (+) or not (-): +GPU +GUI +Python
This program is licensed under the BSD-3 license. See the LICENSE file for details.
Components of this program may be licensed under more restrictive licenses which must be honored.
[INFO ORD-0030] Using 24 thread(s).
source /home/h3sun/720-noc-project/OpenROAD-flow-scripts/flow/platforms/asap7/liberty_suppressions.tcl
suppress_message STA 1212
[INFO DRT-0149] Reading tech and libs.

Units:                1000
Number of layers:     21
Number of macros:     212
Number of vias:       14
Number of viarulegen: 11

[INFO DRT-0150] Reading design.

Design:                   bft
Die area:                 ( 0 0 ) ( 70257 70257 )
Number of track patterns: 32
Number of DEF vias:       0
Number of components:     15351
Number of terminals:      1330
Number of snets:          2
Number of nets:           14651

[INFO DRT-0167] List of default vias:
  Layer V2
    default via: VIA23
  Layer V3
    default via: VIA34
  Layer V4
    default via: VIA45
  Layer V5
    default via: VIA56
  Layer V6
    default via: VIA67
  Layer V7
    default via: VIA78
  Layer V8
    default via: VIA89
  Layer V9
    default via: VIA9Pad
[INFO DRT-0162] Library cell analysis.
[INFO DRT-0163] Instance analysis.
[INFO DRT-0164] Number of unique instances = 236.
[INFO DRT-0168] Init region query.
[INFO DRT-0024]   Complete Active.
[INFO DRT-0024]   Complete V0.
[INFO DRT-0024]   Complete M1.
[INFO DRT-0024]   Complete V1.
[INFO DRT-0024]   Complete M2.
[INFO DRT-0024]   Complete V2.
[INFO DRT-0024]   Complete M3.
[INFO DRT-0024]   Complete V3.
[INFO DRT-0024]   Complete M4.
[INFO DRT-0024]   Complete V4.
[INFO DRT-0024]   Complete M5.
[INFO DRT-0024]   Complete V5.
[INFO DRT-0024]   Complete M6.
[INFO DRT-0024]   Complete V6.
[INFO DRT-0024]   Complete M7.
[INFO DRT-0024]   Complete V7.
[INFO DRT-0024]   Complete M8.
[INFO DRT-0024]   Complete V8.
[INFO DRT-0024]   Complete M9.
[INFO DRT-0024]   Complete V9.
[INFO DRT-0024]   Complete Pad.
[INFO DRT-0033] Active shape region query size = 0.
[INFO DRT-0033] V0 shape region query size = 0.
[INFO DRT-0033] M1 shape region query size = 287463.
[INFO DRT-0033] V1 shape region query size = 474058.
[INFO DRT-0033] M2 shape region query size = 11510.
[INFO DRT-0033] V2 shape region query size = 9555.
[INFO DRT-0033] M3 shape region query size = 9555.
[INFO DRT-0033] V3 shape region query size = 6370.
[INFO DRT-0033] M4 shape region query size = 6879.
[INFO DRT-0033] V4 shape region query size = 6370.
[INFO DRT-0033] M5 shape region query size = 4370.
[INFO DRT-0033] V5 shape region query size = 676.
[INFO DRT-0033] M6 shape region query size = 364.
[INFO DRT-0033] V6 shape region query size = 0.
[INFO DRT-0033] M7 shape region query size = 0.
[INFO DRT-0033] V7 shape region query size = 0.
[INFO DRT-0033] M8 shape region query size = 0.
[INFO DRT-0033] V8 shape region query size = 0.
[INFO DRT-0033] M9 shape region query size = 0.
[INFO DRT-0033] V9 shape region query size = 0.
[INFO DRT-0033] Pad shape region query size = 0.
[INFO DRT-0165] Start pin access.
[INFO DRT-0076]   Complete 1000 pins.
[INFO DRT-0078]   Complete 1400 pins.
[INFO DRT-0079]   Complete 100 unique inst patterns.
[INFO DRT-0079]   Complete 200 unique inst patterns.
[INFO DRT-0081]   Complete 236 unique inst patterns.
[INFO DRT-0084]   Complete 9325 groups.
#scanned instances     = 15351
#unique  instances     = 236
#stdCellGenAp          = 6719
#stdCellValidPlanarAp  = 4
#stdCellValidViaAp     = 5607
#stdCellPinNoAp        = 0
#stdCellPinCnt         = 44874
#instTermValidViaApCnt = 0
#macroGenAp            = 0
#macroValidPlanarAp    = 0
#macroValidViaAp       = 0
#macroNoAp             = 0
[INFO DRT-0166] Complete pin access.
[INFO DRT-0267] cpu time = 00:03:30, elapsed time = 00:00:11, memory = 281.17 (MB), peak = 281.17 (MB)
global_route -congestion_report_file ./reports/asap7/deflection-bft/base/congestion.rpt -congestion_iterations 30 -congestion_report_iter_step 5 -verbose
[INFO GRT-0020] Min routing layer: M2
[INFO GRT-0021] Max routing layer: M7
[INFO GRT-0022] Global adjustment: 0%
[INFO GRT-0023] Grid origin: (0, 0)
[INFO GRT-0043] No OR_DEFAULT vias defined.
[INFO GRT-0088] Layer M1      Track-Pitch = 0.0360  line-2-Via Pitch: 0.0360
[INFO GRT-0088] Layer M2      Track-Pitch = 0.0390  line-2-Via Pitch: 0.0360
[INFO GRT-0088] Layer M3      Track-Pitch = 0.0360  line-2-Via Pitch: 0.0360
[INFO GRT-0088] Layer M4      Track-Pitch = 0.0480  line-2-Via Pitch: 0.0480
[INFO GRT-0088] Layer M5      Track-Pitch = 0.0480  line-2-Via Pitch: 0.0480
[INFO GRT-0088] Layer M6      Track-Pitch = 0.0640  line-2-Via Pitch: 0.0640
[INFO GRT-0088] Layer M7      Track-Pitch = 0.0640  line-2-Via Pitch: 0.0640
[INFO GRT-0003] Macros: 0
[INFO GRT-0043] No OR_DEFAULT vias defined.
[INFO GRT-0004] Blockages: 7833
[INFO GRT-0019] Found 60 clock nets.
[INFO GRT-0001] Minimum degree: 2
[INFO GRT-0002] Maximum degree: 52

[INFO GRT-0053] Routing resources analysis:
          Routing      Original      Derated      Resource
Layer     Direction    Resources     Resources    Reduction (%)
---------------------------------------------------------------
M1         Vertical            0             0          0.00%
M2         Horizontal     219960        115463          47.51%
M3         Vertical       253630        176643          30.35%
M4         Horizontal     186030        131091          29.53%
M5         Vertical       186030        126333          32.09%
M6         Horizontal     135330         88036          34.95%
M7         Vertical       135330        100620          25.65%
---------------------------------------------------------------

[INFO GRT-0197] Via related to pin nodes: 79955
[INFO GRT-0198] Via related Steiner nodes: 1976
[INFO GRT-0199] Via filling finished.
[INFO GRT-0111] Final number of vias: 101297
[INFO GRT-0112] Final usage 3D: 387617

[INFO GRT-0096] Final congestion report:
Layer         Resource        Demand        Usage (%)    Max H / Max V / Total Overflow
---------------------------------------------------------------------------------------
M1                   0             0            0.00%             0 /  0 /  0
M2              115463         33173           28.73%             0 /  0 /  0
M3              176643         39178           22.18%             0 /  0 /  0
M4              131091          8796            6.71%             0 /  0 /  0
M5              126333          2488            1.97%             0 /  0 /  0
M6               88036             2            0.00%             0 /  0 /  0
M7              100620            89            0.09%             0 /  0 /  0
---------------------------------------------------------------------------------------
Total           738186         83726           11.34%             0 /  0 /  0

[INFO GRT-0018] Total wirelength: 64746 um
[INFO GRT-0014] Routed nets: 14624
Perform buffer insertion and gate resizing...
repair_design -verbose
[INFO RSZ-0058] Using max wire length 162um.
Iteration |   Area    | Resized | Buffers | Nets repaired | Remaining
---------------------------------------------------------------------
        0 |     +0.0% |       0 |       0 |             0 |     14698
     1000 |     +0.0% |       0 |       0 |             0 |     13698
     2000 |     +0.0% |       0 |       0 |             0 |     12698
     3000 |     +0.0% |       0 |       0 |             0 |     11698
     4000 |     +0.0% |       0 |       0 |             0 |     10698
     5000 |     +0.0% |       0 |       0 |             0 |      9698
     6000 |     +0.0% |       0 |       0 |             0 |      8698
     7000 |     +0.0% |       0 |       0 |             0 |      7698
     8000 |     +0.0% |       0 |       0 |             0 |      6698
     9000 |     +0.0% |       0 |       0 |             0 |      5698
    10000 |     +0.0% |       0 |       0 |             0 |      4698
    11000 |     +0.0% |       0 |       0 |             0 |      3698
    12000 |     +0.0% |       0 |       0 |             0 |      2698
    13000 |     +0.0% |       0 |       0 |             0 |      1698
    14000 |     +0.0% |       0 |       0 |             0 |       698
    final |     +0.0% |       0 |       0 |             0 |         0
---------------------------------------------------------------------
global_route -start_incremental
detailed_placement
Placement Analysis
---------------------------------
total displacement          0.0 u
average displacement        0.0 u
max displacement            0.0 u
original HPWL           39628.2 u
legalized HPWL          39628.2 u
delta HPWL                    0 %

global_route -end_incremental -congestion_report_file ./reports/asap7/deflection-bft/base/congestion_post_repair_design.rpt
Repair setup and hold violations...
repair_timing -verbose -setup_margin 0 -hold_margin 0 -repair_tns 100
[INFO RSZ-0100] Repair move sequence: UnbufferMove SizeMove SwapPinsMove BufferMove CloneMove SplitLoadMove 
[INFO RSZ-0098] No setup violations found
[INFO RSZ-0033] No hold violations found.
global_route -start_incremental
detailed_placement
Placement Analysis
---------------------------------
total displacement          0.0 u
average displacement        0.0 u
max displacement            0.0 u
original HPWL           39628.2 u
legalized HPWL          39628.2 u
delta HPWL                    0 %

global_route -end_incremental -congestion_report_file ./reports/asap7/deflection-bft/base/congestion_post_repair_timing.rpt
global_route -start_incremental
global_route -end_incremental -congestion_report_file ./reports/asap7/deflection-bft/base/congestion_post_recover_power.rpt
Repair antennas...
[WARNING GRT-0246] No diode with LEF class CORE ANTENNACELL found.
[INFO ANT-0002] Found 0 net violations.
[INFO ANT-0001] Found 0 pin violations.
Estimate parasitics...
Report metrics stage 5, global route...

==========================================================================
global route report_design_area
--------------------------------------------------------------------------
Design area 1994 u^2 46% utilization.
[INFO FLW-0007] clock core_clock period 1000.000000
[INFO FLW-0008] Clock core_clock period 377.711
[INFO FLW-0009] Clock core_clock slack 602.409
[INFO FLW-0011] Path endpoint path count 2962
Elapsed time: 0:23.78[h:]min:sec. CPU time: user 224.68 sys 11.23 (992%). Peak memory: 554988KB.
