Using ABC speed script.
Extracting clock period from SDC file: ./results/asap7/bp_bft/base/clock_period.txt
Setting clock period to 1000
1. Executing Liberty frontend: ./objects/asap7/bp_bft/base/lib/asap7sc7p5t_AO_RVT_FF_nldm_211120.lib
2. Executing Liberty frontend: ./objects/asap7/bp_bft/base/lib/asap7sc7p5t_INVBUF_RVT_FF_nldm_220122.lib
3. Executing Liberty frontend: ./objects/asap7/bp_bft/base/lib/asap7sc7p5t_OA_RVT_FF_nldm_211120.lib
4. Executing Liberty frontend: ./objects/asap7/bp_bft/base/lib/asap7sc7p5t_SIMPLE_RVT_FF_nldm_211120.lib
5. Executing Liberty frontend: ./objects/asap7/bp_bft/base/lib/asap7sc7p5t_SEQ_RVT_FF_nldm_220123.lib
6. Executing Liberty frontend: ./objects/asap7/bp_bft/base/lib/asap7sc7p5t_AO_RVT_FF_nldm_211120.lib
7. Executing Liberty frontend: ./objects/asap7/bp_bft/base/lib/asap7sc7p5t_INVBUF_RVT_FF_nldm_220122.lib
8. Executing Liberty frontend: ./objects/asap7/bp_bft/base/lib/asap7sc7p5t_OA_RVT_FF_nldm_211120.lib
9. Executing Liberty frontend: ./objects/asap7/bp_bft/base/lib/asap7sc7p5t_SIMPLE_RVT_FF_nldm_211120.lib
10. Executing Liberty frontend: ./objects/asap7/bp_bft/base/lib/asap7sc7p5t_SEQ_RVT_FF_nldm_220123.lib
11. Executing Verilog-2005 frontend: /home/h3sun/720-noc-project/OpenROAD-flow-scripts/flow/designs/src/bp_bft/bft.v
12. Executing Verilog-2005 frontend: /home/h3sun/720-noc-project/OpenROAD-flow-scripts/flow/designs/src/bp_bft/bp.v
13. Executing Verilog-2005 frontend: /home/h3sun/720-noc-project/OpenROAD-flow-scripts/flow/designs/src/bp_bft/client_bp_top.v
14. Executing Verilog-2005 frontend: /home/h3sun/720-noc-project/OpenROAD-flow-scripts/flow/designs/src/bp_bft/client_bp.v
Warning: Literal has a width of 2 bit, but value requires 4 bit. (/home/h3sun/720-noc-project/OpenROAD-flow-scripts/flow/designs/src/bp_bft/client_bp.v:104)
Warning: Literal has a width of 2 bit, but value requires 4 bit. (/home/h3sun/720-noc-project/OpenROAD-flow-scripts/flow/designs/src/bp_bft/client_bp.v:105)
Warning: Literal has a width of 2 bit, but value requires 4 bit. (/home/h3sun/720-noc-project/OpenROAD-flow-scripts/flow/designs/src/bp_bft/client_bp.v:107)
Warning: Literal has a width of 2 bit, but value requires 4 bit. (/home/h3sun/720-noc-project/OpenROAD-flow-scripts/flow/designs/src/bp_bft/client_bp.v:108)
Warning: Literal has a width of 2 bit, but value requires 4 bit. (/home/h3sun/720-noc-project/OpenROAD-flow-scripts/flow/designs/src/bp_bft/client_bp.v:111)
Warning: Literal has a width of 2 bit, but value requires 4 bit. (/home/h3sun/720-noc-project/OpenROAD-flow-scripts/flow/designs/src/bp_bft/client_bp.v:114)
Warning: Literal has a width of 2 bit, but value requires 4 bit. (/home/h3sun/720-noc-project/OpenROAD-flow-scripts/flow/designs/src/bp_bft/client_bp.v:115)
Warning: Literal has a width of 2 bit, but value requires 4 bit. (/home/h3sun/720-noc-project/OpenROAD-flow-scripts/flow/designs/src/bp_bft/client_bp.v:116)
Warning: Literal has a width of 2 bit, but value requires 4 bit. (/home/h3sun/720-noc-project/OpenROAD-flow-scripts/flow/designs/src/bp_bft/client_bp.v:118)
Warning: Literal has a width of 3 bit, but value requires 7 bit. (/home/h3sun/720-noc-project/OpenROAD-flow-scripts/flow/designs/src/bp_bft/client_bp.v:118)
15. Executing Verilog-2005 frontend: /home/h3sun/720-noc-project/OpenROAD-flow-scripts/flow/designs/src/bp_bft/mux.v
16. Executing Verilog-2005 frontend: /home/h3sun/720-noc-project/OpenROAD-flow-scripts/flow/designs/src/bp_bft/pi_route.v
17. Executing Verilog-2005 frontend: /home/h3sun/720-noc-project/OpenROAD-flow-scripts/flow/designs/src/bp_bft/pi_switch_top.v
18. Executing Verilog-2005 frontend: /home/h3sun/720-noc-project/OpenROAD-flow-scripts/flow/designs/src/bp_bft/pi_switch.v
19. Executing Verilog-2005 frontend: /home/h3sun/720-noc-project/OpenROAD-flow-scripts/flow/designs/src/bp_bft/t_route.v
20. Executing Verilog-2005 frontend: /home/h3sun/720-noc-project/OpenROAD-flow-scripts/flow/designs/src/bp_bft/t_switch_top.v
21. Executing Verilog-2005 frontend: /home/h3sun/720-noc-project/OpenROAD-flow-scripts/flow/designs/src/bp_bft/t_switch.v
22. Executing Verilog-2005 frontend: /home/h3sun/720-noc-project/OpenROAD-flow-scripts/flow/platforms/asap7/yoSys/cells_clkgate_R.v
23. Executing HIERARCHY pass (managing design hierarchy).
24. Executing AST frontend in derive mode using pre-parsed AST for module `\bp_bft'.
24.1. Analyzing design hierarchy..
24.2. Executing AST frontend in derive mode using pre-parsed AST for module `\bp_t_switch_top'.
24.3. Executing AST frontend in derive mode using pre-parsed AST for module `\bp_client_top'.
24.4. Executing AST frontend in derive mode using pre-parsed AST for module `\bp_client_top'.
24.5. Executing AST frontend in derive mode using pre-parsed AST for module `\bp_t_switch_top'.
24.6. Executing AST frontend in derive mode using pre-parsed AST for module `\bp_client_top'.
24.7. Executing AST frontend in derive mode using pre-parsed AST for module `\bp_client_top'.
24.8. Executing AST frontend in derive mode using pre-parsed AST for module `\bp_t_switch_top'.
24.9. Executing AST frontend in derive mode using pre-parsed AST for module `\bp_client_top'.
24.10. Executing AST frontend in derive mode using pre-parsed AST for module `\bp_client_top'.
24.11. Executing AST frontend in derive mode using pre-parsed AST for module `\bp_t_switch_top'.
24.12. Executing AST frontend in derive mode using pre-parsed AST for module `\bp_client_top'.
24.13. Executing AST frontend in derive mode using pre-parsed AST for module `\bp_client_top'.
24.14. Executing AST frontend in derive mode using pre-parsed AST for module `\bp_t_switch_top'.
24.15. Executing AST frontend in derive mode using pre-parsed AST for module `\bp_client_top'.
24.16. Executing AST frontend in derive mode using pre-parsed AST for module `\bp_client_top'.
24.17. Executing AST frontend in derive mode using pre-parsed AST for module `\bp_t_switch_top'.
24.18. Executing AST frontend in derive mode using pre-parsed AST for module `\bp_client_top'.
24.19. Executing AST frontend in derive mode using pre-parsed AST for module `\bp_client_top'.
24.20. Executing AST frontend in derive mode using pre-parsed AST for module `\bp_t_switch_top'.
24.21. Executing AST frontend in derive mode using pre-parsed AST for module `\bp_client_top'.
24.22. Executing AST frontend in derive mode using pre-parsed AST for module `\bp_client_top'.
24.23. Executing AST frontend in derive mode using pre-parsed AST for module `\bp_t_switch_top'.
24.24. Executing AST frontend in derive mode using pre-parsed AST for module `\bp_client_top'.
24.25. Executing AST frontend in derive mode using pre-parsed AST for module `\bp_client_top'.
24.26. Executing AST frontend in derive mode using pre-parsed AST for module `\bp_t_switch_top'.
24.27. Executing AST frontend in derive mode using pre-parsed AST for module `\bp_client_top'.
24.28. Executing AST frontend in derive mode using pre-parsed AST for module `\bp_client_top'.
24.29. Executing AST frontend in derive mode using pre-parsed AST for module `\bp_t_switch_top'.
24.30. Executing AST frontend in derive mode using pre-parsed AST for module `\bp_client_top'.
24.31. Executing AST frontend in derive mode using pre-parsed AST for module `\bp_client_top'.
24.32. Executing AST frontend in derive mode using pre-parsed AST for module `\bp_t_switch_top'.
24.33. Executing AST frontend in derive mode using pre-parsed AST for module `\bp_client_top'.
24.34. Executing AST frontend in derive mode using pre-parsed AST for module `\bp_client_top'.
24.35. Executing AST frontend in derive mode using pre-parsed AST for module `\bp_t_switch_top'.
24.36. Executing AST frontend in derive mode using pre-parsed AST for module `\bp_client_top'.
24.37. Executing AST frontend in derive mode using pre-parsed AST for module `\bp_client_top'.
24.38. Executing AST frontend in derive mode using pre-parsed AST for module `\bp_t_switch_top'.
24.39. Executing AST frontend in derive mode using pre-parsed AST for module `\bp_client_top'.
24.40. Executing AST frontend in derive mode using pre-parsed AST for module `\bp_client_top'.
24.41. Executing AST frontend in derive mode using pre-parsed AST for module `\bp_t_switch_top'.
24.42. Executing AST frontend in derive mode using pre-parsed AST for module `\bp_client_top'.
24.43. Executing AST frontend in derive mode using pre-parsed AST for module `\bp_client_top'.
24.44. Executing AST frontend in derive mode using pre-parsed AST for module `\bp_t_switch_top'.
24.45. Executing AST frontend in derive mode using pre-parsed AST for module `\bp_client_top'.
24.46. Executing AST frontend in derive mode using pre-parsed AST for module `\bp_client_top'.
24.47. Executing AST frontend in derive mode using pre-parsed AST for module `\bp_t_switch_top'.
24.48. Executing AST frontend in derive mode using pre-parsed AST for module `\bp_client_top'.
24.49. Executing AST frontend in derive mode using pre-parsed AST for module `\bp_client_top'.
24.50. Executing AST frontend in derive mode using pre-parsed AST for module `\bp_t_switch_top'.
24.51. Executing AST frontend in derive mode using pre-parsed AST for module `\bp_t_switch_top'.
24.52. Executing AST frontend in derive mode using pre-parsed AST for module `\bp_t_switch_top'.
24.53. Executing AST frontend in derive mode using pre-parsed AST for module `\bp_t_switch_top'.
24.54. Executing AST frontend in derive mode using pre-parsed AST for module `\bp_t_switch_top'.
24.55. Executing AST frontend in derive mode using pre-parsed AST for module `\bp_t_switch_top'.
24.56. Executing AST frontend in derive mode using pre-parsed AST for module `\bp_t_switch_top'.
24.57. Executing AST frontend in derive mode using pre-parsed AST for module `\bp_t_switch_top'.
24.58. Executing AST frontend in derive mode using pre-parsed AST for module `\bp_t_switch_top'.
24.59. Executing AST frontend in derive mode using pre-parsed AST for module `\bp_t_switch_top'.
24.60. Executing AST frontend in derive mode using pre-parsed AST for module `\bp_t_switch_top'.
24.61. Executing AST frontend in derive mode using pre-parsed AST for module `\bp_t_switch_top'.
24.62. Executing AST frontend in derive mode using pre-parsed AST for module `\bp_t_switch_top'.
24.63. Executing AST frontend in derive mode using pre-parsed AST for module `\bp_t_switch_top'.
24.64. Executing AST frontend in derive mode using pre-parsed AST for module `\bp_t_switch_top'.
24.65. Executing AST frontend in derive mode using pre-parsed AST for module `\bp_t_switch_top'.
24.66. Executing AST frontend in derive mode using pre-parsed AST for module `\bp_t_switch_top'.
Warning: Deep recursion in AST simplifier.
Does this design contain overly long or deeply nested expressions, or excessive recursion?
24.67. Executing AST frontend in derive mode using pre-parsed AST for module `\bp_t_switch_top'.
24.68. Executing AST frontend in derive mode using pre-parsed AST for module `\bp_t_switch_top'.
24.69. Executing AST frontend in derive mode using pre-parsed AST for module `\bp_t_switch_top'.
24.70. Executing AST frontend in derive mode using pre-parsed AST for module `\bp_t_switch_top'.
24.71. Executing AST frontend in derive mode using pre-parsed AST for module `\bp_t_switch_top'.
24.72. Executing AST frontend in derive mode using pre-parsed AST for module `\bp_t_switch_top'.
24.73. Executing AST frontend in derive mode using pre-parsed AST for module `\bp_t_switch_top'.
24.74. Executing AST frontend in derive mode using pre-parsed AST for module `\bp_t_switch_top'.
24.75. Executing AST frontend in derive mode using pre-parsed AST for module `\bp_t_switch_top'.
24.76. Executing AST frontend in derive mode using pre-parsed AST for module `\bp_t_switch_top'.
24.77. Executing AST frontend in derive mode using pre-parsed AST for module `\bp_t_switch_top'.
24.78. Executing AST frontend in derive mode using pre-parsed AST for module `\bp_t_switch_top'.
24.79. Executing AST frontend in derive mode using pre-parsed AST for module `\bp_t_switch_top'.
24.80. Executing AST frontend in derive mode using pre-parsed AST for module `\bp_t_switch_top'.
24.81. Executing AST frontend in derive mode using pre-parsed AST for module `\bp_t_switch_top'.
24.82. Executing AST frontend in derive mode using pre-parsed AST for module `\bp_t_switch_top'.
24.83. Executing AST frontend in derive mode using pre-parsed AST for module `\bp_t_switch_top'.
24.84. Executing AST frontend in derive mode using pre-parsed AST for module `\bp_t_switch_top'.
24.85. Executing AST frontend in derive mode using pre-parsed AST for module `\bp_t_switch_top'.
24.86. Executing AST frontend in derive mode using pre-parsed AST for module `\bp_t_switch_top'.
24.87. Executing AST frontend in derive mode using pre-parsed AST for module `\bp_t_switch_top'.
24.88. Executing AST frontend in derive mode using pre-parsed AST for module `\bp_t_switch_top'.
24.89. Executing AST frontend in derive mode using pre-parsed AST for module `\bp_t_switch_top'.
24.90. Executing AST frontend in derive mode using pre-parsed AST for module `\bp_t_switch_top'.
24.91. Executing AST frontend in derive mode using pre-parsed AST for module `\bp_t_switch_top'.
24.92. Executing AST frontend in derive mode using pre-parsed AST for module `\bp_t_switch_top'.
24.93. Executing AST frontend in derive mode using pre-parsed AST for module `\bp_t_switch_top'.
24.94. Executing AST frontend in derive mode using pre-parsed AST for module `\bp_t_switch_top'.
24.95. Executing AST frontend in derive mode using pre-parsed AST for module `\bp_t_switch_top'.
24.96. Executing AST frontend in derive mode using pre-parsed AST for module `\bp_t_switch_top'.
24.97. Executing AST frontend in derive mode using pre-parsed AST for module `\bp_t_switch_top'.
24.98. Executing AST frontend in derive mode using pre-parsed AST for module `\bp_t_switch_top'.
24.99. Executing AST frontend in derive mode using pre-parsed AST for module `\bp_t_switch_top'.
24.100. Executing AST frontend in derive mode using pre-parsed AST for module `\bp_t_switch_top'.
24.101. Executing AST frontend in derive mode using pre-parsed AST for module `\bp_t_switch_top'.
24.102. Executing AST frontend in derive mode using pre-parsed AST for module `\bp_t_switch_top'.
24.103. Executing AST frontend in derive mode using pre-parsed AST for module `\bp_t_switch_top'.
24.104. Executing AST frontend in derive mode using pre-parsed AST for module `\bp_t_switch_top'.
24.105. Executing AST frontend in derive mode using pre-parsed AST for module `\bp_t_switch_top'.
24.106. Executing AST frontend in derive mode using pre-parsed AST for module `\bp_t_switch_top'.
24.107. Executing AST frontend in derive mode using pre-parsed AST for module `\bp_t_switch_top'.
24.108. Executing AST frontend in derive mode using pre-parsed AST for module `\bp_t_switch_top'.
24.109. Executing AST frontend in derive mode using pre-parsed AST for module `\bp_t_switch_top'.
24.110. Executing AST frontend in derive mode using pre-parsed AST for module `\bp_t_switch_top'.
24.111. Executing AST frontend in derive mode using pre-parsed AST for module `\bp_t_switch_top'.
24.112. Executing AST frontend in derive mode using pre-parsed AST for module `\bp_t_switch_top'.
24.113. Executing AST frontend in derive mode using pre-parsed AST for module `\bp_t_switch_top'.
24.114. Analyzing design hierarchy..
24.115. Analyzing design hierarchy..
24.116. Executing AST frontend in derive mode using pre-parsed AST for module `\shadow_reg_combi'.
24.117. Executing AST frontend in derive mode using pre-parsed AST for module `\t_switch'.
24.118. Executing AST frontend in derive mode using pre-parsed AST for module `\t_switch'.
24.119. Executing AST frontend in derive mode using pre-parsed AST for module `\bp_client'.
/home/h3sun/720-noc-project/OpenROAD-flow-scripts/flow/designs/src/bp_bft/client_bp.v:55: Warning: Identifier `\$random' is implicitly declared.
24.120. Executing AST frontend in derive mode using pre-parsed AST for module `\bp_client'.
24.121. Executing AST frontend in derive mode using pre-parsed AST for module `\t_switch'.
24.122. Executing AST frontend in derive mode using pre-parsed AST for module `\bp_client'.
24.123. Executing AST frontend in derive mode using pre-parsed AST for module `\bp_client'.
24.124. Executing AST frontend in derive mode using pre-parsed AST for module `\t_switch'.
24.125. Executing AST frontend in derive mode using pre-parsed AST for module `\bp_client'.
24.126. Executing AST frontend in derive mode using pre-parsed AST for module `\bp_client'.
24.127. Executing AST frontend in derive mode using pre-parsed AST for module `\t_switch'.
24.128. Executing AST frontend in derive mode using pre-parsed AST for module `\bp_client'.
24.129. Executing AST frontend in derive mode using pre-parsed AST for module `\bp_client'.
24.130. Executing AST frontend in derive mode using pre-parsed AST for module `\t_switch'.
24.131. Executing AST frontend in derive mode using pre-parsed AST for module `\bp_client'.
24.132. Executing AST frontend in derive mode using pre-parsed AST for module `\bp_client'.
24.133. Executing AST frontend in derive mode using pre-parsed AST for module `\t_switch'.
24.134. Executing AST frontend in derive mode using pre-parsed AST for module `\bp_client'.
24.135. Executing AST frontend in derive mode using pre-parsed AST for module `\bp_client'.
24.136. Executing AST frontend in derive mode using pre-parsed AST for module `\t_switch'.
24.137. Executing AST frontend in derive mode using pre-parsed AST for module `\bp_client'.
24.138. Executing AST frontend in derive mode using pre-parsed AST for module `\bp_client'.
24.139. Executing AST frontend in derive mode using pre-parsed AST for module `\t_switch'.
24.140. Executing AST frontend in derive mode using pre-parsed AST for module `\bp_client'.
24.141. Executing AST frontend in derive mode using pre-parsed AST for module `\bp_client'.
24.142. Executing AST frontend in derive mode using pre-parsed AST for module `\t_switch'.
24.143. Executing AST frontend in derive mode using pre-parsed AST for module `\bp_client'.
24.144. Executing AST frontend in derive mode using pre-parsed AST for module `\bp_client'.
24.145. Executing AST frontend in derive mode using pre-parsed AST for module `\t_switch'.
24.146. Executing AST frontend in derive mode using pre-parsed AST for module `\bp_client'.
24.147. Executing AST frontend in derive mode using pre-parsed AST for module `\bp_client'.
24.148. Executing AST frontend in derive mode using pre-parsed AST for module `\t_switch'.
24.149. Executing AST frontend in derive mode using pre-parsed AST for module `\bp_client'.
24.150. Executing AST frontend in derive mode using pre-parsed AST for module `\bp_client'.
24.151. Executing AST frontend in derive mode using pre-parsed AST for module `\t_switch'.
24.152. Executing AST frontend in derive mode using pre-parsed AST for module `\bp_client'.
24.153. Executing AST frontend in derive mode using pre-parsed AST for module `\bp_client'.
24.154. Executing AST frontend in derive mode using pre-parsed AST for module `\t_switch'.
24.155. Executing AST frontend in derive mode using pre-parsed AST for module `\bp_client'.
24.156. Executing AST frontend in derive mode using pre-parsed AST for module `\bp_client'.
24.157. Executing AST frontend in derive mode using pre-parsed AST for module `\t_switch'.
24.158. Executing AST frontend in derive mode using pre-parsed AST for module `\bp_client'.
24.159. Executing AST frontend in derive mode using pre-parsed AST for module `\bp_client'.
24.160. Executing AST frontend in derive mode using pre-parsed AST for module `\t_switch'.
24.161. Executing AST frontend in derive mode using pre-parsed AST for module `\bp_client'.
24.162. Executing AST frontend in derive mode using pre-parsed AST for module `\bp_client'.
24.163. Executing AST frontend in derive mode using pre-parsed AST for module `\t_switch'.
24.164. Executing AST frontend in derive mode using pre-parsed AST for module `\bp_client'.
24.165. Executing AST frontend in derive mode using pre-parsed AST for module `\bp_client'.
24.166. Executing AST frontend in derive mode using pre-parsed AST for module `\t_switch'.
24.167. Executing AST frontend in derive mode using pre-parsed AST for module `\t_switch'.
24.168. Executing AST frontend in derive mode using pre-parsed AST for module `\t_switch'.
24.169. Executing AST frontend in derive mode using pre-parsed AST for module `\t_switch'.
24.170. Executing AST frontend in derive mode using pre-parsed AST for module `\t_switch'.
24.171. Executing AST frontend in derive mode using pre-parsed AST for module `\t_switch'.
24.172. Executing AST frontend in derive mode using pre-parsed AST for module `\t_switch'.
24.173. Executing AST frontend in derive mode using pre-parsed AST for module `\t_switch'.
24.174. Executing AST frontend in derive mode using pre-parsed AST for module `\t_switch'.
24.175. Executing AST frontend in derive mode using pre-parsed AST for module `\t_switch'.
24.176. Executing AST frontend in derive mode using pre-parsed AST for module `\t_switch'.
24.177. Executing AST frontend in derive mode using pre-parsed AST for module `\t_switch'.
24.178. Executing AST frontend in derive mode using pre-parsed AST for module `\t_switch'.
24.179. Executing AST frontend in derive mode using pre-parsed AST for module `\t_switch'.
24.180. Executing AST frontend in derive mode using pre-parsed AST for module `\t_switch'.
24.181. Executing AST frontend in derive mode using pre-parsed AST for module `\t_switch'.
24.182. Executing AST frontend in derive mode using pre-parsed AST for module `\t_switch'.
24.183. Executing AST frontend in derive mode using pre-parsed AST for module `\t_switch'.
24.184. Executing AST frontend in derive mode using pre-parsed AST for module `\t_switch'.
24.185. Executing AST frontend in derive mode using pre-parsed AST for module `\t_switch'.
24.186. Executing AST frontend in derive mode using pre-parsed AST for module `\t_switch'.
24.187. Executing AST frontend in derive mode using pre-parsed AST for module `\t_switch'.
24.188. Executing AST frontend in derive mode using pre-parsed AST for module `\t_switch'.
24.189. Executing AST frontend in derive mode using pre-parsed AST for module `\t_switch'.
24.190. Executing AST frontend in derive mode using pre-parsed AST for module `\t_switch'.
24.191. Executing AST frontend in derive mode using pre-parsed AST for module `\t_switch'.
24.192. Executing AST frontend in derive mode using pre-parsed AST for module `\t_switch'.
24.193. Executing AST frontend in derive mode using pre-parsed AST for module `\t_switch'.
24.194. Executing AST frontend in derive mode using pre-parsed AST for module `\t_switch'.
24.195. Executing AST frontend in derive mode using pre-parsed AST for module `\t_switch'.
24.196. Executing AST frontend in derive mode using pre-parsed AST for module `\t_switch'.
24.197. Executing AST frontend in derive mode using pre-parsed AST for module `\t_switch'.
24.198. Executing AST frontend in derive mode using pre-parsed AST for module `\t_switch'.
24.199. Executing AST frontend in derive mode using pre-parsed AST for module `\t_switch'.
24.200. Executing AST frontend in derive mode using pre-parsed AST for module `\t_switch'.
24.201. Executing AST frontend in derive mode using pre-parsed AST for module `\t_switch'.
24.202. Executing AST frontend in derive mode using pre-parsed AST for module `\t_switch'.
24.203. Executing AST frontend in derive mode using pre-parsed AST for module `\t_switch'.
24.204. Executing AST frontend in derive mode using pre-parsed AST for module `\t_switch'.
24.205. Executing AST frontend in derive mode using pre-parsed AST for module `\t_switch'.
24.206. Executing AST frontend in derive mode using pre-parsed AST for module `\t_switch'.
24.207. Executing AST frontend in derive mode using pre-parsed AST for module `\t_switch'.
24.208. Executing AST frontend in derive mode using pre-parsed AST for module `\t_switch'.
24.209. Executing AST frontend in derive mode using pre-parsed AST for module `\t_switch'.
24.210. Executing AST frontend in derive mode using pre-parsed AST for module `\t_switch'.
24.211. Executing AST frontend in derive mode using pre-parsed AST for module `\t_switch'.
24.212. Executing AST frontend in derive mode using pre-parsed AST for module `\t_switch'.
24.213. Executing AST frontend in derive mode using pre-parsed AST for module `\t_switch'.
24.214. Executing AST frontend in derive mode using pre-parsed AST for module `\t_switch'.
24.215. Executing AST frontend in derive mode using pre-parsed AST for module `\t_switch'.
24.216. Executing AST frontend in derive mode using pre-parsed AST for module `\t_switch'.
24.217. Executing AST frontend in derive mode using pre-parsed AST for module `\t_switch'.
24.218. Executing AST frontend in derive mode using pre-parsed AST for module `\t_switch'.
24.219. Executing AST frontend in derive mode using pre-parsed AST for module `\t_switch'.
24.220. Executing AST frontend in derive mode using pre-parsed AST for module `\t_switch'.
24.221. Executing AST frontend in derive mode using pre-parsed AST for module `\t_switch'.
24.222. Executing AST frontend in derive mode using pre-parsed AST for module `\t_switch'.
24.223. Executing AST frontend in derive mode using pre-parsed AST for module `\t_switch'.
24.224. Executing AST frontend in derive mode using pre-parsed AST for module `\t_switch'.
24.225. Executing AST frontend in derive mode using pre-parsed AST for module `\t_switch'.
24.226. Executing AST frontend in derive mode using pre-parsed AST for module `\t_switch'.
24.227. Executing AST frontend in derive mode using pre-parsed AST for module `\t_switch'.
24.228. Executing AST frontend in derive mode using pre-parsed AST for module `\t_switch'.
24.229. Analyzing design hierarchy..
24.230. Executing AST frontend in derive mode using pre-parsed AST for module `\Mux2'.
24.231. Executing AST frontend in derive mode using pre-parsed AST for module `\t_route'.
24.232. Executing AST frontend in derive mode using pre-parsed AST for module `\t_route'.
24.233. Executing AST frontend in derive mode using pre-parsed AST for module `\t_route'.
24.234. Executing AST frontend in derive mode using pre-parsed AST for module `\t_route'.
24.235. Executing AST frontend in derive mode using pre-parsed AST for module `\t_route'.
24.236. Executing AST frontend in derive mode using pre-parsed AST for module `\t_route'.
24.237. Executing AST frontend in derive mode using pre-parsed AST for module `\t_route'.
24.238. Executing AST frontend in derive mode using pre-parsed AST for module `\t_route'.
24.239. Executing AST frontend in derive mode using pre-parsed AST for module `\t_route'.
24.240. Executing AST frontend in derive mode using pre-parsed AST for module `\t_route'.
24.241. Executing AST frontend in derive mode using pre-parsed AST for module `\t_route'.
24.242. Executing AST frontend in derive mode using pre-parsed AST for module `\t_route'.
24.243. Executing AST frontend in derive mode using pre-parsed AST for module `\t_route'.
24.244. Executing AST frontend in derive mode using pre-parsed AST for module `\t_route'.
24.245. Executing AST frontend in derive mode using pre-parsed AST for module `\t_route'.
24.246. Executing AST frontend in derive mode using pre-parsed AST for module `\t_route'.
24.247. Executing AST frontend in derive mode using pre-parsed AST for module `\t_route'.
24.248. Executing AST frontend in derive mode using pre-parsed AST for module `\t_route'.
24.249. Executing AST frontend in derive mode using pre-parsed AST for module `\t_route'.
24.250. Executing AST frontend in derive mode using pre-parsed AST for module `\t_route'.
24.251. Executing AST frontend in derive mode using pre-parsed AST for module `\t_route'.
24.252. Executing AST frontend in derive mode using pre-parsed AST for module `\t_route'.
24.253. Executing AST frontend in derive mode using pre-parsed AST for module `\t_route'.
24.254. Executing AST frontend in derive mode using pre-parsed AST for module `\t_route'.
24.255. Executing AST frontend in derive mode using pre-parsed AST for module `\t_route'.
24.256. Executing AST frontend in derive mode using pre-parsed AST for module `\t_route'.
24.257. Executing AST frontend in derive mode using pre-parsed AST for module `\t_route'.
24.258. Executing AST frontend in derive mode using pre-parsed AST for module `\t_route'.
24.259. Executing AST frontend in derive mode using pre-parsed AST for module `\t_route'.
24.260. Executing AST frontend in derive mode using pre-parsed AST for module `\t_route'.
24.261. Executing AST frontend in derive mode using pre-parsed AST for module `\t_route'.
24.262. Executing AST frontend in derive mode using pre-parsed AST for module `\t_route'.
24.263. Executing AST frontend in derive mode using pre-parsed AST for module `\t_route'.
24.264. Executing AST frontend in derive mode using pre-parsed AST for module `\t_route'.
24.265. Executing AST frontend in derive mode using pre-parsed AST for module `\t_route'.
24.266. Executing AST frontend in derive mode using pre-parsed AST for module `\t_route'.
24.267. Executing AST frontend in derive mode using pre-parsed AST for module `\t_route'.
24.268. Executing AST frontend in derive mode using pre-parsed AST for module `\t_route'.
24.269. Executing AST frontend in derive mode using pre-parsed AST for module `\t_route'.
24.270. Executing AST frontend in derive mode using pre-parsed AST for module `\t_route'.
24.271. Executing AST frontend in derive mode using pre-parsed AST for module `\t_route'.
24.272. Executing AST frontend in derive mode using pre-parsed AST for module `\t_route'.
24.273. Executing AST frontend in derive mode using pre-parsed AST for module `\t_route'.
24.274. Executing AST frontend in derive mode using pre-parsed AST for module `\t_route'.
24.275. Executing AST frontend in derive mode using pre-parsed AST for module `\t_route'.
24.276. Executing AST frontend in derive mode using pre-parsed AST for module `\t_route'.
24.277. Executing AST frontend in derive mode using pre-parsed AST for module `\t_route'.
24.278. Executing AST frontend in derive mode using pre-parsed AST for module `\t_route'.
24.279. Executing AST frontend in derive mode using pre-parsed AST for module `\t_route'.
24.280. Executing AST frontend in derive mode using pre-parsed AST for module `\t_route'.
24.281. Executing AST frontend in derive mode using pre-parsed AST for module `\t_route'.
24.282. Executing AST frontend in derive mode using pre-parsed AST for module `\t_route'.
24.283. Executing AST frontend in derive mode using pre-parsed AST for module `\t_route'.
24.284. Executing AST frontend in derive mode using pre-parsed AST for module `\t_route'.
24.285. Executing AST frontend in derive mode using pre-parsed AST for module `\t_route'.
24.286. Executing AST frontend in derive mode using pre-parsed AST for module `\t_route'.
24.287. Executing AST frontend in derive mode using pre-parsed AST for module `\t_route'.
24.288. Executing AST frontend in derive mode using pre-parsed AST for module `\t_route'.
24.289. Executing AST frontend in derive mode using pre-parsed AST for module `\t_route'.
24.290. Executing AST frontend in derive mode using pre-parsed AST for module `\t_route'.
24.291. Executing AST frontend in derive mode using pre-parsed AST for module `\t_route'.
24.292. Executing AST frontend in derive mode using pre-parsed AST for module `\t_route'.
24.293. Executing AST frontend in derive mode using pre-parsed AST for module `\t_route'.
24.294. Executing AST frontend in derive mode using pre-parsed AST for module `\t_route'.
24.295. Executing AST frontend in derive mode using pre-parsed AST for module `\t_route'.
24.296. Executing AST frontend in derive mode using pre-parsed AST for module `\t_route'.
24.297. Executing AST frontend in derive mode using pre-parsed AST for module `\t_route'.
24.298. Executing AST frontend in derive mode using pre-parsed AST for module `\t_route'.
24.299. Executing AST frontend in derive mode using pre-parsed AST for module `\t_route'.
24.300. Executing AST frontend in derive mode using pre-parsed AST for module `\t_route'.
24.301. Executing AST frontend in derive mode using pre-parsed AST for module `\t_route'.
24.302. Executing AST frontend in derive mode using pre-parsed AST for module `\t_route'.
24.303. Executing AST frontend in derive mode using pre-parsed AST for module `\t_route'.
24.304. Executing AST frontend in derive mode using pre-parsed AST for module `\t_route'.
24.305. Executing AST frontend in derive mode using pre-parsed AST for module `\t_route'.
24.306. Executing AST frontend in derive mode using pre-parsed AST for module `\t_route'.
24.307. Executing AST frontend in derive mode using pre-parsed AST for module `\t_route'.
24.308. Executing AST frontend in derive mode using pre-parsed AST for module `\t_route'.
24.309. Executing AST frontend in derive mode using pre-parsed AST for module `\t_route'.
24.310. Executing AST frontend in derive mode using pre-parsed AST for module `\t_route'.
24.311. Analyzing design hierarchy..
24.312. Analyzing design hierarchy..
25. Executing OPT_CLEAN pass (remove unused cells and wires).
Warning: Ignoring module $paramod$7a555e22d9ce75c546097e25fb8570bfa5545dd0\t_route because it contains processes (run 'proc' command first).
Warning: Ignoring module $paramod$56f6ed74961b8df2b7353fbcb4e8212353bb323c\t_route because it contains processes (run 'proc' command first).
Warning: Ignoring module $paramod$756d87713deff32aa60689b145fcd7b53da42501\t_route because it contains processes (run 'proc' command first).
Warning: Ignoring module $paramod$bb2e901d604c2026b53cac096445ee701b2bb450\t_route because it contains processes (run 'proc' command first).
Warning: Ignoring module $paramod$47a91bd4d0371f05aacaf60d0cef6ae26f98266d\t_route because it contains processes (run 'proc' command first).
Warning: Ignoring module $paramod$95cd614ddf9643af272fb5d6fe7bb7dcd1e53acf\t_route because it contains processes (run 'proc' command first).
Warning: Ignoring module $paramod$390f18bce43ec50b220eee61bd16e81faf6750a0\t_route because it contains processes (run 'proc' command first).
Warning: Ignoring module $paramod$84328007697a47f72cb7a0ae8a65437d590f3a14\t_route because it contains processes (run 'proc' command first).
Warning: Ignoring module $paramod$ec1d50d9a287898e509e3b940bd25398ffbbbce9\t_route because it contains processes (run 'proc' command first).
Warning: Ignoring module $paramod$7f63c192b8dd5fa720672c23310d5891b5a6548e\t_route because it contains processes (run 'proc' command first).
Warning: Ignoring module $paramod$16dd0cdb6ab3350395cbe15de499a655a1026726\t_route because it contains processes (run 'proc' command first).
Warning: Ignoring module $paramod$40bb22b05b8e7e8df09768e3d0fb9662ffb6b669\t_route because it contains processes (run 'proc' command first).
Warning: Ignoring module $paramod$4d26423625207029d310dd0ddb4985a608ae5b4b\t_route because it contains processes (run 'proc' command first).
Warning: Ignoring module $paramod$c09d5cddccb206051408ecd7fcb445270cf35163\t_route because it contains processes (run 'proc' command first).
Warning: Ignoring module $paramod$77614bf3b0b36dabcca732550df7940b92b23ee9\t_route because it contains processes (run 'proc' command first).
Warning: Ignoring module $paramod$9cca1cf19d08764e19026856d4d9b2dcaf1eb0d9\t_route because it contains processes (run 'proc' command first).
Warning: Ignoring module $paramod$e4b16f24c1443c263023944e2aeb2e75661209a7\t_route because it contains processes (run 'proc' command first).
Warning: Ignoring module $paramod$73f3343b372d0c6a97b263c7608a139be936e3c4\t_route because it contains processes (run 'proc' command first).
Warning: Ignoring module $paramod$247f0f65a688264eed1725125d2f2398be21db1d\t_route because it contains processes (run 'proc' command first).
Warning: Ignoring module $paramod$b600b0d4d0a0ae54c5f21cc57848af790eaf184e\t_route because it contains processes (run 'proc' command first).
Warning: Ignoring module $paramod$ed829500f1285717256018d1f6a7ddb340353972\t_route because it contains processes (run 'proc' command first).
Warning: Ignoring module $paramod$cd80148986e187cbf75ab649383713bf301dc9d9\t_route because it contains processes (run 'proc' command first).
Warning: Ignoring module $paramod$8e01aefa879f47c72fc68d0ecf06b6c588a4e57c\t_route because it contains processes (run 'proc' command first).
Warning: Ignoring module $paramod$c99c92f6368b5ba0bc20d65029123c05e552fbd9\t_route because it contains processes (run 'proc' command first).
Warning: Ignoring module $paramod$17fb75492148a7830ff792248ef3b47ecc2d8f29\t_route because it contains processes (run 'proc' command first).
Warning: Ignoring module $paramod$813b3ae9384938a69e3439d7951750da58d930d7\t_route because it contains processes (run 'proc' command first).
Warning: Ignoring module $paramod$4a5a8666482ac2c18caf098447f67f7202fab987\t_route because it contains processes (run 'proc' command first).
Warning: Ignoring module $paramod$f880cf5aed922bf77da68522514824365b9cdc86\t_route because it contains processes (run 'proc' command first).
Warning: Ignoring module $paramod$2d77c819ab6c83968e78275af3c8c3a297bd334c\t_route because it contains processes (run 'proc' command first).
Warning: Ignoring module $paramod$a9a0f531b1b4ba0a2938b683c5f27f6f02786e5a\t_route because it contains processes (run 'proc' command first).
Warning: Ignoring module $paramod$7afd17e3efd300535fe7d17f29cc08c816b073dc\t_route because it contains processes (run 'proc' command first).
Warning: Ignoring module $paramod$21c1592d7c53579626ed8501847133f329d70636\t_route because it contains processes (run 'proc' command first).
Warning: Ignoring module $paramod$be50bc359d7e9e9329d9cc4eed94f47f5d64f083\t_route because it contains processes (run 'proc' command first).
Warning: Ignoring module $paramod$1cdcbf0cf924ca1f85f00728612470e2e57c76e6\t_route because it contains processes (run 'proc' command first).
Warning: Ignoring module $paramod$dfdf203dbd743c2b6c0ee33d32d6ef732c69d16c\t_route because it contains processes (run 'proc' command first).
Warning: Ignoring module $paramod$0ab15b184fd43e47756c29103163a0a878b48345\t_route because it contains processes (run 'proc' command first).
Warning: Ignoring module $paramod$2dad37e7de98021d5510afbbfaad7ae9d132b038\t_route because it contains processes (run 'proc' command first).
Warning: Ignoring module $paramod$f45711c36da706b42d9097d47c788033041c8b7f\t_route because it contains processes (run 'proc' command first).
Warning: Ignoring module $paramod$500455e36be9781266cb80619ef080b68860a0c6\t_route because it contains processes (run 'proc' command first).
Warning: Ignoring module $paramod$20cbcb73301ccebc6e44819d8c9b02ec055f7eb8\t_route because it contains processes (run 'proc' command first).
Warning: Ignoring module $paramod$2764298c0a58fb01f65c958a65b8885d254729f9\t_route because it contains processes (run 'proc' command first).
Warning: Ignoring module $paramod$88843ebdfcb3cad7df49d8f4d0f56358eb7da4d5\t_route because it contains processes (run 'proc' command first).
Warning: Ignoring module $paramod$0f2b0ee011ce90724eb9e92c047b126e46cfbe76\t_route because it contains processes (run 'proc' command first).
Warning: Ignoring module $paramod$25b41a2669c4cb1913fe78286080623e8d00921d\t_route because it contains processes (run 'proc' command first).
Warning: Ignoring module $paramod$d0257cbc3980bf090c2e48ea6ad4eef3d5a1c403\t_route because it contains processes (run 'proc' command first).
Warning: Ignoring module $paramod$bb35d50b3a4987240d967a51cb4e4f67beacac7a\t_route because it contains processes (run 'proc' command first).
Warning: Ignoring module $paramod$9c10c663df6a3f427689ae090af9d69affebab79\t_route because it contains processes (run 'proc' command first).
Warning: Ignoring module $paramod$29b87bca3a167175490e02bf9f3e91c88ac258cf\t_route because it contains processes (run 'proc' command first).
Warning: Ignoring module $paramod$97b9fa3bb7b87ffec45df3c30e1f42b5879c33ca\t_route because it contains processes (run 'proc' command first).
Warning: Ignoring module $paramod$698f918a4b0682ec711d58ec8b38170edf359afd\t_route because it contains processes (run 'proc' command first).
Warning: Ignoring module $paramod$d8fa22a109ad1eafe650a32ba42f2aa00ca24d3c\t_route because it contains processes (run 'proc' command first).
Warning: Ignoring module $paramod$fb5854aefe4ba83c9c7f8c275a3a50d8109a4977\t_route because it contains processes (run 'proc' command first).
Warning: Ignoring module $paramod$42bd661038e77d983139b72968d0d10b776bb857\t_route because it contains processes (run 'proc' command first).
Warning: Ignoring module $paramod$89eef3ba69e15811678fe5a8688c70faf27b8c01\t_route because it contains processes (run 'proc' command first).
Warning: Ignoring module $paramod$a0d37f86dad8da189bd981c147435a36c1d18afb\t_route because it contains processes (run 'proc' command first).
Warning: Ignoring module $paramod$29ebd1368b7d29ff5a8554f2709c43e2639b90ad\t_route because it contains processes (run 'proc' command first).
Warning: Ignoring module $paramod$974a760aca9a3e6b543939e7d3d0e99ec21528cf\t_route because it contains processes (run 'proc' command first).
Warning: Ignoring module $paramod$e78c0db65cef914145ddfd0db12d669e5ce3cfa5\t_route because it contains processes (run 'proc' command first).
Warning: Ignoring module $paramod$c8189496dc1304b70848ba4c1983c321f5f890fb\t_route because it contains processes (run 'proc' command first).
Warning: Ignoring module $paramod$0b862442467da1f0ab42a9ca904c9a56e28a79bb\t_route because it contains processes (run 'proc' command first).
Warning: Ignoring module $paramod$75b37fea02de95fefaa141f81efe71dde609a3b2\t_route because it contains processes (run 'proc' command first).
Warning: Ignoring module $paramod$4e3e2c41cd081b2414addf48d51a331d481f7f64\t_route because it contains processes (run 'proc' command first).
Warning: Ignoring module $paramod$8d8b86f36cd636d8aa6c013440066e164525ffd0\t_route because it contains processes (run 'proc' command first).
Warning: Ignoring module $paramod$50e876d1e2d4a4a08dd4b3f38cb8d0a7df5e5c1e\t_route because it contains processes (run 'proc' command first).
Warning: Ignoring module $paramod$a2c3187006c520e19da2a25f4d90309fca3f212e\t_route because it contains processes (run 'proc' command first).
Warning: Ignoring module $paramod$6d7a7669f3d0a9a6ffc8ac091f3b35239cfa90da\t_route because it contains processes (run 'proc' command first).
Warning: Ignoring module $paramod$88cf497823869831fd01b359397bb90697d25478\t_switch because it contains processes (run 'proc' command first).
Warning: Ignoring module $paramod$86f8c31dc272ec2c90ba20c0afa3896549857d5e\t_switch because it contains processes (run 'proc' command first).
Warning: Ignoring module $paramod$dae86614b42e95825d7e053877ce7645c57fd1b8\t_switch because it contains processes (run 'proc' command first).
Warning: Ignoring module $paramod$a52c6e66d14ed51183f8504729d08da69565eefb\t_switch because it contains processes (run 'proc' command first).
Warning: Ignoring module $paramod$6fa7049ccd4922e2febe187cb97403385ba48bd0\t_switch because it contains processes (run 'proc' command first).
Warning: Ignoring module $paramod$b65a818b1eb948be0f2a8da22ad19c8b860da196\t_switch because it contains processes (run 'proc' command first).
Warning: Ignoring module $paramod$5f03b582b2dfff4ea8ad9883557bb82a90e2d4c4\t_switch because it contains processes (run 'proc' command first).
Warning: Ignoring module $paramod$8cb65f19afd401f4e746c62aacc93c88a1a8e77c\t_switch because it contains processes (run 'proc' command first).
Warning: Ignoring module $paramod$67473ec5403c12977752e7c03ba148e8dc93e0a0\t_switch because it contains processes (run 'proc' command first).
Warning: Ignoring module $paramod$e1dae60066c819abb0f0b722ad0afb86c25d9890\t_switch because it contains processes (run 'proc' command first).
Warning: Ignoring module $paramod$877d0bcf81fc712cd5ffffaa3eb519fc7b6455c6\t_switch because it contains processes (run 'proc' command first).
Warning: Ignoring module $paramod$9f91f51d9419283e5847e77daa9d2e29dc6aba2e\t_switch because it contains processes (run 'proc' command first).
Warning: Ignoring module $paramod$740ec5458907e8120fa8ef04b482f82be56a61d8\t_switch because it contains processes (run 'proc' command first).
Warning: Ignoring module $paramod$0c32d4f642fd0e387c5dc2999838551496b815b6\t_switch because it contains processes (run 'proc' command first).
Warning: Ignoring module $paramod$8b2d8ba8136e9fff62a098b3f2c214af17e83447\t_switch because it contains processes (run 'proc' command first).
Warning: Ignoring module $paramod$bd8544f86e2236a5b688262e87188551f56aa2b5\t_switch because it contains processes (run 'proc' command first).
Warning: Ignoring module $paramod$46f8df0f74705efb7299b86bfbb65dbbbe1aa608\t_switch because it contains processes (run 'proc' command first).
Warning: Ignoring module $paramod$5cc5318675ae63cf0a9a40a6a0b125b4af000934\t_switch because it contains processes (run 'proc' command first).
Warning: Ignoring module $paramod$4ec6f0fe47a609e53df664c5cf0ae9cd8bcdc69a\t_switch because it contains processes (run 'proc' command first).
Warning: Ignoring module $paramod$86c83018c7c8ae3fdb6d92b20af9e48d87745872\t_switch because it contains processes (run 'proc' command first).
Warning: Ignoring module $paramod$a8c934172f911b2f838879a101ab4e5fcd21dd7a\t_switch because it contains processes (run 'proc' command first).
Warning: Ignoring module $paramod$7204ba158cf19da556d75959566887d5c14380c6\t_switch because it contains processes (run 'proc' command first).
Warning: Ignoring module $paramod$a7d515e1229cf0b017f9e8d41c65d1fec08691ef\t_switch because it contains processes (run 'proc' command first).
Warning: Ignoring module $paramod$9c3aad18377a0ac34f4411803455ebe9496140a5\t_switch because it contains processes (run 'proc' command first).
Warning: Ignoring module $paramod$a6f4cc74bbd2919ec97e8163419ab62659afe7a5\t_switch because it contains processes (run 'proc' command first).
Warning: Ignoring module $paramod$dc22794f027c784436d5978f9d0035abaa304675\t_switch because it contains processes (run 'proc' command first).
Warning: Ignoring module $paramod$3c63223426198af3aafb750e2a12de4420056ad0\t_switch because it contains processes (run 'proc' command first).
Warning: Ignoring module $paramod$aa250c339cd944ce2afbd1d0505127edc3e17523\t_switch because it contains processes (run 'proc' command first).
Warning: Ignoring module $paramod$a28a7d463c5c1ac82c4a47777afa1eac92660c24\t_switch because it contains processes (run 'proc' command first).
Warning: Ignoring module $paramod$6b909596d3f8a623cb82d7f6118a636032490480\t_switch because it contains processes (run 'proc' command first).
Warning: Ignoring module $paramod$8f463285f340eb1b2975806ddca9caae3cdc35fb\t_switch because it contains processes (run 'proc' command first).
Warning: Ignoring module $paramod$771dd3e5cd587d61b16997bc9767aaee54067731\t_switch because it contains processes (run 'proc' command first).
Warning: Ignoring module $paramod$134584bb97d53e667e44b022f29456433eaa37b8\t_switch because it contains processes (run 'proc' command first).
Warning: Ignoring module $paramod$25e0700f886642abf584f01284c217eb99019fd7\t_switch because it contains processes (run 'proc' command first).
Warning: Ignoring module $paramod$154c6eced357f2577aceac51d8bd6a7e4f65db1c\t_switch because it contains processes (run 'proc' command first).
Warning: Ignoring module $paramod$e6944d3e96de175316faead1af0bc14196e0f51c\t_switch because it contains processes (run 'proc' command first).
Warning: Ignoring module $paramod$15c16892c71ee36766e302f858efa11077ddd160\t_switch because it contains processes (run 'proc' command first).
Warning: Ignoring module $paramod$25db584250892dac45733fa59e3c60d80dad99e9\t_switch because it contains processes (run 'proc' command first).
Warning: Ignoring module $paramod$c958e5a0f442ebfc8c48b83806f7f292bc6c17c6\t_switch because it contains processes (run 'proc' command first).
Warning: Ignoring module $paramod$436b2e6c84b1d762b6afbc3d87b3d2039da8bc50\t_switch because it contains processes (run 'proc' command first).
Warning: Ignoring module $paramod$31b24c9f0a2dfb4ba6b0ee2a9cee15184e995aa7\t_switch because it contains processes (run 'proc' command first).
Warning: Ignoring module $paramod$fdf356224975ad36c453ff077742e80f09a7f340\t_switch because it contains processes (run 'proc' command first).
Warning: Ignoring module $paramod$40771b945ed743de3e89b406e904cf8a00f2c905\t_switch because it contains processes (run 'proc' command first).
Warning: Ignoring module $paramod$1b7501ffe89825bc11da73699cb3c171037f3abc\t_switch because it contains processes (run 'proc' command first).
Warning: Ignoring module $paramod$7c33940180ea2a21272df2915fc4d9cd62f9e0c7\t_switch because it contains processes (run 'proc' command first).
Warning: Ignoring module $paramod$283534fc069407d7a47444194610bf459f8c15e8\t_switch because it contains processes (run 'proc' command first).
Warning: Ignoring module $paramod$b2a5ffc9754387c06e5a26275fe078c333606638\t_switch because it contains processes (run 'proc' command first).
Warning: Ignoring module $paramod$6e8a8757056ba11f003c45b85a520197cc2d50e4\t_switch because it contains processes (run 'proc' command first).
Warning: Ignoring module $paramod$34bc8e6dad224d765c16440df80b61c6386f5c50\t_switch because it contains processes (run 'proc' command first).
Warning: Ignoring module $paramod$8ad71154cca726212d59ac886ba1c771440549b5\t_switch because it contains processes (run 'proc' command first).
Warning: Ignoring module $paramod$3b759344f6ef44f8464c74f8f6a3f49c6c7059a8\t_switch because it contains processes (run 'proc' command first).
Warning: Ignoring module $paramod$77f866abc631643c44ae75a5936dec268484a66f\t_switch because it contains processes (run 'proc' command first).
Warning: Ignoring module $paramod$eee49c535942c3f9beeb0b88e1eb951ec6ca12ee\t_switch because it contains processes (run 'proc' command first).
Warning: Ignoring module $paramod$58ae81f2177eaba96910c5335eef92cac10af71e\t_switch because it contains processes (run 'proc' command first).
Warning: Ignoring module $paramod$8f2c9bbb27c1df648cd89a4c1d90bbaa40bfbe88\t_switch because it contains processes (run 'proc' command first).
Warning: Ignoring module $paramod$e8873a91d73d7b597e47fb9f01083ed44e27ac6b\t_switch because it contains processes (run 'proc' command first).
Warning: Ignoring module $paramod$b551dce6f009a14cea82f81a2ac6047260d523db\t_switch because it contains processes (run 'proc' command first).
Warning: Ignoring module $paramod$cc1af9b5b00d8f9c0d8d9e93b1ef0a82e863b218\t_switch because it contains processes (run 'proc' command first).
Warning: Ignoring module $paramod$a476439b730a656aa15a80e75c872e32fc60f41e\t_switch because it contains processes (run 'proc' command first).
Warning: Ignoring module $paramod$0b9df2cc00f38e49004ae06b4ccccb7f79feb82f\t_switch because it contains processes (run 'proc' command first).
Warning: Ignoring module $paramod$33cda9ff44c66fcd26b14a0bc8a0a20ade757612\t_switch because it contains processes (run 'proc' command first).
Warning: Ignoring module $paramod$bed97e5934b3c2cf570a382a81ac88ff219bd720\t_switch because it contains processes (run 'proc' command first).
Warning: Ignoring module $paramod$fa2c028c71e80934c236e93df193c3c1173afa44\t_switch because it contains processes (run 'proc' command first).
Warning: Ignoring module $paramod$11feaf4c3e430ff5148923e093a8c4f40541e20d\bp_client because it contains processes (run 'proc' command first).
Warning: Ignoring module $paramod$f9ddf3e38979025c14361bdf72eb361e837d0a74\bp_client because it contains processes (run 'proc' command first).
Warning: Ignoring module $paramod$1854515c08fa4ca5683d2de7591155e4c5f0fdc3\t_switch because it contains processes (run 'proc' command first).
Warning: Ignoring module $paramod$4ff47627b08adee27963f318d58be300afe8751b\bp_client because it contains processes (run 'proc' command first).
Warning: Ignoring module $paramod$c5eabb4448cdffcdda70a0b8cc9d2c594609dd11\bp_client because it contains processes (run 'proc' command first).
Warning: Ignoring module $paramod$fd0177895a36add2c9941c35661a5f81c89fc24b\t_switch because it contains processes (run 'proc' command first).
Warning: Ignoring module $paramod$73fbe97006be9ac844efd215a2e6b3af3a8b9d33\bp_client because it contains processes (run 'proc' command first).
Warning: Ignoring module $paramod$523791c7f8b39cbf16437e88363bd47d4a61c299\bp_client because it contains processes (run 'proc' command first).
Warning: Ignoring module $paramod$1112b3b087c8931a128ea96b3b1a19c15775d151\t_switch because it contains processes (run 'proc' command first).
Warning: Ignoring module $paramod$3e9117cf56de22b060297c9a425d7b106ca8027d\bp_client because it contains processes (run 'proc' command first).
Warning: Ignoring module $paramod$c50677f6fc92b9407f0b71244ae62b4a2219e195\bp_client because it contains processes (run 'proc' command first).
Warning: Ignoring module $paramod$c36bba3a0c4929540ffa9b1f43d3c569f18a9403\t_switch because it contains processes (run 'proc' command first).
Warning: Ignoring module $paramod$8a169bb80e9018bb19141923165dfd6d6eb2fae5\bp_client because it contains processes (run 'proc' command first).
Warning: Ignoring module $paramod$94143ee2542ac98b70d664555c8a3d6f14d56d36\bp_client because it contains processes (run 'proc' command first).
Warning: Ignoring module $paramod$4080b9b7631e75b65af581fd492e091212552534\t_switch because it contains processes (run 'proc' command first).
Warning: Ignoring module $paramod$88400fdff4e76a12657029c429cda9aa0fff30fc\bp_client because it contains processes (run 'proc' command first).
Warning: Ignoring module $paramod$8eae51e3f14dc14012495a3c5951da69ffbf5d09\bp_client because it contains processes (run 'proc' command first).
Warning: Ignoring module $paramod$1ea5120279794a3d0fb8d0e00593844fa586f8ad\t_switch because it contains processes (run 'proc' command first).
Warning: Ignoring module $paramod$106c3d8d58f577567a46a34833a6828a6eb48ccc\bp_client because it contains processes (run 'proc' command first).
Warning: Ignoring module $paramod$9fe0930ce8ecf38f093dfe6f76aca8199dfe0928\bp_client because it contains processes (run 'proc' command first).
Warning: Ignoring module $paramod$7972effe684f1e91fa9a87f6601d609ac7e5b13d\t_switch because it contains processes (run 'proc' command first).
Warning: Ignoring module $paramod$c9897c144dd98754e1d04c4e77e0ead8e681ecc9\bp_client because it contains processes (run 'proc' command first).
Warning: Ignoring module $paramod$2a7e39d21ccf2ae0e65538e4a6e63f7e6a4b58c4\bp_client because it contains processes (run 'proc' command first).
Warning: Ignoring module $paramod$b7ffa0a64985f46afbfbb6353b03e0d83de0c88c\t_switch because it contains processes (run 'proc' command first).
Warning: Ignoring module $paramod$9153e5159c1f74301a7d4210657cfae1fc7c9232\bp_client because it contains processes (run 'proc' command first).
Warning: Ignoring module $paramod$248db531bb64a8491a5ce82531dfbb347233b3bf\bp_client because it contains processes (run 'proc' command first).
Warning: Ignoring module $paramod$8e8f72a49e77928ebede8e8676ce8812dc18fa3a\t_switch because it contains processes (run 'proc' command first).
Warning: Ignoring module $paramod$85c3b5b223fcce0a371c2e885f69a0ed8cea349b\bp_client because it contains processes (run 'proc' command first).
Warning: Ignoring module $paramod$89cf7702bfec34e8243c0525de7c0040f991fa05\bp_client because it contains processes (run 'proc' command first).
Warning: Ignoring module $paramod$6494c1083e6cec594497d67b4bed0e06496adb98\t_switch because it contains processes (run 'proc' command first).
Warning: Ignoring module $paramod$ad3af3e4797afe1f08db074d5b88febdc81ddc73\bp_client because it contains processes (run 'proc' command first).
Warning: Ignoring module $paramod$763f5b6c81b9ed09e7de0d144d9fe32cf5193126\bp_client because it contains processes (run 'proc' command first).
Warning: Ignoring module $paramod$2d904273a84bfa50adac412fc052b42666d659fb\t_switch because it contains processes (run 'proc' command first).
Warning: Ignoring module $paramod$3114fb62cf1bb7d873cf13d603753f72998a880d\bp_client because it contains processes (run 'proc' command first).
Warning: Ignoring module $paramod$f668b064e1124e3aab3023173afd4b9e3bf41778\bp_client because it contains processes (run 'proc' command first).
Warning: Ignoring module $paramod$43e07290a067f6a52b29a04f52e9370748276840\t_switch because it contains processes (run 'proc' command first).
Warning: Ignoring module $paramod$0ca9644d0d63b64292f947f3ea7de54e12c41f9b\bp_client because it contains processes (run 'proc' command first).
Warning: Ignoring module $paramod$23171ac949b18d72b8d74a1149d6d02d3bebdef6\bp_client because it contains processes (run 'proc' command first).
Warning: Ignoring module $paramod$e79242cf27ade707d034e1ba8286ca313d019315\t_switch because it contains processes (run 'proc' command first).
Warning: Ignoring module $paramod$7876166b8a76eb326eb047c8019ab7a9302375d6\bp_client because it contains processes (run 'proc' command first).
Warning: Ignoring module $paramod$a4bf1f2aebc8e98ae050dc737d45179ede7aa2c8\bp_client because it contains processes (run 'proc' command first).
Warning: Ignoring module $paramod$9eecd806aed82f6fd2c0b174119fbaea68bb70be\t_switch because it contains processes (run 'proc' command first).
Warning: Ignoring module $paramod$6e440436d6921c12f52f45e592f1f01777c1d7ae\bp_client because it contains processes (run 'proc' command first).
Warning: Ignoring module $paramod$7cbed2fa3bb77ec7c46fc8ee34eed66cddd5c73a\bp_client because it contains processes (run 'proc' command first).
Warning: Ignoring module $paramod$a371b66142d982312cb6829e6139f3b39f02e736\t_switch because it contains processes (run 'proc' command first).
Warning: Ignoring module $paramod$6f35794ba11782b7fc3e2e39d493357308628118\bp_client because it contains processes (run 'proc' command first).
Warning: Ignoring module $paramod$37548b46d55fb33d1d10856611303417f9b2a8e4\bp_client because it contains processes (run 'proc' command first).
Warning: Ignoring module $paramod$6d2dbdd957f765fc2e0bfd5197cea2756990888c\t_switch because it contains processes (run 'proc' command first).
Warning: Ignoring module $paramod$696b85f38508238f2601695fed2dfacc3d3c9ecf\t_switch because it contains processes (run 'proc' command first).
Warning: Ignoring module $paramod$5f75b96024800d71b96560879b95f50c61c9efee\shadow_reg_combi because it contains processes (run 'proc' command first).
Warning: Ignoring module bp_bft because it contains processes (run 'proc' command first).
Warning: Ignoring module $paramod$5100f2ff60b9129d232df22c84b182c33f5e2ce8\bp_t_switch_top because it contains processes (run 'proc' command first).
Warning: Ignoring module $paramod$0392da6ecb7b8a5415177ec34f486a02d36bf4d5\bp_t_switch_top because it contains processes (run 'proc' command first).
Warning: Ignoring module $paramod$9e0f36b56ac8529882aff72db1afadb4b9d274f4\bp_t_switch_top because it contains processes (run 'proc' command first).
Warning: Ignoring module $paramod$724d0ca076289a8b9ed20f4277101ce523ce8885\bp_t_switch_top because it contains processes (run 'proc' command first).
Warning: Ignoring module $paramod$f82be8224aa708583b3611f4b7b3b20c7ce73894\bp_t_switch_top because it contains processes (run 'proc' command first).
Warning: Ignoring module $paramod$7238093a8d780462acaf736dd4b25ee15d0065a1\bp_t_switch_top because it contains processes (run 'proc' command first).
Warning: Ignoring module $paramod$fcd1e0bf3fa5fa995beda5b024227fe9e8b61a75\bp_t_switch_top because it contains processes (run 'proc' command first).
Warning: Ignoring module $paramod$4714cf2c339d81f84babe8287f128b2b14bcd898\bp_t_switch_top because it contains processes (run 'proc' command first).
Warning: Ignoring module $paramod$db27d1825dee7f681b5ee0c8ee37de4ae947efb8\bp_t_switch_top because it contains processes (run 'proc' command first).
Warning: Ignoring module $paramod$c38b6ce2cc8fcf4e282e2b3c4409aac11311ea1b\bp_t_switch_top because it contains processes (run 'proc' command first).
Warning: Ignoring module $paramod$738ffe55e020eed82eeb2f9c5c65675c43ad0f35\bp_t_switch_top because it contains processes (run 'proc' command first).
Warning: Ignoring module $paramod$bc6205ee6e04d0d01b32e4cfaffca59bb248f5df\bp_t_switch_top because it contains processes (run 'proc' command first).
Warning: Ignoring module $paramod$e1ac3fed93b566eb7dee3d92818d90e7b6dff950\bp_t_switch_top because it contains processes (run 'proc' command first).
Warning: Ignoring module $paramod$4ab920df2049203f9db2b553b2de6482af169646\bp_t_switch_top because it contains processes (run 'proc' command first).
Warning: Ignoring module $paramod$8b1ba9522bc28802b6a551f5fda211fff07d3de7\bp_t_switch_top because it contains processes (run 'proc' command first).
Warning: Ignoring module $paramod$2dcb701a08c52ecc3c66eee6b506f80de5ed0334\bp_t_switch_top because it contains processes (run 'proc' command first).
Warning: Ignoring module $paramod$79ca70b65b8c38f0df3889f87bfa8e97855864aa\bp_t_switch_top because it contains processes (run 'proc' command first).
Warning: Ignoring module $paramod$8282a3882e9cf4fd61ac0fa19a6f50c21518b585\bp_t_switch_top because it contains processes (run 'proc' command first).
Warning: Ignoring module $paramod$24bc14cb7edf826273c4879cde3d65e8d0ef8649\bp_t_switch_top because it contains processes (run 'proc' command first).
Warning: Ignoring module $paramod$f05269995418a44ac9aed023e337c092925a7921\bp_t_switch_top because it contains processes (run 'proc' command first).
Warning: Ignoring module $paramod$941d3cb6a8d26fff853e7cb591fd4ae2efa1b160\bp_t_switch_top because it contains processes (run 'proc' command first).
Warning: Ignoring module $paramod$722346309e821865285c4400aa4c496322d1a0d2\bp_t_switch_top because it contains processes (run 'proc' command first).
Warning: Ignoring module $paramod$596cca6eef4ea844e2feca0bd59ce5e8352582b4\bp_t_switch_top because it contains processes (run 'proc' command first).
Warning: Ignoring module $paramod$ef311bdff527f8bceb7ec5adc95375caf5499560\bp_t_switch_top because it contains processes (run 'proc' command first).
Warning: Ignoring module $paramod$1d71c3dd0f7b52107db5b4cd467482c514c4a847\bp_t_switch_top because it contains processes (run 'proc' command first).
Warning: Ignoring module $paramod$4dc4d0580823c3e43cccb1900f48936a96ee6b16\bp_t_switch_top because it contains processes (run 'proc' command first).
Warning: Ignoring module $paramod$fe27cfdf0b19942a0b4fe46e56595c9bb9e4ec87\bp_t_switch_top because it contains processes (run 'proc' command first).
Warning: Ignoring module $paramod$3b61dcd20a19f11f0da24d7df8ea170e3bc9dd3a\bp_t_switch_top because it contains processes (run 'proc' command first).
Warning: Ignoring module $paramod$c7c6f04eb83bcf4a17c275b772e16b3d822a57ed\bp_t_switch_top because it contains processes (run 'proc' command first).
Warning: Ignoring module $paramod$f8fe37ebffd1afd9d460bd056c97f10cbb313fdc\bp_t_switch_top because it contains processes (run 'proc' command first).
Warning: Ignoring module $paramod$5d527ef5eb78a22d1cda2c0a19e895f25be2a9d4\bp_t_switch_top because it contains processes (run 'proc' command first).
Warning: Ignoring module $paramod$2b9970c3f80632195cb04d5e70f7ecc0723ffdbf\bp_t_switch_top because it contains processes (run 'proc' command first).
Warning: Ignoring module $paramod$8f4b1e3e9422b0ea377109d126a8c755350c6910\bp_t_switch_top because it contains processes (run 'proc' command first).
Warning: Ignoring module $paramod$5be68b0bcff271298af3801d0552a034f7449926\bp_t_switch_top because it contains processes (run 'proc' command first).
Warning: Ignoring module $paramod$b546a065828cc5131f391510788027007339561c\bp_t_switch_top because it contains processes (run 'proc' command first).
Warning: Ignoring module $paramod$2ec50a61939f625b52b26c8cf7a14c1cc6da138a\bp_t_switch_top because it contains processes (run 'proc' command first).
Warning: Ignoring module $paramod$ac85736c5d5252bd71c18ee64d5f1081db4f2b8c\bp_t_switch_top because it contains processes (run 'proc' command first).
Warning: Ignoring module $paramod$958e69eb7e2825033af848950f57ca1319f7a2b5\bp_t_switch_top because it contains processes (run 'proc' command first).
Warning: Ignoring module $paramod$52a9be3541150ca807e133808e092ee00495b361\bp_t_switch_top because it contains processes (run 'proc' command first).
Warning: Ignoring module $paramod$83559264255a836ec4ce257daffd9024bd87e19c\bp_t_switch_top because it contains processes (run 'proc' command first).
Warning: Ignoring module $paramod$ad1447d90d06e2b43fde2610121c0deddb0381cc\bp_t_switch_top because it contains processes (run 'proc' command first).
Warning: Ignoring module $paramod$992a3a713caed4c4987bcb363b3e00a95c4b2571\bp_t_switch_top because it contains processes (run 'proc' command first).
Warning: Ignoring module $paramod$3acb2cc4d1a25ce79d3bb386ec24f022a60ae54d\bp_t_switch_top because it contains processes (run 'proc' command first).
Warning: Ignoring module $paramod$07348960c55f5c66e58dfdb92fad7cbef6b04fef\bp_t_switch_top because it contains processes (run 'proc' command first).
Warning: Ignoring module $paramod$aea9e54d4afacc6c7a7b5a186ebd10e366244047\bp_t_switch_top because it contains processes (run 'proc' command first).
Warning: Ignoring module $paramod$89f9aaa149467338d97f126a5e3af305e6404007\bp_t_switch_top because it contains processes (run 'proc' command first).
Warning: Ignoring module $paramod$8658682e8c811360e575eb8d2b30610fbbda2401\bp_t_switch_top because it contains processes (run 'proc' command first).
Warning: Ignoring module $paramod$271f6c0697de16cf2dc3d81468714f0428a32ab7\bp_t_switch_top because it contains processes (run 'proc' command first).
Warning: Ignoring module $paramod$b0f8b033c68b1e9823f07b7eee0a846f4cc2b6d6\bp_t_switch_top because it contains processes (run 'proc' command first).
Warning: Ignoring module $paramod$48a7941a09e16367944e891e05933092a69033b7\bp_t_switch_top because it contains processes (run 'proc' command first).
Warning: Ignoring module $paramod$929e153c3045d7b557f0830d0ea4ec4dac4677bb\bp_t_switch_top because it contains processes (run 'proc' command first).
Warning: Ignoring module $paramod$d79e3b6418dc783a440dd5f3b9a684ade4de65b2\bp_t_switch_top because it contains processes (run 'proc' command first).
Warning: Ignoring module $paramod$7ce3b502edab998b044691d010a51b412e3b769d\bp_t_switch_top because it contains processes (run 'proc' command first).
Warning: Ignoring module $paramod$a4e77314bd805fbef09078728d45bb780b97552e\bp_t_switch_top because it contains processes (run 'proc' command first).
Warning: Ignoring module $paramod$4a29b23fa113bd9de9696ab717ca6f7406ae1e5a\bp_t_switch_top because it contains processes (run 'proc' command first).
Warning: Ignoring module $paramod$44658af1e09e32a7e4262843545b8c160fea99d3\bp_t_switch_top because it contains processes (run 'proc' command first).
Warning: Ignoring module $paramod$a99128463134733b9631e38a489957206489f1e7\bp_t_switch_top because it contains processes (run 'proc' command first).
Warning: Ignoring module $paramod$f07d97fe5f43f9dc1dd9e8144267ac45bc2baf8b\bp_t_switch_top because it contains processes (run 'proc' command first).
Warning: Ignoring module $paramod$4f7a701476a2c339b507a1b4d7b16f9096c9e8b9\bp_t_switch_top because it contains processes (run 'proc' command first).
Warning: Ignoring module $paramod$24662a23380cac0b7c273989c2c88c2f03c075f9\bp_t_switch_top because it contains processes (run 'proc' command first).
Warning: Ignoring module $paramod$dcc705d4e89548c5a9f6ab93584ceb26a6e9756d\bp_t_switch_top because it contains processes (run 'proc' command first).
Warning: Ignoring module $paramod$438ff61266fc05881612968a61e505df7cc3df90\bp_t_switch_top because it contains processes (run 'proc' command first).
Warning: Ignoring module $paramod$e1050cd05994661bd33b827f3111b9893f947fe9\bp_t_switch_top because it contains processes (run 'proc' command first).
Warning: Ignoring module $paramod$4ea93ea245daa612d51e0a48aa5c439d2df8fd36\bp_t_switch_top because it contains processes (run 'proc' command first).
Warning: Ignoring module $paramod$d2118260d361a5a5fa6c9d984c680ac1d1570b72\bp_t_switch_top because it contains processes (run 'proc' command first).
Warning: Ignoring module $paramod$981482a67a27ccd35710ff18ff723e0e8d61d9ab\bp_t_switch_top because it contains processes (run 'proc' command first).
Warning: Ignoring module $paramod$0bf6f02f5a855d96ab80bf1503e69022d3a5bc9d\bp_t_switch_top because it contains processes (run 'proc' command first).
Warning: Ignoring module $paramod$cd464c1739f44bb0262f4463e6171e6515af87bf\bp_t_switch_top because it contains processes (run 'proc' command first).
Warning: Ignoring module $paramod$ca8c97851d2d5aa3b829f39e43657078cf2cebca\bp_t_switch_top because it contains processes (run 'proc' command first).
Warning: Ignoring module $paramod$574b6e5d28ef813bf09d3080731b3b48e757d58f\bp_t_switch_top because it contains processes (run 'proc' command first).
Warning: Ignoring module $paramod$587fef3e10975dac0762130cc2102127196ae309\bp_t_switch_top because it contains processes (run 'proc' command first).
Warning: Ignoring module $paramod$e7f3df6ea3906ad8bc4748f7ddb666ae0af1d55b\bp_t_switch_top because it contains processes (run 'proc' command first).
Warning: Ignoring module $paramod$34e08ffba753eb4dc72bfdff798d60ee8a466361\bp_t_switch_top because it contains processes (run 'proc' command first).
Warning: Ignoring module $paramod$7035afce3e5f7dcd0403246ffc2e24976581ef41\bp_t_switch_top because it contains processes (run 'proc' command first).
Warning: Ignoring module $paramod$14312b9539fb9447d720f5cea8b2477e879c387a\bp_t_switch_top because it contains processes (run 'proc' command first).
Warning: Ignoring module $paramod$54a122194ae2ee682a739cea7b302ca6f4df3131\bp_t_switch_top because it contains processes (run 'proc' command first).
Warning: Ignoring module $paramod$ceb6f57382500f938a3ea41a5a5281ca5ee3dc0e\bp_t_switch_top because it contains processes (run 'proc' command first).
Warning: Ignoring module $paramod$ec9cb87725027118b6198b87e4f6a2ba0ea03eb6\bp_t_switch_top because it contains processes (run 'proc' command first).
Warning: Ignoring module $paramod$1f0cbfd644e38876a53c7fc511751567d54e1f7e\bp_t_switch_top because it contains processes (run 'proc' command first).
Warning: Ignoring module $paramod$31aadfc793ae1905ed9a73c9f7adaca2f7dbac74\bp_t_switch_top because it contains processes (run 'proc' command first).
Warning: Ignoring module $paramod$11b5be8551aff36df42c968c85ef5572b8591c4c\t_route because it contains processes (run 'proc' command first).
Warning: Ignoring module $paramod$423f143fa3b5972bce9b150f628eac3ca862ef2f\t_route because it contains processes (run 'proc' command first).
Warning: Ignoring module $paramod$b5ffe8eee40c44c1078147b1068222241fa6547c\t_route because it contains processes (run 'proc' command first).
Warning: Ignoring module $paramod$0cbdfc48b43e1c148d48553ffb54ccbeece269db\t_route because it contains processes (run 'proc' command first).
Warning: Ignoring module $paramod$9849a3d69923a0b4f4f66609abe13aa7d903e46f\t_route because it contains processes (run 'proc' command first).
Warning: Ignoring module $paramod$78892d155a59201253579857d3ad31eae70fff22\t_route because it contains processes (run 'proc' command first).
Warning: Ignoring module $paramod$047f337c0694ac1bc01952328aa7f4eb3df34e77\t_route because it contains processes (run 'proc' command first).
Warning: Ignoring module $paramod$b87262784d25d5020b3ff64ccb65e7381b726c22\t_route because it contains processes (run 'proc' command first).
Warning: Ignoring module $paramod$61e6ce290a88dc6cb385539c777a67db84816c71\t_route because it contains processes (run 'proc' command first).
Warning: Ignoring module $paramod$68ca4edbe2c90e5bbc83ca4a50b548ea802982bc\t_route because it contains processes (run 'proc' command first).
Warning: Ignoring module $paramod$b0601b7e8207bdd7f393020082034ff8dc63dea1\t_route because it contains processes (run 'proc' command first).
Warning: Ignoring module $paramod$bed5a02c5b84c03c3fb841cd536eb16ac497811f\t_route because it contains processes (run 'proc' command first).
Warning: Ignoring module $paramod$1bee74d70728efc3721633679577813f80e6cb20\t_route because it contains processes (run 'proc' command first).
Warning: Ignoring module $paramod$98c12dc06195bc4953aad9f06f0ba85defbee89f\t_route because it contains processes (run 'proc' command first).
26. Executing RTLIL backend.
Warnings: 286 unique messages, 319 total
End of script. Logfile hash: 1d47c186e4, CPU: user 0.94s system 0.05s, MEM: 143.04 MB peak
Yosys 0.53 (git sha1 53c22ab7c, g++ 13.3.0-6ubuntu2~24.04 -fPIC -O3)
Time spent: 59% 1x hierarchy (0 sec), 26% 12x read_liberty (0 sec), ...
Elapsed time: 0:02.55[h:]min:sec. CPU time: user 1.04 sys 0.05 (42%). Peak memory: 149724KB.
