OpenROAD v2.0-21872-gd51df1dea5 
Features included (+) or not (-): +GPU +GUI +Python
This program is licensed under the BSD-3 license. See the LICENSE file for details.
Components of this program may be licensed under more restrictive licenses which must be honored.
[INFO ORD-0030] Using 24 thread(s).
source /home/h3sun/720-noc-project/OpenROAD-flow-scripts/flow/platforms/asap7/liberty_suppressions.tcl
suppress_message STA 1212
Perform port buffering...
[INFO RSZ-0027] Inserted 6 input buffers.
[INFO RSZ-0028] Inserted 1033 output buffers.
Perform buffer insertion and gate resizing...
repair_design -verbose
[INFO RSZ-0058] Using max wire length 162um.
Iteration |   Area    | Resized | Buffers | Nets repaired | Remaining
---------------------------------------------------------------------
        0 |     +0.0% |       0 |       0 |             0 |     26308
     1000 |     +0.0% |       0 |       0 |             0 |     25308
     2000 |     +0.0% |       0 |       0 |             0 |     24308
     3000 |     +0.0% |       2 |       0 |             0 |     23308
     4000 |     +0.0% |       7 |       0 |             0 |     22308
     5000 |     +0.0% |      18 |       0 |             0 |     21308
     6000 |     +0.0% |      46 |       0 |             0 |     20308
     7000 |     +0.0% |     100 |       0 |             0 |     19308
     8000 |     +0.0% |     129 |       0 |             0 |     18308
     9000 |     +0.0% |     199 |       0 |             0 |     17308
    10000 |     +0.0% |     304 |       0 |             0 |     16308
    11000 |     +0.0% |     429 |       0 |             0 |     15308
    12000 |     +0.0% |     546 |       0 |             0 |     14308
    13000 |     +0.0% |     626 |       0 |             0 |     13308
    14000 |     +0.0% |     729 |       0 |             0 |     12308
    15000 |     +0.0% |     742 |       0 |             0 |     11308
    16000 |     +0.0% |     882 |       0 |             0 |     10308
    17000 |     +0.3% |    1608 |       0 |             0 |      9308
    18000 |     +0.5% |    2100 |       0 |             0 |      8308
    19000 |     +0.5% |    2213 |       0 |             0 |      7308
    20000 |     +0.5% |    2243 |       0 |             0 |      6308
    21000 |     +0.5% |    2267 |       0 |             0 |      5308
    22000 |     +0.5% |    2529 |       0 |             0 |      4308
    23000 |     +0.5% |    3097 |       0 |             0 |      3308
    24000 |     +0.5% |    3665 |       0 |             0 |      2308
    25000 |     +0.5% |    4160 |       0 |             0 |      1308
    26000 |     +0.5% |    4249 |       0 |             0 |       308
    final |     +0.5% |    4256 |       0 |             0 |         0
---------------------------------------------------------------------
[INFO RSZ-0039] Resized 4256 instances.
Repair tie lo fanout...
[INFO RSZ-0042] Inserted 248 tie TIELOx1_ASAP7_75t_R instances.
Repair tie hi fanout...
Floating nets: 
Report metrics stage 3, resizer...

==========================================================================
resizer report_design_area
--------------------------------------------------------------------------
Design area 3427 u^2 44% utilization.
Instance count before 25233, after 26519
Pin count before 80173, after 82498
Elapsed time: 0:14.98[h:]min:sec. CPU time: user 13.37 sys 6.81 (134%). Peak memory: 309324KB.
