OpenROAD v2.0-21872-gd51df1dea5 
Features included (+) or not (-): +GPU +GUI +Python
This program is licensed under the BSD-3 license. See the LICENSE file for details.
Components of this program may be licensed under more restrictive licenses which must be honored.
[INFO ORD-0030] Using 24 thread(s).
source /home/h3sun/720-noc-project/OpenROAD-flow-scripts/flow/platforms/asap7/liberty_suppressions.tcl
suppress_message STA 1212
Placement Analysis
---------------------------------
total displacement       6505.1 u
average displacement        0.2 u
max displacement            2.1 u
original HPWL           62663.9 u
legalized HPWL          68421.8 u
delta HPWL                    9 %

Detailed placement improvement.
[INFO DPL-0401] Setting random seed to 1.
[INFO DPL-0402] Setting maximum displacement 5 1 to 1350 270 units.
[INFO DPL-0320] Collected 2477 fixed cells.
[INFO DPL-0318] Collected 25372 single height cells.
[INFO DPL-0321] Collected 0 wide cells.
[INFO DPL-0322] Image (2052, 2160) - (90504, 90450)
[INFO DPL-0310] Assigned 25372 cells into segments.  Movement in X-direction is 0.000000, movement in Y-direction is 0.000000.
[INFO DPL-0313] Found 0 cells in wrong regions.
[INFO DPL-0315] Found 0 row alignment problems.
[INFO DPL-0314] Found 0 site alignment problems.
[INFO DPL-0311] Found 0 overlaps between adjacent cells.
[INFO DPL-0312] Found 0 edge spacing violations and 0 padding violations.
[INFO DPL-0303] Running algorithm for independent set matching.
[INFO DPL-0300] Set matching objective is wirelength.
[INFO DPL-0301] Pass   1 of matching; objective is 6.828848e+07.
[INFO DPL-0302] End of matching; objective is 6.793907e+07, improvement is 0.51 percent.
[INFO DPL-0303] Running algorithm for global swaps.
[INFO DPL-0306] Pass   1 of global swaps; hpwl is 6.694849e+07.
[INFO DPL-0306] Pass   2 of global swaps; hpwl is 6.677910e+07.
[INFO DPL-0307] End of global swaps; objective is 6.677910e+07, improvement is 1.71 percent.
[INFO DPL-0303] Running algorithm for vertical swaps.
[INFO DPL-0308] Pass   1 of vertical swaps; hpwl is 6.655686e+07.
[INFO DPL-0309] End of vertical swaps; objective is 6.655686e+07, improvement is 0.33 percent.
[INFO DPL-0303] Running algorithm for reordering.
[INFO DPL-0304] Pass   1 of reordering; objective is 6.641191e+07.
[INFO DPL-0305] End of reordering; objective is 6.641191e+07, improvement is 0.22 percent.
[INFO DPL-0303] Running algorithm for random improvement.
[INFO DPL-0324] Random improver is using displacement generator.
[INFO DPL-0325] Random improver is using hpwl objective.
[INFO DPL-0326] Random improver cost string is (a).
[INFO DPL-0332] End of pass, Generator displacement called 507440 times.
[INFO DPL-0335] Generator displacement, Cumulative attempts 507440, swaps 68653, moves 137569 since last reset.
[INFO DPL-0333] End of pass, Objective hpwl, Initial cost 6.623479e+07, Scratch cost 6.550815e+07, Incremental cost 6.550815e+07, Mismatch? N
[INFO DPL-0338] End of pass, Total cost is 6.550815e+07.
[INFO DPL-0327] Pass   1 of random improver; improvement in cost is 1.10 percent.
[INFO DPL-0332] End of pass, Generator displacement called 507440 times.
[INFO DPL-0335] Generator displacement, Cumulative attempts 1014880, swaps 134705, moves 274212 since last reset.
[INFO DPL-0333] End of pass, Objective hpwl, Initial cost 6.550815e+07, Scratch cost 6.521825e+07, Incremental cost 6.521825e+07, Mismatch? N
[INFO DPL-0338] End of pass, Total cost is 6.521825e+07.
[INFO DPL-0327] Pass   2 of random improver; improvement in cost is 0.44 percent.
[INFO DPL-0328] End of random improver; improvement is 1.534749 percent.
[INFO DPL-0380] Cell flipping.
[INFO DPL-0382] Changed 0 cell orientations for row compatibility.
[INFO DPL-0383] Performed 8015 cell flips.
[INFO DPL-0384] End of flipping; objective is 6.350808e+07, improvement is 2.89 percent.
[INFO DPL-0313] Found 0 cells in wrong regions.
[INFO DPL-0315] Found 0 row alignment problems.
[INFO DPL-0314] Found 0 site alignment problems.
[INFO DPL-0311] Found 0 overlaps between adjacent cells.
[INFO DPL-0312] Found 0 edge spacing violations and 0 padding violations.
Detailed Improvement Results
------------------------------------------
Original HPWL            68421.8 u (   34127.5,    34294.3)
Final HPWL               63392.7 u (   30948.1,    32444.6)
Delta HPWL                  -7.4 % (      -9.3,       -5.4)

[INFO DPL-0020] Mirrored 2474 instances
[INFO DPL-0021] HPWL before           63392.7 u
[INFO DPL-0022] HPWL after            63333.3 u
[INFO DPL-0023] HPWL delta               -0.1 %
[INFO FLW-0012] Placement violations .
Report metrics stage 3, detailed place...

==========================================================================
detailed place report_design_area
--------------------------------------------------------------------------
Design area 3427 u^2 44% utilization.
Elapsed time: 0:17.48[h:]min:sec. CPU time: user 15.76 sys 5.37 (120%). Peak memory: 406336KB.
