OpenROAD v2.0-21872-gd51df1dea5 
Features included (+) or not (-): +GPU +GUI +Python
This program is licensed under the BSD-3 license. See the LICENSE file for details.
Components of this program may be licensed under more restrictive licenses which must be honored.
[INFO ORD-0030] Using 24 thread(s).
source /home/h3sun/720-noc-project/OpenROAD-flow-scripts/flow/platforms/asap7/liberty_suppressions.tcl
suppress_message STA 1212
[INFO DRT-0149] Reading tech and libs.

Units:                1000
Number of layers:     21
Number of macros:     212
Number of vias:       14
Number of viarulegen: 11

[INFO DRT-0150] Reading design.

Design:                   bp_bft
Die area:                 ( 0 0 ) ( 92536 92536 )
Number of track patterns: 32
Number of DEF vias:       0
Number of components:     26713
Number of terminals:      1330
Number of snets:          2
Number of nets:           26663

[INFO DRT-0167] List of default vias:
  Layer V2
    default via: VIA23
  Layer V3
    default via: VIA34
  Layer V4
    default via: VIA45
  Layer V5
    default via: VIA56
  Layer V6
    default via: VIA67
  Layer V7
    default via: VIA78
  Layer V8
    default via: VIA89
  Layer V9
    default via: VIA9Pad
[INFO DRT-0162] Library cell analysis.
[INFO DRT-0163] Instance analysis.
[INFO DRT-0164] Number of unique instances = 260.
[INFO DRT-0168] Init region query.
[INFO DRT-0024]   Complete Active.
[INFO DRT-0024]   Complete V0.
[INFO DRT-0024]   Complete M1.
[INFO DRT-0024]   Complete V1.
[INFO DRT-0024]   Complete M2.
[INFO DRT-0024]   Complete V2.
[INFO DRT-0024]   Complete M3.
[INFO DRT-0024]   Complete V3.
[INFO DRT-0024]   Complete M4.
[INFO DRT-0024]   Complete V4.
[INFO DRT-0024]   Complete M5.
[INFO DRT-0024]   Complete V5.
[INFO DRT-0024]   Complete M6.
[INFO DRT-0024]   Complete V6.
[INFO DRT-0024]   Complete M7.
[INFO DRT-0024]   Complete V7.
[INFO DRT-0024]   Complete M8.
[INFO DRT-0024]   Complete V8.
[INFO DRT-0024]   Complete M9.
[INFO DRT-0024]   Complete V9.
[INFO DRT-0024]   Complete Pad.
[INFO DRT-0033] Active shape region query size = 0.
[INFO DRT-0033] V0 shape region query size = 0.
[INFO DRT-0033] M1 shape region query size = 505369.
[INFO DRT-0033] V1 shape region query size = 845677.
[INFO DRT-0033] M2 shape region query size = 19494.
[INFO DRT-0033] V2 shape region query size = 16728.
[INFO DRT-0033] M3 shape region query size = 16728.
[INFO DRT-0033] V3 shape region query size = 11152.
[INFO DRT-0033] M4 shape region query size = 11870.
[INFO DRT-0033] V4 shape region query size = 11152.
[INFO DRT-0033] M5 shape region query size = 6800.
[INFO DRT-0033] V5 shape region query size = 1156.
[INFO DRT-0033] M6 shape region query size = 612.
[INFO DRT-0033] V6 shape region query size = 0.
[INFO DRT-0033] M7 shape region query size = 0.
[INFO DRT-0033] V7 shape region query size = 0.
[INFO DRT-0033] M8 shape region query size = 0.
[INFO DRT-0033] V8 shape region query size = 0.
[INFO DRT-0033] M9 shape region query size = 0.
[INFO DRT-0033] V9 shape region query size = 0.
[INFO DRT-0033] Pad shape region query size = 0.
[INFO DRT-0165] Start pin access.
[INFO DRT-0076]   Complete 1000 pins.
[INFO DRT-0078]   Complete 1464 pins.
[INFO DRT-0079]   Complete 100 unique inst patterns.
[INFO DRT-0079]   Complete 200 unique inst patterns.
[INFO DRT-0081]   Complete 260 unique inst patterns.
[INFO DRT-0082]   Complete 10000 groups.
[INFO DRT-0084]   Complete 15655 groups.
#scanned instances     = 26713
#unique  instances     = 260
#stdCellGenAp          = 7507
#stdCellValidPlanarAp  = 16
#stdCellValidViaAp     = 6175
#stdCellPinNoAp        = 0
#stdCellPinCnt         = 82552
#instTermValidViaApCnt = 0
#macroGenAp            = 0
#macroValidPlanarAp    = 0
#macroValidViaAp       = 0
#macroNoAp             = 0
[INFO DRT-0166] Complete pin access.
[INFO DRT-0267] cpu time = 00:06:42, elapsed time = 00:00:21, memory = 339.87 (MB), peak = 348.31 (MB)
global_route -congestion_report_file ./reports/asap7/bp_bft/base/congestion.rpt -congestion_iterations 30 -congestion_report_iter_step 5 -verbose
[INFO GRT-0020] Min routing layer: M2
[INFO GRT-0021] Max routing layer: M7
[INFO GRT-0022] Global adjustment: 0%
[INFO GRT-0023] Grid origin: (0, 0)
[INFO GRT-0043] No OR_DEFAULT vias defined.
[INFO GRT-0088] Layer M1      Track-Pitch = 0.0360  line-2-Via Pitch: 0.0360
[INFO GRT-0088] Layer M2      Track-Pitch = 0.0390  line-2-Via Pitch: 0.0360
[INFO GRT-0088] Layer M3      Track-Pitch = 0.0360  line-2-Via Pitch: 0.0360
[INFO GRT-0088] Layer M4      Track-Pitch = 0.0480  line-2-Via Pitch: 0.0480
[INFO GRT-0088] Layer M5      Track-Pitch = 0.0480  line-2-Via Pitch: 0.0480
[INFO GRT-0088] Layer M6      Track-Pitch = 0.0640  line-2-Via Pitch: 0.0640
[INFO GRT-0088] Layer M7      Track-Pitch = 0.0640  line-2-Via Pitch: 0.0640
[INFO GRT-0003] Macros: 0
[INFO GRT-0043] No OR_DEFAULT vias defined.
[INFO GRT-0004] Blockages: 13257
[INFO GRT-0019] Found 109 clock nets.
[INFO GRT-0001] Minimum degree: 2
[INFO GRT-0002] Maximum degree: 52

[INFO GRT-0053] Routing resources analysis:
          Routing      Original      Derated      Resource
Layer     Direction    Resources     Resources    Reduction (%)
---------------------------------------------------------------
M1         Vertical            0             0          0.00%
M2         Horizontal     380988        198998          47.77%
M3         Vertical       439470        306527          30.25%
M4         Horizontal     322335        227477          29.43%
M5         Vertical       322335        219147          32.01%
M6         Horizontal     234441        152864          34.80%
M7         Vertical       234441        174760          25.46%
---------------------------------------------------------------

[INFO GRT-0197] Via related to pin nodes: 145847
[INFO GRT-0198] Via related Steiner nodes: 3836
[INFO GRT-0199] Via filling finished.
[INFO GRT-0111] Final number of vias: 185161
[INFO GRT-0112] Final usage 3D: 700803

[INFO GRT-0096] Final congestion report:
Layer         Resource        Demand        Usage (%)    Max H / Max V / Total Overflow
---------------------------------------------------------------------------------------
M1                   0             0            0.00%             0 /  0 /  0
M2              198998         60318           30.31%             0 /  0 /  0
M3              306527         67083           21.88%             0 /  0 /  0
M4              227477         14602            6.42%             0 /  0 /  0
M5              219147          2827            1.29%             0 /  0 /  0
M6              152864           364            0.24%             0 /  0 /  0
M7              174760           126            0.07%             0 /  0 /  0
---------------------------------------------------------------------------------------
Total          1279773        145320           11.36%             0 /  0 /  0

[INFO GRT-0018] Total wirelength: 113608 um
[INFO GRT-0014] Routed nets: 26607
Perform buffer insertion and gate resizing...
repair_design -verbose
[INFO RSZ-0058] Using max wire length 162um.
Iteration |   Area    | Resized | Buffers | Nets repaired | Remaining
---------------------------------------------------------------------
        0 |     +0.0% |       0 |       0 |             0 |     26749
     1000 |     +0.0% |       0 |       0 |             0 |     25749
     2000 |     +0.0% |       0 |       0 |             0 |     24749
     3000 |     +0.0% |       0 |       0 |             0 |     23749
     4000 |     +0.0% |       0 |       0 |             0 |     22749
     5000 |     +0.0% |       0 |       0 |             0 |     21749
     6000 |     +0.0% |       0 |       0 |             0 |     20749
     7000 |     +0.0% |       0 |       0 |             0 |     19749
     8000 |     +0.0% |       0 |       0 |             0 |     18749
     9000 |     +0.0% |       0 |       0 |             0 |     17749
    10000 |     +0.0% |       0 |       0 |             0 |     16749
    11000 |     +0.0% |       0 |       0 |             0 |     15749
    12000 |     +0.0% |       0 |       0 |             0 |     14749
    13000 |     +0.0% |       0 |       0 |             0 |     13749
    14000 |     +0.0% |       0 |       0 |             0 |     12749
    15000 |     +0.0% |       0 |       0 |             0 |     11749
    16000 |     +0.0% |       0 |       0 |             0 |     10749
    17000 |     +0.0% |       0 |       0 |             0 |      9749
    18000 |     +0.0% |       0 |       0 |             0 |      8749
    19000 |     +0.0% |       0 |       0 |             0 |      7749
    20000 |     +0.0% |       0 |       0 |             0 |      6749
    21000 |     +0.0% |       0 |       0 |             0 |      5749
    22000 |     +0.0% |       0 |       0 |             0 |      4749
    23000 |     +0.0% |       0 |       0 |             0 |      3749
    24000 |     +0.0% |       0 |       0 |             0 |      2749
    25000 |     +0.0% |       0 |       0 |             0 |      1749
    26000 |     +0.0% |       0 |       0 |             0 |       749
    final |     +0.0% |       0 |       0 |             0 |         0
---------------------------------------------------------------------
global_route -start_incremental
detailed_placement
Placement Analysis
---------------------------------
total displacement          0.0 u
average displacement        0.0 u
max displacement            0.0 u
original HPWL           68149.6 u
legalized HPWL          68149.6 u
delta HPWL                    0 %

global_route -end_incremental -congestion_report_file ./reports/asap7/bp_bft/base/congestion_post_repair_design.rpt
Repair setup and hold violations...
repair_timing -verbose -setup_margin 0 -hold_margin 0 -repair_tns 100
[INFO RSZ-0100] Repair move sequence: UnbufferMove SizeMove SwapPinsMove BufferMove CloneMove SplitLoadMove 
[INFO RSZ-0098] No setup violations found
[INFO RSZ-0033] No hold violations found.
global_route -start_incremental
detailed_placement
Placement Analysis
---------------------------------
total displacement          0.0 u
average displacement        0.0 u
max displacement            0.0 u
original HPWL           68149.6 u
legalized HPWL          68149.6 u
delta HPWL                    0 %

global_route -end_incremental -congestion_report_file ./reports/asap7/bp_bft/base/congestion_post_repair_timing.rpt
global_route -start_incremental
global_route -end_incremental -congestion_report_file ./reports/asap7/bp_bft/base/congestion_post_recover_power.rpt
Repair antennas...
[WARNING GRT-0246] No diode with LEF class CORE ANTENNACELL found.
[INFO ANT-0002] Found 0 net violations.
[INFO ANT-0001] Found 0 pin violations.
Estimate parasitics...
Report metrics stage 5, global route...

==========================================================================
global route report_design_area
--------------------------------------------------------------------------
Design area 3485 u^2 45% utilization.
[INFO FLW-0007] clock core_clock period 1000.000000
[INFO FLW-0008] Clock core_clock period 482.565
[INFO FLW-0009] Clock core_clock slack 492.037
[INFO FLW-0011] Path endpoint path count 5553
Elapsed time: 0:43.09[h:]min:sec. CPU time: user 428.48 sys 21.24 (1043%). Peak memory: 769084KB.
