
==========================================================================
cts final report_tns
--------------------------------------------------------------------------
tns max -0.39

==========================================================================
cts final report_wns
--------------------------------------------------------------------------
wns max -0.05

==========================================================================
cts final report_worst_slack
--------------------------------------------------------------------------
worst slack max -0.05

==========================================================================
cts final report_clock_skew
--------------------------------------------------------------------------
Clock core_clock
   0.07 source latency dpath.a_reg.out[15]$_DFFE_PP_/CK ^
  -0.07 target latency dpath.b_reg.out[5]$_DFFE_PP_/CK ^
   0.00 CRPR
--------------
   0.00 setup skew


==========================================================================
cts final report_checks -path_delay min
--------------------------------------------------------------------------
Startpoint: req_val (input port clocked by core_clock)
Endpoint: ctrl.state.out[0]$_DFF_P_
          (rising edge-triggered flip-flop clocked by core_clock)
Path Group: core_clock
Path Type: min

Fanout     Cap    Slew   Delay    Time   Description
-----------------------------------------------------------------------------
                          0.00    0.00   clock core_clock (rise edge)
                          0.00    0.00   clock network delay (propagated)
                          0.09    0.09 ^ input external delay
     1    1.34    0.00    0.00    0.09 ^ req_val (in)
                                         req_val (net)
                  0.00    0.00    0.09 ^ input33/A (BUF_X1)
     2    3.69    0.01    0.02    0.12 ^ input33/Z (BUF_X1)
                                         net33 (net)
                  0.01    0.00    0.12 ^ _521_/B2 (OAI21_X1)
     1    1.23    0.01    0.02    0.13 v _521_/ZN (OAI21_X1)
                                         _000_ (net)
                  0.01    0.00    0.13 v ctrl.state.out[0]$_DFF_P_/D (DFF_X1)
                                  0.13   data arrival time

                          0.00    0.00   clock core_clock (rise edge)
                          0.00    0.00   clock source latency
     1    5.05    0.00    0.00    0.00 ^ clk (in)
                                         clk (net)
                  0.00    0.00    0.00 ^ clkbuf_0_clk/A (CLKBUF_X3)
     4    9.48    0.01    0.03    0.03 ^ clkbuf_0_clk/Z (CLKBUF_X3)
                                         clknet_0_clk (net)
                  0.01    0.00    0.03 ^ clkbuf_2_0__f_clk/A (CLKBUF_X3)
    10   15.18    0.02    0.04    0.07 ^ clkbuf_2_0__f_clk/Z (CLKBUF_X3)
                                         clknet_2_0__leaf_clk (net)
                  0.02    0.00    0.07 ^ ctrl.state.out[0]$_DFF_P_/CK (DFF_X1)
                          0.00    0.07   clock reconvergence pessimism
                          0.00    0.08   library hold time
                                  0.08   data required time
-----------------------------------------------------------------------------
                                  0.08   data required time
                                 -0.13   data arrival time
-----------------------------------------------------------------------------
                                  0.05   slack (MET)



==========================================================================
cts final report_checks -path_delay max
--------------------------------------------------------------------------
Startpoint: dpath.b_reg.out[12]$_DFFE_PP_
            (rising edge-triggered flip-flop clocked by core_clock)
Endpoint: resp_msg[13] (output port clocked by core_clock)
Path Group: core_clock
Path Type: max

Fanout     Cap    Slew   Delay    Time   Description
-----------------------------------------------------------------------------
                          0.00    0.00   clock core_clock (rise edge)
                          0.00    0.00   clock source latency
     1    5.05    0.00    0.00    0.00 ^ clk (in)
                                         clk (net)
                  0.00    0.00    0.00 ^ clkbuf_0_clk/A (CLKBUF_X3)
     4    9.48    0.01    0.03    0.03 ^ clkbuf_0_clk/Z (CLKBUF_X3)
                                         clknet_0_clk (net)
                  0.01    0.00    0.03 ^ clkbuf_2_1__f_clk/A (CLKBUF_X3)
    13   16.73    0.02    0.04    0.07 ^ clkbuf_2_1__f_clk/Z (CLKBUF_X3)
                                         clknet_2_1__leaf_clk (net)
                  0.02    0.00    0.07 ^ dpath.b_reg.out[12]$_DFFE_PP_/CK (DFF_X1)
     3   12.03    0.03    0.11    0.19 ^ dpath.b_reg.out[12]$_DFFE_PP_/Q (DFF_X1)
                                         dpath.a_lt_b$in1[12] (net)
                  0.03    0.00    0.19 ^ _494_/A (INV_X2)
     2    7.29    0.01    0.01    0.20 v _494_/ZN (INV_X2)
                                         _044_ (net)
                  0.01    0.00    0.20 v _582_/A2 (NOR2_X4)
     2    9.04    0.02    0.03    0.23 ^ _582_/ZN (NOR2_X4)
                                         _127_ (net)
                  0.02    0.00    0.23 ^ _750_/A (INV_X1)
     1    1.56    0.01    0.01    0.24 v _750_/ZN (INV_X1)
                                         _288_ (net)
                  0.01    0.00    0.24 v _751_/A (OAI21_X1)
     1    2.01    0.02    0.02    0.26 ^ _751_/ZN (OAI21_X1)
                                         _289_ (net)
                  0.02    0.00    0.26 ^ _752_/A (INV_X1)
     2    3.52    0.01    0.01    0.28 v _752_/ZN (INV_X1)
                                         _290_ (net)
                  0.01    0.00    0.28 v _754_/A (AOI21_X1)
     1    1.75    0.02    0.04    0.31 ^ _754_/ZN (AOI21_X1)
                                         _292_ (net)
                  0.02    0.00    0.31 ^ _755_/A2 (NAND2_X1)
     1    1.62    0.01    0.02    0.33 v _755_/ZN (NAND2_X1)
                                         _293_ (net)
                  0.01    0.00    0.33 v _756_/A (INV_X1)
     2    3.50    0.01    0.02    0.35 ^ _756_/ZN (INV_X1)
                                         _294_ (net)
                  0.01    0.00    0.35 ^ _757_/A2 (NAND2_X1)
     1    1.67    0.01    0.01    0.36 v _757_/ZN (NAND2_X1)
                                         _295_ (net)
                  0.01    0.00    0.36 v _758_/A1 (NAND2_X1)
     1    3.11    0.01    0.02    0.38 ^ _758_/ZN (NAND2_X1)
                                         _296_ (net)
                  0.01    0.00    0.38 ^ _760_/A1 (NAND2_X2)
     2    3.57    0.01    0.01    0.39 v _760_/ZN (NAND2_X2)
                                         net41 (net)
                  0.01    0.00    0.39 v output41/A (BUF_X1)
     1    0.20    0.00    0.02    0.41 v output41/Z (BUF_X1)
                                         resp_msg[13] (net)
                  0.00    0.00    0.41 v resp_msg[13] (out)
                                  0.41   data arrival time

                          0.46    0.46   clock core_clock (rise edge)
                          0.00    0.46   clock network delay (propagated)
                          0.00    0.46   clock reconvergence pessimism
                         -0.09    0.37   output external delay
                                  0.37   data required time
-----------------------------------------------------------------------------
                                  0.37   data required time
                                 -0.41   data arrival time
-----------------------------------------------------------------------------
                                 -0.05   slack (VIOLATED)



==========================================================================
cts final report_checks -unconstrained
--------------------------------------------------------------------------
Startpoint: dpath.b_reg.out[12]$_DFFE_PP_
            (rising edge-triggered flip-flop clocked by core_clock)
Endpoint: resp_msg[13] (output port clocked by core_clock)
Path Group: core_clock
Path Type: max

Fanout     Cap    Slew   Delay    Time   Description
-----------------------------------------------------------------------------
                          0.00    0.00   clock core_clock (rise edge)
                          0.00    0.00   clock source latency
     1    5.05    0.00    0.00    0.00 ^ clk (in)
                                         clk (net)
                  0.00    0.00    0.00 ^ clkbuf_0_clk/A (CLKBUF_X3)
     4    9.48    0.01    0.03    0.03 ^ clkbuf_0_clk/Z (CLKBUF_X3)
                                         clknet_0_clk (net)
                  0.01    0.00    0.03 ^ clkbuf_2_1__f_clk/A (CLKBUF_X3)
    13   16.73    0.02    0.04    0.07 ^ clkbuf_2_1__f_clk/Z (CLKBUF_X3)
                                         clknet_2_1__leaf_clk (net)
                  0.02    0.00    0.07 ^ dpath.b_reg.out[12]$_DFFE_PP_/CK (DFF_X1)
     3   12.03    0.03    0.11    0.19 ^ dpath.b_reg.out[12]$_DFFE_PP_/Q (DFF_X1)
                                         dpath.a_lt_b$in1[12] (net)
                  0.03    0.00    0.19 ^ _494_/A (INV_X2)
     2    7.29    0.01    0.01    0.20 v _494_/ZN (INV_X2)
                                         _044_ (net)
                  0.01    0.00    0.20 v _582_/A2 (NOR2_X4)
     2    9.04    0.02    0.03    0.23 ^ _582_/ZN (NOR2_X4)
                                         _127_ (net)
                  0.02    0.00    0.23 ^ _750_/A (INV_X1)
     1    1.56    0.01    0.01    0.24 v _750_/ZN (INV_X1)
                                         _288_ (net)
                  0.01    0.00    0.24 v _751_/A (OAI21_X1)
     1    2.01    0.02    0.02    0.26 ^ _751_/ZN (OAI21_X1)
                                         _289_ (net)
                  0.02    0.00    0.26 ^ _752_/A (INV_X1)
     2    3.52    0.01    0.01    0.28 v _752_/ZN (INV_X1)
                                         _290_ (net)
                  0.01    0.00    0.28 v _754_/A (AOI21_X1)
     1    1.75    0.02    0.04    0.31 ^ _754_/ZN (AOI21_X1)
                                         _292_ (net)
                  0.02    0.00    0.31 ^ _755_/A2 (NAND2_X1)
     1    1.62    0.01    0.02    0.33 v _755_/ZN (NAND2_X1)
                                         _293_ (net)
                  0.01    0.00    0.33 v _756_/A (INV_X1)
     2    3.50    0.01    0.02    0.35 ^ _756_/ZN (INV_X1)
                                         _294_ (net)
                  0.01    0.00    0.35 ^ _757_/A2 (NAND2_X1)
     1    1.67    0.01    0.01    0.36 v _757_/ZN (NAND2_X1)
                                         _295_ (net)
                  0.01    0.00    0.36 v _758_/A1 (NAND2_X1)
     1    3.11    0.01    0.02    0.38 ^ _758_/ZN (NAND2_X1)
                                         _296_ (net)
                  0.01    0.00    0.38 ^ _760_/A1 (NAND2_X2)
     2    3.57    0.01    0.01    0.39 v _760_/ZN (NAND2_X2)
                                         net41 (net)
                  0.01    0.00    0.39 v output41/A (BUF_X1)
     1    0.20    0.00    0.02    0.41 v output41/Z (BUF_X1)
                                         resp_msg[13] (net)
                  0.00    0.00    0.41 v resp_msg[13] (out)
                                  0.41   data arrival time

                          0.46    0.46   clock core_clock (rise edge)
                          0.00    0.46   clock network delay (propagated)
                          0.00    0.46   clock reconvergence pessimism
                         -0.09    0.37   output external delay
                                  0.37   data required time
-----------------------------------------------------------------------------
                                  0.37   data required time
                                 -0.41   data arrival time
-----------------------------------------------------------------------------
                                 -0.05   slack (VIOLATED)



==========================================================================
cts final report_check_types -max_slew -max_cap -max_fanout -violators
--------------------------------------------------------------------------

==========================================================================
cts final max_slew_check_slack
--------------------------------------------------------------------------
0.1316799521446228

==========================================================================
cts final max_slew_check_limit
--------------------------------------------------------------------------
0.1985349953174591

==========================================================================
cts final max_slew_check_slack_limit
--------------------------------------------------------------------------
0.6633

==========================================================================
cts final max_fanout_check_slack
--------------------------------------------------------------------------
1.0000000150474662e+30

==========================================================================
cts final max_fanout_check_limit
--------------------------------------------------------------------------
1.0000000150474662e+30

==========================================================================
cts final max_capacitance_check_slack
--------------------------------------------------------------------------
6.067912578582764

==========================================================================
cts final max_capacitance_check_limit
--------------------------------------------------------------------------
10.47130012512207

==========================================================================
cts final max_capacitance_check_slack_limit
--------------------------------------------------------------------------
0.5795

==========================================================================
cts final max_slew_violation_count
--------------------------------------------------------------------------
max slew violation count 0

==========================================================================
cts final max_fanout_violation_count
--------------------------------------------------------------------------
max fanout violation count 0

==========================================================================
cts final max_cap_violation_count
--------------------------------------------------------------------------
max cap violation count 0

==========================================================================
cts final setup_violation_count
--------------------------------------------------------------------------
setup violation count 22

==========================================================================
cts final hold_violation_count
--------------------------------------------------------------------------
hold violation count 0

==========================================================================
cts final report_checks -path_delay max reg to reg
--------------------------------------------------------------------------
Startpoint: dpath.a_reg.out[2]$_DFFE_PP_
            (rising edge-triggered flip-flop clocked by core_clock)
Endpoint: dpath.b_reg.out[5]$_DFFE_PP_
          (rising edge-triggered flip-flop clocked by core_clock)
Path Group: core_clock
Path Type: max

  Delay    Time   Description
---------------------------------------------------------
   0.00    0.00   clock core_clock (rise edge)
   0.00    0.00   clock source latency
   0.00    0.00 ^ clk (in)
   0.03    0.03 ^ clkbuf_0_clk/Z (CLKBUF_X3)
   0.04    0.07 ^ clkbuf_2_0__f_clk/Z (CLKBUF_X3)
   0.00    0.07 ^ dpath.a_reg.out[2]$_DFFE_PP_/CK (DFF_X1)
   0.12    0.19 ^ dpath.a_reg.out[2]$_DFFE_PP_/Q (DFF_X1)
   0.02    0.21 v _536_/ZN (INV_X2)
   0.01    0.22 ^ _537_/ZN (NAND2_X4)
   0.02    0.24 v _538_/ZN (NAND2_X4)
   0.03    0.27 ^ _539_/ZN (NOR2_X4)
   0.02    0.28 v _540_/ZN (NAND2_X2)
   0.02    0.30 ^ _544_/ZN (NAND2_X4)
   0.02    0.32 ^ rebuffer64/Z (BUF_X2)
   0.01    0.33 v _564_/ZN (NAND2_X2)
   0.02    0.35 ^ _573_/ZN (NAND2_X2)
   0.02    0.37 ^ rebuffer49/Z (BUF_X4)
   0.02    0.39 v _616_/ZN (NAND2_X4)
   0.02    0.42 ^ _648_/ZN (NAND3_X4)
   0.02    0.44 v _888_/ZN (NAND2_X4)
   0.03    0.47 v _907_/Z (BUF_X8)
   0.01    0.48 ^ _936_/ZN (NAND2_X1)
   0.02    0.50 v _937_/ZN (OAI21_X1)
   0.00    0.50 v dpath.b_reg.out[5]$_DFFE_PP_/D (DFF_X1)
           0.50   data arrival time

   0.46    0.46   clock core_clock (rise edge)
   0.00    0.46   clock source latency
   0.00    0.46 ^ clk (in)
   0.03    0.49 ^ clkbuf_0_clk/Z (CLKBUF_X3)
   0.04    0.53 ^ clkbuf_2_2__f_clk/Z (CLKBUF_X3)
   0.00    0.53 ^ dpath.b_reg.out[5]$_DFFE_PP_/CK (DFF_X1)
   0.00    0.53   clock reconvergence pessimism
  -0.04    0.50   library setup time
           0.50   data required time
---------------------------------------------------------
           0.50   data required time
          -0.50   data arrival time
---------------------------------------------------------
           0.00   slack (VIOLATED)



==========================================================================
cts final report_checks -path_delay min reg to reg
--------------------------------------------------------------------------
Startpoint: ctrl.state.out[1]$_DFF_P_
            (rising edge-triggered flip-flop clocked by core_clock)
Endpoint: ctrl.state.out[1]$_DFF_P_
          (rising edge-triggered flip-flop clocked by core_clock)
Path Group: core_clock
Path Type: min

  Delay    Time   Description
---------------------------------------------------------
   0.00    0.00   clock core_clock (rise edge)
   0.00    0.00   clock source latency
   0.00    0.00 ^ clk (in)
   0.03    0.03 ^ clkbuf_0_clk/Z (CLKBUF_X3)
   0.04    0.07 ^ clkbuf_2_0__f_clk/Z (CLKBUF_X3)
   0.00    0.07 ^ ctrl.state.out[1]$_DFF_P_/CK (DFF_X1)
   0.09    0.16 v ctrl.state.out[1]$_DFF_P_/Q (DFF_X1)
   0.02    0.18 ^ _522_/ZN (NAND2_X1)
   0.01    0.19 v _524_/ZN (OAI21_X1)
   0.00    0.19 v ctrl.state.out[1]$_DFF_P_/D (DFF_X1)
           0.19   data arrival time

   0.00    0.00   clock core_clock (rise edge)
   0.00    0.00   clock source latency
   0.00    0.00 ^ clk (in)
   0.03    0.03 ^ clkbuf_0_clk/Z (CLKBUF_X3)
   0.04    0.07 ^ clkbuf_2_0__f_clk/Z (CLKBUF_X3)
   0.00    0.07 ^ ctrl.state.out[1]$_DFF_P_/CK (DFF_X1)
   0.00    0.07   clock reconvergence pessimism
   0.00    0.08   library hold time
           0.08   data required time
---------------------------------------------------------
           0.08   data required time
          -0.19   data arrival time
---------------------------------------------------------
           0.11   slack (MET)



==========================================================================
cts final critical path target clock latency max path
--------------------------------------------------------------------------
0.0722

==========================================================================
cts final critical path target clock latency min path
--------------------------------------------------------------------------
0.0725

==========================================================================
cts final critical path source clock latency min path
--------------------------------------------------------------------------
0.0000

==========================================================================
cts final critical path delay
--------------------------------------------------------------------------
0.4142

==========================================================================
cts final critical path slack
--------------------------------------------------------------------------
-0.0462

==========================================================================
cts final slack div critical path delay
--------------------------------------------------------------------------
-11.154032

==========================================================================
cts final report_power
--------------------------------------------------------------------------
Group                  Internal  Switching    Leakage      Total
                          Power      Power      Power      Power (Watts)
----------------------------------------------------------------
Sequential             4.76e-04   8.88e-05   2.77e-06   5.68e-04  19.6%
Combinational          9.75e-04   1.01e-03   1.76e-05   2.00e-03  69.1%
Clock                  1.43e-04   1.82e-04   2.68e-07   3.26e-04  11.3%
Macro                  0.00e+00   0.00e+00   0.00e+00   0.00e+00   0.0%
Pad                    0.00e+00   0.00e+00   0.00e+00   0.00e+00   0.0%
----------------------------------------------------------------
Total                  1.59e-03   1.28e-03   2.07e-05   2.89e-03 100.0%
                          55.1%      44.2%       0.7%
