OpenROAD v2.0-21872-gd51df1dea5 
Features included (+) or not (-): +GPU +GUI +Python
This program is licensed under the BSD-3 license. See the LICENSE file for details.
Components of this program may be licensed under more restrictive licenses which must be honored.
[INFO ORD-0030] Using 24 thread(s).
source /home/h3sun/720-noc-project/OpenROAD-flow-scripts/flow/platforms/asap7/liberty_suppressions.tcl
suppress_message STA 1212
Perform port buffering...
Perform buffer insertion and gate resizing...
repair_design -verbose
[INFO RSZ-0058] Using max wire length 162um.
Iteration |   Area    | Resized | Buffers | Nets repaired | Remaining
---------------------------------------------------------------------
        0 |     +0.0% |       0 |       0 |             0 |     55046
     1000 |     +0.0% |       0 |       0 |             0 |     54046
     2000 |     +0.0% |       0 |       0 |             0 |     53046
     3000 |     +0.0% |       1 |       0 |             0 |     52046
     4000 |     +0.0% |      11 |       0 |             0 |     51046
     5000 |     +0.0% |      13 |       0 |             0 |     50046
     6000 |     +0.0% |      13 |       0 |             0 |     49046
     7000 |     +0.0% |      28 |       0 |             0 |     48046
     8000 |     +0.0% |      28 |       0 |             0 |     47046
     9000 |     +0.0% |      28 |       0 |             0 |     46046
    10000 |     +0.0% |      28 |       0 |             0 |     45046
    11000 |     +0.0% |      30 |       0 |             0 |     44046
    12000 |     +0.0% |      36 |       0 |             0 |     43046
    13000 |     +0.0% |      75 |       0 |             0 |     42046
    14000 |     +0.0% |      76 |       0 |             0 |     41046
    15000 |     +0.0% |      87 |       0 |             0 |     40046
    16000 |     +0.0% |     124 |       0 |             0 |     39046
    17000 |     +0.0% |     138 |       0 |             0 |     38046
    18000 |     +0.0% |     164 |       0 |             0 |     37046
    19000 |     +0.0% |     209 |       0 |             0 |     36046
    20000 |     +0.0% |     239 |       0 |             0 |     35046
    21000 |     +0.0% |     244 |       0 |             0 |     34046
    22000 |     +0.0% |     367 |       0 |             0 |     33046
    23000 |     +0.0% |     419 |       0 |             0 |     32046
    24000 |     +0.0% |     740 |       0 |             0 |     31046
    25000 |     +0.0% |    1065 |       0 |             0 |     30046
    26000 |     +0.0% |    1133 |       0 |             0 |     29046
    27000 |     +0.0% |    1182 |       0 |             0 |     28046
    28000 |     +0.0% |    1284 |       0 |             0 |     27046
    29000 |     +0.0% |    1319 |       0 |             0 |     26046
    30000 |     +0.0% |    1342 |       0 |             0 |     25046
    31000 |     +0.0% |    1382 |       0 |             0 |     24046
    32000 |     +0.0% |    1397 |       0 |             0 |     23046
    33000 |     +0.0% |    1417 |       0 |             0 |     22046
    34000 |     +0.0% |    1440 |       0 |             0 |     21046
    35000 |     +0.0% |    1454 |       0 |             0 |     20046
    36000 |     +0.0% |    1466 |       0 |             0 |     19046
    37000 |     +0.0% |    1466 |       0 |             0 |     18046
    38000 |     +0.0% |    1493 |       0 |             0 |     17046
    39000 |     +0.1% |    1537 |       0 |             0 |     16046
    40000 |     +0.1% |    1626 |       0 |             0 |     15046
    41000 |     +0.1% |    1668 |       0 |             0 |     14046
    42000 |     +0.1% |    1682 |       0 |             0 |     13046
    43000 |     +0.1% |    1683 |       0 |             0 |     12046
    44000 |     +0.1% |    1683 |       0 |             0 |     11046
    45000 |     +0.1% |    1683 |       0 |             0 |     10046
    46000 |     +0.1% |    1874 |       0 |             0 |      9046
    47000 |     +0.1% |    2106 |       0 |             0 |      8046
    48000 |     +0.1% |    2310 |       0 |             0 |      7046
    49000 |     +0.1% |    2625 |       0 |             0 |      6046
    50000 |     +0.1% |    2831 |       0 |             0 |      5046
    51000 |     +0.1% |    3089 |       0 |             0 |      4046
    52000 |     +0.1% |    3367 |       0 |             0 |      3046
    53000 |     +0.1% |    3614 |       0 |             0 |      2046
    54000 |     +0.1% |    3859 |       0 |             0 |      1046
    55000 |     +0.2% |    4140 |       0 |             0 |        46
    final |     +0.2% |    4140 |       0 |             0 |         0
---------------------------------------------------------------------
[INFO RSZ-0039] Resized 4140 instances.
Repair tie lo fanout...
Repair tie hi fanout...
Floating nets: 
Report metrics stage 3, resizer...

==========================================================================
resizer report_design_area
--------------------------------------------------------------------------
Design area 7454 u^2 44% utilization.
Instance count before 56952, after 56952
Pin count before 179861, after 179861
Elapsed time: 0:26.09[h:]min:sec. CPU time: user 30.40 sys 15.61 (176%). Peak memory: 440048KB.
