OpenROAD v2.0-21872-gd51df1dea5 
Features included (+) or not (-): +GPU +GUI +Python
This program is licensed under the BSD-3 license. See the LICENSE file for details.
Components of this program may be licensed under more restrictive licenses which must be honored.
[INFO ORD-0030] Using 24 thread(s).
source /home/h3sun/720-noc-project/OpenROAD-flow-scripts/flow/platforms/asap7/liberty_suppressions.tcl
suppress_message STA 1212
clock_tree_synthesis -sink_clustering_enable -balance_levels -sink_clustering_size 50 -sink_clustering_max_diameter 20
[INFO CTS-0050] Root buffer is BUFx24_ASAP7_75t_R.
[INFO CTS-0051] Sink buffer is BUFx24_ASAP7_75t_R.
[INFO CTS-0052] The following clock buffers will be used for CTS:
                    BUFx24_ASAP7_75t_R
[INFO CTS-0049] Characterization buffer is BUFx24_ASAP7_75t_R.
[INFO CTS-0007] Net "clk" found for clock "core_clock".
[INFO CTS-0010]  Clock net "clk" has 9644 sinks.
[INFO CTS-0008] TritonCTS found 1 clock nets.
[INFO CTS-0097] Characterization used 1 buffer(s) types.
[INFO CTS-0201] 0 blockages from hard placement blockages and placed macros will be used.
[INFO CTS-0027] Generating H-Tree topology for net clk.
[INFO CTS-0028]  Total number of sinks: 9644.
[INFO CTS-0029]  Register sinks will be clustered in groups of up to 50 and with maximum cluster diameter of 20.0 um.
[INFO CTS-0030]  Number of static layers: 0.
[INFO CTS-0020]  Wire segment unit: 1350  dbu (1 um).
[INFO CTS-0204] A clustering solution was found from clustering size of 50 and clustering diameter of 20.
[INFO CTS-0205] Better solution may be possible if either -sink_clustering_size, -sink_clustering_max_diameter, or both options are omitted to enable automatic clustering.
[INFO CTS-0019]  Total number of sinks after clustering: 199.
[INFO CTS-0024]  Normalized sink region: [(3.49585, 4.38), (94.1341, 94.972)].
[INFO CTS-0025]     Width:  90.6383.
[INFO CTS-0026]     Height: 90.5920.
 Level 1
    Direction: Horizontal
    Sinks per sub-region: 100
    Sub-region size: 45.3191 X 90.5920
[INFO CTS-0034]     Segment length (rounded): 22.
 Level 2
    Direction: Vertical
    Sinks per sub-region: 50
    Sub-region size: 45.3191 X 45.2960
[INFO CTS-0034]     Segment length (rounded): 22.
 Level 3
    Direction: Horizontal
    Sinks per sub-region: 25
    Sub-region size: 22.6596 X 45.2960
[INFO CTS-0034]     Segment length (rounded): 12.
 Level 4
    Direction: Vertical
    Sinks per sub-region: 13
    Sub-region size: 22.6596 X 22.6480
[INFO CTS-0034]     Segment length (rounded): 12.
[INFO CTS-0032]  Stop criterion found. Max number of sinks is 15.
[INFO CTS-0035]  Number of sinks covered: 199.
[INFO CTS-0018]     Created 228 clock buffers.
[INFO CTS-0012]     Minimum number of buffers in the clock path: 5.
[INFO CTS-0013]     Maximum number of buffers in the clock path: 5.
[INFO CTS-0015]     Created 228 clock nets.
[INFO CTS-0016]     Fanout distribution for the current clock = 2:1, 8:1, 10:1, 11:4, 12:4, 13:1, 14:4, 15:3, 18:1, 20:1, 23:1, 27:1, 35:1, 36:1, 38:1, 41:1, 44:1, 46:2, 47:1, 48:2, 50:182..
[INFO CTS-0017]     Max level of the clock tree: 4.
[INFO CTS-0098] Clock net "clk"
[INFO CTS-0099]  Sinks 9833
[INFO CTS-0100]  Leaf buffers 199
[INFO CTS-0101]  Average sink wire length 235.38 um
[INFO CTS-0102]  Path depth 4 - 5
[INFO CTS-0207]  Leaf load cells 189
[INFO RSZ-0058] Using max wire length 162um.
Placement Analysis
---------------------------------
total displacement        434.5 u
average displacement        0.0 u
max displacement            0.9 u
original HPWL          208530.2 u
legalized HPWL         214273.2 u
delta HPWL                    3 %

repair_timing -verbose -setup_margin 0 -hold_margin 0 -repair_tns 100
[INFO RSZ-0100] Repair move sequence: UnbufferMove SizeMove SwapPinsMove BufferMove CloneMove SplitLoadMove 
[INFO RSZ-0098] No setup violations found
[INFO RSZ-0033] No hold violations found.
Placement Analysis
---------------------------------
total displacement          0.0 u
average displacement        0.0 u
max displacement            0.0 u
original HPWL          214273.2 u
legalized HPWL         214273.2 u
delta HPWL                    0 %

Report metrics stage 4, cts final...

==========================================================================
cts final report_design_area
--------------------------------------------------------------------------
Design area 7570 u^2 45% utilization.
Elapsed time: 0:31.13[h:]min:sec. CPU time: user 60.67 sys 20.26 (259%). Peak memory: 776612KB.
